{"/Users/vs/Documents/AUTO/frontend/app/not-found.tsx": {"path":"/Users/vs/Documents/AUTO/frontend/app/not-found.tsx","statementMap":{"0":{"start":{"line":1,"column":24},"end":{"line":1,"column":null}}},"fnMap":{"0":{"name":"RootNotFound","decl":{"start":{"line":1,"column":24},"end":{"line":1,"column":null}},"loc":{"start":{"line":1,"column":24},"end":{"line":9,"column":null}}}},"branchMap":{},"s":{"0":0},"f":{"0":0},"b":{}}
,"/Users/vs/Documents/AUTO/frontend/app/(admin)/[locale]/admin/AdminClient.tsx": {"path":"/Users/vs/Documents/AUTO/frontend/app/(admin)/[locale]/admin/AdminClient.tsx","statementMap":{"0":{"start":{"line":15,"column":24},"end":{"line":15,"column":null}},"1":{"start":{"line":3,"column":18},"end":{"line":3,"column":null}},"2":{"start":{"line":4,"column":32},"end":{"line":4,"column":null}},"3":{"start":{"line":5,"column":24},"end":{"line":5,"column":null}},"4":{"start":{"line":6,"column":23},"end":{"line":6,"column":null}},"5":{"start":{"line":7,"column":29},"end":{"line":7,"column":null}},"6":{"start":{"line":8,"column":32},"end":{"line":8,"column":null}},"7":{"start":{"line":9,"column":20},"end":{"line":9,"column":null}},"8":{"start":{"line":10,"column":25},"end":{"line":10,"column":null}},"9":{"start":{"line":11,"column":23},"end":{"line":11,"column":null}},"10":{"start":{"line":13,"column":35},"end":{"line":13,"column":66}},"11":{"start":{"line":16,"column":36},"end":{"line":16,"column":null}},"12":{"start":{"line":17,"column":12},"end":{"line":17,"column":null}},"13":{"start":{"line":18,"column":23},"end":{"line":18,"column":null}},"14":{"start":{"line":19,"column":14},"end":{"line":19,"column":null}},"15":{"start":{"line":21,"column":2},"end":{"line":30,"column":null}}},"fnMap":{"0":{"name":"(anonymous_5)","decl":{"start":{"line":13,"column":29},"end":{"line":13,"column":35}},"loc":{"start":{"line":13,"column":35},"end":{"line":13,"column":66}}},"1":{"name":"(anonymous_6)","decl":{"start":{"line":13,"column":35},"end":{"line":13,"column":42}},"loc":{"start":{"line":13,"column":35},"end":{"line":13,"column":66}}},"2":{"name":"AdminPage","decl":{"start":{"line":15,"column":24},"end":{"line":15,"column":null}},"loc":{"start":{"line":15,"column":24},"end":{"line":38,"column":null}}}},"branchMap":{"0":{"loc":{"start":{"line":19,"column":14},"end":{"line":19,"column":null}},"type":"binary-expr","locations":[{"start":{"line":19,"column":14},"end":{"line":19,"column":41}},{"start":{"line":19,"column":41},"end":{"line":19,"column":null}}]},"1":{"loc":{"start":{"line":21,"column":2},"end":{"line":30,"column":null}},"type":"if","locations":[{"start":{"line":21,"column":2},"end":{"line":30,"column":null}},{"start":{},"end":{}}]},"2":{"loc":{"start":{"line":21,"column":6},"end":{"line":21,"column":88}},"type":"binary-expr","locations":[{"start":{"line":21,"column":6},"end":{"line":21,"column":26}},{"start":{"line":21,"column":26},"end":{"line":21,"column":88}}]},"3":{"loc":{"start":{"line":21,"column":69},"end":{"line":21,"column":88}},"type":"binary-expr","locations":[{"start":{"line":21,"column":69},"end":{"line":21,"column":83}},{"start":{"line":21,"column":83},"end":{"line":21,"column":88}}]},"4":{"loc":{"start":{"line":34,"column":7},"end":{"line":34,"column":null}},"type":"binary-expr","locations":[{"start":{"line":34,"column":7},"end":{"line":34,"column":30}},{"start":{"line":34,"column":30},"end":{"line":34,"column":null}}]},"5":{"loc":{"start":{"line":35,"column":7},"end":{"line":35,"column":null}},"type":"binary-expr","locations":[{"start":{"line":35,"column":7},"end":{"line":35,"column":28}},{"start":{"line":35,"column":28},"end":{"line":35,"column":null}}]}},"s":{"0":0,"1":0,"2":0,"3":0,"4":0,"5":0,"6":0,"7":0,"8":0,"9":0,"10":0,"11":0,"12":0,"13":0,"14":0,"15":0},"f":{"0":0,"1":0,"2":0},"b":{"0":[0,0],"1":[0,0],"2":[0,0],"3":[0,0],"4":[0,0],"5":[0,0]}}
,"/Users/vs/Documents/AUTO/frontend/app/(admin)/[locale]/admin/components/AdminLocaleContext.tsx": {"path":"/Users/vs/Documents/AUTO/frontend/app/(admin)/[locale]/admin/components/AdminLocaleContext.tsx","statementMap":{"0":{"start":{"line":15,"column":16},"end":{"line":15,"column":36}},"1":{"start":{"line":24,"column":13},"end":{"line":24,"column":30}},"2":{"start":{"line":3,"column":59},"end":{"line":3,"column":null}},"3":{"start":{"line":10,"column":27},"end":{"line":13,"column":null}},"4":{"start":{"line":16,"column":42},"end":{"line":16,"column":null}},"5":{"start":{"line":24,"column":30},"end":{"line":24,"column":null}},"6":{"start":{"line":24,"column":36},"end":{"line":24,"column":null}}},"fnMap":{"0":{"name":"(anonymous_6)","decl":{"start":{"line":12,"column":19},"end":{"line":12,"column":26}},"loc":{"start":{"line":12,"column":19},"end":{"line":12,"column":null}}},"1":{"name":"AdminLocaleProvider","decl":{"start":{"line":15,"column":16},"end":{"line":15,"column":36}},"loc":{"start":{"line":15,"column":79},"end":{"line":22,"column":null}}},"2":{"name":"(anonymous_8)","decl":{"start":{"line":24,"column":30},"end":{"line":24,"column":36}},"loc":{"start":{"line":24,"column":36},"end":{"line":24,"column":null}}}},"branchMap":{},"s":{"0":0,"1":0,"2":0,"3":0,"4":0,"5":0,"6":0},"f":{"0":0,"1":0,"2":0},"b":{}}
,"/Users/vs/Documents/AUTO/frontend/app/(admin)/[locale]/admin/components/DashboardTab.tsx": {"path":"/Users/vs/Documents/AUTO/frontend/app/(admin)/[locale]/admin/components/DashboardTab.tsx","statementMap":{"0":{"start":{"line":20,"column":24},"end":{"line":20,"column":null}},"1":{"start":{"line":3,"column":18},"end":{"line":3,"column":null}},"2":{"start":{"line":4,"column":17},"end":{"line":4,"column":null}},"3":{"start":{"line":5,"column":71},"end":{"line":5,"column":null}},"4":{"start":{"line":6,"column":23},"end":{"line":6,"column":null}},"5":{"start":{"line":7,"column":57},"end":{"line":7,"column":null}},"6":{"start":{"line":8,"column":22},"end":{"line":8,"column":null}},"7":{"start":{"line":9,"column":29},"end":{"line":9,"column":null}},"8":{"start":{"line":10,"column":25},"end":{"line":10,"column":null}},"9":{"start":{"line":11,"column":16},"end":{"line":11,"column":null}},"10":{"start":{"line":12,"column":32},"end":{"line":12,"column":null}},"11":{"start":{"line":13,"column":20},"end":{"line":13,"column":null}},"12":{"start":{"line":14,"column":36},"end":{"line":14,"column":null}},"13":{"start":{"line":16,"column":35},"end":{"line":16,"column":66}},"14":{"start":{"line":18,"column":12},"end":{"line":18,"column":null}},"15":{"start":{"line":18,"column":27},"end":{"line":18,"column":null}},"16":{"start":{"line":21,"column":36},"end":{"line":21,"column":null}},"17":{"start":{"line":22,"column":12},"end":{"line":22,"column":null}},"18":{"start":{"line":24,"column":30},"end":{"line":32,"column":null}},"19":{"start":{"line":27,"column":23},"end":{"line":27,"column":null}},"20":{"start":{"line":28,"column":6},"end":{"line":28,"column":null}},"21":{"start":{"line":34,"column":31},"end":{"line":41,"column":null}},"22":{"start":{"line":37,"column":23},"end":{"line":37,"column":null}},"23":{"start":{"line":38,"column":6},"end":{"line":38,"column":null}},"24":{"start":{"line":42,"column":17},"end":{"line":42,"column":null}},"25":{"start":{"line":44,"column":16},"end":{"line":49,"column":null}},"26":{"start":{"line":51,"column":25},"end":{"line":65,"column":null}},"27":{"start":{"line":56,"column":55},"end":{"line":56,"column":75}},"28":{"start":{"line":62,"column":55},"end":{"line":62,"column":62}},"29":{"start":{"line":67,"column":22},"end":{"line":80,"column":null}},"30":{"start":{"line":75,"column":83},"end":{"line":78,"column":null}},"31":{"start":{"line":82,"column":26},"end":{"line":99,"column":null}},"32":{"start":{"line":83,"column":60},"end":{"line":83,"column":73}},"33":{"start":{"line":87,"column":55},"end":{"line":87,"column":75}},"34":{"start":{"line":90,"column":67},"end":{"line":90,"column":94}},"35":{"start":{"line":93,"column":55},"end":{"line":93,"column":64}},"36":{"start":{"line":101,"column":28},"end":{"line":115,"column":null}},"37":{"start":{"line":107,"column":58},"end":{"line":107,"column":68}},"38":{"start":{"line":112,"column":58},"end":{"line":112,"column":65}},"39":{"start":{"line":121,"column":10},"end":{"line":121,"column":null}},"40":{"start":{"line":172,"column":35},"end":{"line":172,"column":68}},"41":{"start":{"line":173,"column":34},"end":{"line":173,"column":null}},"42":{"start":{"line":174,"column":16},"end":{"line":175,"column":38}}},"fnMap":{"0":{"name":"(anonymous_5)","decl":{"start":{"line":16,"column":29},"end":{"line":16,"column":35}},"loc":{"start":{"line":16,"column":35},"end":{"line":16,"column":66}}},"1":{"name":"(anonymous_6)","decl":{"start":{"line":16,"column":35},"end":{"line":16,"column":42}},"loc":{"start":{"line":16,"column":35},"end":{"line":16,"column":66}}},"2":{"name":"(anonymous_8)","decl":{"start":{"line":18,"column":12},"end":{"line":18,"column":13}},"loc":{"start":{"line":18,"column":27},"end":{"line":18,"column":null}}},"3":{"name":"DashboardTab","decl":{"start":{"line":20,"column":24},"end":{"line":20,"column":null}},"loc":{"start":{"line":20,"column":24},"end":{"line":198,"column":null}}},"4":{"name":"(anonymous_10)","decl":{"start":{"line":26,"column":13},"end":{"line":26,"column":null}},"loc":{"start":{"line":26,"column":13},"end":{"line":29,"column":null}}},"5":{"name":"(anonymous_11)","decl":{"start":{"line":36,"column":13},"end":{"line":36,"column":null}},"loc":{"start":{"line":36,"column":13},"end":{"line":39,"column":null}}},"6":{"name":"(anonymous_12)","decl":{"start":{"line":56,"column":43},"end":{"line":56,"column":44}},"loc":{"start":{"line":56,"column":55},"end":{"line":56,"column":75}}},"7":{"name":"(anonymous_13)","decl":{"start":{"line":62,"column":43},"end":{"line":62,"column":44}},"loc":{"start":{"line":62,"column":55},"end":{"line":62,"column":62}}},"8":{"name":"(anonymous_14)","decl":{"start":{"line":75,"column":66},"end":{"line":75,"column":67}},"loc":{"start":{"line":75,"column":83},"end":{"line":78,"column":null}}},"9":{"name":"(anonymous_15)","decl":{"start":{"line":83,"column":48},"end":{"line":83,"column":49}},"loc":{"start":{"line":83,"column":60},"end":{"line":83,"column":73}}},"10":{"name":"(anonymous_16)","decl":{"start":{"line":87,"column":43},"end":{"line":87,"column":44}},"loc":{"start":{"line":87,"column":55},"end":{"line":87,"column":75}}},"11":{"name":"(anonymous_17)","decl":{"start":{"line":90,"column":52},"end":{"line":90,"column":53}},"loc":{"start":{"line":90,"column":67},"end":{"line":90,"column":94}}},"12":{"name":"(anonymous_18)","decl":{"start":{"line":93,"column":43},"end":{"line":93,"column":44}},"loc":{"start":{"line":93,"column":55},"end":{"line":93,"column":64}}},"13":{"name":"(anonymous_19)","decl":{"start":{"line":107,"column":46},"end":{"line":107,"column":47}},"loc":{"start":{"line":107,"column":58},"end":{"line":107,"column":68}}},"14":{"name":"(anonymous_20)","decl":{"start":{"line":112,"column":46},"end":{"line":112,"column":47}},"loc":{"start":{"line":112,"column":58},"end":{"line":112,"column":65}}},"15":{"name":"(anonymous_21)","decl":{"start":{"line":120,"column":19},"end":{"line":120,"column":20}},"loc":{"start":{"line":121,"column":10},"end":{"line":121,"column":null}}},"16":{"name":"(anonymous_22)","decl":{"start":{"line":171,"column":27},"end":{"line":171,"column":28}},"loc":{"start":{"line":171,"column":28},"end":{"line":191,"column":null}}}},"branchMap":{"0":{"loc":{"start":{"line":30,"column":13},"end":{"line":30,"column":null}},"type":"binary-expr","locations":[{"start":{"line":30,"column":13},"end":{"line":30,"column":32}},{"start":{"line":30,"column":32},"end":{"line":30,"column":null}}]},"1":{"loc":{"start":{"line":30,"column":74},"end":{"line":30,"column":null}},"type":"binary-expr","locations":[{"start":{"line":30,"column":74},"end":{"line":30,"column":88}},{"start":{"line":30,"column":88},"end":{"line":30,"column":null}}]},"2":{"loc":{"start":{"line":40,"column":13},"end":{"line":40,"column":null}},"type":"binary-expr","locations":[{"start":{"line":40,"column":13},"end":{"line":40,"column":32}},{"start":{"line":40,"column":32},"end":{"line":40,"column":null}}]},"3":{"loc":{"start":{"line":40,"column":74},"end":{"line":40,"column":null}},"type":"binary-expr","locations":[{"start":{"line":40,"column":74},"end":{"line":40,"column":88}},{"start":{"line":40,"column":88},"end":{"line":40,"column":null}}]},"4":{"loc":{"start":{"line":45,"column":59},"end":{"line":45,"column":89}},"type":"binary-expr","locations":[{"start":{"line":45,"column":59},"end":{"line":45,"column":86}},{"start":{"line":45,"column":86},"end":{"line":45,"column":89}}]},"5":{"loc":{"start":{"line":46,"column":51},"end":{"line":46,"column":80}},"type":"binary-expr","locations":[{"start":{"line":46,"column":51},"end":{"line":46,"column":77}},{"start":{"line":46,"column":77},"end":{"line":46,"column":80}}]},"6":{"loc":{"start":{"line":47,"column":57},"end":{"line":47,"column":87}},"type":"binary-expr","locations":[{"start":{"line":47,"column":57},"end":{"line":47,"column":83}},{"start":{"line":47,"column":83},"end":{"line":47,"column":87}}]},"7":{"loc":{"start":{"line":48,"column":58},"end":{"line":48,"column":128}},"type":"cond-expr","locations":[{"start":{"line":48,"column":85},"end":{"line":48,"column":120}},{"start":{"line":48,"column":123},"end":{"line":48,"column":128}}]},"8":{"loc":{"start":{"line":56,"column":12},"end":{"line":56,"column":77}},"type":"binary-expr","locations":[{"start":{"line":56,"column":12},"end":{"line":56,"column":75}},{"start":{"line":56,"column":75},"end":{"line":56,"column":77}}]},"9":{"loc":{"start":{"line":62,"column":12},"end":{"line":62,"column":69}},"type":"binary-expr","locations":[{"start":{"line":62,"column":12},"end":{"line":62,"column":67}},{"start":{"line":62,"column":67},"end":{"line":62,"column":69}}]},"10":{"loc":{"start":{"line":75,"column":27},"end":{"line":75,"column":62}},"type":"binary-expr","locations":[{"start":{"line":75,"column":27},"end":{"line":75,"column":58}},{"start":{"line":75,"column":58},"end":{"line":75,"column":62}}]},"11":{"loc":{"start":{"line":87,"column":12},"end":{"line":87,"column":77}},"type":"binary-expr","locations":[{"start":{"line":87,"column":12},"end":{"line":87,"column":75}},{"start":{"line":87,"column":75},"end":{"line":87,"column":77}}]},"12":{"loc":{"start":{"line":93,"column":12},"end":{"line":93,"column":71}},"type":"binary-expr","locations":[{"start":{"line":93,"column":12},"end":{"line":93,"column":69}},{"start":{"line":93,"column":69},"end":{"line":93,"column":71}}]},"13":{"loc":{"start":{"line":107,"column":12},"end":{"line":107,"column":85}},"type":"binary-expr","locations":[{"start":{"line":107,"column":12},"end":{"line":107,"column":83}},{"start":{"line":107,"column":83},"end":{"line":107,"column":85}}]},"14":{"loc":{"start":{"line":112,"column":12},"end":{"line":112,"column":82}},"type":"binary-expr","locations":[{"start":{"line":112,"column":12},"end":{"line":112,"column":80}},{"start":{"line":112,"column":80},"end":{"line":112,"column":82}}]},"15":{"loc":{"start":{"line":168,"column":12},"end":{"line":170,"column":13}},"type":"cond-expr","locations":[{"start":{"line":168,"column":12},"end":{"line":170,"column":13}}]},"16":{"loc":{"start":{"line":173,"column":34},"end":{"line":173,"column":null}},"type":"binary-expr","locations":[{"start":{"line":173,"column":34},"end":{"line":173,"column":59}},{"start":{"line":173,"column":59},"end":{"line":173,"column":null}}]}},"s":{"0":0,"1":0,"2":0,"3":0,"4":0,"5":0,"6":0,"7":0,"8":0,"9":0,"10":0,"11":0,"12":0,"13":0,"14":0,"15":0,"16":0,"17":0,"18":0,"19":0,"20":0,"21":0,"22":0,"23":0,"24":0,"25":0,"26":0,"27":0,"28":0,"29":0,"30":0,"31":0,"32":0,"33":0,"34":0,"35":0,"36":0,"37":0,"38":0,"39":0,"40":0,"41":0,"42":0},"f":{"0":0,"1":0,"2":0,"3":0,"4":0,"5":0,"6":0,"7":0,"8":0,"9":0,"10":0,"11":0,"12":0,"13":0,"14":0,"15":0,"16":0},"b":{"0":[0,0],"1":[0,0],"2":[0,0],"3":[0,0],"4":[0,0],"5":[0,0],"6":[0,0],"7":[0,0],"8":[0,0],"9":[0,0],"10":[0,0],"11":[0,0],"12":[0,0],"13":[0,0],"14":[0,0],"15":[0],"16":[0,0]}}
,"/Users/vs/Documents/AUTO/frontend/app/(admin)/[locale]/admin/pricing/PricingPageClient.tsx": {"path":"/Users/vs/Documents/AUTO/frontend/app/(admin)/[locale]/admin/pricing/PricingPageClient.tsx","statementMap":{"0":{"start":{"line":62,"column":24},"end":{"line":62,"column":null}},"1":{"start":{"line":3,"column":60},"end":{"line":3,"column":null}},"2":{"start":{"line":4,"column":32},"end":{"line":4,"column":null}},"3":{"start":{"line":5,"column":54},"end":{"line":5,"column":null}},"4":{"start":{"line":8,"column":7},"end":{"line":8,"column":null}},"5":{"start":{"line":9,"column":23},"end":{"line":9,"column":null}},"6":{"start":{"line":10,"column":22},"end":{"line":10,"column":null}},"7":{"start":{"line":11,"column":22},"end":{"line":11,"column":null}},"8":{"start":{"line":12,"column":57},"end":{"line":12,"column":null}},"9":{"start":{"line":13,"column":78},"end":{"line":13,"column":null}},"10":{"start":{"line":15,"column":22},"end":{"line":15,"column":null}},"11":{"start":{"line":16,"column":16},"end":{"line":16,"column":null}},"12":{"start":{"line":17,"column":25},"end":{"line":17,"column":null}},"13":{"start":{"line":18,"column":25},"end":{"line":18,"column":null}},"14":{"start":{"line":43,"column":17},"end":{"line":43,"column":null}},"15":{"start":{"line":45,"column":2},"end":{"line":50,"column":null}},"16":{"start":{"line":46,"column":4},"end":{"line":46,"column":null}},"17":{"start":{"line":46,"column":25},"end":{"line":46,"column":null}},"18":{"start":{"line":47,"column":21},"end":{"line":47,"column":null}},"19":{"start":{"line":48,"column":4},"end":{"line":48,"column":null}},"20":{"start":{"line":49,"column":4},"end":{"line":49,"column":null}},"21":{"start":{"line":49,"column":19},"end":{"line":49,"column":39}},"22":{"start":{"line":52,"column":2},"end":{"line":57,"column":null}},"23":{"start":{"line":53,"column":16},"end":{"line":53,"column":30}},"24":{"start":{"line":54,"column":4},"end":{"line":54,"column":null}},"25":{"start":{"line":54,"column":14},"end":{"line":54,"column":null}},"26":{"start":{"line":55,"column":21},"end":{"line":55,"column":null}},"27":{"start":{"line":56,"column":4},"end":{"line":56,"column":null}},"28":{"start":{"line":56,"column":18},"end":{"line":56,"column":null}},"29":{"start":{"line":63,"column":12},"end":{"line":63,"column":null}},"30":{"start":{"line":64,"column":13},"end":{"line":64,"column":null}},"31":{"start":{"line":65,"column":22},"end":{"line":65,"column":null}},"32":{"start":{"line":66,"column":28},"end":{"line":66,"column":null}},"33":{"start":{"line":67,"column":17},"end":{"line":67,"column":null}},"34":{"start":{"line":69,"column":44},"end":{"line":69,"column":null}},"35":{"start":{"line":70,"column":36},"end":{"line":70,"column":null}},"36":{"start":{"line":71,"column":18},"end":{"line":71,"column":null}},"37":{"start":{"line":72,"column":48},"end":{"line":72,"column":null}},"38":{"start":{"line":73,"column":40},"end":{"line":73,"column":null}},"39":{"start":{"line":74,"column":38},"end":{"line":74,"column":null}},"40":{"start":{"line":75,"column":30},"end":{"line":75,"column":null}},"41":{"start":{"line":76,"column":36},"end":{"line":76,"column":null}},"42":{"start":{"line":77,"column":32},"end":{"line":77,"column":null}},"43":{"start":{"line":78,"column":40},"end":{"line":78,"column":null}},"44":{"start":{"line":79,"column":36},"end":{"line":79,"column":null}},"45":{"start":{"line":80,"column":32},"end":{"line":80,"column":null}},"46":{"start":{"line":82,"column":2},"end":{"line":82,"column":null}},"47":{"start":{"line":82,"column":20},"end":{"line":82,"column":38}},"48":{"start":{"line":84,"column":59},"end":{"line":90,"column":null}},"49":{"start":{"line":87,"column":18},"end":{"line":87,"column":null}},"50":{"start":{"line":88,"column":6},"end":{"line":88,"column":null}},"51":{"start":{"line":92,"column":58},"end":{"line":100,"column":null}},"52":{"start":{"line":95,"column":26},"end":{"line":95,"column":null}},"53":{"start":{"line":96,"column":6},"end":{"line":96,"column":null}},"54":{"start":{"line":96,"column":21},"end":{"line":96,"column":null}},"55":{"start":{"line":97,"column":18},"end":{"line":97,"column":null}},"56":{"start":{"line":98,"column":6},"end":{"line":98,"column":null}},"57":{"start":{"line":101,"column":24},"end":{"line":101,"column":null}},"58":{"start":{"line":101,"column":38},"end":{"line":101,"column":58}},"59":{"start":{"line":102,"column":19},"end":{"line":102,"column":null}},"60":{"start":{"line":103,"column":24},"end":{"line":103,"column":null}},"61":{"start":{"line":112,"column":35},"end":{"line":119,"column":null}},"62":{"start":{"line":115,"column":18},"end":{"line":115,"column":null}},"63":{"start":{"line":116,"column":6},"end":{"line":116,"column":null}},"64":{"start":{"line":121,"column":28},"end":{"line":131,"column":null}},"65":{"start":{"line":124,"column":21},"end":{"line":126,"column":null}},"66":{"start":{"line":127,"column":18},"end":{"line":127,"column":null}},"67":{"start":{"line":128,"column":6},"end":{"line":128,"column":null}},"68":{"start":{"line":133,"column":2},"end":{"line":137,"column":null}},"69":{"start":{"line":134,"column":4},"end":{"line":136,"column":null}},"70":{"start":{"line":135,"column":6},"end":{"line":135,"column":null}},"71":{"start":{"line":139,"column":2},"end":{"line":142,"column":null}},"72":{"start":{"line":140,"column":16},"end":{"line":140,"column":null}},"73":{"start":{"line":141,"column":4},"end":{"line":141,"column":null}},"74":{"start":{"line":144,"column":2},"end":{"line":155,"column":null}},"75":{"start":{"line":145,"column":4},"end":{"line":145,"column":null}},"76":{"start":{"line":145,"column":31},"end":{"line":145,"column":null}},"77":{"start":{"line":146,"column":47},"end":{"line":146,"column":null}},"78":{"start":{"line":147,"column":45},"end":{"line":147,"column":null}},"79":{"start":{"line":148,"column":4},"end":{"line":152,"column":null}},"80":{"start":{"line":149,"column":6},"end":{"line":149,"column":null}},"81":{"start":{"line":150,"column":18},"end":{"line":150,"column":null}},"82":{"start":{"line":151,"column":6},"end":{"line":151,"column":null}},"83":{"start":{"line":153,"column":4},"end":{"line":153,"column":null}},"84":{"start":{"line":153,"column":34},"end":{"line":153,"column":null}},"85":{"start":{"line":154,"column":4},"end":{"line":154,"column":null}},"86":{"start":{"line":154,"column":30},"end":{"line":154,"column":null}},"87":{"start":{"line":157,"column":2},"end":{"line":176,"column":null}},"88":{"start":{"line":158,"column":4},"end":{"line":158,"column":null}},"89":{"start":{"line":158,"column":17},"end":{"line":158,"column":null}},"90":{"start":{"line":159,"column":21},"end":{"line":174,"column":null}},"91":{"start":{"line":160,"column":6},"end":{"line":173,"column":null}},"92":{"start":{"line":161,"column":20},"end":{"line":161,"column":null}},"93":{"start":{"line":162,"column":8},"end":{"line":162,"column":null}},"94":{"start":{"line":163,"column":8},"end":{"line":170,"column":null}},"95":{"start":{"line":164,"column":10},"end":{"line":164,"column":null}},"96":{"start":{"line":165,"column":10},"end":{"line":169,"column":null}},"97":{"start":{"line":166,"column":12},"end":{"line":166,"column":null}},"98":{"start":{"line":168,"column":12},"end":{"line":168,"column":null}},"99":{"start":{"line":172,"column":8},"end":{"line":172,"column":null}},"100":{"start":{"line":175,"column":4},"end":{"line":175,"column":null}},"101":{"start":{"line":175,"column":17},"end":{"line":175,"column":null}},"102":{"start":{"line":178,"column":18},"end":{"line":196,"column":null}},"103":{"start":{"line":180,"column":6},"end":{"line":180,"column":null}},"104":{"start":{"line":181,"column":20},"end":{"line":186,"column":null}},"105":{"start":{"line":182,"column":27},"end":{"line":182,"column":null}},"106":{"start":{"line":183,"column":49},"end":{"line":186,"column":null}},"107":{"start":{"line":187,"column":6},"end":{"line":187,"column":null}},"108":{"start":{"line":190,"column":6},"end":{"line":190,"column":null}},"109":{"start":{"line":191,"column":6},"end":{"line":191,"column":null}},"110":{"start":{"line":192,"column":6},"end":{"line":192,"column":null}},"111":{"start":{"line":193,"column":6},"end":{"line":193,"column":null}},"112":{"start":{"line":195,"column":19},"end":{"line":195,"column":null}},"113":{"start":{"line":198,"column":23},"end":{"line":210,"column":null}},"114":{"start":{"line":200,"column":18},"end":{"line":200,"column":null}},"115":{"start":{"line":201,"column":6},"end":{"line":201,"column":null}},"116":{"start":{"line":204,"column":6},"end":{"line":204,"column":null}},"117":{"start":{"line":205,"column":6},"end":{"line":205,"column":null}},"118":{"start":{"line":206,"column":6},"end":{"line":206,"column":null}},"119":{"start":{"line":207,"column":6},"end":{"line":207,"column":null}},"120":{"start":{"line":209,"column":19},"end":{"line":209,"column":null}},"121":{"start":{"line":212,"column":2},"end":{"line":225,"column":null}},"122":{"start":{"line":213,"column":5},"end":{"line":213,"column":null}},"123":{"start":{"line":213,"column":43},"end":{"line":213,"column":null}},"124":{"start":{"line":214,"column":5},"end":{"line":214,"column":null}},"125":{"start":{"line":214,"column":42},"end":{"line":214,"column":null}},"126":{"start":{"line":215,"column":5},"end":{"line":215,"column":null}},"127":{"start":{"line":216,"column":5},"end":{"line":216,"column":null}},"128":{"start":{"line":217,"column":5},"end":{"line":217,"column":null}},"129":{"start":{"line":218,"column":4},"end":{"line":224,"column":null}},"130":{"start":{"line":219,"column":6},"end":{"line":219,"column":null}},"131":{"start":{"line":220,"column":6},"end":{"line":220,"column":null}},"132":{"start":{"line":221,"column":6},"end":{"line":221,"column":null}},"133":{"start":{"line":222,"column":6},"end":{"line":222,"column":null}},"134":{"start":{"line":223,"column":6},"end":{"line":223,"column":null}},"135":{"start":{"line":227,"column":22},"end":{"line":230,"column":null}},"136":{"start":{"line":228,"column":4},"end":{"line":228,"column":null}},"137":{"start":{"line":228,"column":33},"end":{"line":228,"column":null}},"138":{"start":{"line":229,"column":4},"end":{"line":229,"column":null}},"139":{"start":{"line":231,"column":24},"end":{"line":231,"column":null}},"140":{"start":{"line":232,"column":18},"end":{"line":232,"column":null}},"141":{"start":{"line":233,"column":22},"end":{"line":233,"column":null}},"142":{"start":{"line":235,"column":22},"end":{"line":235,"column":null}},"143":{"start":{"line":236,"column":23},"end":{"line":236,"column":null}},"144":{"start":{"line":237,"column":2},"end":{"line":241,"column":null}},"145":{"start":{"line":238,"column":4},"end":{"line":240,"column":null}},"146":{"start":{"line":239,"column":6},"end":{"line":239,"column":null}},"147":{"start":{"line":239,"column":53},"end":{"line":239,"column":null}},"148":{"start":{"line":242,"column":23},"end":{"line":242,"column":null}},"149":{"start":{"line":242,"column":56},"end":{"line":242,"column":null}},"150":{"start":{"line":243,"column":21},"end":{"line":243,"column":null}},"151":{"start":{"line":245,"column":24},"end":{"line":251,"column":null}},"152":{"start":{"line":249,"column":33},"end":{"line":249,"column":null}},"153":{"start":{"line":252,"column":2},"end":{"line":261,"column":null}},"154":{"start":{"line":253,"column":16},"end":{"line":253,"column":null}},"155":{"start":{"line":253,"column":43},"end":{"line":253,"column":null}},"156":{"start":{"line":254,"column":4},"end":{"line":260,"column":null}},"157":{"start":{"line":258,"column":35},"end":{"line":258,"column":null}},"158":{"start":{"line":263,"column":22},"end":{"line":307,"column":null}},"159":{"start":{"line":270,"column":21},"end":{"line":270,"column":53}},"160":{"start":{"line":271,"column":8},"end":{"line":271,"column":null}},"161":{"start":{"line":271,"column":19},"end":{"line":271,"column":null}},"162":{"start":{"line":272,"column":19},"end":{"line":272,"column":176}},"163":{"start":{"line":273,"column":8},"end":{"line":275,"column":null}},"164":{"start":{"line":274,"column":10},"end":{"line":274,"column":null}},"165":{"start":{"line":276,"column":8},"end":{"line":284,"column":null}},"166":{"start":{"line":277,"column":23},"end":{"line":277,"column":42}},"167":{"start":{"line":278,"column":10},"end":{"line":283,"column":null}},"168":{"start":{"line":279,"column":24},"end":{"line":279,"column":null}},"169":{"start":{"line":279,"column":41},"end":{"line":279,"column":null}},"170":{"start":{"line":280,"column":25},"end":{"line":280,"column":62}},"171":{"start":{"line":281,"column":26},"end":{"line":281,"column":93}},"172":{"start":{"line":282,"column":12},"end":{"line":282,"column":null}},"173":{"start":{"line":285,"column":8},"end":{"line":285,"column":null}},"174":{"start":{"line":291,"column":35},"end":{"line":291,"column":47}},"175":{"start":{"line":295,"column":20},"end":{"line":295,"column":null}},"176":{"start":{"line":296,"column":10},"end":{"line":296,"column":null}},"177":{"start":{"line":309,"column":22},"end":{"line":325,"column":null}},"178":{"start":{"line":310,"column":4},"end":{"line":310,"column":null}},"179":{"start":{"line":310,"column":21},"end":{"line":310,"column":null}},"180":{"start":{"line":311,"column":77},"end":{"line":316,"column":null}},"181":{"start":{"line":317,"column":14},"end":{"line":317,"column":null}},"182":{"start":{"line":318,"column":17},"end":{"line":318,"column":23}},"183":{"start":{"line":338,"column":34},"end":{"line":338,"column":null}},"184":{"start":{"line":346,"column":16},"end":{"line":346,"column":48}},"185":{"start":{"line":366,"column":33},"end":{"line":366,"column":63}},"186":{"start":{"line":366,"column":63},"end":{"line":366,"column":78}},"187":{"start":{"line":371,"column":36},"end":{"line":371,"column":63}},"188":{"start":{"line":371,"column":63},"end":{"line":371,"column":78}},"189":{"start":{"line":394,"column":31},"end":{"line":394,"column":null}},"190":{"start":{"line":395,"column":34},"end":{"line":399,"column":null}},"191":{"start":{"line":396,"column":18},"end":{"line":396,"column":null}},"192":{"start":{"line":396,"column":44},"end":{"line":396,"column":null}},"193":{"start":{"line":397,"column":30},"end":{"line":397,"column":null}},"194":{"start":{"line":398,"column":18},"end":{"line":398,"column":null}},"195":{"start":{"line":398,"column":48},"end":{"line":398,"column":null}},"196":{"start":{"line":400,"column":16},"end":{"line":401,"column":44}},"197":{"start":{"line":407,"column":42},"end":{"line":407,"column":null}},"198":{"start":{"line":408,"column":41},"end":{"line":408,"column":null}},"199":{"start":{"line":409,"column":26},"end":{"line":409,"column":null}},"200":{"start":{"line":415,"column":28},"end":{"line":416,"column":null}},"201":{"start":{"line":421,"column":46},"end":{"line":421,"column":null}},"202":{"start":{"line":423,"column":45},"end":{"line":423,"column":59}},"203":{"start":{"line":424,"column":32},"end":{"line":428,"column":null}},"204":{"start":{"line":425,"column":47},"end":{"line":425,"column":null}},"205":{"start":{"line":426,"column":34},"end":{"line":426,"column":null}},"206":{"start":{"line":427,"column":34},"end":{"line":427,"column":null}},"207":{"start":{"line":431,"column":32},"end":{"line":437,"column":null}},"208":{"start":{"line":432,"column":47},"end":{"line":432,"column":null}},"209":{"start":{"line":433,"column":34},"end":{"line":433,"column":null}},"210":{"start":{"line":434,"column":34},"end":{"line":434,"column":null}},"211":{"start":{"line":434,"column":60},"end":{"line":434,"column":null}},"212":{"start":{"line":435,"column":46},"end":{"line":435,"column":null}},"213":{"start":{"line":436,"column":34},"end":{"line":436,"column":null}},"214":{"start":{"line":436,"column":64},"end":{"line":436,"column":null}},"215":{"start":{"line":443,"column":42},"end":{"line":443,"column":null}},"216":{"start":{"line":444,"column":41},"end":{"line":444,"column":null}},"217":{"start":{"line":445,"column":26},"end":{"line":445,"column":null}},"218":{"start":{"line":468,"column":90},"end":{"line":468,"column":null}},"219":{"start":{"line":474,"column":18},"end":{"line":482,"column":null}},"220":{"start":{"line":475,"column":20},"end":{"line":475,"column":null}},"221":{"start":{"line":476,"column":25},"end":{"line":482,"column":null}},"222":{"start":{"line":477,"column":20},"end":{"line":477,"column":null}},"223":{"start":{"line":478,"column":25},"end":{"line":482,"column":null}},"224":{"start":{"line":479,"column":20},"end":{"line":479,"column":null}},"225":{"start":{"line":481,"column":20},"end":{"line":481,"column":null}},"226":{"start":{"line":483,"column":18},"end":{"line":484,"column":36}},"227":{"start":{"line":484,"column":109},"end":{"line":484,"column":null}},"228":{"start":{"line":490,"column":101},"end":{"line":490,"column":null}}},"fnMap":{"0":{"name":"EChart","decl":{"start":{"line":42,"column":9},"end":{"line":42,"column":16}},"loc":{"start":{"line":42,"column":78},"end":{"line":60,"column":null}}},"1":{"name":"(anonymous_6)","decl":{"start":{"line":45,"column":12},"end":{"line":45,"column":null}},"loc":{"start":{"line":45,"column":12},"end":{"line":50,"column":5}}},"2":{"name":"(anonymous_7)","decl":{"start":{"line":49,"column":11},"end":{"line":49,"column":19}},"loc":{"start":{"line":49,"column":11},"end":{"line":49,"column":null}}},"3":{"name":"(anonymous_8)","decl":{"start":{"line":52,"column":12},"end":{"line":52,"column":null}},"loc":{"start":{"line":52,"column":12},"end":{"line":57,"column":5}}},"4":{"name":"PricingPageClient","decl":{"start":{"line":62,"column":24},"end":{"line":62,"column":null}},"loc":{"start":{"line":62,"column":24},"end":{"line":499,"column":null}}},"5":{"name":"(anonymous_10)","decl":{"start":{"line":82,"column":12},"end":{"line":82,"column":20}},"loc":{"start":{"line":82,"column":12},"end":{"line":82,"column":41}}},"6":{"name":"(anonymous_11)","decl":{"start":{"line":86,"column":13},"end":{"line":86,"column":null}},"loc":{"start":{"line":86,"column":13},"end":{"line":89,"column":null}}},"7":{"name":"(anonymous_12)","decl":{"start":{"line":94,"column":13},"end":{"line":94,"column":null}},"loc":{"start":{"line":94,"column":13},"end":{"line":99,"column":null}}},"8":{"name":"(anonymous_13)","decl":{"start":{"line":101,"column":32},"end":{"line":101,"column":38}},"loc":{"start":{"line":101,"column":38},"end":{"line":101,"column":58}}},"9":{"name":"(anonymous_14)","decl":{"start":{"line":114,"column":13},"end":{"line":114,"column":null}},"loc":{"start":{"line":114,"column":13},"end":{"line":117,"column":null}}},"10":{"name":"(anonymous_15)","decl":{"start":{"line":123,"column":13},"end":{"line":123,"column":null}},"loc":{"start":{"line":123,"column":13},"end":{"line":129,"column":null}}},"11":{"name":"(anonymous_16)","decl":{"start":{"line":133,"column":12},"end":{"line":133,"column":null}},"loc":{"start":{"line":133,"column":12},"end":{"line":137,"column":5}}},"12":{"name":"(anonymous_17)","decl":{"start":{"line":139,"column":12},"end":{"line":139,"column":null}},"loc":{"start":{"line":139,"column":12},"end":{"line":142,"column":5}}},"13":{"name":"(anonymous_18)","decl":{"start":{"line":144,"column":12},"end":{"line":144,"column":null}},"loc":{"start":{"line":144,"column":12},"end":{"line":155,"column":5}}},"14":{"name":"(anonymous_19)","decl":{"start":{"line":148,"column":26},"end":{"line":148,"column":27}},"loc":{"start":{"line":148,"column":27},"end":{"line":152,"column":null}}},"15":{"name":"(anonymous_20)","decl":{"start":{"line":153,"column":23},"end":{"line":153,"column":24}},"loc":{"start":{"line":153,"column":34},"end":{"line":153,"column":null}}},"16":{"name":"(anonymous_21)","decl":{"start":{"line":154,"column":19},"end":{"line":154,"column":20}},"loc":{"start":{"line":154,"column":30},"end":{"line":154,"column":null}}},"17":{"name":"(anonymous_22)","decl":{"start":{"line":157,"column":12},"end":{"line":157,"column":null}},"loc":{"start":{"line":157,"column":12},"end":{"line":176,"column":5}}},"18":{"name":"(anonymous_23)","decl":{"start":{"line":159,"column":33},"end":{"line":159,"column":null}},"loc":{"start":{"line":159,"column":33},"end":{"line":174,"column":7}}},"19":{"name":"(anonymous_24)","decl":{"start":{"line":175,"column":11},"end":{"line":175,"column":17}},"loc":{"start":{"line":175,"column":17},"end":{"line":175,"column":null}}},"20":{"name":"(anonymous_25)","decl":{"start":{"line":179,"column":16},"end":{"line":179,"column":null}},"loc":{"start":{"line":179,"column":16},"end":{"line":188,"column":null}}},"21":{"name":"(anonymous_26)","decl":{"start":{"line":182,"column":16},"end":{"line":182,"column":17}},"loc":{"start":{"line":182,"column":27},"end":{"line":182,"column":null}}},"22":{"name":"(anonymous_27)","decl":{"start":{"line":183,"column":13},"end":{"line":183,"column":14}},"loc":{"start":{"line":183,"column":49},"end":{"line":186,"column":null}}},"23":{"name":"(anonymous_28)","decl":{"start":{"line":189,"column":15},"end":{"line":189,"column":null}},"loc":{"start":{"line":189,"column":15},"end":{"line":194,"column":null}}},"24":{"name":"(anonymous_29)","decl":{"start":{"line":195,"column":13},"end":{"line":195,"column":19}},"loc":{"start":{"line":195,"column":19},"end":{"line":195,"column":null}}},"25":{"name":"(anonymous_30)","decl":{"start":{"line":199,"column":16},"end":{"line":199,"column":null}},"loc":{"start":{"line":199,"column":16},"end":{"line":202,"column":null}}},"26":{"name":"(anonymous_31)","decl":{"start":{"line":203,"column":15},"end":{"line":203,"column":16}},"loc":{"start":{"line":203,"column":16},"end":{"line":208,"column":null}}},"27":{"name":"(anonymous_32)","decl":{"start":{"line":209,"column":13},"end":{"line":209,"column":19}},"loc":{"start":{"line":209,"column":19},"end":{"line":209,"column":null}}},"28":{"name":"(anonymous_33)","decl":{"start":{"line":212,"column":12},"end":{"line":212,"column":null}},"loc":{"start":{"line":212,"column":12},"end":{"line":225,"column":5}}},"29":{"name":"(anonymous_34)","decl":{"start":{"line":213,"column":37},"end":{"line":213,"column":43}},"loc":{"start":{"line":213,"column":43},"end":{"line":213,"column":null}}},"30":{"name":"(anonymous_35)","decl":{"start":{"line":214,"column":36},"end":{"line":214,"column":42}},"loc":{"start":{"line":214,"column":42},"end":{"line":214,"column":null}}},"31":{"name":"(anonymous_36)","decl":{"start":{"line":218,"column":11},"end":{"line":218,"column":null}},"loc":{"start":{"line":218,"column":11},"end":{"line":224,"column":null}}},"32":{"name":"(anonymous_37)","decl":{"start":{"line":227,"column":52},"end":{"line":227,"column":53}},"loc":{"start":{"line":227,"column":53},"end":{"line":230,"column":null}}},"33":{"name":"(anonymous_38)","decl":{"start":{"line":237,"column":22},"end":{"line":237,"column":23}},"loc":{"start":{"line":237,"column":23},"end":{"line":241,"column":null}}},"34":{"name":"(anonymous_39)","decl":{"start":{"line":239,"column":46},"end":{"line":239,"column":47}},"loc":{"start":{"line":239,"column":53},"end":{"line":239,"column":null}}},"35":{"name":"(anonymous_40)","decl":{"start":{"line":242,"column":46},"end":{"line":242,"column":47}},"loc":{"start":{"line":242,"column":56},"end":{"line":242,"column":null}}},"36":{"name":"(anonymous_41)","decl":{"start":{"line":249,"column":26},"end":{"line":249,"column":27}},"loc":{"start":{"line":249,"column":33},"end":{"line":249,"column":null}}},"37":{"name":"(anonymous_42)","decl":{"start":{"line":252,"column":23},"end":{"line":252,"column":24}},"loc":{"start":{"line":252,"column":31},"end":{"line":261,"column":null}}},"38":{"name":"(anonymous_43)","decl":{"start":{"line":253,"column":36},"end":{"line":253,"column":37}},"loc":{"start":{"line":253,"column":43},"end":{"line":253,"column":null}}},"39":{"name":"(anonymous_44)","decl":{"start":{"line":258,"column":28},"end":{"line":258,"column":29}},"loc":{"start":{"line":258,"column":35},"end":{"line":258,"column":null}}},"40":{"name":"(anonymous_45)","decl":{"start":{"line":269,"column":17},"end":{"line":269,"column":18}},"loc":{"start":{"line":269,"column":18},"end":{"line":286,"column":null}}},"41":{"name":"(anonymous_46)","decl":{"start":{"line":278,"column":56},"end":{"line":278,"column":57}},"loc":{"start":{"line":278,"column":69},"end":{"line":283,"column":null}}},"42":{"name":"(anonymous_47)","decl":{"start":{"line":279,"column":34},"end":{"line":279,"column":35}},"loc":{"start":{"line":279,"column":41},"end":{"line":279,"column":null}}},"43":{"name":"(anonymous_48)","decl":{"start":{"line":291,"column":28},"end":{"line":291,"column":29}},"loc":{"start":{"line":291,"column":35},"end":{"line":291,"column":47}}},"44":{"name":"(anonymous_49)","decl":{"start":{"line":294,"column":19},"end":{"line":294,"column":20}},"loc":{"start":{"line":294,"column":20},"end":{"line":297,"column":null}}},"45":{"name":"(anonymous_50)","decl":{"start":{"line":309,"column":22},"end":{"line":309,"column":null}},"loc":{"start":{"line":309,"column":22},"end":{"line":325,"column":null}}},"46":{"name":"(anonymous_51)","decl":{"start":{"line":338,"column":27},"end":{"line":338,"column":28}},"loc":{"start":{"line":338,"column":34},"end":{"line":338,"column":null}}},"47":{"name":"(anonymous_52)","decl":{"start":{"line":345,"column":41},"end":{"line":345,"column":42}},"loc":{"start":{"line":346,"column":16},"end":{"line":346,"column":48}}},"48":{"name":"(anonymous_53)","decl":{"start":{"line":366,"column":24},"end":{"line":366,"column":25}},"loc":{"start":{"line":366,"column":25},"end":{"line":366,"column":null}}},"49":{"name":"(anonymous_54)","decl":{"start":{"line":371,"column":27},"end":{"line":371,"column":28}},"loc":{"start":{"line":371,"column":28},"end":{"line":371,"column":null}}},"50":{"name":"(anonymous_55)","decl":{"start":{"line":393,"column":33},"end":{"line":393,"column":34}},"loc":{"start":{"line":393,"column":34},"end":{"line":454,"column":null}}},"51":{"name":"(anonymous_56)","decl":{"start":{"line":395,"column":34},"end":{"line":395,"column":35}},"loc":{"start":{"line":395,"column":35},"end":{"line":399,"column":null}}},"52":{"name":"(anonymous_57)","decl":{"start":{"line":396,"column":33},"end":{"line":396,"column":34}},"loc":{"start":{"line":396,"column":44},"end":{"line":396,"column":null}}},"53":{"name":"(anonymous_58)","decl":{"start":{"line":398,"column":37},"end":{"line":398,"column":38}},"loc":{"start":{"line":398,"column":48},"end":{"line":398,"column":null}}},"54":{"name":"(anonymous_59)","decl":{"start":{"line":406,"column":104},"end":{"line":406,"column":null}},"loc":{"start":{"line":406,"column":104},"end":{"line":410,"column":null}}},"55":{"name":"(anonymous_60)","decl":{"start":{"line":414,"column":38},"end":{"line":414,"column":39}},"loc":{"start":{"line":415,"column":28},"end":{"line":416,"column":null}}},"56":{"name":"(anonymous_61)","decl":{"start":{"line":421,"column":39},"end":{"line":421,"column":40}},"loc":{"start":{"line":421,"column":46},"end":{"line":421,"column":null}}},"57":{"name":"(anonymous_62)","decl":{"start":{"line":422,"column":40},"end":{"line":422,"column":41}},"loc":{"start":{"line":422,"column":41},"end":{"line":429,"column":null}}},"58":{"name":"(anonymous_63)","decl":{"start":{"line":430,"column":41},"end":{"line":430,"column":42}},"loc":{"start":{"line":430,"column":42},"end":{"line":438,"column":null}}},"59":{"name":"(anonymous_64)","decl":{"start":{"line":434,"column":49},"end":{"line":434,"column":50}},"loc":{"start":{"line":434,"column":60},"end":{"line":434,"column":null}}},"60":{"name":"(anonymous_65)","decl":{"start":{"line":436,"column":53},"end":{"line":436,"column":54}},"loc":{"start":{"line":436,"column":64},"end":{"line":436,"column":null}}},"61":{"name":"(anonymous_66)","decl":{"start":{"line":442,"column":104},"end":{"line":442,"column":null}},"loc":{"start":{"line":442,"column":104},"end":{"line":446,"column":null}}},"62":{"name":"(anonymous_67)","decl":{"start":{"line":468,"column":84},"end":{"line":468,"column":90}},"loc":{"start":{"line":468,"column":90},"end":{"line":468,"column":null}}},"63":{"name":"(anonymous_68)","decl":{"start":{"line":472,"column":68},"end":{"line":472,"column":69}},"loc":{"start":{"line":472,"column":72},"end":{"line":488,"column":null}}},"64":{"name":"(anonymous_69)","decl":{"start":{"line":484,"column":103},"end":{"line":484,"column":109}},"loc":{"start":{"line":484,"column":109},"end":{"line":484,"column":null}}},"65":{"name":"(anonymous_70)","decl":{"start":{"line":490,"column":95},"end":{"line":490,"column":101}},"loc":{"start":{"line":490,"column":101},"end":{"line":490,"column":null}}}},"branchMap":{"0":{"loc":{"start":{"line":46,"column":4},"end":{"line":46,"column":null}},"type":"if","locations":[{"start":{"line":46,"column":4},"end":{"line":46,"column":null}},{"start":{},"end":{}}]},"1":{"loc":{"start":{"line":54,"column":4},"end":{"line":54,"column":null}},"type":"if","locations":[{"start":{"line":54,"column":4},"end":{"line":54,"column":null}},{"start":{},"end":{}}]},"2":{"loc":{"start":{"line":56,"column":4},"end":{"line":56,"column":null}},"type":"if","locations":[{"start":{"line":56,"column":4},"end":{"line":56,"column":null}},{"start":{},"end":{}}]},"3":{"loc":{"start":{"line":96,"column":6},"end":{"line":96,"column":null}},"type":"if","locations":[{"start":{"line":96,"column":6},"end":{"line":96,"column":null}},{"start":{},"end":{}}]},"4":{"loc":{"start":{"line":101,"column":38},"end":{"line":101,"column":58}},"type":"binary-expr","locations":[{"start":{"line":101,"column":38},"end":{"line":101,"column":56}},{"start":{"line":101,"column":56},"end":{"line":101,"column":58}}]},"5":{"loc":{"start":{"line":102,"column":19},"end":{"line":102,"column":null}},"type":"binary-expr","locations":[{"start":{"line":102,"column":19},"end":{"line":102,"column":37}},{"start":{"line":102,"column":37},"end":{"line":102,"column":null}}]},"6":{"loc":{"start":{"line":124,"column":21},"end":{"line":126,"column":null}},"type":"cond-expr","locations":[{"start":{"line":125,"column":10},"end":{"line":125,"column":null}},{"start":{"line":126,"column":10},"end":{"line":126,"column":null}}]},"7":{"loc":{"start":{"line":134,"column":4},"end":{"line":136,"column":null}},"type":"if","locations":[{"start":{"line":134,"column":4},"end":{"line":136,"column":null}},{"start":{},"end":{}}]},"8":{"loc":{"start":{"line":135,"column":23},"end":{"line":135,"column":null}},"type":"binary-expr","locations":[{"start":{"line":135,"column":23},"end":{"line":135,"column":49}},{"start":{"line":135,"column":53},"end":{"line":135,"column":null}}]},"9":{"loc":{"start":{"line":145,"column":4},"end":{"line":145,"column":null}},"type":"if","locations":[{"start":{"line":145,"column":4},"end":{"line":145,"column":null}},{"start":{},"end":{}}]},"10":{"loc":{"start":{"line":149,"column":27},"end":{"line":149,"column":null}},"type":"binary-expr","locations":[{"start":{"line":149,"column":27},"end":{"line":149,"column":43}},{"start":{"line":149,"column":47},"end":{"line":149,"column":null}}]},"11":{"loc":{"start":{"line":150,"column":44},"end":{"line":150,"column":null}},"type":"binary-expr","locations":[{"start":{"line":150,"column":44},"end":{"line":150,"column":60}},{"start":{"line":150,"column":64},"end":{"line":150,"column":null}}]},"12":{"loc":{"start":{"line":158,"column":4},"end":{"line":158,"column":null}},"type":"if","locations":[{"start":{"line":158,"column":4},"end":{"line":158,"column":null}},{"start":{},"end":{}}]},"13":{"loc":{"start":{"line":163,"column":8},"end":{"line":170,"column":null}},"type":"if","locations":[{"start":{"line":163,"column":8},"end":{"line":170,"column":null}},{"start":{},"end":{}}]},"14":{"loc":{"start":{"line":163,"column":12},"end":{"line":163,"column":76}},"type":"binary-expr","locations":[{"start":{"line":163,"column":12},"end":{"line":163,"column":45}},{"start":{"line":163,"column":45},"end":{"line":163,"column":76}}]},"15":{"loc":{"start":{"line":165,"column":10},"end":{"line":169,"column":null}},"type":"if","locations":[{"start":{"line":165,"column":10},"end":{"line":169,"column":null}},{"start":{"line":167,"column":17},"end":{"line":169,"column":null}}]},"16":{"loc":{"start":{"line":182,"column":27},"end":{"line":182,"column":null}},"type":"binary-expr","locations":[{"start":{"line":182,"column":27},"end":{"line":182,"column":41}},{"start":{"line":182,"column":41},"end":{"line":182,"column":null}}]},"17":{"loc":{"start":{"line":227,"column":23},"end":{"line":227,"column":43}},"type":"binary-expr","locations":[{"start":{"line":227,"column":23},"end":{"line":227,"column":41}},{"start":{"line":227,"column":41},"end":{"line":227,"column":43}}]},"18":{"loc":{"start":{"line":228,"column":4},"end":{"line":228,"column":null}},"type":"if","locations":[{"start":{"line":228,"column":4},"end":{"line":228,"column":null}},{"start":{},"end":{}}]},"19":{"loc":{"start":{"line":229,"column":11},"end":{"line":229,"column":null}},"type":"binary-expr","locations":[{"start":{"line":229,"column":11},"end":{"line":229,"column":29}},{"start":{"line":229,"column":33},"end":{"line":229,"column":null}}]},"20":{"loc":{"start":{"line":231,"column":24},"end":{"line":231,"column":null}},"type":"cond-expr","locations":[{"start":{"line":231,"column":33},"end":{"line":231,"column":45}},{"start":{"line":231,"column":45},"end":{"line":231,"column":null}}]},"21":{"loc":{"start":{"line":232,"column":18},"end":{"line":232,"column":null}},"type":"cond-expr","locations":[{"start":{"line":232,"column":27},"end":{"line":232,"column":43}},{"start":{"line":232,"column":43},"end":{"line":232,"column":null}}]},"22":{"loc":{"start":{"line":233,"column":22},"end":{"line":233,"column":null}},"type":"cond-expr","locations":[{"start":{"line":233,"column":31},"end":{"line":233,"column":43}},{"start":{"line":233,"column":43},"end":{"line":233,"column":null}}]},"23":{"loc":{"start":{"line":238,"column":4},"end":{"line":240,"column":null}},"type":"if","locations":[{"start":{"line":238,"column":4},"end":{"line":240,"column":null}},{"start":{},"end":{}}]},"24":{"loc":{"start":{"line":249,"column":33},"end":{"line":249,"column":null}},"type":"binary-expr","locations":[{"start":{"line":249,"column":33},"end":{"line":249,"column":49}},{"start":{"line":249,"column":53},"end":{"line":249,"column":null}}]},"25":{"loc":{"start":{"line":255,"column":12},"end":{"line":255,"column":45}},"type":"binary-expr","locations":[{"start":{"line":255,"column":12},"end":{"line":255,"column":34}},{"start":{"line":255,"column":34},"end":{"line":255,"column":45}}]},"26":{"loc":{"start":{"line":258,"column":35},"end":{"line":258,"column":null}},"type":"binary-expr","locations":[{"start":{"line":258,"column":35},"end":{"line":258,"column":70}},{"start":{"line":258,"column":74},"end":{"line":258,"column":null}}]},"27":{"loc":{"start":{"line":267,"column":23},"end":{"line":267,"column":null}},"type":"cond-expr","locations":[{"start":{"line":267,"column":32},"end":{"line":267,"column":44}},{"start":{"line":267,"column":44},"end":{"line":267,"column":null}}]},"28":{"loc":{"start":{"line":271,"column":8},"end":{"line":271,"column":null}},"type":"if","locations":[{"start":{"line":271,"column":8},"end":{"line":271,"column":null}},{"start":{},"end":{}}]},"29":{"loc":{"start":{"line":273,"column":8},"end":{"line":275,"column":null}},"type":"if","locations":[{"start":{"line":273,"column":8},"end":{"line":275,"column":null}},{"start":{},"end":{}}]},"30":{"loc":{"start":{"line":276,"column":8},"end":{"line":284,"column":null}},"type":"if","locations":[{"start":{"line":276,"column":8},"end":{"line":284,"column":null}},{"start":{},"end":{}}]},"31":{"loc":{"start":{"line":277,"column":23},"end":{"line":277,"column":42}},"type":"binary-expr","locations":[{"start":{"line":277,"column":23},"end":{"line":277,"column":40}},{"start":{"line":277,"column":40},"end":{"line":277,"column":42}}]},"32":{"loc":{"start":{"line":280,"column":25},"end":{"line":280,"column":62}},"type":"cond-expr","locations":[{"start":{"line":280,"column":31},"end":{"line":280,"column":48}},{"start":{"line":280,"column":51},"end":{"line":280,"column":62}}]},"33":{"loc":{"start":{"line":310,"column":4},"end":{"line":310,"column":null}},"type":"if","locations":[{"start":{"line":310,"column":4},"end":{"line":310,"column":null}},{"start":{},"end":{}}]},"34":{"loc":{"start":{"line":317,"column":14},"end":{"line":317,"column":null}},"type":"binary-expr","locations":[{"start":{"line":317,"column":14},"end":{"line":317,"column":29}},{"start":{"line":317,"column":33},"end":{"line":317,"column":null}}]},"35":{"loc":{"start":{"line":338,"column":47},"end":{"line":338,"column":null}},"type":"cond-expr","locations":[{"start":{"line":338,"column":65},"end":{"line":338,"column":77}},{"start":{"line":338,"column":77},"end":{"line":338,"column":null}}]},"36":{"loc":{"start":{"line":345,"column":16},"end":{"line":345,"column":35}},"type":"binary-expr","locations":[{"start":{"line":345,"column":16},"end":{"line":345,"column":33}},{"start":{"line":345,"column":33},"end":{"line":345,"column":35}}]},"37":{"loc":{"start":{"line":354,"column":11},"end":{"line":354,"column":22}},"type":"binary-expr","locations":[{"start":{"line":354,"column":11},"end":{"line":354,"column":22}}]},"38":{"loc":{"start":{"line":394,"column":31},"end":{"line":394,"column":null}},"type":"binary-expr","locations":[{"start":{"line":394,"column":31},"end":{"line":394,"column":59}},{"start":{"line":394,"column":63},"end":{"line":394,"column":null}}]},"39":{"loc":{"start":{"line":407,"column":42},"end":{"line":407,"column":null}},"type":"binary-expr","locations":[{"start":{"line":407,"column":42},"end":{"line":407,"column":74}},{"start":{"line":407,"column":78},"end":{"line":407,"column":null}}]},"40":{"loc":{"start":{"line":424,"column":32},"end":{"line":428,"column":null}},"type":"if","locations":[{"start":{"line":424,"column":32},"end":{"line":428,"column":null}},{"start":{},"end":{}}]},"41":{"loc":{"start":{"line":424,"column":36},"end":{"line":424,"column":61}},"type":"binary-expr","locations":[{"start":{"line":424,"column":36},"end":{"line":424,"column":44}},{"start":{"line":424,"column":44},"end":{"line":424,"column":61}}]},"42":{"loc":{"start":{"line":431,"column":32},"end":{"line":437,"column":null}},"type":"if","locations":[{"start":{"line":431,"column":32},"end":{"line":437,"column":null}},{"start":{},"end":{}}]},"43":{"loc":{"start":{"line":443,"column":42},"end":{"line":443,"column":null}},"type":"binary-expr","locations":[{"start":{"line":443,"column":42},"end":{"line":443,"column":74}},{"start":{"line":443,"column":78},"end":{"line":443,"column":null}}]},"44":{"loc":{"start":{"line":457,"column":11},"end":{"line":457,"column":null}},"type":"binary-expr","locations":[{"start":{"line":457,"column":11},"end":{"line":457,"column":null}}]},"45":{"loc":{"start":{"line":462,"column":9},"end":{"line":462,"column":null}},"type":"binary-expr","locations":[{"start":{"line":462,"column":9},"end":{"line":462,"column":null}}]},"46":{"loc":{"start":{"line":474,"column":18},"end":{"line":482,"column":null}},"type":"if","locations":[{"start":{"line":474,"column":18},"end":{"line":482,"column":null}},{"start":{"line":476,"column":25},"end":{"line":482,"column":null}}]},"47":{"loc":{"start":{"line":476,"column":25},"end":{"line":482,"column":null}},"type":"if","locations":[{"start":{"line":476,"column":25},"end":{"line":482,"column":null}},{"start":{"line":478,"column":25},"end":{"line":482,"column":null}}]},"48":{"loc":{"start":{"line":478,"column":25},"end":{"line":482,"column":null}},"type":"if","locations":[{"start":{"line":478,"column":25},"end":{"line":482,"column":null}},{"start":{"line":480,"column":25},"end":{"line":482,"column":null}}]},"49":{"loc":{"start":{"line":484,"column":45},"end":{"line":484,"column":84}},"type":"cond-expr","locations":[{"start":{"line":484,"column":61},"end":{"line":484,"column":73}},{"start":{"line":484,"column":73},"end":{"line":484,"column":84}}]}},"s":{"0":0,"1":0,"2":0,"3":0,"4":0,"5":0,"6":0,"7":0,"8":0,"9":0,"10":0,"11":0,"12":0,"13":0,"14":0,"15":0,"16":0,"17":0,"18":0,"19":0,"20":0,"21":0,"22":0,"23":0,"24":0,"25":0,"26":0,"27":0,"28":0,"29":0,"30":0,"31":0,"32":0,"33":0,"34":0,"35":0,"36":0,"37":0,"38":0,"39":0,"40":0,"41":0,"42":0,"43":0,"44":0,"45":0,"46":0,"47":0,"48":0,"49":0,"50":0,"51":0,"52":0,"53":0,"54":0,"55":0,"56":0,"57":0,"58":0,"59":0,"60":0,"61":0,"62":0,"63":0,"64":0,"65":0,"66":0,"67":0,"68":0,"69":0,"70":0,"71":0,"72":0,"73":0,"74":0,"75":0,"76":0,"77":0,"78":0,"79":0,"80":0,"81":0,"82":0,"83":0,"84":0,"85":0,"86":0,"87":0,"88":0,"89":0,"90":0,"91":0,"92":0,"93":0,"94":0,"95":0,"96":0,"97":0,"98":0,"99":0,"100":0,"101":0,"102":0,"103":0,"104":0,"105":0,"106":0,"107":0,"108":0,"109":0,"110":0,"111":0,"112":0,"113":0,"114":0,"115":0,"116":0,"117":0,"118":0,"119":0,"120":0,"121":0,"122":0,"123":0,"124":0,"125":0,"126":0,"127":0,"128":0,"129":0,"130":0,"131":0,"132":0,"133":0,"134":0,"135":0,"136":0,"137":0,"138":0,"139":0,"140":0,"141":0,"142":0,"143":0,"144":0,"145":0,"146":0,"147":0,"148":0,"149":0,"150":0,"151":0,"152":0,"153":0,"154":0,"155":0,"156":0,"157":0,"158":0,"159":0,"160":0,"161":0,"162":0,"163":0,"164":0,"165":0,"166":0,"167":0,"168":0,"169":0,"170":0,"171":0,"172":0,"173":0,"174":0,"175":0,"176":0,"177":0,"178":0,"179":0,"180":0,"181":0,"182":0,"183":0,"184":0,"185":0,"186":0,"187":0,"188":0,"189":0,"190":0,"191":0,"192":0,"193":0,"194":0,"195":0,"196":0,"197":0,"198":0,"199":0,"200":0,"201":0,"202":0,"203":0,"204":0,"205":0,"206":0,"207":0,"208":0,"209":0,"210":0,"211":0,"212":0,"213":0,"214":0,"215":0,"216":0,"217":0,"218":0,"219":0,"220":0,"221":0,"222":0,"223":0,"224":0,"225":0,"226":0,"227":0,"228":0},"f":{"0":0,"1":0,"2":0,"3":0,"4":0,"5":0,"6":0,"7":0,"8":0,"9":0,"10":0,"11":0,"12":0,"13":0,"14":0,"15":0,"16":0,"17":0,"18":0,"19":0,"20":0,"21":0,"22":0,"23":0,"24":0,"25":0,"26":0,"27":0,"28":0,"29":0,"30":0,"31":0,"32":0,"33":0,"34":0,"35":0,"36":0,"37":0,"38":0,"39":0,"40":0,"41":0,"42":0,"43":0,"44":0,"45":0,"46":0,"47":0,"48":0,"49":0,"50":0,"51":0,"52":0,"53":0,"54":0,"55":0,"56":0,"57":0,"58":0,"59":0,"60":0,"61":0,"62":0,"63":0,"64":0,"65":0},"b":{"0":[0,0],"1":[0,0],"2":[0,0],"3":[0,0],"4":[0,0],"5":[0,0],"6":[0,0],"7":[0,0],"8":[0,0],"9":[0,0],"10":[0,0],"11":[0,0],"12":[0,0],"13":[0,0],"14":[0,0],"15":[0,0],"16":[0,0],"17":[0,0],"18":[0,0],"19":[0,0],"20":[0,0],"21":[0,0],"22":[0,0],"23":[0,0],"24":[0,0],"25":[0,0],"26":[0,0],"27":[0,0],"28":[0,0],"29":[0,0],"30":[0,0],"31":[0,0],"32":[0,0],"33":[0,0],"34":[0,0],"35":[0,0],"36":[0,0],"37":[0],"38":[0,0],"39":[0,0],"40":[0,0],"41":[0,0],"42":[0,0],"43":[0,0],"44":[0],"45":[0],"46":[0,0],"47":[0,0],"48":[0,0],"49":[0,0]}}
,"/Users/vs/Documents/AUTO/frontend/app/(admin)/[locale]/admin/workers/components/WorkersTab.tsx": {"path":"/Users/vs/Documents/AUTO/frontend/app/(admin)/[locale]/admin/workers/components/WorkersTab.tsx","statementMap":{"0":{"start":{"line":219,"column":24},"end":{"line":219,"column":null}},"1":{"start":{"line":3,"column":56},"end":{"line":3,"column":null}},"2":{"start":{"line":4,"column":32},"end":{"line":4,"column":null}},"3":{"start":{"line":5,"column":54},"end":{"line":5,"column":null}},"4":{"start":{"line":6,"column":25},"end":{"line":6,"column":null}},"5":{"start":{"line":12,"column":7},"end":{"line":12,"column":null}},"6":{"start":{"line":15,"column":7},"end":{"line":15,"column":null}},"7":{"start":{"line":16,"column":23},"end":{"line":16,"column":null}},"8":{"start":{"line":17,"column":22},"end":{"line":17,"column":null}},"9":{"start":{"line":18,"column":57},"end":{"line":18,"column":null}},"10":{"start":{"line":19,"column":56},"end":{"line":19,"column":null}},"11":{"start":{"line":20,"column":22},"end":{"line":20,"column":null}},"12":{"start":{"line":21,"column":16},"end":{"line":21,"column":null}},"13":{"start":{"line":22,"column":20},"end":{"line":22,"column":null}},"14":{"start":{"line":24,"column":35},"end":{"line":24,"column":66}},"15":{"start":{"line":26,"column":20},"end":{"line":26,"column":null}},"16":{"start":{"line":27,"column":16},"end":{"line":27,"column":null}},"17":{"start":{"line":28,"column":18},"end":{"line":28,"column":null}},"18":{"start":{"line":28,"column":35},"end":{"line":28,"column":null}},"19":{"start":{"line":29,"column":15},"end":{"line":29,"column":null}},"20":{"start":{"line":29,"column":32},"end":{"line":29,"column":null}},"21":{"start":{"line":30,"column":24},"end":{"line":30,"column":null}},"22":{"start":{"line":31,"column":27},"end":{"line":31,"column":null}},"23":{"start":{"line":71,"column":16},"end":{"line":71,"column":null}},"24":{"start":{"line":72,"column":10},"end":{"line":72,"column":null}},"25":{"start":{"line":73,"column":2},"end":{"line":74,"column":null}},"26":{"start":{"line":73,"column":21},"end":{"line":73,"column":null}},"27":{"start":{"line":74,"column":7},"end":{"line":74,"column":null}},"28":{"start":{"line":74,"column":24},"end":{"line":74,"column":null}},"29":{"start":{"line":75,"column":2},"end":{"line":75,"column":null}},"30":{"start":{"line":79,"column":20},"end":{"line":79,"column":36}},"31":{"start":{"line":80,"column":18},"end":{"line":80,"column":29}},"32":{"start":{"line":81,"column":19},"end":{"line":81,"column":49}},"33":{"start":{"line":82,"column":2},"end":{"line":84,"column":null}},"34":{"start":{"line":83,"column":4},"end":{"line":83,"column":null}},"35":{"start":{"line":86,"column":15},"end":{"line":86,"column":null}},"36":{"start":{"line":87,"column":15},"end":{"line":87,"column":null}},"37":{"start":{"line":88,"column":23},"end":{"line":88,"column":null}},"38":{"start":{"line":89,"column":24},"end":{"line":89,"column":null}},"39":{"start":{"line":90,"column":2},"end":{"line":92,"column":null}},"40":{"start":{"line":91,"column":4},"end":{"line":91,"column":null}},"41":{"start":{"line":94,"column":18},"end":{"line":94,"column":null}},"42":{"start":{"line":95,"column":18},"end":{"line":95,"column":null}},"43":{"start":{"line":96,"column":23},"end":{"line":96,"column":null}},"44":{"start":{"line":97,"column":23},"end":{"line":97,"column":null}},"45":{"start":{"line":98,"column":13},"end":{"line":98,"column":null}},"46":{"start":{"line":99,"column":13},"end":{"line":99,"column":null}},"47":{"start":{"line":100,"column":17},"end":{"line":100,"column":null}},"48":{"start":{"line":101,"column":22},"end":{"line":101,"column":null}},"49":{"start":{"line":103,"column":16},"end":{"line":103,"column":null}},"50":{"start":{"line":103,"column":56},"end":{"line":103,"column":78}},"51":{"start":{"line":104,"column":20},"end":{"line":104,"column":null}},"52":{"start":{"line":105,"column":28},"end":{"line":105,"column":null}},"53":{"start":{"line":106,"column":27},"end":{"line":106,"column":null}},"54":{"start":{"line":106,"column":78},"end":{"line":106,"column":100}},"55":{"start":{"line":107,"column":21},"end":{"line":107,"column":null}},"56":{"start":{"line":108,"column":21},"end":{"line":108,"column":null}},"57":{"start":{"line":109,"column":20},"end":{"line":109,"column":null}},"58":{"start":{"line":110,"column":19},"end":{"line":110,"column":null}},"59":{"start":{"line":111,"column":22},"end":{"line":111,"column":null}},"60":{"start":{"line":112,"column":31},"end":{"line":112,"column":null}},"61":{"start":{"line":113,"column":19},"end":{"line":113,"column":null}},"62":{"start":{"line":114,"column":21},"end":{"line":114,"column":null}},"63":{"start":{"line":115,"column":21},"end":{"line":115,"column":null}},"64":{"start":{"line":116,"column":24},"end":{"line":118,"column":null}},"65":{"start":{"line":120,"column":27},"end":{"line":125,"column":null}},"66":{"start":{"line":121,"column":15},"end":{"line":121,"column":null}},"67":{"start":{"line":122,"column":17},"end":{"line":122,"column":null}},"68":{"start":{"line":123,"column":18},"end":{"line":123,"column":null}},"69":{"start":{"line":124,"column":4},"end":{"line":124,"column":null}},"70":{"start":{"line":127,"column":25},"end":{"line":127,"column":null}},"71":{"start":{"line":128,"column":18},"end":{"line":128,"column":null}},"72":{"start":{"line":129,"column":13},"end":{"line":129,"column":null}},"73":{"start":{"line":130,"column":2},"end":{"line":148,"column":null}},"74":{"start":{"line":131,"column":18},"end":{"line":131,"column":null}},"75":{"start":{"line":132,"column":4},"end":{"line":147,"column":null}},"76":{"start":{"line":132,"column":17},"end":{"line":132,"column":20}},"77":{"start":{"line":133,"column":20},"end":{"line":133,"column":null}},"78":{"start":{"line":134,"column":20},"end":{"line":134,"column":null}},"79":{"start":{"line":135,"column":24},"end":{"line":135,"column":null}},"80":{"start":{"line":136,"column":6},"end":{"line":146,"column":null}},"81":{"start":{"line":137,"column":8},"end":{"line":137,"column":null}},"82":{"start":{"line":138,"column":8},"end":{"line":138,"column":null}},"83":{"start":{"line":139,"column":13},"end":{"line":146,"column":null}},"84":{"start":{"line":140,"column":32},"end":{"line":140,"column":null}},"85":{"start":{"line":141,"column":29},"end":{"line":141,"column":null}},"86":{"start":{"line":142,"column":8},"end":{"line":145,"column":null}},"87":{"start":{"line":143,"column":10},"end":{"line":143,"column":null}},"88":{"start":{"line":144,"column":10},"end":{"line":144,"column":null}},"89":{"start":{"line":150,"column":30},"end":{"line":150,"column":null}},"90":{"start":{"line":151,"column":22},"end":{"line":151,"column":null}},"91":{"start":{"line":152,"column":22},"end":{"line":152,"column":null}},"92":{"start":{"line":154,"column":2},"end":{"line":159,"column":null}},"93":{"start":{"line":163,"column":32},"end":{"line":163,"column":null}},"94":{"start":{"line":163,"column":47},"end":{"line":163,"column":null}},"95":{"start":{"line":164,"column":2},"end":{"line":169,"column":null}},"96":{"start":{"line":165,"column":15},"end":{"line":167,"column":null}},"97":{"start":{"line":166,"column":6},"end":{"line":166,"column":null}},"98":{"start":{"line":168,"column":4},"end":{"line":168,"column":null}},"99":{"start":{"line":168,"column":17},"end":{"line":168,"column":null}},"100":{"start":{"line":171,"column":14},"end":{"line":171,"column":null}},"101":{"start":{"line":171,"column":29},"end":{"line":171,"column":null}},"102":{"start":{"line":172,"column":12},"end":{"line":172,"column":null}},"103":{"start":{"line":173,"column":12},"end":{"line":173,"column":null}},"104":{"start":{"line":174,"column":12},"end":{"line":174,"column":null}},"105":{"start":{"line":175,"column":18},"end":{"line":175,"column":81}},"106":{"start":{"line":183,"column":14},"end":{"line":183,"column":null}},"107":{"start":{"line":183,"column":29},"end":{"line":183,"column":null}},"108":{"start":{"line":184,"column":12},"end":{"line":184,"column":null}},"109":{"start":{"line":185,"column":12},"end":{"line":185,"column":null}},"110":{"start":{"line":186,"column":12},"end":{"line":186,"column":null}},"111":{"start":{"line":187,"column":2},"end":{"line":187,"column":null}},"112":{"start":{"line":191,"column":38},"end":{"line":195,"column":null}},"113":{"start":{"line":196,"column":2},"end":{"line":196,"column":null}},"114":{"start":{"line":200,"column":18},"end":{"line":200,"column":null}},"115":{"start":{"line":201,"column":24},"end":{"line":201,"column":null}},"116":{"start":{"line":202,"column":18},"end":{"line":202,"column":null}},"117":{"start":{"line":203,"column":16},"end":{"line":209,"column":null}},"118":{"start":{"line":210,"column":15},"end":{"line":210,"column":90}},"119":{"start":{"line":220,"column":12},"end":{"line":220,"column":null}},"120":{"start":{"line":221,"column":22},"end":{"line":221,"column":null}},"121":{"start":{"line":222,"column":28},"end":{"line":222,"column":null}},"122":{"start":{"line":223,"column":17},"end":{"line":223,"column":null}},"123":{"start":{"line":224,"column":44},"end":{"line":234,"column":null}},"124":{"start":{"line":225,"column":4},"end":{"line":228,"column":null}},"125":{"start":{"line":226,"column":20},"end":{"line":226,"column":null}},"126":{"start":{"line":227,"column":6},"end":{"line":227,"column":null}},"127":{"start":{"line":227,"column":17},"end":{"line":227,"column":null}},"128":{"start":{"line":229,"column":16},"end":{"line":229,"column":null}},"129":{"start":{"line":230,"column":4},"end":{"line":233,"column":null}},"130":{"start":{"line":230,"column":49},"end":{"line":233,"column":null}},"131":{"start":{"line":235,"column":28},"end":{"line":235,"column":null}},"132":{"start":{"line":237,"column":2},"end":{"line":242,"column":null}},"133":{"start":{"line":238,"column":15},"end":{"line":240,"column":null}},"134":{"start":{"line":239,"column":6},"end":{"line":239,"column":null}},"135":{"start":{"line":241,"column":4},"end":{"line":241,"column":null}},"136":{"start":{"line":241,"column":17},"end":{"line":241,"column":null}},"137":{"start":{"line":244,"column":39},"end":{"line":251,"column":null}},"138":{"start":{"line":247,"column":23},"end":{"line":247,"column":null}},"139":{"start":{"line":248,"column":6},"end":{"line":248,"column":null}},"140":{"start":{"line":253,"column":12},"end":{"line":253,"column":null}},"141":{"start":{"line":254,"column":23},"end":{"line":254,"column":null}},"142":{"start":{"line":255,"column":22},"end":{"line":255,"column":null}},"143":{"start":{"line":256,"column":24},"end":{"line":256,"column":null}},"144":{"start":{"line":257,"column":22},"end":{"line":257,"column":null}},"145":{"start":{"line":258,"column":20},"end":{"line":258,"column":null}},"146":{"start":{"line":260,"column":2},"end":{"line":266,"column":null}},"147":{"start":{"line":261,"column":4},"end":{"line":261,"column":null}},"148":{"start":{"line":261,"column":23},"end":{"line":261,"column":null}},"149":{"start":{"line":262,"column":4},"end":{"line":265,"column":null}},"150":{"start":{"line":263,"column":19},"end":{"line":263,"column":null}},"151":{"start":{"line":264,"column":6},"end":{"line":264,"column":null}},"152":{"start":{"line":268,"column":2},"end":{"line":272,"column":null}},"153":{"start":{"line":269,"column":4},"end":{"line":271,"column":null}},"154":{"start":{"line":270,"column":6},"end":{"line":270,"column":null}},"155":{"start":{"line":274,"column":2},"end":{"line":283,"column":null}},"156":{"start":{"line":275,"column":5},"end":{"line":275,"column":null}},"157":{"start":{"line":275,"column":45},"end":{"line":275,"column":null}},"158":{"start":{"line":276,"column":5},"end":{"line":276,"column":null}},"159":{"start":{"line":277,"column":5},"end":{"line":277,"column":null}},"160":{"start":{"line":278,"column":4},"end":{"line":282,"column":null}},"161":{"start":{"line":279,"column":6},"end":{"line":279,"column":null}},"162":{"start":{"line":280,"column":6},"end":{"line":280,"column":null}},"163":{"start":{"line":281,"column":6},"end":{"line":281,"column":null}},"164":{"start":{"line":285,"column":25},"end":{"line":294,"column":null}},"165":{"start":{"line":287,"column":23},"end":{"line":287,"column":null}},"166":{"start":{"line":288,"column":6},"end":{"line":288,"column":null}},"167":{"start":{"line":291,"column":6},"end":{"line":291,"column":null}},"168":{"start":{"line":293,"column":19},"end":{"line":293,"column":null}},"169":{"start":{"line":296,"column":24},"end":{"line":296,"column":null}},"170":{"start":{"line":297,"column":18},"end":{"line":297,"column":null}},"171":{"start":{"line":298,"column":22},"end":{"line":298,"column":null}},"172":{"start":{"line":300,"column":22},"end":{"line":300,"column":null}},"173":{"start":{"line":300,"column":54},"end":{"line":300,"column":null}},"174":{"start":{"line":301,"column":18},"end":{"line":301,"column":null}},"175":{"start":{"line":301,"column":47},"end":{"line":301,"column":59}},"176":{"start":{"line":302,"column":27},"end":{"line":302,"column":29}},"177":{"start":{"line":303,"column":2},"end":{"line":326,"column":null}},"178":{"start":{"line":304,"column":4},"end":{"line":308,"column":null}},"179":{"start":{"line":310,"column":4},"end":{"line":325,"column":null}},"180":{"start":{"line":310,"column":17},"end":{"line":310,"column":20}},"181":{"start":{"line":311,"column":6},"end":{"line":324,"column":null}},"182":{"start":{"line":312,"column":8},"end":{"line":323,"column":null}},"183":{"start":{"line":328,"column":22},"end":{"line":371,"column":null}},"184":{"start":{"line":343,"column":36},"end":{"line":343,"column":null}},"185":{"start":{"line":355,"column":53},"end":{"line":355,"column":null}},"186":{"start":{"line":355,"column":110},"end":{"line":355,"column":117}},"187":{"start":{"line":373,"column":22},"end":{"line":373,"column":null}},"188":{"start":{"line":374,"column":20},"end":{"line":374,"column":null}},"189":{"start":{"line":375,"column":40},"end":{"line":379,"column":null}},"190":{"start":{"line":377,"column":30},"end":{"line":377,"column":null}},"191":{"start":{"line":380,"column":28},"end":{"line":435,"column":null}},"192":{"start":{"line":388,"column":21},"end":{"line":388,"column":42}},"193":{"start":{"line":389,"column":8},"end":{"line":389,"column":null}},"194":{"start":{"line":389,"column":19},"end":{"line":389,"column":null}},"195":{"start":{"line":390,"column":18},"end":{"line":390,"column":null}},"196":{"start":{"line":391,"column":24},"end":{"line":391,"column":152}},"197":{"start":{"line":392,"column":19},"end":{"line":392,"column":99}},"198":{"start":{"line":393,"column":8},"end":{"line":393,"column":null}},"199":{"start":{"line":394,"column":8},"end":{"line":402,"column":null}},"200":{"start":{"line":395,"column":10},"end":{"line":395,"column":null}},"201":{"start":{"line":396,"column":10},"end":{"line":401,"column":null}},"202":{"start":{"line":397,"column":32},"end":{"line":397,"column":null}},"203":{"start":{"line":398,"column":26},"end":{"line":398,"column":null}},"204":{"start":{"line":399,"column":26},"end":{"line":399,"column":58}},"205":{"start":{"line":400,"column":12},"end":{"line":400,"column":null}},"206":{"start":{"line":403,"column":8},"end":{"line":403,"column":null}},"207":{"start":{"line":413,"column":20},"end":{"line":413,"column":null}},"208":{"start":{"line":414,"column":10},"end":{"line":414,"column":null}},"209":{"start":{"line":437,"column":23},"end":{"line":437,"column":null}},"210":{"start":{"line":438,"column":18},"end":{"line":534,"column":null}},"211":{"start":{"line":458,"column":22},"end":{"line":458,"column":52}},"212":{"start":{"line":468,"column":22},"end":{"line":468,"column":null}},"213":{"start":{"line":473,"column":21},"end":{"line":473,"column":38}},"214":{"start":{"line":474,"column":24},"end":{"line":474,"column":null}},"215":{"start":{"line":475,"column":8},"end":{"line":493,"column":null}},"216":{"start":{"line":476,"column":21},"end":{"line":476,"column":41}},"217":{"start":{"line":477,"column":27},"end":{"line":477,"column":null}},"218":{"start":{"line":494,"column":20},"end":{"line":494,"column":null}},"219":{"start":{"line":524,"column":31},"end":{"line":524,"column":null}},"220":{"start":{"line":536,"column":16},"end":{"line":540,"column":null}},"221":{"start":{"line":542,"column":16},"end":{"line":542,"column":39}},"222":{"start":{"line":587,"column":18},"end":{"line":587,"column":34}},"223":{"start":{"line":589,"column":22},"end":{"line":589,"column":42}},"224":{"start":{"line":598,"column":18},"end":{"line":598,"column":35}},"225":{"start":{"line":600,"column":22},"end":{"line":600,"column":40}},"226":{"start":{"line":640,"column":20},"end":{"line":640,"column":38}},"227":{"start":{"line":656,"column":45},"end":{"line":656,"column":null}}},"fnMap":{"0":{"name":"(anonymous_5)","decl":{"start":{"line":24,"column":29},"end":{"line":24,"column":35}},"loc":{"start":{"line":24,"column":35},"end":{"line":24,"column":66}}},"1":{"name":"(anonymous_6)","decl":{"start":{"line":24,"column":35},"end":{"line":24,"column":42}},"loc":{"start":{"line":24,"column":35},"end":{"line":24,"column":66}}},"2":{"name":"(anonymous_8)","decl":{"start":{"line":28,"column":18},"end":{"line":28,"column":19}},"loc":{"start":{"line":28,"column":35},"end":{"line":28,"column":null}}},"3":{"name":"(anonymous_9)","decl":{"start":{"line":29,"column":15},"end":{"line":29,"column":16}},"loc":{"start":{"line":29,"column":32},"end":{"line":29,"column":null}}},"4":{"name":"normalizeAngle","decl":{"start":{"line":70,"column":9},"end":{"line":70,"column":24}},"loc":{"start":{"line":70,"column":37},"end":{"line":76,"column":null}}},"5":{"name":"shiftPieLabelAlongArcNearEdge","decl":{"start":{"line":78,"column":9},"end":{"line":78,"column":39}},"loc":{"start":{"line":78,"column":90},"end":{"line":160,"column":null}}},"6":{"name":"(anonymous_12)","decl":{"start":{"line":103,"column":44},"end":{"line":103,"column":45}},"loc":{"start":{"line":103,"column":56},"end":{"line":103,"column":78}}},"7":{"name":"(anonymous_13)","decl":{"start":{"line":106,"column":66},"end":{"line":106,"column":67}},"loc":{"start":{"line":106,"column":78},"end":{"line":106,"column":100}}},"8":{"name":"(anonymous_14)","decl":{"start":{"line":120,"column":27},"end":{"line":120,"column":28}},"loc":{"start":{"line":120,"column":28},"end":{"line":125,"column":null}}},"9":{"name":"RuntimeTimer","decl":{"start":{"line":162,"column":9},"end":{"line":162,"column":22}},"loc":{"start":{"line":162,"column":58},"end":{"line":180,"column":null}}},"10":{"name":"(anonymous_16)","decl":{"start":{"line":163,"column":41},"end":{"line":163,"column":47}},"loc":{"start":{"line":163,"column":47},"end":{"line":163,"column":null}}},"11":{"name":"(anonymous_17)","decl":{"start":{"line":164,"column":12},"end":{"line":164,"column":null}},"loc":{"start":{"line":164,"column":12},"end":{"line":169,"column":5}}},"12":{"name":"(anonymous_18)","decl":{"start":{"line":165,"column":27},"end":{"line":165,"column":null}},"loc":{"start":{"line":165,"column":27},"end":{"line":167,"column":7}}},"13":{"name":"(anonymous_19)","decl":{"start":{"line":168,"column":11},"end":{"line":168,"column":17}},"loc":{"start":{"line":168,"column":17},"end":{"line":168,"column":null}}},"14":{"name":"(anonymous_20)","decl":{"start":{"line":171,"column":14},"end":{"line":171,"column":15}},"loc":{"start":{"line":171,"column":29},"end":{"line":171,"column":null}}},"15":{"name":"formatRuntime","decl":{"start":{"line":182,"column":9},"end":{"line":182,"column":23}},"loc":{"start":{"line":182,"column":39},"end":{"line":188,"column":null}}},"16":{"name":"(anonymous_22)","decl":{"start":{"line":183,"column":14},"end":{"line":183,"column":15}},"loc":{"start":{"line":183,"column":29},"end":{"line":183,"column":null}}},"17":{"name":"statusLabel","decl":{"start":{"line":190,"column":9},"end":{"line":190,"column":21}},"loc":{"start":{"line":190,"column":61},"end":{"line":197,"column":null}}},"18":{"name":"statusBadge","decl":{"start":{"line":199,"column":9},"end":{"line":199,"column":21}},"loc":{"start":{"line":199,"column":98},"end":{"line":217,"column":null}}},"19":{"name":"WorkersTab","decl":{"start":{"line":219,"column":24},"end":{"line":219,"column":null}},"loc":{"start":{"line":219,"column":24},"end":{"line":674,"column":null}}},"20":{"name":"(anonymous_26)","decl":{"start":{"line":224,"column":88},"end":{"line":224,"column":null}},"loc":{"start":{"line":224,"column":88},"end":{"line":234,"column":null}}},"21":{"name":"(anonymous_27)","decl":{"start":{"line":230,"column":38},"end":{"line":230,"column":39}},"loc":{"start":{"line":230,"column":49},"end":{"line":233,"column":null}}},"22":{"name":"(anonymous_28)","decl":{"start":{"line":237,"column":12},"end":{"line":237,"column":null}},"loc":{"start":{"line":237,"column":12},"end":{"line":242,"column":5}}},"23":{"name":"(anonymous_29)","decl":{"start":{"line":238,"column":27},"end":{"line":238,"column":null}},"loc":{"start":{"line":238,"column":27},"end":{"line":240,"column":7}}},"24":{"name":"(anonymous_30)","decl":{"start":{"line":241,"column":11},"end":{"line":241,"column":17}},"loc":{"start":{"line":241,"column":17},"end":{"line":241,"column":null}}},"25":{"name":"(anonymous_31)","decl":{"start":{"line":246,"column":13},"end":{"line":246,"column":null}},"loc":{"start":{"line":246,"column":13},"end":{"line":249,"column":null}}},"26":{
[...]
"column":22},"end":{"line":10,"column":null}},"9":{"start":{"line":11,"column":26},"end":{"line":11,"column":null}},"10":{"start":{"line":12,"column":56},"end":{"line":12,"column":null}},"11":{"start":{"line":13,"column":50},"end":{"line":13,"column":null}},"12":{"start":{"line":14,"column":26},"end":{"line":14,"column":null}},"13":{"start":{"line":15,"column":29},"end":{"line":15,"column":null}},"14":{"start":{"line":16,"column":22},"end":{"line":16,"column":null}},"15":{"start":{"line":17,"column":121},"end":{"line":17,"column":null}},"16":{"start":{"line":19,"column":90},"end":{"line":23,"column":null}},"17":{"start":{"line":31,"column":17},"end":{"line":31,"column":null}},"18":{"start":{"line":32,"column":12},"end":{"line":32,"column":null}},"19":{"start":{"line":33,"column":19},"end":{"line":33,"column":null}},"20":{"start":{"line":34,"column":16},"end":{"line":34,"column":null}},"21":{"start":{"line":35,"column":36},"end":{"line":35,"column":null}},"22":{"start":{"line":36,"column":26},"end":{"line":36,"column":null}},"23":{"start":{"line":38,"column":26},"end":{"line":38,"column":null}},"24":{"start":{"line":39,"column":51},"end":{"line":39,"column":null}},"25":{"start":{"line":40,"column":53},"end":{"line":40,"column":null}},"26":{"start":{"line":41,"column":49},"end":{"line":41,"column":null}},"27":{"start":{"line":42,"column":28},"end":{"line":42,"column":null}},"28":{"start":{"line":43,"column":55},"end":{"line":43,"column":null}},"29":{"start":{"line":45,"column":22},"end":{"line":45,"column":null}},"30":{"start":{"line":46,"column":23},"end":{"line":46,"column":36}},"31":{"start":{"line":48,"column":30},"end":{"line":51,"column":null}},"32":{"start":{"line":49,"column":4},"end":{"line":49,"column":null}},"33":{"start":{"line":50,"column":4},"end":{"line":50,"column":null}},"34":{"start":{"line":53,"column":29},"end":{"line":57,"column":null}},"35":{"start":{"line":54,"column":4},"end":{"line":54,"column":null}},"36":{"start":{"line":54,"column":22},"end":{"line":54,"column":null}},"37":{"start":{"line":55,"column":4},"end":{"line":55,"column":null}},"38":{"start":{"line":56,"column":4},"end":{"line":56,"column":null}},"39":{"start":{"line":59,"column":22},"end":{"line":61,"column":null}},"40":{"start":{"line":60,"column":4},"end":{"line":60,"column":null}},"41":{"start":{"line":63,"column":21},"end":{"line":66,"column":null}},"42":{"start":{"line":64,"column":4},"end":{"line":64,"column":null}},"43":{"start":{"line":64,"column":15},"end":{"line":64,"column":null}},"44":{"start":{"line":65,"column":4},"end":{"line":65,"column":null}},"45":{"start":{"line":95,"column":36},"end":{"line":95,"column":null}},"46":{"start":{"line":96,"column":33},"end":{"line":96,"column":null}},"47":{"start":{"line":97,"column":33},"end":{"line":97,"column":null}},"48":{"start":{"line":98,"column":22},"end":{"line":98,"column":null}},"49":{"start":{"line":128,"column":16},"end":{"line":129,"column":null}},"50":{"start":{"line":133,"column":33},"end":{"line":133,"column":null}},"51":{"start":{"line":149,"column":40},"end":{"line":149,"column":null}},"52":{"start":{"line":156,"column":21},"end":{"line":156,"column":46}},"53":{"start":{"line":167,"column":41},"end":{"line":167,"column":71}},"54":{"start":{"line":168,"column":41},"end":{"line":168,"column":null}},"55":{"start":{"line":168,"column":78},"end":{"line":168,"column":103}},"56":{"start":{"line":175,"column":21},"end":{"line":175,"column":44}},"57":{"start":{"line":188,"column":42},"end":{"line":188,"column":72}},"58":{"start":{"line":189,"column":41},"end":{"line":189,"column":null}},"59":{"start":{"line":189,"column":79},"end":{"line":189,"column":104}},"60":{"start":{"line":196,"column":21},"end":{"line":196,"column":44}},"61":{"start":{"line":207,"column":46},"end":{"line":207,"column":74}},"62":{"start":{"line":209,"column":31},"end":{"line":209,"column":null}},"63":{"start":{"line":209,"column":52},"end":{"line":209,"column":null}},"64":{"start":{"line":210,"column":19},"end":{"line":219,"column":null}},"65":{"start":{"line":211,"column":21},"end":{"line":211,"column":null}},"66":{"start":{"line":212,"column":21},"end":{"line":212,"column":null}},"67":{"start":{"line":212,"column":39},"end":{"line":212,"column":null}},"68":{"start":{"line":213,"column":21},"end":{"line":213,"column":null}},"69":{"start":{"line":213,"column":37},"end":{"line":213,"column":null}},"70":{"start":{"line":214,"column":21},"end":{"line":218,"column":null}},"71":{"start":{"line":227,"column":21},"end":{"line":227,"column":44}},"72":{"start":{"line":249,"column":41},"end":{"line":249,"column":null}},"73":{"start":{"line":256,"column":21},"end":{"line":256,"column":48}},"74":{"start":{"line":266,"column":41},"end":{"line":266,"column":null}},"75":{"start":{"line":273,"column":21},"end":{"line":273,"column":48}}},"fnMap":{"0":{"name":"VehicleSelectorDialog","decl":{"start":{"line":30,"column":24},"end":{"line":30,"column":46}},"loc":{"start":{"line":30,"column":65},"end":{"line":306,"column":null}}},"1":{"name":"(anonymous_3)","decl":{"start":{"line":48,"column":30},"end":{"line":48,"column":null}},"loc":{"start":{"line":48,"column":30},"end":{"line":51,"column":null}}},"2":{"name":"(anonymous_4)","decl":{"start":{"line":53,"column":29},"end":{"line":53,"column":null}},"loc":{"start":{"line":53,"column":29},"end":{"line":57,"column":null}}},"3":{"name":"(anonymous_5)","decl":{"start":{"line":59,"column":22},"end":{"line":59,"column":null}},"loc":{"start":{"line":59,"column":22},"end":{"line":61,"column":null}}},"4":{"name":"(anonymous_6)","decl":{"start":{"line":63,"column":35},"end":{"line":63,"column":null}},"loc":{"start":{"line":63,"column":35},"end":{"line":66,"column":5}}},"5":{"name":"(anonymous_7)","decl":{"start":{"line":94,"column":37},"end":{"line":94,"column":null}},"loc":{"start":{"line":94,"column":37},"end":{"line":99,"column":null}}},"6":{"name":"(anonymous_8)","decl":{"start":{"line":127,"column":32},"end":{"line":127,"column":33}},"loc":{"start":{"line":128,"column":16},"end":{"line":129,"column":null}}},"7":{"name":"(anonymous_9)","decl":{"start":{"line":133,"column":27},"end":{"line":133,"column":33}},"loc":{"start":{"line":133,"column":33},"end":{"line":133,"column":null}}},"8":{"name":"(anonymous_10)","decl":{"start":{"line":149,"column":31},"end":{"line":149,"column":32}},"loc":{"start":{"line":149,"column":40},"end":{"line":149,"column":null}}},"9":{"name":"(anonymous_11)","decl":{"start":{"line":155,"column":31},"end":{"line":155,"column":32}},"loc":{"start":{"line":156,"column":21},"end":{"line":156,"column":46}}},"10":{"name":"(anonymous_12)","decl":{"start":{"line":167,"column":36},"end":{"line":167,"column":41}},"loc":{"start":{"line":167,"column":41},"end":{"line":167,"column":71}}},"11":{"name":"(anonymous_13)","decl":{"start":{"line":168,"column":32},"end":{"line":168,"column":33}},"loc":{"start":{"line":168,"column":41},"end":{"line":168,"column":null}}},"12":{"name":"(anonymous_14)","decl":{"start":{"line":168,"column":73},"end":{"line":168,"column":78}},"loc":{"start":{"line":168,"column":78},"end":{"line":168,"column":103}}},"13":{"name":"(anonymous_15)","decl":{"start":{"line":174,"column":31},"end":{"line":174,"column":32}},"loc":{"start":{"line":175,"column":21},"end":{"line":175,"column":44}}},"14":{"name":"(anonymous_16)","decl":{"start":{"line":188,"column":37},"end":{"line":188,"column":42}},"loc":{"start":{"line":188,"column":42},"end":{"line":188,"column":72}}},"15":{"name":"(anonymous_17)","decl":{"start":{"line":189,"column":32},"end":{"line":189,"column":33}},"loc":{"start":{"line":189,"column":41},"end":{"line":189,"column":null}}},"16":{"name":"(anonymous_18)","decl":{"start":{"line":189,"column":74},"end":{"line":189,"column":79}},"loc":{"start":{"line":189,"column":79},"end":{"line":189,"column":104}}},"17":{"name":"(anonymous_19)","decl":{"start":{"line":195,"column":32},"end":{"line":195,"column":33}},"loc":{"start":{"line":196,"column":21},"end":{"line":196,"column":44}}},"18":{"name":"(anonymous_20)","decl":{"start":{"line":207,"column":41},"end":{"line":207,"column":46}},"loc":{"start":{"line":207,"column":46},"end":{"line":207,"column":74}}},"19":{"name":"(anonymous_21)","decl":{"start":{"line":208,"column":32},"end":{"line":208,"column":33}},"loc":{"start":{"line":208,"column":33},"end":{"line":220,"column":null}}},"20":{"name":"(anonymous_22)","decl":{"start":{"line":209,"column":47},"end":{"line":209,"column":52}},"loc":{"start":{"line":209,"column":52},"end":{"line":209,"column":null}}},"21":{"name":"(anonymous_23)","decl":{"start":{"line":226,"column":35},"end":{"line":226,"column":36}},"loc":{"start":{"line":227,"column":21},"end":{"line":227,"column":44}}},"22":{"name":"(anonymous_24)","decl":{"start":{"line":249,"column":32},"end":{"line":249,"column":33}},"loc":{"start":{"line":249,"column":41},"end":{"line":249,"column":null}}},"23":{"name":"(anonymous_25)","decl":{"start":{"line":255,"column":33},"end":{"line":255,"column":34}},"loc":{"start":{"line":256,"column":21},"end":{"line":256,"column":48}}},"24":{"name":"(anonymous_26)","decl":{"start":{"line":266,"column":32},"end":{"line":266,"column":33}},"loc":{"start":{"line":266,"column":41},"end":{"line":266,"column":null}}},"25":{"name":"(anonymous_27)","decl":{"start":{"line":272,"column":33},"end":{"line":272,"column":34}},"loc":{"start":{"line":273,"column":21},"end":{"line":273,"column":48}}}},"branchMap":{"0":{"loc":{"start":{"line":54,"column":4},"end":{"line":54,"column":null}},"type":"if","locations":[{"start":{"line":54,"column":4},"end":{"line":54,"column":null}},{"start":{},"end":{}}]},"1":{"loc":{"start":{"line":64,"column":4},"end":{"line":64,"column":null}},"type":"if","locations":[{"start":{"line":64,"column":4},"end":{"line":64,"column":null}},{"start":{},"end":{}}]},"2":{"loc":{"start":{"line":85,"column":14},"end":{"line":117,"column":15}},"type":"cond-expr","locations":[{"start":{"line":85,"column":14},"end":{"line":117,"column":15}}]},"3":{"loc":{"start":{"line":88,"column":21},"end":{"line":88,"column":null}},"type":"cond-expr","locations":[{"start":{"line":88,"column":50},"end":{"line":88,"column":76}},{"start":{"line":88,"column":76},"end":{"line":88,"column":null}}]},"4":{"loc":{"start":{"line":88,"column":76},"end":{"line":88,"column":null}},"type":"cond-expr","locations":[{"start":{"line":88,"column":106},"end":{"line":88,"column":133}},{"start":{"line":88,"column":133},"end":{"line":88,"column":null}}]},"5":{"loc":{"start":{"line":91,"column":21},"end":{"line":91,"column":36}},"type":"binary-expr","locations":[{"start":{"line":91,"column":21},"end":{"line":91,"column":36}}]},"6":{"loc":{"start":{"line":92,"column":21},"end":{"line":92,"column":36}},"type":"binary-expr","locations":[{"start":{"line":92,"column":21},"end":{"line":92,"column":36}}]},"7":{"loc":{"start":{"line":93,"column":21},"end":{"line":93,"column":34}},"type":"binary-expr","locations":[{"start":{"line":93,"column":21},"end":{"line":93,"column":34}}]},"8":{"loc":{"start":{"line":94,"column":21},"end":{"line":99,"column":null}},"type":"binary-expr","locations":[{"start":{"line":94,"column":21},"end":{"line":94,"column":32}},{"start":{"line":94,"column":36},"end":{"line":99,"column":null}}]},"9":{"loc":{"start":{"line":96,"column":33},"end":{"line":96,"column":null}},"type":"cond-expr","locations":[{"start":{"line":96,"column":41},"end":{"line":96,"column":64}},{"start":{"line":96,"column":64},"end":{"line":96,"column":null}}]},"10":{"loc":{"start":{"line":97,"column":33},"end":{"line":97,"column":null}},"type":"cond-expr","locations":[{"start":{"line":97,"column":38},"end":{"line":97,"column":65}},{"start":{"line":97,"column":65},"end":{"line":97,"column":null}}]},"11":{"loc":{"start":{"line":98,"column":29},"end":{"line":98,"column":null}},"type":"cond-expr","locations":[{"start":{"line":98,"column":34},"end":{"line":98,"column":null}},{"start":{"line":98,"column":109},"end":{"line":98,"column":null}}]},"12":{"loc":{"start":{"line":100,"column":22},"end":{"line":100,"column":36}},"type":"binary-expr","locations":[{"start":{"line":100,"column":22},"end":{"line":100,"column":36}},{"start":{"line":100,"column":40},"end":{"line":100,"column":52}}]},"13":{"loc":{"start":{"line":101,"column":66},"end":{"line":101,"column":88}},"type":"binary-expr","locations":[{"start":{"line":101,"column":66},"end":{"line":101,"column":80}},{"start":{"line":101,"column":84},"end":{"line":101,"column":88}}]},"14":{"loc":{"start":{"line":101,"column":90},"end":{"line":101,"column":null}},"type":"binary-expr","locations":[{"start":{"line":101,"column":90},"end":{"line":101,"column":102}},{"start":{"line":101,"column":106},"end":{"line":101,"column":null}}]},"15":{"loc":{"start":{"line":130,"column":27},"end":{"line":130,"column":null}},"type":"cond-expr","locations":[{"start":{"line":130,"column":50},"end":{"line":130,"column":62}},{"start":{"line":130,"column":62},"end":{"line":130,"column":null}}]},"16":{"loc":{"start":{"line":148,"column":23},"end":{"line":148,"column":null}},"type":"binary-expr","locations":[{"start":{"line":148,"column":23},"end":{"line":148,"column":33}},{"start":{"line":148,"column":37},"end":{"line":148,"column":null}}]},"17":{"loc":{"start":{"line":166,"column":27},"end":{"line":166,"column":null}},"type":"binary-expr","locations":[{"start":{"line":166,"column":27},"end":{"line":166,"column":38}},{"start":{"line":166,"column":42},"end":{"line":166,"column":null}}]},"18":{"loc":{"start":{"line":167,"column":24},"end":{"line":167,"column":null}},"type":"cond-expr","locations":[{"start":{"line":167,"column":75},"end":{"line":167,"column":104}},{"start":{"line":167,"column":104},"end":{"line":167,"column":null}}]},"19":{"loc":{"start":{"line":167,"column":75},"end":{"line":167,"column":104}},"type":"binary-expr","locations":[{"start":{"line":167,"column":75},"end":{"line":167,"column":88}},{"start":{"line":167,"column":92},"end":{"line":167,"column":104}}]},"20":{"loc":{"start":{"line":168,"column":61},"end":{"line":168,"column":null}},"type":"binary-expr","locations":[{"start":{"line":168,"column":61},"end":{"line":168,"column":111}},{"start":{"line":168,"column":111},"end":{"line":168,"column":null}}]},"21":{"loc":{"start":{"line":187,"column":27},"end":{"line":187,"column":null}},"type":"binary-expr","locations":[{"start":{"line":187,"column":27},"end":{"line":187,"column":41}},{"start":{"line":187,"column":45},"end":{"line":187,"column":62}},{"start":{"line":187,"column":62},"end":{"line":187,"column":null}}]},"22":{"loc":{"start":{"line":188,"column":24},"end":{"line":188,"column":null}},"type":"cond-expr","locations":[{"start":{"line":188,"column":76},"end":{"line":188,"column":105}},{"start":{"line":188,"column":105},"end":{"line":188,"column":null}}]},"23":{"loc":{"start":{"line":188,"column":76},"end":{"line":188,"column":105}},"type":"binary-expr","locations":[{"start":{"line":188,"column":76},"end":{"line":188,"column":89}},{"start":{"line":188,"column":93},"end":{"line":188,"column":105}}]},"24":{"loc":{"start":{"line":189,"column":61},"end":{"line":189,"column":null}},"type":"binary-expr","locations":[{"start":{"line":189,"column":61},"end":{"line":189,"column":112}},{"start":{"line":189,"column":112},"end":{"line":189,"column":null}}]},"25":{"loc":{"start":{"line":206,"column":27},"end":{"line":206,"column":null}},"type":"binary-expr","locations":[{"start":{"line":206,"column":27},"end":{"line":206,"column":41}},{"start":{"line":206,"column":45},"end":{"line":206,"column":60}},{"start":{"line":206,"column":60},"end":{"line":206,"column":null}}]},"26":{"loc":{"start":{"line":207,"column":24},"end":{"line":207,"column":null}},"type":"cond-expr","locations":[{"start":{"line":207,"column":78},"end":{"line":207,"column":105}},{"start":{"line":207,"column":105},"end":{"line":207,"column":null}}]},"27":{"loc":{"start":{"line":207,"column":78},"end":{"line":207,"column":105}},"type":"binary-expr","locations":[{"start":{"line":207,"column":78},"end":{"line":207,"column":89}},{"start":{"line":207,"column":93},"end":{"line":207,"column":105}}]},"28":{"loc":{"start":{"line":210,"column":19},"end":{"line":219,"column":null}},"type":"if","locations":[{"start":{"line":210,"column":19},"end":{"line":219,"column":null}},{"start":{},"end":{}}]},"29":{"loc":{"start":{"line":211,"column":39},"end":{"line":211,"column":null}},"type":"binary-expr","locations":[{"start":{"line":211,"column":39},"end":{"line":211,"column":47}},{"start":{"line":211,"column":51},"end":{"line":211,"column":null}}]},"30":{"loc":{"start":{"line":212,"column":21},"end":{"line":212,"column":null}},"type":"if","locations":[{"start":{"line":212,"column":21},"end":{"line":212,"column":null}},{"start":{},"end":{}}]},"31":{"loc":{"start":{"line":213,"column":21},"end":{"line":213,"column":null}},"type":"if","locations":[{"start":{"line":213,"column":21},"end":{"line":213,"column":null}},{"start":{},"end":{}}]},"32":{"loc":{"start":{"line":229,"column":25},"end":{"line":229,"column":35}},"type":"binary-expr","locations":[{"start":{"line":229,"column":25},"end":{"line":229,"column":35}},{"start":{"line":229,"column":39},"end":{"line":229,"column":47}}]},"33":{"loc":{"start":{"line":242,"column":12},"end":{"line":242,"column":null}},"type":"binary-expr","locations":[{"start":{"line":242,"column":12},"end":{"line":242,"column":null}}]},"34":{"loc":{"start":{"line":247,"column":27},"end":{"line":247,"column":null}},"type":"binary-expr","locations":[{"start":{"line":247,"column":27},"end":{"line":247,"column":41}},{"start":{"line":247,"column":45},"end":{"line":247,"column":null}}]},"35":{"loc":{"start":{"line":248,"column":24},"end":{"line":248,"column":null}},"type":"binary-expr","locations":[{"start":{"line":248,"column":24},"end":{"line":248,"column":36}},{"start":{"line":248,"column":40},"end":{"line":248,"column":null}}]},"36":{"loc":{"start":{"line":264,"column":27},"end":{"line":264,"column":null}},"type":"binary-expr","locations":[{"start":{"line":264,"column":27},"end":{"line":264,"column":40}},{"start":{"line":264,"column":44},"end":{"line":264,"column":62}},{"start":{"line":264,"column":62},"end":{"line":264,"column":null}}]},"37":{"loc":{"start":{"line":265,"column":24},"end":{"line":265,"column":null}},"type":"binary-expr","locations":[{"start":{"line":265,"column":24},"end":{"line":265,"column":36}},{"start":{"line":265,"column":40},"end":{"line":265,"column":null}}]},"38":{"loc":{"start":{"line":282,"column":11},"end":{"line":282,"column":null}},"type":"binary-expr","locations":[{"start":{"line":282,"column":11},"end":{"line":282,"column":null}}]},"39":{"loc":{"start":{"line":290,"column":11},"end":{"line":290,"column":27}},"type":"binary-expr","locations":[{"start":{"line":290,"column":11},"end":{"line":290,"column":27}},{"start":{"line":290,"column":27},"end":{"line":290,"column":null}}]}},"s":{"0":0,"1":0,"2":0,"3":0,"4":0,"5":0,"6":0,"7":0,"8":0,"9":0,"10":0,"11":0,"12":0,"13":0,"14":0,"15":0,"16":0,"17":0,"18":0,"19":0,"20":0,"21":0,"22":0,"23":0,"24":0,"25":0,"26":0,"27":0,"28":0,"29":0,"30":0,"31":0,"32":0,"33":0,"34":0,"35":0,"36":0,"37":0,"38":0,"39":0,"40":0,"41":0,"42":0,"43":0,"44":0,"45":0,"46":0,"47":0,"48":0,"49":0,"50":0,"51":0,"52":0,"53":0,"54":0,"55":0,"56":0,"57":0,"58":0,"59":0,"60":0,"61":0,"62":0,"63":0,"64":0,"65":0,"66":0,"67":0,"68":0,"69":0,"70":0,"71":0,"72":0,"73":0,"74":0,"75":0},"f":{"0":0,"1":0,"2":0,"3":0,"4":0,"5":0,"6":0,"7":0,"8":0,"9":0,"10":0,"11":0,"12":0,"13":0,"14":0,"15":0,"16":0,"17":0,"18":0,"19":0,"20":0,"21":0,"22":0,"23":0,"24":0,"25":0},"b":{"0":[0,0],"1":[0,0],"2":[0],"3":[0,0],"4":[0,0],"5":[0],"6":[0],"7":[0],"8":[0,0],"9":[0,0],"10":[0,0],"11":[0,0],"12":[0,0],"13":[0,0],"14":[0,0],"15":[0,0],"16":[0,0],"17":[0,0],"18":[0,0],"19":[0,0],"20":[0,0],"21":[0,0,0],"22":[0,0],"23":[0,0],"24":[0,0],"25":[0,0,0],"26":[0,0],"27":[0,0],"28":[0,0],"29":[0,0],"30":[0,0],"31":[0,0],"32":[0,0],"33":[0],"34":[0,0],"35":[0,0],"36":[0,0,0],"37":[0,0],"38":[0],"39":[0,0]}}
}
