TN:
SF:app/not-found.tsx
FN:1,RootNotFound
FNF:1
FNH:0
FNDA:0,RootNotFound
DA:1,0
LF:1
LH:0
BRF:0
BRH:0
end_of_record
TN:
SF:app/(admin)/[locale]/admin/AdminClient.tsx
FN:13,(anonymous_5)
FN:13,(anonymous_6)
FN:15,AdminPage
FNF:3
FNH:0
FNDA:0,(anonymous_5)
FNDA:0,(anonymous_6)
FNDA:0,AdminPage
DA:3,0
DA:4,0
DA:5,0
DA:6,0
DA:7,0
DA:8,0
DA:9,0
DA:10,0
DA:11,0
DA:13,0
DA:15,0
DA:16,0
DA:17,0
DA:18,0
DA:19,0
DA:21,0
LF:16
LH:0
BRDA:19,0,0,0
BRDA:19,0,1,0
BRDA:21,1,0,0
BRDA:21,1,1,0
BRDA:21,2,0,0
BRDA:21,2,1,0
BRDA:21,3,0,0
BRDA:21,3,1,0
BRDA:34,4,0,0
BRDA:34,4,1,0
BRDA:35,5,0,0
BRDA:35,5,1,0
BRF:12
BRH:0
end_of_record
TN:
SF:app/(admin)/[locale]/admin/components/AdminLocaleContext.tsx
FN:12,(anonymous_6)
FN:15,AdminLocaleProvider
FN:24,(anonymous_8)
FNF:3
FNH:0
FNDA:0,(anonymous_6)
FNDA:0,AdminLocaleProvider
FNDA:0,(anonymous_8)
DA:3,0
DA:10,0
DA:15,0
DA:16,0
DA:24,0
LF:5
LH:0
BRF:0
BRH:0
end_of_record
TN:
SF:app/(admin)/[locale]/admin/components/DashboardTab.tsx
FN:16,(anonymous_5)
FN:16,(anonymous_6)
FN:18,(anonymous_8)
FN:20,DashboardTab
FN:26,(anonymous_10)
FN:36,(anonymous_11)
FN:56,(anonymous_12)
FN:62,(anonymous_13)
FN:75,(anonymous_14)
FN:83,(anonymous_15)
FN:87,(anonymous_16)
FN:90,(anonymous_17)
FN:93,(anonymous_18)
FN:107,(anonymous_19)
FN:112,(anonymous_20)
FN:120,(anonymous_21)
FN:171,(anonymous_22)
FNF:17
FNH:0
FNDA:0,(anonymous_5)
FNDA:0,(anonymous_6)
FNDA:0,(anonymous_8)
FNDA:0,DashboardTab
FNDA:0,(anonymous_10)
FNDA:0,(anonymous_11)
FNDA:0,(anonymous_12)
FNDA:0,(anonymous_13)
FNDA:0,(anonymous_14)
FNDA:0,(anonymous_15)
FNDA:0,(anonymous_16)
FNDA:0,(anonymous_17)
FNDA:0,(anonymous_18)
FNDA:0,(anonymous_19)
FNDA:0,(anonymous_20)
FNDA:0,(anonymous_21)
FNDA:0,(anonymous_22)
DA:3,0
DA:4,0
DA:5,0
DA:6,0
DA:7,0
DA:8,0
DA:9,0
DA:10,0
DA:11,0
DA:12,0
DA:13,0
DA:14,0
DA:16,0
DA:18,0
DA:20,0
DA:21,0
DA:22,0
DA:24,0
DA:27,0
DA:28,0
DA:34,0
DA:37,0
DA:38,0
DA:42,0
DA:44,0
DA:51,0
DA:56,0
DA:62,0
DA:67,0
DA:75,0
DA:82,0
DA:83,0
DA:87,0
DA:90,0
DA:93,0
DA:101,0
DA:107,0
DA:112,0
DA:121,0
DA:172,0
DA:173,0
DA:174,0
LF:42
LH:0
BRDA:30,0,0,0
BRDA:30,0,1,0
BRDA:30,1,0,0
BRDA:30,1,1,0
BRDA:40,2,0,0
BRDA:40,2,1,0
BRDA:40,3,0,0
BRDA:40,3,1,0
BRDA:45,4,0,0
BRDA:45,4,1,0
BRDA:46,5,0,0
BRDA:46,5,1,0
BRDA:47,6,0,0
BRDA:47,6,1,0
BRDA:48,7,0,0
BRDA:48,7,1,0
BRDA:56,8,0,0
BRDA:56,8,1,0
BRDA:62,9,0,0
BRDA:62,9,1,0
BRDA:75,10,0,0
BRDA:75,10,1,0
BRDA:87,11,0,0
BRDA:87,11,1,0
BRDA:93,12,0,0
BRDA:93,12,1,0
BRDA:107,13,0,0
BRDA:107,13,1,0
BRDA:112,14,0,0
BRDA:112,14,1,0
BRDA:168,15,0,0
BRDA:173,16,0,0
BRDA:173,16,1,0
BRF:33
BRH:0
end_of_record
TN:
SF:app/(admin)/[locale]/admin/pricing/PricingPageClient.tsx
FN:42,EChart
FN:45,(anonymous_6)
FN:49,(anonymous_7)
FN:52,(anonymous_8)
FN:62,PricingPageClient
FN:82,(anonymous_10)
FN:86,(anonymous_11)
FN:94,(anonymous_12)
FN:101,(anonymous_13)
FN:114,(anonymous_14)
FN:123,(anonymous_15)
FN:133,(anonymous_16)
FN:139,(anonymous_17)
FN:144,(anonymous_18)
FN:148,(anonymous_19)
FN:153,(anonymous_20)
FN:154,(anonymous_21)
FN:157,(anonymous_22)
FN:159,(anonymous_23)
FN:175,(anonymous_24)
FN:179,(anonymous_25)
FN:182,(anonymous_26)
FN:183,(anonymous_27)
FN:189,(anonymous_28)
FN:195,(anonymous_29)
FN:199,(anonymous_30)
FN:203,(anonymous_31)
FN:209,(anonymous_32)
FN:212,(anonymous_33)
FN:213,(anonymous_34)
FN:214,(anonymous_35)
FN:218,(anonymous_36)
FN:227,(anonymous_37)
FN:237,(anonymous_38)
FN:239,(anonymous_39)
FN:242,(anonymous_40)
FN:249,(anonymous_41)
FN:252,(anonymous_42)
FN:253,(anonymous_43)
FN:258,(anonymous_44)
FN:269,(anonymous_45)
FN:278,(anonymous_46)
FN:279,(anonymous_47)
FN:291,(anonymous_48)
FN:294,(anonymous_49)
FN:309,(anonymous_50)
FN:338,(anonymous_51)
FN:345,(anonymous_52)
FN:366,(anonymous_53)
FN:371,(anonymous_54)
FN:393,(anonymous_55)
FN:395,(anonymous_56)
FN:396,(anonymous_57)
FN:398,(anonymous_58)
FN:406,(anonymous_59)
FN:414,(anonymous_60)
FN:421,(anonymous_61)
FN:422,(anonymous_62)
FN:430,(anonymous_63)
FN:434,(anonymous_64)
FN:436,(anonymous_65)
FN:442,(anonymous_66)
FN:468,(anonymous_67)
FN:472,(anonymous_68)
FN:484,(anonymous_69)
FN:490,(anonymous_70)
FNF:66
FNH:0
FNDA:0,EChart
FNDA:0,(anonymous_6)
FNDA:0,(anonymous_7)
FNDA:0,(anonymous_8)
FNDA:0,PricingPageClient
FNDA:0,(anonymous_10)
FNDA:0,(anonymous_11)
FNDA:0,(anonymous_12)
FNDA:0,(anonymous_13)
FNDA:0,(anonymous_14)
FNDA:0,(anonymous_15)
FNDA:0,(anonymous_16)
FNDA:0,(anonymous_17)
FNDA:0,(anonymous_18)
FNDA:0,(anonymous_19)
FNDA:0,(anonymous_20)
FNDA:0,(anonymous_21)
FNDA:0,(anonymous_22)
FNDA:0,(anonymous_23)
FNDA:0,(anonymous_24)
FNDA:0,(anonymous_25)
FNDA:0,(anonymous_26)
FNDA:0,(anonymous_27)
FNDA:0,(anonymous_28)
FNDA:0,(anonymous_29)
FNDA:0,(anonymous_30)
FNDA:0,(anonymous_31)
FNDA:0,(anonymous_32)
FNDA:0,(anonymous_33)
FNDA:0,(anonymous_34)
FNDA:0,(anonymous_35)
FNDA:0,(anonymous_36)
FNDA:0,(anonymous_37)
FNDA:0,(anonymous_38)
FNDA:0,(anonymous_39)
FNDA:0,(anonymous_40)
FNDA:0,(anonymous_41)
FNDA:0,(anonymous_42)
FNDA:0,(anonymous_43)
FNDA:0,(anonymous_44)
FNDA:0,(anonymous_45)
FNDA:0,(anonymous_46)
FNDA:0,(anonymous_47)
FNDA:0,(anonymous_48)
FNDA:0,(anonymous_49)
FNDA:0,(anonymous_50)
FNDA:0,(anonymous_51)
FNDA:0,(anonymous_52)
FNDA:0,(anonymous_53)
FNDA:0,(anonymous_54)
FNDA:0,(anonymous_55)
FNDA:0,(anonymous_56)
FNDA:0,(anonymous_57)
FNDA:0,(anonymous_58)
FNDA:0,(anonymous_59)
FNDA:0,(anonymous_60)
FNDA:0,(anonymous_61)
FNDA:0,(anonymous_62)
FNDA:0,(anonymous_63)
FNDA:0,(anonymous_64)
FNDA:0,(anonymous_65)
FNDA:0,(anonymous_66)
FNDA:0,(anonymous_67)
FNDA:0,(anonymous_68)
FNDA:0,(anonymous_69)
FNDA:0,(anonymous_70)
DA:3,0
DA:4,0
DA:5,0
DA:8,0
DA:9,0
DA:10,0
DA:11,0
DA:12,0
DA:13,0
DA:15,0
DA:16,0
DA:17,0
DA:18,0
DA:43,0
DA:45,0
DA:46,0
DA:47,0
DA:48,0
DA:49,0
DA:52,0
DA:53,0
DA:54,0
DA:55,0
DA:56,0
DA:62,0
DA:63,0
DA:64,0
DA:65,0
DA:66,0
DA:67,0
DA:69,0
DA:70,0
DA:71,0
DA:72,0
DA:73,0
DA:74,0
DA:75,0
DA:76,0
DA:77,0
DA:78,0
DA:79,0
DA:80,0
DA:82,0
DA:84,0
DA:87,0
DA:88,0
DA:92,0
DA:95,0
DA:96,0
DA:97,0
DA:98,0
DA:101,0
DA:102,0
DA:103,0
DA:112,0
DA:115,0
DA:116,0
DA:121,0
DA:124,0
DA:127,0
DA:128,0
DA:133,0
DA:134,0
DA:135,0
DA:139,0
DA:140,0
DA:141,0
DA:144,0
DA:145,0
DA:146,0
DA:147,0
DA:148,0
DA:149,0
DA:150,0
DA:151,0
DA:153,0
DA:154,0
DA:157,0
DA:158,0
DA:159,0
DA:160,0
DA:161,0
DA:162,0
DA:163,0
DA:164,0
DA:165,0
DA:166,0
DA:168,0
DA:172,0
DA:175,0
DA:178,0
DA:180,0
DA:181,0
DA:182,0
DA:183,0
DA:187,0
DA:190,0
DA:191,0
DA:192,0
DA:193,0
DA:195,0
DA:198,0
DA:200,0
DA:201,0
DA:204,0
DA:205,0
DA:206,0
DA:207,0
DA:209,0
DA:212,0
DA:213,0
DA:214,0
DA:215,0
DA:216,0
DA:217,0
DA:218,0
DA:219,0
DA:220,0
DA:221,0
DA:222,0
DA:223,0
DA:227,0
DA:228,0
DA:229,0
DA:231,0
DA:232,0
DA:233,0
DA:235,0
DA:236,0
DA:237,0
DA:238,0
DA:239,0
DA:242,0
DA:243,0
DA:245,0
DA:249,0
DA:252,0
DA:253,0
DA:254,0
DA:258,0
DA:263,0
DA:270,0
DA:271,0
DA:272,0
DA:273,0
DA:274,0
DA:276,0
DA:277,0
DA:278,0
DA:279,0
DA:280,0
DA:281,0
DA:282,0
DA:285,0
DA:291,0
DA:295,0
DA:296,0
DA:309,0
DA:310,0
DA:311,0
DA:317,0
DA:318,0
DA:338,0
DA:346,0
DA:366,0
DA:371,0
DA:394,0
DA:395,0
DA:396,0
DA:397,0
DA:398,0
DA:400,0
DA:407,0
DA:408,0
DA:409,0
DA:415,0
DA:421,0
DA:423,0
DA:424,0
DA:425,0
DA:426,0
DA:427,0
DA:431,0
DA:432,0
DA:433,0
DA:434,0
DA:435,0
DA:436,0
DA:443,0
DA:444,0
DA:445,0
DA:468,0
DA:474,0
DA:475,0
DA:476,0
DA:477,0
DA:478,0
DA:479,0
DA:481,0
DA:483,0
DA:484,0
DA:490,0
LF:202
LH:0
BRDA:46,0,0,0
BRDA:46,0,1,0
BRDA:54,1,0,0
BRDA:54,1,1,0
BRDA:56,2,0,0
BRDA:56,2,1,0
BRDA:96,3,0,0
BRDA:96,3,1,0
BRDA:101,4,0,0
BRDA:101,4,1,0
BRDA:102,5,0,0
BRDA:102,5,1,0
BRDA:124,6,0,0
BRDA:124,6,1,0
BRDA:134,7,0,0
BRDA:134,7,1,0
BRDA:135,8,0,0
BRDA:135,8,1,0
BRDA:145,9,0,0
BRDA:145,9,1,0
BRDA:149,10,0,0
BRDA:149,10,1,0
BRDA:150,11,0,0
BRDA:150,11,1,0
BRDA:158,12,0,0
BRDA:158,12,1,0
BRDA:163,13,0,0
BRDA:163,13,1,0
BRDA:163,14,0,0
BRDA:163,14,1,0
BRDA:165,15,0,0
BRDA:165,15,1,0
BRDA:182,16,0,0
BRDA:182,16,1,0
BRDA:227,17,0,0
BRDA:227,17,1,0
BRDA:228,18,0,0
BRDA:228,18,1,0
BRDA:229,19,0,0
BRDA:229,19,1,0
BRDA:231,20,0,0
BRDA:231,20,1,0
BRDA:232,21,0,0
BRDA:232,21,1,0
BRDA:233,22,0,0
BRDA:233,22,1,0
BRDA:238,23,0,0
BRDA:238,23,1,0
BRDA:249,24,0,0
BRDA:249,24,1,0
BRDA:255,25,0,0
BRDA:255,25,1,0
BRDA:258,26,0,0
BRDA:258,26,1,0
BRDA:267,27,0,0
BRDA:267,27,1,0
BRDA:271,28,0,0
BRDA:271,28,1,0
BRDA:273,29,0,0
BRDA:273,29,1,0
BRDA:276,30,0,0
BRDA:276,30,1,0
BRDA:277,31,0,0
BRDA:277,31,1,0
BRDA:280,32,0,0
BRDA:280,32,1,0
BRDA:310,33,0,0
BRDA:310,33,1,0
BRDA:317,34,0,0
BRDA:317,34,1,0
BRDA:338,35,0,0
BRDA:338,35,1,0
BRDA:345,36,0,0
BRDA:345,36,1,0
BRDA:354,37,0,0
BRDA:394,38,0,0
BRDA:394,38,1,0
BRDA:407,39,0,0
BRDA:407,39,1,0
BRDA:424,40,0,0
BRDA:424,40,1,0
BRDA:424,41,0,0
BRDA:424,41,1,0
BRDA:431,42,0,0
BRDA:431,42,1,0
BRDA:443,43,0,0
BRDA:443,43,1,0
BRDA:457,44,0,0
BRDA:462,45,0,0
BRDA:474,46,0,0
BRDA:474,46,1,0
BRDA:476,47,0,0
BRDA:476,47,1,0
BRDA:478,48,0,0
BRDA:478,48,1,0
BRDA:484,49,0,0
BRDA:484,49,1,0
BRF:97
BRH:0
end_of_record
TN:
SF:app/(admin)/[locale]/admin/workers/components/WorkersTab.tsx
FN:24,(anonymous_5)
FN:24,(anonymous_6)
FN:28,(anonymous_8)
FN:29,(anonymous_9)
FN:70,normalizeAngle
FN:78,shiftPieLabelAlongArcNearEdge
FN:103,(anonymous_12)
FN:106,(anonymous_13)
FN:120,(anonymous_14)
FN:162,RuntimeTimer
FN:163,(anonymous_16)
FN:164,(anonymous_17)
FN:165,(anonymous_18)
FN:168,(anonymous_19)
FN:171,(anonymous_20)
FN:182,formatRuntime
FN:183,(anonymous_22)
FN:190,statusLabel
FN:199,statusBadge
FN:219,WorkersTab
FN:224,(anonymous_26)
FN:230,(anonymous_27)
FN:237,(anonymous_28)
FN:238,(anonymous_29)
FN:241,(anonymous_30)
FN:246,(anonymous_31)
FN:260,(anonymous_32)
FN:262,(anonymous_33)
FN:268,(anonymous_34)
FN:274,(anonymous_35)
FN:275,(anonymous_36)
FN:278,(anonymous_37)
FN:286,(anonymous_38)
FN:290,(anonymous_39)
FN:293,(anonymous_40)
FN:300,(anonymous_41)
FN:301,(anonymous_42)
FN:343,(anonymous_43)
FN:355,(anonymous_44)
FN:355,(anonymous_45)
FN:377,(anonymous_46)
FN:387,(anonymous_47)
FN:396,(anonymous_48)
FN:412,(anonymous_49)
FN:457,(anonymous_52)
FN:468,(anonymous_53)
FN:472,(anonymous_54)
FN:524,(anonymous_56)
FN:586,(anonymous_57)
FN:588,(anonymous_58)
FN:597,(anonymous_59)
FN:599,(anonymous_60)
FN:639,(anonymous_61)
FN:656,(anonymous_62)
FNF:54
FNH:0
FNDA:0,(anonymous_5)
FNDA:0,(anonymous_6)
FNDA:0,(anonymous_8)
FNDA:0,(anonymous_9)
FNDA:0,normalizeAngle
FNDA:0,shiftPieLabelAlongArcNearEdge
FNDA:0,(anonymous_12)
FNDA:0,(anonymous_13)
FNDA:0,(anonymous_14)
FNDA:0,RuntimeTimer
FNDA:0,(anonymous_16)
FNDA:0,(anonymous_17)
FNDA:0,(anonymous_18)
FNDA:0,(anonymous_19)
FNDA:0,(anonymous_20)
FNDA:0,formatRuntime
FNDA:0,(anonymous_22)
FNDA:0,statusLabel
FNDA:0,statusBadge
FNDA:0,WorkersTab
FNDA:0,(anonymous_26)
FNDA:0,(anonymous_27)
FNDA:0,(anonymous_28)
FNDA:0,(anonymous_29)
FNDA:0,(anonymous_30)
FNDA:0,(anonymous_31)
FNDA:0,(anonymous_32)
FNDA:0,(anonymous_33)
FNDA:0,(anonymous_34)
FNDA:0,(anonymous_35)
FNDA:0,(anonymous_36)
FNDA:0,(anonymous_37)
FNDA:0,(anonymous_38)
FNDA:0,(anonymous_39)
FNDA:0,(anonymous_40)
FNDA:0,(anonymous_41)
FNDA:0,(anonymous_42)
FNDA:0,(anonymous_43)
FNDA:0,(anonymous_44)
FNDA:0,(anonymous_45)
FNDA:0,(anonymous_46)
FNDA:0,(anonymous_47)
FNDA:0,(anonymous_48)
FNDA:0,(anonymous_49)
FNDA:0,(anonymous_52)
FNDA:0,(anonymous_53)
FNDA:0,(anonymous_54)
FNDA:0,(anonymous_56)
FNDA:0,(anonymous_57)
FNDA:0,(anonymous_58)
FNDA:0,(anonymous_59)
FNDA:0,(anonymous_60)
FNDA:0,(anonymous_61)
FNDA:0,(anonymous_62)
DA:3,0
DA:4,0
DA:5,0
DA:6,0
DA:12,0
DA:15,0
DA:16,0
DA:17,0
DA:18,0
DA:19,0
DA:20,0
DA:21,0
DA:22,0
DA:24,0
DA:26,0
DA:27,0
DA:28,0
DA:29,0
DA:30,0
DA:31,0
DA:71,0
DA:72,0
DA:73,0
DA:74,0
DA:75,0
DA:79,0
DA:80,0
DA:81,0
DA:82,0
DA:83,0
DA:86,0
DA:87,0
DA:88,0
DA:89,0
DA:90,0
DA:91,0
DA:94,0
DA:95,0
DA:96,0
DA:97,0
DA:98,0
DA:99,0
DA:100,0
DA:101,0
DA:103,0
DA:104,0
DA:105,0
DA:106,0
DA:107,0
DA:108,0
DA:109,0
DA:110,0
DA:111,0
DA:112,0
DA:113,0
DA:114,0
DA:115,0
DA:116,0
DA:120,0
DA:121,0
DA:122,0
DA:123,0
DA:124,0
DA:127,0
DA:128,0
DA:129,0
DA:130,0
DA:131,0
DA:132,0
DA:133,0
DA:134,0
DA:135,0
DA:136,0
DA:137,0
DA:138,0
DA:139,0
DA:140,0
DA:141,0
DA:142,0
DA:143,0
DA:144,0
DA:150,0
DA:151,0
DA:152,0
DA:154,0
DA:163,0
DA:164,0
DA:165,0
DA:166,0
DA:168,0
DA:171,0
DA:172,0
DA:173,0
DA:174,0
DA:175,0
DA:183,0
DA:184,0
DA:185,0
DA:186,0
DA:187,0
DA:191,0
DA:196,0
DA:200,0
DA:201,0
DA:202,0
DA:203,0
DA:210,0
DA:219,0
DA:220,0
DA:221,0
DA:222,0
DA:223,0
DA:224,0
DA:225,0
DA:226,0
DA:227,0
DA:229,0
DA:230,0
DA:235,0
DA:237,0
DA:238,0
DA:239,0
DA:241,0
DA:244,0
DA:247,0
DA:248,0
DA:253,0
DA:254,0
DA:255,0
DA:256,0
DA:257,0
DA:258,0
DA:260,0
DA:261,0
DA:262,0
DA:263,0
DA:264,0
DA:268,0
DA:269,0
DA:270,0
DA:274,0
DA:275,0
DA:276,0
DA:277,0
DA:278,0
DA:279,0
DA:280,0
DA:281,0
DA:285,0
DA:287,0
DA:288,0
DA:291,0
DA:293,0
DA:296,0
DA:297,0
DA:298,0
DA:300,0
DA:301,0
DA:302,0
DA:303,0
DA:304,0
DA:310,0
DA:311,0
DA:312,0
DA:328,0
DA:343,0
DA:355,0
DA:373,0
DA:374,0
DA:375,0
DA:377,0
DA:380,0
DA:388,0
DA:389,0
DA:390,0
DA:391,0
DA:392,0
DA:393,0
DA:394,0
DA:395,0
DA:396,0
DA:397,0
DA:398,0
DA:399,0
DA:400,0
DA:403,0
DA:413,0
DA:414,0
DA:437,0
DA:438,0
DA:458,0
DA:468,0
DA:473,0
DA:474,0
DA:475,0
DA:476,0
DA:477,0
DA:494,0
DA:524,0
DA:536,0
DA:542,0
DA:587,0
DA:589,0
DA:598,0
DA:600,0
DA:640,0
DA:656,0
LF:207
LH:0
BRDA:28,0,0,0
BRDA:28,0,1,0
BRDA:29,1,0,0
BRDA:29,1,1,0
BRDA:73,2,0,0
BRDA:73,2,1,0
BRDA:74,3,0,0
BRDA:74,3,1,0
BRDA:81,4,0,0
BRDA:81,4,1,0
BRDA:82,5,0,0
BRDA:82,5,1,0
BRDA:82,6,0,0
BRDA:82,6,1,0
BRDA:82,6,2,0
BRDA:90,7,0,0
BRDA:90,7,1,0
BRDA:90,8,0,0
BRDA:90,8,1,0
BRDA:104,9,0,0
BRDA:104,9,1,0
BRDA:105,10,0,0
BRDA:105,10,1,0
BRDA:116,11,0,0
BRDA:116,11,1,0
BRDA:130,12,0,0
BRDA:130,12,1,0
BRDA:130,13,0,0
BRDA:130,13,1,0
BRDA:136,14,0,0
BRDA:136,14,1,0
BRDA:139,15,0,0
BRDA:139,15,1,0
BRDA:142,16,0,0
BRDA:142,16,1,0
BRDA:175,17,0,0
BRDA:175,17,1,0
BRDA:187,18,0,0
BRDA:187,18,1,0
BRDA:196,19,0,0
BRDA:196,19,1,0
BRDA:200,20,0,0
BRDA:200,20,1,0
BRDA:203,21,0,0
BRDA:203,21,1,0
BRDA:203,22,0,0
BRDA:203,22,1,0
BRDA:205,23,0,0
BRDA:205,23,1,0
BRDA:207,24,0,0
BRDA:207,24,1,0
BRDA:210,25,0,0
BRDA:210,25,1,0
BRDA:210,26,0,0
BRDA:210,26,1,0
BRDA:210,27,0,0
BRDA:210,27,1,0
BRDA:214,28,0,0
BRDA:214,28,1,0
BRDA:214,29,0,0
BRDA:214,29,1,0
BRDA:227,30,0,0
BRDA:227,30,1,0
BRDA:255,31,0,0
BRDA:255,31,1,0
BRDA:256,32,0,0
BRDA:256,32,1,0
BRDA:257,33,0,0
BRDA:257,33,1,0
BRDA:261,34,0,0
BRDA:261,34,1,0
BRDA:264,35,0,0
BRDA:264,35,1,0
BRDA:296,36,0,0
BRDA:296,36,1,0
BRDA:297,37,0,0
BRDA:297,37,1,0
BRDA:298,38,0,0
BRDA:298,38,1,0
BRDA:300,39,0,0
BRDA:300,39,1,0
BRDA:303,40,0,0
BRDA:303,40,1,0
BRDA:311,41,0,0
BRDA:311,41,1,0
BRDA:321,42,0,0
BRDA:321,42,1,0
BRDA:343,43,0,0
BRDA:343,43,1,0
BRDA:366,44,0,0
BRDA:366,44,1,0
BRDA:384,45,0,0
BRDA:384,45,1,0
BRDA:385,46,0,0
BRDA:385,46,1,0
BRDA:386,47,0,0
BRDA:386,47,1,0
BRDA:389,48,0,0
BRDA:389,48,1,0
BRDA:394,49,0,0
BRDA:394,49,1,0
BRDA:395,50,0,0
BRDA:395,50,1,0
BRDA:398,51,0,0
BRDA:398,51,1,0
BRDA:460,52,0,0
BRDA:460,52,1,0
BRDA:461,53,0,0
BRDA:461,53,1,0
BRDA:475,54,0,0
BRDA:475,54,1,0
BRDA:475,55,0,0
BRDA:475,55,1,0
BRDA:480,56,0,0
BRDA:480,56,1,0
BRDA:482,57,0,0
BRDA:482,57,1,0
BRDA:486,58,0,0
BRDA:486,58,1,0
BRDA:497,59,0,0
BRDA:497,59,1,0
BRDA:499,60,0,0
BRDA:499,60,1,0
BRDA:503,61,0,0
BRDA:503,61,1,0
BRDA:537,62,0,0
BRDA:537,62,1,0
BRDA:542,63,0,0
BRDA:542,63,1,0
BRDA:560,64,0,0
BRDA:560,64,1,0
BRDA:561,65,0,0
BRDA:561,65,1,0
BRDA:562,66,0,0
BRDA:562,66,1,0
BRDA:606,67,0,0
BRDA:606,67,1,0
BRDA:620,68,0,0
BRDA:642,69,0,0
BRDA:642,69,1,0
BRF:140
BRH:0
end_of_record
TN:
SF:app/(store)/[locale]/error.tsx
FN:9,ErrorPage
FN:22,(anonymous_3)
FNF:2
FNH:0
FNDA:0,ErrorPage
FNDA:0,(anonymous_3)
DA:3,0
DA:4,0
DA:5,0
DA:6,0
DA:7,0
DA:9,0
DA:10,0
DA:22,0
LF:8
LH:0
BRF:0
BRH:0
end_of_record
TN:
SF:app/(store)/[locale]/not-found.tsx
FN:6,NotFound
FNF:1
FNH:0
FNDA:0,NotFound
DA:1,0
DA:2,0
DA:3,0
DA:4,0
DA:6,0
DA:7,0
LF:6
LH:0
BRF:0
BRH:0
end_of_record
TN:
SF:app/(store)/[locale]/about/AboutClient.tsx
FN:10,AboutClient
FN:17,(anonymous_3)
FNF:2
FNH:0
FNDA:0,AboutClient
FNDA:0,(anonymous_3)
DA:3,0
DA:4,0
DA:5,0
DA:6,0
DA:7,0
DA:8,0
DA:10,0
DA:11,0
DA:12,0
DA:13,0
DA:15,0
DA:18,0
DA:19,0
LF:13
LH:0
BRDA:13,0,0,0
BRDA:13,0,1,0
BRDA:19,1,0,0
BRDA:19,1,1,0
BRDA:25,2,0,0
BRDA:25,2,1,0
BRF:6
BRH:0
end_of_record
TN:
SF:app/(store)/[locale]/auth/forgot-password/ForgotPasswordClient.tsx
FN:11,ForgotPasswordPage
FN:17,(anonymous_6)
FN:49,(anonymous_7)
FNF:3
FNH:0
FNDA:0,ForgotPasswordPage
FNDA:0,(anonymous_6)
FNDA:0,(anonymous_7)
DA:3,0
DA:4,0
DA:5,0
DA:6,0
DA:7,0
DA:8,0
DA:9,0
DA:11,0
DA:12,0
DA:13,0
DA:14,0
DA:15,0
DA:17,0
DA:18,0
DA:19,0
DA:20,0
DA:23,0
DA:49,0
LF:18
LH:0
BRDA:23,0,0,0
BRDA:23,0,1,0
BRDA:53,1,0,0
BRDA:53,1,1,0
BRF:4
BRH:0
end_of_record
TN:
SF:app/(store)/[locale]/auth/login/uloginClient.tsx
FN:16,LoginPage
FN:23,(anonymous_6)
FN:47,(anonymous_7)
FN:69,(anonymous_8)
FNF:4
FNH:0
FNDA:0,LoginPage
FNDA:0,(anonymous_6)
FNDA:0,(anonymous_7)
FNDA:0,(anonymous_8)
DA:3,0
DA:4,0
DA:5,0
DA:6,0
DA:7,0
DA:8,0
DA:9,0
DA:10,0
DA:11,0
DA:12,0
DA:13,0
DA:14,0
DA:16,0
DA:17,0
DA:18,0
DA:19,0
DA:20,0
DA:22,0
DA:23,0
DA:47,0
DA:69,0
LF:21
LH:0
BRDA:39,0,0,0
BRDA:46,1,0,0
BRDA:46,1,1,0
BRDA:48,2,0,0
BRDA:51,3,0,0
BRDA:59,4,0,0
BRDA:59,4,1,0
BRF:7
BRH:0
end_of_record
TN:
SF:app/(store)/[locale]/auth/register/uregisterClient.tsx
FN:12,RegisterPage
FN:20,(anonymous_6)
FN:37,(anonymous_7)
FN:45,(anonymous_8)
FN:53,(anonymous_9)
FN:54,(anonymous_10)
FNF:6
FNH:0
FNDA:0,RegisterPage
FNDA:0,(anonymous_6)
FNDA:0,(anonymous_7)
FNDA:0,(anonymous_8)
FNDA:0,(anonymous_9)
FNDA:0,(anonymous_10)
DA:3,0
DA:4,0
DA:5,0
DA:6,0
DA:7,0
DA:8,0
DA:9,0
DA:10,0
DA:12,0
DA:13,0
DA:14,0
DA:15,0
DA:16,0
DA:17,0
DA:18,0
DA:20,0
DA:21,0
DA:22,0
DA:37,0
DA:45,0
DA:53,0
DA:54,0
LF:22
LH:0
BRDA:53,0,0,0
BRDA:53,0,1,0
BRDA:55,1,0,0
BRDA:62,2,0,0
BRDA:62,2,1,0
BRF:5
BRH:0
end_of_record
TN:
SF:app/(store)/[locale]/auth/reset-password/OrderConfirmedClient.tsx
FN:4,generateMetadata
FN:9,Page
FNF:2
FNH:0
FNDA:0,generateMetadata
FNDA:0,Page
DA:1,0
DA:2,0
DA:4,0
DA:5,0
DA:6,0
DA:9,0
LF:6
LH:0
BRF:0
BRH:0
end_of_record
TN:
SF:app/(store)/[locale]/auth/reset-password/ResetPasswordClient.tsx
FN:12,ResetPasswordPage
FN:21,(anonymous_5)
FN:38,(anonymous_6)
FN:39,(anonymous_7)
FN:48,(anonymous_8)
FNF:5
FNH:0
FNDA:0,ResetPasswordPage
FNDA:0,(anonymous_5)
FNDA:0,(anonymous_6)
FNDA:0,(anonymous_7)
FNDA:0,(anonymous_8)
DA:3,0
DA:4,0
DA:5,0
DA:6,0
DA:7,0
DA:8,0
DA:9,0
DA:10,0
DA:12,0
DA:13,0
DA:14,0
DA:15,0
DA:16,0
DA:17,0
DA:18,0
DA:19,0
DA:21,0
DA:22,0
DA:23,0
DA:24,0
DA:38,0
DA:39,0
DA:48,0
LF:23
LH:0
BRDA:14,0,0,0
BRDA:14,0,1,0
BRDA:23,1,0,0
BRDA:23,1,1,0
BRDA:38,2,0,0
BRDA:38,2,1,0
BRDA:40,3,0,0
BRDA:48,4,0,0
BRDA:48,4,1,0
BRDA:51,5,0,0
BRDA:51,5,1,0
BRDA:52,6,0,0
BRDA:52,6,1,0
BRF:13
BRH:0
end_of_record
TN:
SF:app/(store)/[locale]/cart/CartClient.tsx
FN:17,(anonymous_5)
FN:19,CartSkeleton
FN:31,(anonymous_7)
FN:68,CartPage
FN:73,(anonymous_9)
FN:79,(anonymous_10)
FN:81,(anonymous_11)
FN:87,(anonymous_12)
FN:95,(anonymous_13)
FN:100,(anonymous_14)
FN:101,(anonymous_15)
FN:148,(anonymous_16)
FN:155,(anonymous_17)
FN:158,(anonymous_18)
FN:168,(anonymous_19)
FN:173,(anonymous_20)
FNF:16
FNH:0
FNDA:0,(anonymous_5)
FNDA:0,CartSkeleton
FNDA:0,(anonymous_7)
FNDA:0,CartPage
FNDA:0,(anonymous_9)
FNDA:0,(anonymous_10)
FNDA:0,(anonymous_11)
FNDA:0,(anonymous_12)
FNDA:0,(anonymous_13)
FNDA:0,(anonymous_14)
FNDA:0,(anonymous_15)
FNDA:0,(anonymous_16)
FNDA:0,(anonymous_17)
FNDA:0,(anonymous_18)
FNDA:0,(anonymous_19)
FNDA:0,(anonymous_20)
DA:3,0
DA:4,0
DA:5,0
DA:6,0
DA:7,0
DA:8,0
DA:9,0
DA:10,0
DA:11,0
DA:12,0
DA:13,0
DA:14,0
DA:15,0
DA:17,0
DA:32,0
DA:68,0
DA:69,0
DA:70,0
DA:71,0
DA:73,0
DA:74,0
DA:78,0
DA:79,0
DA:80,0
DA:81,0
DA:82,0
DA:83,0
DA:84,0
DA:86,0
DA:88,0
DA:89,0
DA:90,0
DA:91,0
DA:93,0
DA:96,0
DA:97,0
DA:98,0
DA:99,0
DA:101,0
DA:102,0
DA:109,0
DA:110,0
DA:113,0
DA:117,0
DA:148,0
DA:156,0
DA:158,0
DA:159,0
DA:160,0
DA:161,0
DA:163,0
DA:164,0
DA:168,0
DA:169,0
DA:170,0
DA:173,0
DA:174,0
DA:175,0
DA:178,0
LF:59
LH:0
BRDA:80,0,0,0
BRDA:80,0,1,0
BRDA:80,1,0,0
BRDA:80,1,1,0
BRDA:81,2,0,0
BRDA:81,2,1,0
BRDA:81,2,2,0
BRDA:82,3,0,0
BRDA:82,3,1,0
BRDA:90,4,0,0
BRDA:90,4,1,0
BRDA:91,5,0,0
BRDA:91,5,1,0
BRDA:91,6,0,0
BRDA:91,6,1,0
BRDA:98,7,0,0
BRDA:98,7,1,0
BRDA:102,8,0,0
BRDA:102,8,1,0
BRDA:102,9,0,0
BRDA:102,9,1,0
BRDA:102,10,0,0
BRDA:102,10,1,0
BRDA:109,11,0,0
BRDA:109,11,1,0
BRDA:113,12,0,0
BRDA:113,12,1,0
BRDA:114,13,0,0
BRDA:114,13,1,0
BRDA:117,14,0,0
BRDA:117,14,1,0
BRDA:156,15,0,0
BRDA:156,15,1,0
BRDA:159,16,0,0
BRDA:159,16,1,0
BRDA:182,17,0,0
BRDA:193,18,0,0
BRDA:201,19,0,0
BRDA:239,20,0,0
BRF:39
BRH:0
end_of_record
TN:
SF:app/(store)/[locale]/catalog/CatalogClient.tsx
FN:16,CatalogPage
FN:20,(anonymous_6)
FN:21,(anonymous_7)
FN:22,(anonymous_8)
FN:38,(anonymous_9)
FN:43,(anonymous_10)
FN:50,(anonymous_11)
FN:52,(anonymous_12)
FN:64,(anonymous_13)
FN:80,(anonymous_14)
FN:85,(anonymous_15)
FN:86,(anonymous_16)
FN:109,(anonymous_17)
FNF:13
FNH:0
FNDA:0,CatalogPage
FNDA:0,(anonymous_6)
FNDA:0,(anonymous_7)
FNDA:0,(anonymous_8)
FNDA:0,(anonymous_9)
FNDA:0,(anonymous_10)
FNDA:0,(anonymous_11)
FNDA:0,(anonymous_12)
FNDA:0,(anonymous_13)
FNDA:0,(anonymous_14)
FNDA:0,(anonymous_15)
FNDA:0,(anonymous_16)
FNDA:0,(anonymous_17)
DA:3,0
DA:4,0
DA:5,0
DA:6,0
DA:7,0
DA:8,0
DA:9,0
DA:10,0
DA:11,0
DA:12,0
DA:13,0
DA:14,0
DA:16,0
DA:17,0
DA:18,0
DA:19,0
DA:20,0
DA:21,0
DA:22,0
DA:24,0
DA:25,0
DA:27,0
DA:28,0
DA:30,0
DA:35,0
DA:36,0
DA:38,0
DA:39,0
DA:40,0
DA:43,0
DA:44,0
DA:45,0
DA:46,0
DA:47,0
DA:50,0
DA:51,0
DA:52,0
DA:53,0
DA:54,0
DA:55,0
DA:56,0
DA:57,0
DA:58,0
DA:61,0
DA:64,0
DA:65,0
DA:76,0
DA:80,0
DA:81,0
DA:82,0
DA:83,0
DA:84,0
DA:85,0
DA:86,0
DA:87,0
DA:94,0
DA:109,0
LF:57
LH:0
BRDA:24,0,0,0
BRDA:24,0,1,0
BRDA:31,1,0,0
BRDA:31,1,1,0
BRDA:32,2,0,0
BRDA:32,2,1,0
BRDA:32,3,0,0
BRDA:32,3,1,0
BRDA:32,4,0,0
BRDA:32,4,1,0
BRDA:32,5,0,0
BRDA:32,5,1,0
BRDA:35,6,0,0
BRDA:35,6,1,0
BRDA:36,7,0,0
BRDA:36,7,1,0
BRDA:55,8,0,0
BRDA:55,8,1,0
BRDA:55,9,0,0
BRDA:55,9,1,0
BRDA:57,10,0,0
BRDA:57,10,1,0
BRDA:61,11,0,0
BRDA:61,11,1,0
BRDA:82,12,0,0
BRDA:82,12,1,0
BRDA:84,13,0,0
BRDA:84,13,1,0
BRDA:94,14,0,0
BRDA:94,14,1,0
BRF:30
BRH:0
end_of_record
TN:
SF:app/(store)/[locale]/catalog/[article]/ProductClient.tsx
FN:21,(anonymous_2)
FN:23,ProductClient
FN:27,(anonymous_4)
FN:28,(anonymous_5)
FN:29,(anonymous_6)
FN:35,(anonymous_7)
FN:53,(anonymous_8)
FN:74,(anonymous_9)
FN:99,(anonymous_10)
FN:102,(anonymous_11)
FN:118,(anonymous_12)
FN:125,(anonymous_13)
FN:146,(anonymous_14)
FN:171,(anonymous_15)
FN:263,(anonymous_16)
FN:289,(anonymous_17)
FNF:16
FNH:0
FNDA:0,(anonymous_2)
FNDA:0,ProductClient
FNDA:0,(anonymous_4)
FNDA:0,(anonymous_5)
FNDA:0,(anonymous_6)
FNDA:0,(anonymous_7)
FNDA:0,(anonymous_8)
FNDA:0,(anonymous_9)
FNDA:0,(anonymous_10)
FNDA:0,(anonymous_11)
FNDA:0,(anonymous_12)
FNDA:0,(anonymous_13)
FNDA:0,(anonymous_14)
FNDA:0,(anonymous_15)
FNDA:0,(anonymous_16)
FNDA:0,(anonymous_17)
DA:3,0
DA:4,0
DA:5,0
DA:6,0
DA:7,0
DA:8,0
DA:9,0
DA:10,0
DA:11,0
DA:12,0
DA:13,0
DA:14,0
DA:15,0
DA:16,0
DA:17,0
DA:18,0
DA:19,0
DA:21,0
DA:23,0
DA:24,0
DA:25,0
DA:26,0
DA:27,0
DA:28,0
DA:29,0
DA:31,0
DA:33,0
DA:35,0
DA:36,0
DA:37,0
DA:38,0
DA:50,0
DA:53,0
DA:54,0
DA:55,0
DA:56,0
DA:57,0
DA:58,0
DA:59,0
DA:60,0
DA:63,0
DA:66,0
DA:75,0
DA:100,0
DA:103,0
DA:115,0
DA:118,0
DA:125,0
DA:131,0
DA:132,0
DA:133,0
DA:134,0
DA:135,0
DA:136,0
DA:137,0
DA:138,0
DA:139,0
DA:141,0
DA:142,0
DA:146,0
DA:172,0
DA:264,0
DA:290,0
LF:63
LH:0
BRDA:36,0,0,0
BRDA:36,0,1,0
BRDA:37,1,0,0
BRDA:37,1,1,0
BRDA:37,2,0,0
BRDA:37,2,1,0
BRDA:40,3,0,0
BRDA:40,3,1,0
BRDA:42,4,0,0
BRDA:42,4,1,0
BRDA:42,4,2,0
BRDA:44,5,0,0
BRDA:44,5,1,0
BRDA:45,6,0,0
BRDA:45,6,1,0
BRDA:47,7,0,0
BRDA:47,7,1,0
BRDA:57,8,0,0
BRDA:57,8,1,0
BRDA:57,9,0,0
BRDA:57,9,1,0
BRDA:59,10,0,0
BRDA:59,10,1,0
BRDA:63,11,0,0
BRDA:63,11,1,0
BRDA:66,12,0,0
BRDA:66,12,1,0
BRDA:115,13,0,0
BRDA:115,13,1,0
BRDA:115,14,0,0
BRDA:115,14,1,0
BRDA:132,15,0,0
BRDA:132,15,1,0
BRDA:132,15,2,0
BRDA:135,16,0,0
BRDA:135,16,1,0
BRDA:136,17,0,0
BRDA:136,17,1,0
BRDA:137,18,0,0
BRDA:137,18,1,0
BRDA:138,19,0,0
BRDA:138,19,1,0
BRDA:139,20,0,0
BRDA:139,20,1,0
BRDA:141,21,0,0
BRDA:141,21,1,0
BRDA:141,22,0,0
BRDA:141,22,1,0
BRDA:142,23,0,0
BRDA:142,23,1,0
BRDA:154,24,0,0
BRDA:169,25,0,0
BRDA:189,26,0,0
BRDA:194,27,0,0
BRDA:207,28,0,0
BRDA:211,29,0,0
BRDA:211,29,1,0
BRDA:212,30,0,0
BRDA:212,30,1,0
BRDA:228,31,0,0
BRDA:228,31,1,0
BRDA:231,32,0,0
BRDA:231,32,1,0
BRDA:255,33,0,0
BRDA:267,34,0,0
BRDA:267,34,1,0
BRDA:281,35,0,0
BRDA:293,36,0,0
BRDA:293,36,1,0
BRF:69
BRH:0
end_of_record
TN:
SF:app/(store)/[locale]/catalog/search/SearchClient.tsx
FN:15,(anonymous_5)
FN:17,SearchPage
FN:26,(anonymous_7)
FN:34,(anonymous_8)
FN:48,(anonymous_9)
FN:70,(anonymous_10)
FNF:6
FNH:0
FNDA:0,(anonymous_5)
FNDA:0,SearchPage
FNDA:0,(anonymous_7)
FNDA:0,(anonymous_8)
FNDA:0,(anonymous_9)
FNDA:0,(anonymous_10)
DA:3,0
DA:4,0
DA:5,0
DA:6,0
DA:7,0
DA:8,0
DA:9,0
DA:10,0
DA:11,0
DA:12,0
DA:13,0
DA:15,0
DA:17,0
DA:18,0
DA:19,0
DA:20,0
DA:21,0
DA:22,0
DA:24,0
DA:27,0
DA:28,0
DA:29,0
DA:34,0
DA:35,0
DA:36,0
DA:37,0
DA:48,0
DA:71,0
LF:28
LH:0
BRDA:21,0,0,0
BRDA:21,0,1,0
BRDA:27,1,0,0
BRDA:27,1,1,0
BRDA:36,2,0,0
BRDA:36,2,1,0
BRDA:54,3,0,0
BRDA:61,4,0,0
BRDA:63,5,0,0
BRDA:62,6,0,0
BRDA:62,6,1,0
BRDA:75,7,0,0
BRDA:82,8,0,0
BRF:13
BRH:0
end_of_record
TN:
SF:app/(store)/[locale]/checkout/CheckoutClient.tsx
FN:26,(anonymous_5)
FN:30,CheckoutSkeleton
FN:53,CheckoutPage
FN:81,(anonymous_8)
FN:94,(anonymous_9)
FN:95,(anonymous_10)
FN:113,(anonymous_11)
FN:117,(anonymous_12)
FN:122,(anonymous_13)
FN:126,(anonymous_14)
FNF:10
FNH:0
FNDA:0,(anonymous_5)
FNDA:0,CheckoutSkeleton
FNDA:0,CheckoutPage
FNDA:0,(anonymous_8)
FNDA:0,(anonymous_9)
FNDA:0,(anonymous_10)
FNDA:0,(anonymous_11)
FNDA:0,(anonymous_12)
FNDA:0,(anonymous_13)
FNDA:0,(anonymous_14)
DA:3,0
DA:4,0
DA:5,0
DA:6,0
DA:7,0
DA:8,0
DA:9,0
DA:10,0
DA:11,0
DA:12,0
DA:14,0
DA:15,0
DA:16,0
DA:17,0
DA:18,0
DA:19,0
DA:20,0
DA:21,0
DA:22,0
DA:23,0
DA:24,0
DA:26,0
DA:28,0
DA:53,0
DA:54,0
DA:55,0
DA:56,0
DA:57,0
DA:58,0
DA:59,0
DA:67,0
DA:81,0
DA:82,0
DA:83,0
DA:84,0
DA:85,0
DA:86,0
DA:87,0
DA:88,0
DA:89,0
DA:93,0
DA:95,0
DA:100,0
DA:111,0
DA:114,0
DA:115,0
DA:118,0
DA:122,0
DA:123,0
DA:126,0
DA:127,0
DA:130,0
DA:145,0
DA:161,0
DA:162,0
LF:55
LH:0
BRDA:82,0,0,0
BRDA:82,0,1,0
BRDA:83,1,0,0
BRDA:83,1,1,0
BRDA:84,2,0,0
BRDA:84,2,1,0
BRDA:85,3,0,0
BRDA:85,3,1,0
BRDA:86,4,0,0
BRDA:86,4,1,0
BRDA:87,5,0,0
BRDA:87,5,1,0
BRDA:88,6,0,0
BRDA:88,6,1,0
BRDA:89,7,0,0
BRDA:89,7,1,0
BRDA:98,8,0,0
BRDA:98,8,1,0
BRDA:103,9,0,0
BRDA:103,9,1,0
BRDA:106,10,0,0
BRDA:106,10,1,0
BRDA:107,11,0,0
BRDA:107,11,1,0
BRDA:130,12,0,0
BRDA:130,12,1,0
BRDA:145,13,0,0
BRDA:145,13,1,0
BRDA:161,14,0,0
BRDA:161,14,1,0
BRDA:197,15,0,0
BRDA:197,15,1,0
BRDA:201,16,0,0
BRDA:211,17,0,0
BRDA:211,17,1,0
BRDA:213,18,0,0
BRDA:223,19,0,0
BRDA:223,19,1,0
BRDA:225,20,0,0
BRDA:272,21,0,0
BRDA:334,22,0,0
BRDA:366,23,0,0
BRDA:366,23,1,0
BRF:43
BRH:0
end_of_record
TN:
SF:app/(store)/[locale]/contacts/ContactsClient.tsx
FN:12,ContactsClient
FN:19,(anonymous_3)
FNF:2
FNH:0
FNDA:0,ContactsClient
FNDA:0,(anonymous_3)
DA:3,0
DA:4,0
DA:5,0
DA:6,0
DA:7,0
DA:8,0
DA:9,0
DA:10,0
DA:12,0
DA:13,0
DA:14,0
DA:15,0
DA:17,0
DA:20,0
DA:21,0
LF:15
LH:0
BRDA:15,0,0,0
BRDA:15,0,1,0
BRDA:21,1,0,0
BRDA:21,1,1,0
BRDA:32,2,0,0
BRDA:32,2,1,0
BRDA:39,3,0,0
BRDA:39,3,1,0
BRDA:46,4,0,0
BRDA:46,4,1,0
BRF:10
BRH:0
end_of_record
TN:
SF:app/(store)/[locale]/delivery/DeliveryClient.tsx
FN:11,DeliveryClient
FN:18,(anonymous_3)
FNF:2
FNH:0
FNDA:0,DeliveryClient
FNDA:0,(anonymous_3)
DA:3,0
DA:4,0
DA:5,0
DA:6,0
DA:7,0
DA:8,0
DA:9,0
DA:11,0
DA:12,0
DA:13,0
DA:14,0
DA:16,0
DA:19,0
DA:20,0
LF:14
LH:0
BRDA:14,0,0,0
BRDA:14,0,1,0
BRDA:20,1,0,0
BRDA:20,1,1,0
BRDA:31,2,0,0
BRDA:31,2,1,0
BRDA:38,3,0,0
BRDA:38,3,1,0
BRDA:45,4,0,0
BRDA:45,4,1,0
BRF:10
BRH:0
end_of_record
TN:
SF:app/(store)/[locale]/faq/FaqClient.tsx
FN:10,FaqClient
FN:17,(anonymous_3)
FN:26,(anonymous_4)
FNF:3
FNH:0
FNDA:0,FaqClient
FNDA:0,(anonymous_3)
FNDA:0,(anonymous_4)
DA:3,0
DA:4,0
DA:5,0
DA:6,0
DA:7,0
DA:8,0
DA:10,0
DA:11,0
DA:12,0
DA:13,0
DA:15,0
DA:18,0
DA:19,0
DA:27,0
LF:14
LH:0
BRDA:13,0,0,0
BRDA:13,0,1,0
BRDA:19,1,0,0
BRDA:19,1,1,0
BRDA:28,2,0,0
BRDA:28,2,1,0
BRDA:29,3,0,0
BRDA:29,3,1,0
BRF:8
BRH:0
end_of_record
TN:
SF:app/(store)/[locale]/favorites/FavoritesClient.tsx
FN:21,FavoritesClient
FN:30,(anonymous_6)
FN:37,(anonymous_7)
FN:47,(anonymous_8)
FN:50,(anonymous_9)
FN:56,(anonymous_10)
FN:59,(anonymous_11)
FN:61,(anonymous_12)
FN:71,(anonymous_13)
FN:79,(anonymous_14)
FN:96,(anonymous_15)
FN:97,(anonymous_16)
FNF:12
FNH:0
FNDA:0,FavoritesClient
FNDA:0,(anonymous_6)
FNDA:0,(anonymous_7)
FNDA:0,(anonymous_8)
FNDA:0,(anonymous_9)
FNDA:0,(anonymous_10)
FNDA:0,(anonymous_11)
FNDA:0,(anonymous_12)
FNDA:0,(anonymous_13)
FNDA:0,(anonymous_14)
FNDA:0,(anonymous_15)
FNDA:0,(anonymous_16)
DA:3,0
DA:4,0
DA:5,0
DA:6,0
DA:7,0
DA:8,0
DA:9,0
DA:10,0
DA:11,0
DA:12,0
DA:13,0
DA:14,0
DA:15,0
DA:16,0
DA:19,0
DA:21,0
DA:22,0
DA:23,0
DA:24,0
DA:25,0
DA:26,0
DA:27,0
DA:28,0
DA:30,0
DA:31,0
DA:32,0
DA:35,0
DA:38,0
DA:39,0
DA:46,0
DA:48,0
DA:51,0
DA:52,0
DA:56,0
DA:58,0
DA:60,0
DA:61,0
DA:62,0
DA:63,0
DA:64,0
DA:70,0
DA:72,0
DA:73,0
DA:78,0
DA:80,0
DA:81,0
DA:82,0
DA:84,0
DA:86,0
DA:87,0
DA:88,0
DA:89,0
DA:95,0
DA:97,0
DA:111,0
LF:55
LH:0
BRDA:31,0,0,0
BRDA:31,0,1,0
BRDA:32,1,0,0
BRDA:32,1,1,0
BRDA:32,2,0,0
BRDA:32,2,1,0
BRDA:60,3,0,0
BRDA:60,3,1,0
BRDA:62,4,0,0
BRDA:62,4,1,0
BRDA:80,5,0,0
BRDA:80,5,1,0
BRDA:81,6,0,0
BRDA:81,6,1,0
BRDA:87,7,0,0
BRDA:87,7,1,0
BRDA:88,8,0,0
BRDA:88,8,1,0
BRDA:97,9,0,0
BRDA:97,9,1,0
BRDA:102,10,0,0
BRDA:102,10,1,0
BRDA:103,11,0,0
BRDA:103,11,1,0
BRDA:104,12,0,0
BRDA:104,12,1,0
BRDA:105,13,0,0
BRDA:105,13,1,0
BRDA:111,14,0,0
BRDA:111,14,1,0
BRDA:132,15,0,0
BRDA:134,16,0,0
BRDA:145,17,0,0
BRDA:145,17,1,0
BRF:34
BRH:0
end_of_record
TN:
SF:app/(store)/[locale]/garage/GarageClient.tsx
FN:19,formatPower
FN:26,GaragePage
FN:32,(anonymous_4)
FN:49,(anonymous_5)
FN:82,(anonymous_6)
FN:105,(anonymous_7)
FN:124,(anonymous_8)
FN:136,(anonymous_9)
FN:156,(anonymous_10)
FNF:9
FNH:0
FNDA:0,formatPower
FNDA:0,GaragePage
FNDA:0,(anonymous_4)
FNDA:0,(anonymous_5)
FNDA:0,(anonymous_6)
FNDA:0,(anonymous_7)
FNDA:0,(anonymous_8)
FNDA:0,(anonymous_9)
FNDA:0,(anonymous_10)
DA:3,0
DA:4,0
DA:5,0
DA:6,0
DA:7,0
DA:8,0
DA:9,0
DA:12,0
DA:13,0
DA:14,0
DA:15,0
DA:16,0
DA:17,0
DA:20,0
DA:21,0
DA:22,0
DA:23,0
DA:26,0
DA:27,0
DA:28,0
DA:29,0
DA:30,0
DA:32,0
DA:33,0
DA:45,0
DA:46,0
DA:49,0
DA:50,0
DA:51,0
DA:52,0
DA:53,0
DA:56,0
DA:83,0
DA:86,0
DA:87,0
DA:88,0
DA:92,0
DA:105,0
DA:124,0
DA:136,0
DA:156,0
LF:41
LH:0
BRDA:20,0,0,0
BRDA:20,0,1,0
BRDA:22,1,0,0
BRDA:22,1,1,0
BRDA:23,2,0,0
BRDA:23,2,1,0
BRDA:34,3,0,0
BRDA:34,3,1,0
BRDA:35,4,0,0
BRDA:35,4,1,0
BRDA:35,5,0,0
BRDA:35,5,1,0
BRDA:36,6,0,0
BRDA:36,6,1,0
BRDA:37,7,0,0
BRDA:37,7,1,0
BRDA:37,8,0,0
BRDA:37,8,1,0
BRDA:38,9,0,0
BRDA:38,9,1,0
BRDA:39,10,0,0
BRDA:39,10,1,0
BRDA:40,11,0,0
BRDA:40,11,1,0
BRDA:41,12,0,0
BRDA:41,12,1,0
BRDA:42,13,0,0
BRDA:42,13,1,0
BRDA:43,14,0,0
BRDA:43,14,1,0
BRDA:50,15,0,0
BRDA:50,15,1,0
BRDA:56,16,0,0
BRDA:56,16,1,0
BRDA:75,17,0,0
BRDA:83,18,0,0
BRDA:83,18,1,0
BRDA:84,19,0,0
BRDA:84,19,1,0
BRDA:87,20,0,0
BRDA:87,20,1,0
BRDA:88,21,0,0
BRDA:88,21,1,0
BRDA:88,22,0,0
BRDA:88,22,1,0
BRDA:89,23,0,0
BRDA:89,23,1,0
BRDA:89,24,0,0
BRDA:89,24,1,0
BRDA:114,25,0,0
BRDA:115,26,0,0
BRDA:116,27,0,0
BRDA:117,28,0,0
BRDA:118,29,0,0
BRDA:136,30,0,0
BRDA:136,30,1,0
BRDA:149,31,0,0
BRDA:152,32,0,0
BRDA:158,33,0,0
BRF:59
BRH:0
end_of_record
TN:
SF:app/(store)/[locale]/order-confirmed/OrderConfirmedClient.tsx
FN:10,OrderConfirmedPage
FNF:1
FNH:1
FNDA:3,OrderConfirmedPage
DA:3,1
DA:4,1
DA:5,1
DA:6,1
DA:7,1
DA:8,1
DA:10,3
DA:11,3
DA:12,3
DA:13,3
LF:10
LH:10
BRDA:28,0,0,3
BRF:1
BRH:1
end_of_record
TN:
SF:app/(store)/[locale]/orders/OrdersClient.tsx
FN:22,OrdersSkeleton
FN:32,(anonymous_6)
FN:45,OrdersPage
FN:48,(anonymous_8)
FN:51,(anonymous_9)
FN:53,(anonymous_10)
FN:59,(anonymous_11)
FN:66,(anonymous_12)
FN:75,(anonymous_13)
FN:84,(anonymous_14)
FN:159,(anonymous_15)
FNF:11
FNH:0
FNDA:0,OrdersSkeleton
FNDA:0,(anonymous_6)
FNDA:0,OrdersPage
FNDA:0,(anonymous_8)
FNDA:0,(anonymous_9)
FNDA:0,(anonymous_10)
FNDA:0,(anonymous_11)
FNDA:0,(anonymous_12)
FNDA:0,(anonymous_13)
FNDA:0,(anonymous_14)
FNDA:0,(anonymous_15)
DA:3,0
DA:4,0
DA:5,0
DA:6,0
DA:7,0
DA:8,0
DA:9,0
DA:10,0
DA:11,0
DA:12,0
DA:13,0
DA:14,0
DA:15,0
DA:16,0
DA:18,0
DA:20,0
DA:33,0
DA:45,0
DA:46,0
DA:47,0
DA:48,0
DA:49,0
DA:50,0
DA:51,0
DA:52,0
DA:53,0
DA:54,0
DA:55,0
DA:56,0
DA:57,0
DA:59,0
DA:60,0
DA:61,0
DA:64,0
DA:67,0
DA:68,0
DA:73,0
DA:76,0
DA:79,0
DA:84,0
DA:85,0
DA:86,0
DA:87,0
DA:89,0
DA:91,0
DA:92,0
DA:93,0
DA:94,0
DA:98,0
DA:110,0
DA:160,0
DA:161,0
DA:164,0
LF:53
LH:0
BRDA:51,0,0,0
BRDA:51,0,1,0
BRDA:52,1,0,0
BRDA:52,1,1,0
BRDA:60,2,0,0
BRDA:60,2,1,0
BRDA:61,3,0,0
BRDA:61,3,1,0
BRDA:61,4,0,0
BRDA:61,4,1,0
BRDA:85,5,0,0
BRDA:85,5,1,0
BRDA:86,6,0,0
BRDA:86,6,1,0
BRDA:92,7,0,0
BRDA:92,7,1,0
BRDA:93,8,0,0
BRDA:93,8,1,0
BRDA:98,9,0,0
BRDA:98,9,1,0
BRDA:110,10,0,0
BRDA:110,10,1,0
BRDA:130,11,0,0
BRDA:130,11,1,0
BRDA:130,11,2,0
BRDA:134,12,0,0
BRDA:136,13,0,0
BRDA:160,14,0,0
BRDA:160,14,1,0
BRDA:184,15,0,0
BRDA:184,15,1,0
BRF:31
BRH:0
end_of_record
TN:
SF:app/(store)/[locale]/profile/ProfileClient.tsx
FN:34,ProfilePage
FN:69,(anonymous_6)
FN:82,(anonymous_7)
FN:93,(anonymous_8)
FN:95,(anonymous_9)
FN:110,(anonymous_10)
FN:121,(anonymous_11)
FN:134,(anonymous_12)
FN:242,(anonymous_13)
FN:305,(anonymous_14)
FN:326,(anonymous_15)
FN:330,(anonymous_16)
FN:334,(anonymous_17)
FN:361,(anonymous_18)
FN:364,(anonymous_19)
FN:379,(anonymous_20)
FN:384,(anonymous_21)
FN:406,(anonymous_22)
FN:407,(anonymous_23)
FN:415,(anonymous_24)
FN:416,(anonymous_25)
FN:424,(anonymous_26)
FN:425,(anonymous_27)
FN:475,(anonymous_28)
FN:502,(anonymous_29)
FN:502,(anonymous_30)
FN:505,(anonymous_31)
FNF:27
FNH:0
FNDA:0,ProfilePage
FNDA:0,(anonymous_6)
FNDA:0,(anonymous_7)
FNDA:0,(anonymous_8)
FNDA:0,(anonymous_9)
FNDA:0,(anonymous_10)
FNDA:0,(anonymous_11)
FNDA:0,(anonymous_12)
FNDA:0,(anonymous_13)
FNDA:0,(anonymous_14)
FNDA:0,(anonymous_15)
FNDA:0,(anonymous_16)
FNDA:0,(anonymous_17)
FNDA:0,(anonymous_18)
FNDA:0,(anonymous_19)
FNDA:0,(anonymous_20)
FNDA:0,(anonymous_21)
FNDA:0,(anonymous_22)
FNDA:0,(anonymous_23)
FNDA:0,(anonymous_24)
FNDA:0,(anonymous_25)
FNDA:0,(anonymous_26)
FNDA:0,(anonymous_27)
FNDA:0,(anonymous_28)
FNDA:0,(anonymous_29)
FNDA:0,(anonymous_30)
FNDA:0,(anonymous_31)
DA:3,0
DA:4,0
DA:5,0
DA:9,0
DA:10,0
DA:11,0
DA:12,0
DA:13,0
DA:14,0
DA:15,0
DA:16,0
DA:17,0
DA:18,0
DA:19,0
DA:20,0
DA:21,0
DA:22,0
DA:24,0
DA:32,0
DA:34,0
DA:35,0
DA:36,0
DA:37,0
DA:38,0
DA:40,0
DA:41,0
DA:43,0
DA:44,0
DA:45,0
DA:46,0
DA:47,0
DA:49,0
DA:50,0
DA:51,0
DA:53,0
DA:54,0
DA:55,0
DA:56,0
DA:57,0
DA:58,0
DA:60,0
DA:62,0
DA:63,0
DA:64,0
DA:65,0
DA:66,0
DA:67,0
DA:69,0
DA:70,0
DA:71,0
DA:72,0
DA:73,0
DA:74,0
DA:75,0
DA:76,0
DA:77,0
DA:78,0
DA:82,0
DA:83,0
DA:84,0
DA:85,0
DA:86,0
DA:89,0
DA:93,0
DA:95,0
DA:96,0
DA:97,0
DA:98,0
DA:99,0
DA:100,0
DA:101,0
DA:102,0
DA:104,0
DA:106,0
DA:110,0
DA:111,0
DA:112,0
DA:113,0
DA:114,0
DA:115,0
DA:117,0
DA:121,0
DA:122,0
DA:131,0
DA:134,0
DA:135,0
DA:136,0
DA:137,0
DA:139,0
DA:140,0
DA:141,0
DA:143,0
DA:144,0
DA:145,0
DA:147,0
DA:148,0
DA:149,0
DA:150,0
DA:153,0
DA:169,0
DA:243,0
DA:254,0
DA:305,0
DA:326,0
DA:330,0
DA:334,0
DA:362,0
DA:364,0
DA:379,0
DA:384,0
DA:406,0
DA:407,0
DA:415,0
DA:416,0
DA:424,0
DA:425,0
DA:475,0
DA:502,0
DA:503,0
DA:506,0
DA:507,0
LF:121
LH:0
BRDA:60,0,0,0
BRDA:60,0,1,0
BRDA:70,1,0,0
BRDA:70,1,1,0
BRDA:71,2,0,0
BRDA:71,2,1,0
BRDA:72,3,0,0
BRDA:72,3,1,0
BRDA:73,4,0,0
BRDA:73,4,1,0
BRDA:75,5,0,0
BRDA:75,5,1,0
BRDA:76,6,0,0
BRDA:76,6,1,0
BRDA:77,7,0,0
BRDA:77,7,1,0
BRDA:78,8,0,0
BRDA:78,8,1,0
BRDA:93,9,0,0
BRDA:93,9,1,0
BRDA:123,10,0,0
BRDA:123,10,1,0
BRDA:124,11,0,0
BRDA:124,11,1,0
BRDA:125,12,0,0
BRDA:125,12,1,0
BRDA:126,13,0,0
BRDA:126,13,1,0
BRDA:127,14,0,0
BRDA:127,14,1,0
BRDA:128,15,0,0
BRDA:128,15,1,0
BRDA:129,16,0,0
BRDA:129,16,1,0
BRDA:135,17,0,0
BRDA:135,17,1,0
BRDA:135,18,0,0
BRDA:135,18,1,0
BRDA:135,18,2,0
BRDA:139,19,0,0
BRDA:139,19,1,0
BRDA:143,20,0,0
BRDA:143,20,1,0
BRDA:153,21,0,0
BRDA:153,21,1,0
BRDA:169,22,0,0
BRDA:169,22,1,0
BRDA:254,23,0,0
BRDA:254,23,1,0
BRDA:254,23,2,0
BRDA:254,23,3,0
BRDA:266,24,0,0
BRDA:266,24,1,0
BRDA:266,25,0,0
BRDA:266,25,1,0
BRDA:266,25,2,0
BRDA:267,26,0,0
BRDA:267,26,1,0
BRDA:267,26,2,0
BRDA:272,27,0,0
BRDA:272,27,1,0
BRDA:280,28,0,0
BRDA:280,28,1,0
BRDA:282,29,0,0
BRDA:293,30,0,0
BRDA:297,31,0,0
BRDA:364,32,0,0
BRDA:364,32,1,0
BRDA:367,33,0,0
BRDA:367,33,1,0
BRDA:381,34,0,0
BRDA:406,35,0,0
BRDA:406,35,1,0
BRDA:408,36,0,0
BRDA:415,37,0,0
BRDA:415,37,1,0
BRDA:417,38,0,0
BRDA:424,39,0,0
BRDA:424,39,1,0
BRDA:426,40,0,0
BRDA:431,41,0,0
BRDA:431,41,1,0
BRDA:446,42,0,0
BRDA:450,43,0,0
BRDA:454,44,0,0
BRDA:461,45,0,0
BRDA:482,46,0,0
BRDA:482,46,1,0
BRDA:510,47,0,0
BRDA:510,47,1,0
BRDA:510,48,0,0
BRDA:510,48,1,0
BRF:92
BRH:0
end_of_record
TN:
SF:app/(store)/[locale]/support/SupportClient.tsx
FN:12,SupportClient
FN:19,(anonymous_3)
FNF:2
FNH:0
FNDA:0,SupportClient
FNDA:0,(anonymous_3)
DA:3,0
DA:4,0
DA:5,0
DA:6,0
DA:7,0
DA:8,0
DA:9,0
DA:10,0
DA:12,0
DA:13,0
DA:14,0
DA:15,0
DA:17,0
DA:20,0
DA:21,0
LF:15
LH:0
BRDA:15,0,0,0
BRDA:15,0,1,0
BRDA:21,1,0,0
BRDA:21,1,1,0
BRDA:33,2,0,0
BRDA:33,2,1,0
BRDA:40,3,0,0
BRDA:40,3,1,0
BRDA:47,4,0,0
BRDA:47,4,1,0
BRF:10
BRH:0
end_of_record
TN:
SF:app/(store)/[locale]/terms/TermsClient.tsx
FN:10,TermsClient
FN:17,(anonymous_3)
FNF:2
FNH:0
FNDA:0,TermsClient
FNDA:0,(anonymous_3)
DA:3,0
DA:4,0
DA:5,0
DA:6,0
DA:7,0
DA:8,0
DA:10,0
DA:11,0
DA:12,0
DA:13,0
DA:15,0
DA:18,0
DA:19,0
LF:13
LH:0
BRDA:13,0,0,0
BRDA:13,0,1,0
BRDA:19,1,0,0
BRDA:19,1,1,0
BRDA:25,2,0,0
BRDA:25,2,1,0
BRDA:27,3,0,0
BRDA:27,3,1,0
BRDA:29,4,0,0
BRDA:29,4,1,0
BRDA:31,5,0,0
BRDA:31,5,1,0
BRDA:33,6,0,0
BRDA:33,6,1,0
BRF:14
BRH:0
end_of_record
TN:
SF:components/NotificationProvider.tsx
FN:5,NotificationProvider
FNF:1
FNH:0
FNDA:0,NotificationProvider
DA:3,0
DA:5,0
DA:6,0
LF:3
LH:0
BRF:0
BRH:0
end_of_record
TN:
SF:components/Providers.tsx
FN:9,Providers
FNF:1
FNH:0
FNDA:0,Providers
DA:3,0
DA:4,0
DA:5,0
DA:6,0
DA:9,0
LF:5
LH:0
BRF:0
BRH:0
end_of_record
TN:
SF:components/features/ApplicabilityTable.tsx
FN:39,ApplicabilityTable
FN:64,(anonymous_5)
FN:74,(anonymous_7)
FN:78,(anonymous_8)
FN:91,(anonymous_9)
FN:117,(anonymous_10)
FN:135,(anonymous_11)
FN:156,(anonymous_12)
FN:158,(anonymous_13)
FN:167,(anonymous_14)
FN:169,(anonymous_15)
FN:186,(anonymous_16)
FNF:12
FNH:0
FNDA:0,ApplicabilityTable
FNDA:0,(anonymous_5)
FNDA:0,(anonymous_7)
FNDA:0,(anonymous_8)
FNDA:0,(anonymous_9)
FNDA:0,(anonymous_10)
FNDA:0,(anonymous_11)
FNDA:0,(anonymous_12)
FNDA:0,(anonymous_13)
FNDA:0,(anonymous_14)
FNDA:0,(anonymous_15)
FNDA:0,(anonymous_16)
DA:3,0
DA:4,0
DA:5,0
DA:11,0
DA:12,0
DA:19,0
DA:20,0
DA:21,0
DA:22,0
DA:23,0
DA:24,0
DA:40,0
DA:41,0
DA:42,0
DA:43,0
DA:45,0
DA:47,0
DA:48,0
DA:52,0
DA:59,0
DA:61,0
DA:63,0
DA:64,0
DA:74,0
DA:78,0
DA:84,0
DA:91,0
DA:92,0
DA:93,0
DA:118,0
DA:136,0
DA:157,0
DA:159,0
DA:168,0
DA:170,0
DA:186,0
DA:197,0
LF:37
LH:0
BRDA:45,0,0,0
BRDA:45,0,1,0
BRDA:50,1,0,0
BRDA:50,1,1,0
BRDA:55,2,0,0
BRDA:55,2,1,0
BRDA:56,3,0,0
BRDA:56,3,1,0
BRDA:59,4,0,0
BRDA:59,4,1,0
BRDA:74,5,0,0
BRDA:74,5,1,0
BRDA:78,6,0,0
BRDA:78,6,1,0
BRDA:101,7,0,0
BRDA:107,8,0,0
BRDA:145,9,0,0
BRDA:151,10,0,0
BRDA:181,11,0,0
BRDA:181,11,1,0
BRDA:188,12,0,0
BRDA:188,12,1,0
BRF:22
BRH:0
end_of_record
TN:
SF:components/features/CatalogFilterDrawer.tsx
FN:28,CatalogFilterDrawer
FN:31,(anonymous_3)
FN:44,(anonymous_4)
FN:65,(anonymous_5)
FN:73,(anonymous_6)
FN:88,(anonymous_7)
FN:96,(anonymous_8)
FN:106,(anonymous_9)
FNF:8
FNH:0
FNDA:0,CatalogFilterDrawer
FNDA:0,(anonymous_3)
FNDA:0,(anonymous_4)
FNDA:0,(anonymous_5)
FNDA:0,(anonymous_6)
FNDA:0,(anonymous_7)
FNDA:0,(anonymous_8)
FNDA:0,(anonymous_9)
DA:3,0
DA:4,0
DA:5,0
DA:6,0
DA:7,0
DA:8,0
DA:9,0
DA:10,0
DA:11,0
DA:28,0
DA:29,0
DA:31,0
DA:44,0
DA:65,0
DA:73,0
DA:88,0
DA:96,0
DA:106,0
LF:18
LH:0
BRDA:39,0,0,0
BRDA:62,1,0,0
BRDA:62,1,1,0
BRDA:70,2,0,0
BRDA:70,2,1,0
BRF:5
BRH:0
end_of_record
TN:
SF:components/features/CatalogGrid.tsx
FN:17,TileSkeleton
FN:43,CatalogGrid
FN:49,(anonymous_4)
FN:65,(anonymous_5)
FNF:4
FNH:0
FNDA:0,TileSkeleton
FNDA:0,CatalogGrid
FNDA:0,(anonymous_4)
FNDA:0,(anonymous_5)
DA:3,0
DA:4,0
DA:5,0
DA:6,0
DA:7,0
DA:43,0
DA:44,0
DA:46,0
DA:49,0
DA:54,0
DA:66,0
LF:11
LH:0
BRDA:46,0,0,0
BRDA:46,0,1,0
BRDA:54,1,0,0
BRDA:54,1,1,0
BRF:4
BRH:0
end_of_record
TN:
SF:components/features/CatalogPagination.tsx
FN:15,CatalogPagination
FN:27,(anonymous_3)
FN:41,(anonymous_4)
FNF:3
FNH:3
FNDA:6,CatalogPagination
FNDA:1,(anonymous_3)
FNDA:1,(anonymous_4)
DA:3,1
DA:4,1
DA:5,1
DA:6,1
DA:15,6
DA:16,6
DA:17,6
DA:19,6
DA:27,1
DA:41,1
LF:10
LH:10
BRDA:19,0,0,1
BRDA:19,0,1,5
BRF:2
BRH:2
end_of_record
TN:
SF:components/features/FilterSheet.tsx
FN:34,FilterSheet
FN:36,(anonymous_3)
FN:44,(anonymous_4)
FN:56,(anonymous_5)
FN:66,(anonymous_6)
FN:77,(anonymous_7)
FN:91,(anonymous_8)
FNF:7
FNH:0
FNDA:0,FilterSheet
FNDA:0,(anonymous_3)
FNDA:0,(anonymous_4)
FNDA:0,(anonymous_5)
FNDA:0,(anonymous_6)
FNDA:0,(anonymous_7)
FNDA:0,(anonymous_8)
DA:3,0
DA:4,0
DA:11,0
DA:12,0
DA:13,0
DA:14,0
DA:16,0
DA:17,0
DA:34,0
DA:35,0
DA:36,0
DA:44,0
DA:56,0
DA:66,0
DA:77,0
DA:91,0
LF:16
LH:0
BRDA:86,0,0,0
BRDA:111,1,0,0
BRF:2
BRH:0
end_of_record
TN:
SF:components/features/HeroSearchForm.tsx
FN:10,HeroSearchForm
FN:15,(anonymous_5)
FN:27,(anonymous_6)
FNF:3
FNH:0
FNDA:0,HeroSearchForm
FNDA:0,(anonymous_5)
FNDA:0,(anonymous_6)
DA:3,0
DA:4,0
DA:5,0
DA:6,0
DA:8,0
DA:10,0
DA:11,0
DA:12,0
DA:13,0
DA:15,0
DA:16,0
DA:17,0
DA:18,0
DA:27,0
LF:14
LH:0
BRDA:17,0,0,0
BRDA:17,0,1,0
BRF:2
BRH:0
end_of_record
TN:
SF:components/features/ImageGallery.tsx
FN:20,ImageGallery
FN:25,(anonymous_6)
FN:35,(anonymous_7)
FN:41,(anonymous_8)
FN:44,(anonymous_9)
FN:74,(anonymous_10)
FN:74,(anonymous_11)
FN:82,(anonymous_12)
FN:82,(anonymous_13)
FN:102,(anonymous_14)
FN:108,(anonymous_15)
FNF:11
FNH:0
FNDA:0,ImageGallery
FNDA:0,(anonymous_6)
FNDA:0,(anonymous_7)
FNDA:0,(anonymous_8)
FNDA:0,(anonymous_9)
FNDA:0,(anonymous_10)
FNDA:0,(anonymous_11)
FNDA:0,(anonymous_12)
FNDA:0,(anonymous_13)
FNDA:0,(anonymous_14)
FNDA:0,(anonymous_15)
DA:3,0
DA:4,0
DA:5,0
DA:11,0
DA:12,0
DA:13,0
DA:20,0
DA:21,0
DA:22,0
DA:23,0
DA:25,0
DA:27,0
DA:35,0
DA:36,0
DA:42,0
DA:44,0
DA:74,0
DA:82,0
DA:103,0
DA:108,0
LF:20
LH:0
BRDA:25,0,0,0
BRDA:25,0,1,0
BRDA:27,1,0,0
BRDA:27,1,1,0
BRDA:36,2,0,0
BRDA:36,2,1,0
BRDA:68,3,0,0
BRDA:74,4,0,0
BRDA:74,4,1,0
BRDA:82,5,0,0
BRDA:82,5,1,0
BRDA:106,6,0,0
BRDA:106,6,1,0
BRF:13
BRH:0
end_of_record
TN:
SF:components/features/ProductTile.tsx
FN:14,(anonymous_2)
FN:35,ProductTile
FN:39,(anonymous_4)
FN:99,(anonymous_5)
FN:111,(anonymous_6)
FNF:5
FNH:0
FNDA:0,(anonymous_2)
FNDA:0,ProductTile
FNDA:0,(anonymous_4)
FNDA:0,(anonymous_5)
FNDA:0,(anonymous_6)
DA:3,0
DA:4,0
DA:5,0
DA:6,0
DA:7,0
DA:8,0
DA:9,0
DA:10,0
DA:11,0
DA:12,0
DA:14,0
DA:35,0
DA:36,0
DA:37,0
DA:39,0
DA:40,0
DA:41,0
DA:42,0
DA:99,0
DA:111,0
LF:20
LH:0
BRDA:40,0,0,0
BRDA:40,0,1,0
BRDA:55,1,0,0
BRDA:67,2,0,0
BRDA:80,3,0,0
BRDA:87,4,0,0
BRDA:87,4,1,0
BRDA:88,5,0,0
BRDA:88,5,1,0
BRDA:101,6,0,0
BRDA:101,6,1,0
BRDA:104,7,0,0
BRDA:104,7,1,0
BRF:13
BRH:0
end_of_record
TN:
SF:components/features/StaticPage.tsx
FN:3,StaticPage
FNF:1
FNH:1
FNDA:1,StaticPage
DA:1,1
DA:3,1
LF:2
LH:2
BRF:0
BRH:0
end_of_record
TN:
SF:components/features/VehicleSelector.tsx
FN:15,VehicleSelector
FN:24,(anonymous_3)
FN:36,(anonymous_4)
FN:36,(anonymous_5)
FN:41,(anonymous_6)
FN:50,(anonymous_7)
FN:50,(anonymous_8)
FN:55,(anonymous_9)
FN:64,(anonymous_10)
FN:64,(anonymous_11)
FN:69,(anonymous_12)
FN:81,(anonymous_13)
FNF:12
FNH:0
FNDA:0,VehicleSelector
FNDA:0,(anonymous_3)
FNDA:0,(anonymous_4)
FNDA:0,(anonymous_5)
FNDA:0,(anonymous_6)
FNDA:0,(anonymous_7)
FNDA:0,(anonymous_8)
FNDA:0,(anonymous_9)
FNDA:0,(anonymous_10)
FNDA:0,(anonymous_11)
FNDA:0,(anonymous_12)
FNDA:0,(anonymous_13)
DA:3,0
DA:4,0
DA:5,0
DA:6,0
DA:7,0
DA:8,0
DA:9,0
DA:10,0
DA:11,0
DA:12,0
DA:15,0
DA:16,0
DA:17,0
DA:18,0
DA:20,0
DA:21,0
DA:22,0
DA:24,0
DA:25,0
DA:26,0
DA:27,0
DA:36,0
DA:42,0
DA:50,0
DA:56,0
DA:64,0
DA:70,0
DA:81,0
LF:28
LH:0
BRDA:25,0,0,0
BRDA:25,0,1,0
BRDA:36,1,0,0
BRDA:36,1,1,0
BRDA:36,2,0,0
BRDA:36,2,1,0
BRDA:50,3,0,0
BRDA:50,3,1,0
BRDA:50,4,0,0
BRDA:50,4,1,0
BRDA:50,5,0,0
BRDA:50,5,1,0
BRDA:64,6,0,0
BRDA:64,6,1,0
BRDA:64,7,0,0
BRDA:64,7,1,0
BRDA:64,8,0,0
BRDA:64,8,1,0
BRDA:76,9,0,0
BRF:19
BRH:0
end_of_record
TN:
SF:components/layout/CategoryNav.tsx
FN:54,CategoryNav
FN:67,(anonymous_6)
FN:77,(anonymous_7)
FN:84,(anonymous_8)
FN:91,(anonymous_9)
FN:92,(anonymous_10)
FN:98,(anonymous_11)
FN:99,(anonymous_12)
FN:102,(anonymous_13)
FN:104,(anonymous_14)
FN:106,(anonymous_15)
FN:116,(anonymous_16)
FN:118,(anonymous_17)
FN:120,(anonymous_18)
FN:125,(anonymous_19)
FN:131,(anonymous_20)
FN:136,(anonymous_21)
FN:152,(anonymous_22)
FN:154,(anonymous_23)
FN:156,(anonymous_24)
FN:161,(anonymous_25)
FN:167,(anonymous_26)
FN:172,(anonymous_27)
FN:191,(anonymous_28)
FN:194,(anonymous_29)
FN:195,(anonymous_30)
FN:207,(anonymous_31)
FN:208,(anonymous_32)
FN:220,(anonymous_33)
FNF:29
FNH:0
FNDA:0,CategoryNav
FNDA:0,(anonymous_6)
FNDA:0,(anonymous_7)
FNDA:0,(anonymous_8)
FNDA:0,(anonymous_9)
FNDA:0,(anonymous_10)
FNDA:0,(anonymous_11)
FNDA:0,(anonymous_12)
FNDA:0,(anonymous_13)
FNDA:0,(anonymous_14)
FNDA:0,(anonymous_15)
FNDA:0,(anonymous_16)
FNDA:0,(anonymous_17)
FNDA:0,(anonymous_18)
FNDA:0,(anonymous_19)
FNDA:0,(anonymous_20)
FNDA:0,(anonymous_21)
FNDA:0,(anonymous_22)
FNDA:0,(anonymous_23)
FNDA:0,(anonymous_24)
FNDA:0,(anonymous_25)
FNDA:0,(anonymous_26)
FNDA:0,(anonymous_27)
FNDA:0,(anonymous_28)
FNDA:0,(anonymous_29)
FNDA:0,(anonymous_30)
FNDA:0,(anonymous_31)
FNDA:0,(anonymous_32)
FNDA:0,(anonymous_33)
DA:3,0
DA:4,0
DA:5,0
DA:6,0
DA:7,0
DA:8,0
DA:10,0
DA:52,0
DA:54,0
DA:55,0
DA:56,0
DA:57,0
DA:58,0
DA:59,0
DA:60,0
DA:62,0
DA:63,0
DA:65,0
DA:68,0
DA:69,0
DA:74,0
DA:75,0
DA:77,0
DA:78,0
DA:79,0
DA:80,0
DA:81,0
DA:84,0
DA:85,0
DA:86,0
DA:87,0
DA:88,0
DA:91,0
DA:92,0
DA:93,0
DA:94,0
DA:98,0
DA:99,0
DA:102,0
DA:103,0
DA:104,0
DA:105,0
DA:106,0
DA:109,0
DA:111,0
DA:112,0
DA:113,0
DA:114,0
DA:115,0
DA:116,0
DA:118,0
DA:120,0
DA:122,0
DA:126,0
DA:132,0
DA:136,0
DA:151,0
DA:152,0
DA:154,0
DA:156,0
DA:158,0
DA:162,0
DA:168,0
DA:172,0
DA:192,0
DA:194,0
DA:195,0
DA:207,0
DA:208,0
DA:220,0
LF:70
LH:0
BRDA:74,0,0,0
BRDA:74,0,1,0
BRDA:75,1,0,0
BRDA:75,1,1,0
BRDA:79,2,0,0
BRDA:79,2,1,0
BRDA:85,3,0,0
BRDA:85,3,1,0
BRDA:99,4,0,0
BRDA:99,4,1,0
BRDA:103,5,0,0
BRDA:103,5,1,0
BRDA:109,6,0,0
BRDA:109,6,1,0
BRDA:109,7,0,0
BRDA:109,7,1,0
BRDA:109,8,0,0
BRDA:109,8,1,0
BRDA:112,9,0,0
BRDA:112,9,1,0
BRDA:113,10,0,0
BRDA:113,10,1,0
BRDA:122,11,0,0
BRDA:122,11,1,0
BRDA:139,12,0,0
BRDA:158,13,0,0
BRDA:158,13,1,0
BRDA:175,14,0,0
BRDA:196,15,0,0
BRDA:196,15,1,0
BRDA:205,16,0,0
BRDA:209,17,0,0
BRDA:209,17,1,0
BRDA:218,18,0,0
BRDA:218,18,1,0
BRDA:220,19,0,0
BRDA:220,19,1,0
BRF:37
BRH:0
end_of_record
TN:
SF:components/layout/Footer.tsx
FN:16,Footer
FN:23,(anonymous_3)
FN:32,(anonymous_4)
FNF:3
FNH:0
FNDA:0,Footer
FNDA:0,(anonymous_3)
FNDA:0,(anonymous_4)
DA:3,0
DA:4,0
DA:5,0
DA:6,0
DA:7,0
DA:8,0
DA:9,0
DA:10,0
DA:11,0
DA:12,0
DA:13,0
DA:16,0
DA:17,0
DA:18,0
DA:19,0
DA:20,0
DA:21,0
DA:24,0
DA:25,0
DA:29,0
DA:30,0
DA:32,0
LF:22
LH:0
BRDA:20,0,0,0
BRDA:20,0,1,0
BRDA:25,1,0,0
BRDA:25,1,1,0
BRDA:30,2,0,0
BRDA:30,2,1,0
BRDA:32,3,0,0
BRDA:32,3,1,0
BRDA:65,4,0,0
BRF:9
BRH:0
end_of_record
TN:
SF:components/layout/FooterHydrate.tsx
FN:5,FooterHydrate
FNF:1
FNH:0
FNDA:0,FooterHydrate
DA:3,0
DA:5,0
DA:6,0
DA:7,0
DA:8,0
LF:5
LH:0
BRF:0
BRH:0
end_of_record
TN:
SF:components/layout/Header.tsx
FN:33,Header
FN:35,(anonymous_3)
FN:89,(anonymous_4)
FN:179,(anonymous_5)
FNF:4
FNH:0
FNDA:0,Header
FNDA:0,(anonymous_3)
FNDA:0,(anonymous_4)
FNDA:0,(anonymous_5)
DA:3,0
DA:4,0
DA:5,0
DA:6,0
DA:7,0
DA:8,0
DA:16,0
DA:17,0
DA:18,0
DA:19,0
DA:20,0
DA:21,0
DA:22,0
DA:23,0
DA:24,0
DA:25,0
DA:26,0
DA:27,0
DA:28,0
DA:29,0
DA:30,0
DA:33,0
DA:34,0
DA:35,0
DA:36,0
DA:37,0
DA:38,0
DA:39,0
DA:41,0
DA:42,0
DA:43,0
DA:44,0
DA:46,0
DA:48,0
DA:89,0
DA:180,0
LF:36
LH:0
BRDA:81,0,0,0
BRDA:81,0,1,0
BRDA:92,1,0,0
BRDA:92,1,1,0
BRDA:94,2,0,0
BRDA:94,2,1,0
BRDA:112,3,0,0
BRDA:112,3,1,0
BRDA:119,4,0,0
BRDA:123,5,0,0
BRDA:123,5,1,0
BRDA:126,6,0,0
BRDA:126,6,1,0
BRDA:127,7,0,0
BRDA:127,7,1,0
BRDA:143,8,0,0
BRDA:143,8,1,0
BRDA:184,9,0,0
BRDA:184,9,1,0
BRDA:192,10,0,0
BRDA:192,10,1,0
BRDA:198,11,0,0
BRDA:198,11,1,0
BRDA:204,12,0,0
BRDA:204,12,1,0
BRF:25
BRH:0
end_of_record
TN:
SF:components/layout/SettingsHydrate.tsx
FN:5,SettingsHydrate
FNF:1
FNH:0
FNDA:0,SettingsHydrate
DA:3,0
DA:5,0
DA:6,0
DA:7,0
DA:8,0
LF:5
LH:0
BRF:0
BRH:0
end_of_record
TN:
SF:components/ui/CustomToast.tsx
FN:49,CustomToast
FN:76,(anonymous_2)
FNF:2
FNH:0
FNDA:0,CustomToast
FNDA:0,(anonymous_2)
DA:3,0
DA:4,0
DA:6,0
DA:13,0
DA:49,0
DA:50,0
DA:51,0
DA:76,0
LF:8
LH:0
BRDA:65,0,0,0
BRDA:66,1,0,0
BRF:2
BRH:0
end_of_record
TN:
SF:components/ui/FalconLogo.tsx
FN:7,FalconLogo
FNF:1
FNH:1
FNDA:3,FalconLogo
DA:1,1
DA:7,3
LF:2
LH:2
BRF:0
BRH:0
end_of_record
TN:
SF:components/ui/LanguageSwitcher.tsx
FN:22,LanguageSwitcher
FN:29,(anonymous_3)
FN:31,(anonymous_4)
FN:52,(anonymous_5)
FN:55,(anonymous_6)
FNF:5
FNH:0
FNDA:0,LanguageSwitcher
FNDA:0,(anonymous_3)
FNDA:0,(anonymous_4)
FNDA:0,(anonymous_5)
FNDA:0,(anonymous_6)
DA:3,0
DA:4,0
DA:5,0
DA:6,0
DA:12,0
DA:13,0
DA:14,0
DA:16,0
DA:22,0
DA:23,0
DA:24,0
DA:25,0
DA:26,0
DA:27,0
DA:29,0
DA:31,0
DA:32,0
DA:33,0
DA:34,0
DA:36,0
DA:37,0
DA:53,0
DA:55,0
LF:23
LH:0
BRDA:29,0,0,0
BRDA:29,0,1,0
BRDA:33,1,0,0
BRDA:33,1,1,0
BRDA:37,2,0,0
BRDA:37,2,1,0
BRDA:56,3,0,0
BRDA:56,3,1,0
BRDA:58,4,0,0
BRDA:58,4,1,0
BRDA:58,5,0,0
BRDA:58,5,1,0
BRF:12
BRH:0
end_of_record
TN:
SF:components/ui/MotionComponents.tsx
FN:11,(anonymous_5)
FNF:1
FNH:0
FNDA:0,(anonymous_5)
DA:3,0
DA:5,0
DA:7,0
DA:9,0
DA:11,0
DA:18,0
DA:25,0
LF:7
LH:0
BRF:0
BRH:0
end_of_record
TN:
SF:components/ui/PageTransition.tsx
FN:6,PageTransition
FNF:1
FNH:0
FNDA:0,PageTransition
DA:3,0
DA:4,0
DA:6,0
LF:3
LH:0
BRF:0
BRH:0
end_of_record
TN:
SF:components/ui/PhoneInput.tsx
FN:5,formatPhone
FN:30,PhoneInput
FN:32,(anonymous_7)
FN:35,(anonymous_8)
FN:45,(anonymous_9)
FN:72,phoneToApi
FN:77,apiToPhone
FNF:7
FNH:3
FNDA:3,formatPhone
FNDA:0,PhoneInput
FNDA:0,(anonymous_7)
FNDA:0,(anonymous_8)
FNDA:0,(anonymous_9)
FNDA:2,phoneToApi
FNDA:2,apiToPhone
DA:3,1
DA:5,3
DA:6,3
DA:7,3
DA:8,2
DA:9,2
DA:10,2
DA:11,2
DA:12,2
DA:13,2
DA:14,2
DA:15,2
DA:16,2
DA:17,2
DA:18,2
DA:19,2
DA:30,0
DA:31,0
DA:32,0
DA:33,0
DA:35,0
DA:36,0
DA:37,0
DA:38,0
DA:39,0
DA:41,0
DA:45,0
DA:46,0
DA:47,0
DA:48,0
DA:49,0
DA:51,0
DA:52,0
DA:54,0
DA:72,2
DA:73,2
DA:74,2
DA:77,2
DA:78,2
LF:39
LH:21
BRDA:7,0,0,1
BRDA:7,0,1,2
BRDA:8,1,0,0
BRDA:8,1,1,2
BRDA:9,2,0,0
BRDA:9,2,1,2
BRDA:11,3,0,0
BRDA:11,3,1,2
BRDA:13,4,0,2
BRDA:13,4,1,0
BRDA:14,5,0,2
BRDA:14,5,1,0
BRDA:15,6,0,2
BRDA:15,6,1,0
BRDA:16,7,0,1
BRDA:16,7,1,1
BRDA:17,8,0,1
BRDA:17,8,1,1
BRDA:18,9,0,1
BRDA:18,9,1,1
BRDA:33,10,0,0
BRDA:33,10,1,0
BRDA:36,11,0,0
BRDA:36,11,1,0
BRDA:36,12,0,0
BRDA:36,12,1,0
BRDA:38,13,0,0
BRDA:38,13,1,0
BRDA:47,14,0,0
BRDA:47,14,1,0
BRDA:51,15,0,0
BRDA:51,15,1,0
BRDA:74,16,0,1
BRDA:74,16,1,1
BRDA:78,17,0,2
BRDA:78,17,1,1
BRF:36
BRH:18
end_of_record
TN:
SF:components/ui/SearchAutocomplete.tsx
FN:12,SearchAutocomplete
FN:21,(anonymous_6)
FN:31,(anonymous_7)
FN:32,(anonymous_8)
FN:38,(anonymous_9)
FN:41,(anonymous_10)
FN:49,(anonymous_11)
FN:60,(anonymous_12)
FN:64,(anonymous_13)
FN:73,(anonymous_14)
FN:76,(anonymous_15)
FNF:11
FNH:0
FNDA:0,SearchAutocomplete
FNDA:0,(anonymous_6)
FNDA:0,(anonymous_7)
FNDA:0,(anonymous_8)
FNDA:0,(anonymous_9)
FNDA:0,(anonymous_10)
FNDA:0,(anonymous_11)
FNDA:0,(anonymous_12)
FNDA:0,(anonymous_13)
FNDA:0,(anonymous_14)
FNDA:0,(anonymous_15)
DA:3,0
DA:4,0
DA:5,0
DA:6,0
DA:7,0
DA:8,0
DA:9,0
DA:12,0
DA:13,0
DA:14,0
DA:15,0
DA:16,0
DA:17,0
DA:19,0
DA:22,0
DA:23,0
DA:26,0
DA:31,0
DA:32,0
DA:33,0
DA:34,0
DA:37,0
DA:38,0
DA:41,0
DA:42,0
DA:43,0
DA:44,0
DA:45,0
DA:49,0
DA:50,0
DA:51,0
DA:52,0
DA:61,0
DA:62,0
DA:64,0
DA:74,0
DA:76,0
LF:37
LH:0
BRDA:22,0,0,0
BRDA:22,0,1,0
BRDA:33,1,0,0
BRDA:33,1,1,0
BRDA:33,2,0,0
BRDA:33,2,1,0
BRDA:43,3,0,0
BRDA:43,3,1,0
BRDA:71,4,0,0
BRDA:71,4,1,0
BRF:10
BRH:0
end_of_record
TN:
SF:components/ui/Skeletons.tsx
FN:3,CatalogSkeleton
FN:14,(anonymous_7)
FN:22,SearchSkeleton
FN:26,(anonymous_9)
FN:33,GarageSkeleton
FN:36,(anonymous_11)
FN:50,OrdersSkeleton
FN:53,(anonymous_13)
FN:60,TableSkeleton
FN:64,(anonymous_15)
FNF:10
FNH:0
FNDA:0,CatalogSkeleton
FNDA:0,(anonymous_7)
FNDA:0,SearchSkeleton
FNDA:0,(anonymous_9)
FNDA:0,GarageSkeleton
FNDA:0,(anonymous_11)
FNDA:0,OrdersSkeleton
FNDA:0,(anonymous_13)
FNDA:0,TableSkeleton
FNDA:0,(anonymous_15)
DA:1,0
DA:3,0
DA:15,0
DA:22,0
DA:27,0
DA:33,0
DA:37,0
DA:50,0
DA:54,0
DA:60,0
DA:65,0
LF:11
LH:0
BRDA:60,0,0,0
BRF:1
BRH:0
end_of_record
TN:
SF:components/ui/ThemeToggle.tsx
FN:16,ThemeToggle
FN:19,(anonymous_3)
FNF:2
FNH:0
FNDA:0,ThemeToggle
FNDA:0,(anonymous_3)
DA:3,0
DA:4,0
DA:5,0
DA:6,0
DA:7,0
DA:9,0
DA:10,0
DA:16,0
DA:17,0
DA:19,0
DA:20,0
DA:21,0
LF:12
LH:0
BRDA:28,0,0,0
BRDA:28,0,1,0
BRDA:32,1,0,0
BRDA:32,1,1,0
BRDA:32,2,0,0
BRDA:32,2,1,0
BRF:6
BRH:0
end_of_record
TN:
SF:components/ui/avatar.tsx
FNF:0
FNH:0
DA:3,0
DA:4,0
DA:5,0
DA:17,0
DA:29,0
DA:41,0
DA:43,0
LF:7
LH:0
BRF:0
BRH:0
end_of_record
TN:
SF:components/ui/badge.tsx
FN:22,Badge
FNF:1
FNH:1
FNDA:8,Badge
DA:1,2
DA:2,2
DA:3,2
DA:5,2
DA:26,8
LF:5
LH:5
BRF:0
BRH:0
end_of_record
TN:
SF:components/ui/button.tsx
FN:36,(anonymous_6)
FNF:1
FNH:1
FNDA:24,(anonymous_6)
DA:1,3
DA:2,3
DA:3,3
DA:4,3
DA:6,3
DA:35,3
DA:37,24
DA:41,3
DA:43,24
LF:9
LH:9
BRDA:36,0,0,24
BRDA:37,1,0,0
BRDA:37,1,1,24
BRF:3
BRH:2
end_of_record
TN:
SF:components/ui/card.tsx
FNF:0
FNH:0
DA:1,1
DA:2,1
DA:9,1
DA:16,1
DA:23,1
DA:30,1
DA:37,1
DA:44,1
DA:46,3
LF:9
LH:9
BRF:0
BRH:0
end_of_record
TN:
SF:components/ui/dialog.tsx
FNF:0
FNH:0
DA:3,0
DA:4,0
DA:5,0
DA:6,0
DA:8,0
DA:9,0
DA:10,0
DA:12,0
DA:24,0
DA:45,0
DA:50,0
DA:58,0
DA:66,0
DA:71,0
DA:73,0
LF:15
LH:0
BRF:0
BRH:0
end_of_record
TN:
SF:components/ui/drawer.tsx
FNF:0
FNH:0
DA:3,0
DA:4,0
DA:5,0
DA:12,0
DA:14,0
DA:15,0
DA:16,0
DA:43,0
DA:45,0
DA:47,0
LF:10
LH:0
BRF:0
BRH:0
end_of_record
TN:
SF:components/ui/dropdown-menu.tsx
FNF:0
FNH:0
DA:3,0
DA:4,0
DA:5,0
DA:7,0
DA:8,0
DA:9,0
DA:28,0
DA:44,0
DA:52,0
DA:54,0
LF:10
LH:0
BRDA:14,0,0,0
BRDA:38,1,0,0
BRDA:38,1,1,0
BRDA:50,2,0,0
BRDA:50,2,1,0
BRF:5
BRH:0
end_of_record
TN:
SF:components/ui/input.tsx
FN:7,(anonymous_4)
FNF:1
FNH:1
FNDA:5,(anonymous_4)
DA:1,1
DA:2,1
DA:6,1
DA:21,1
DA:23,5
LF:5
LH:5
BRF:0
BRH:0
end_of_record
TN:
SF:components/ui/label.tsx
FNF:0
FNH:0
DA:3,1
DA:4,1
DA:5,1
DA:6,1
DA:8,1
DA:16,1
DA:18,3
LF:7
LH:7
BRF:0
BRH:0
end_of_record
TN:
SF:components/ui/progress.tsx
FNF:0
FNH:0
DA:2,1
DA:3,1
DA:4,1
DA:24,1
DA:26,4
LF:5
LH:5
BRDA:18,0,0,4
BRDA:18,0,1,4
BRDA:19,1,0,4
BRDA:19,1,1,1
BRF:4
BRH:4
end_of_record
TN:
SF:components/ui/radio-group.tsx
FNF:0
FNH:0
DA:3,1
DA:4,1
DA:5,1
DA:6,1
DA:14,1
DA:33,1
DA:35,4
LF:7
LH:7
BRF:0
BRH:0
end_of_record
TN:
SF:components/ui/select.tsx
FNF:0
FNH:0
DA:3,0
DA:4,0
DA:5,0
DA:6,0
DA:8,0
DA:9,0
DA:10,0
DA:30,0
DA:55,0
DA:72,0
DA:74,0
LF:11
LH:0
BRDA:35,0,0,0
BRDA:41,1,0,0
BRDA:41,1,1,0
BRDA:48,2,0,0
BRDA:48,2,1,0
BRF:5
BRH:0
end_of_record
TN:
SF:components/ui/separator.tsx
FNF:0
FNH:0
DA:3,1
DA:4,1
DA:5,1
DA:19,1
DA:21,1
LF:5
LH:5
BRDA:10,0,0,1
BRDA:10,1,0,1
BRDA:15,2,0,1
BRDA:15,2,1,0
BRF:4
BRH:3
end_of_record
TN:
SF:components/ui/sheet.tsx
FNF:0
FNH:0
DA:3,0
DA:4,0
DA:5,0
DA:6,0
DA:8,0
DA:9,0
DA:10,0
DA:22,0
DA:53,0
DA:58,0
DA:66,0
DA:74,0
DA:76,0
LF:13
LH:0
BRDA:31,0,0,0
BRDA:38,1,0,0
BRDA:38,1,1,0
BRDA:39,2,0,0
BRDA:39,2,1,0
BRDA:40,3,0,0
BRDA:40,3,1,0
BRDA:41,4,0,0
BRDA:41,4,1,0
BRF:9
BRH:0
end_of_record
TN:
SF:components/ui/skeleton.tsx
FN:3,Skeleton
FNF:1
FNH:1
FNDA:2,Skeleton
DA:1,1
DA:7,2
LF:2
LH:2
BRF:0
BRH:0
end_of_record
TN:
SF:components/ui/table.tsx
FNF:0
FNH:0
DA:1,0
DA:2,0
DA:9,0
DA:16,0
DA:23,0
DA:34,0
DA:48,0
DA:55,0
DA:57,0
LF:9
LH:0
BRF:0
BRH:0
end_of_record
TN:
SF:components/ui/tooltip.tsx
FNF:0
FNH:0
DA:3,0
DA:4,0
DA:5,0
DA:7,0
DA:8,0
DA:9,0
DA:27,0
DA:29,0
LF:8
LH:0
BRDA:14,0,0,0
BRF:1
BRH:0
end_of_record
TN:
SF:components/vehicles/VehicleSelectorDialog.tsx
FN:30,VehicleSelectorDialog
FN:48,(anonymous_3)
FN:53,(anonymous_4)
FN:59,(anonymous_5)
FN:63,(anonymous_6)
FN:94,(anonymous_7)
FN:127,(anonymous_8)
FN:133,(anonymous_9)
FN:149,(anonymous_10)
FN:155,(anonymous_11)
FN:167,(anonymous_12)
FN:168,(anonymous_13)
FN:168,(anonymous_14)
FN:174,(anonymous_15)
FN:188,(anonymous_16)
FN:189,(anonymous_17)
FN:189,(anonymous_18)
FN:195,(anonymous_19)
FN:207,(anonymous_20)
FN:208,(anonymous_21)
FN:209,(anonymous_22)
FN:226,(anonymous_23)
FN:249,(anonymous_24)
FN:255,(anonymous_25)
FN:266,(anonymous_26)
FN:272,(anonymous_27)
FNF:26
FNH:0
FNDA:0,VehicleSelectorDialog
FNDA:0,(anonymous_3)
FNDA:0,(anonymous_4)
FNDA:0,(anonymous_5)
FNDA:0,(anonymous_6)
FNDA:0,(anonymous_7)
FNDA:0,(anonymous_8)
FNDA:0,(anonymous_9)
FNDA:0,(anonymous_10)
FNDA:0,(anonymous_11)
FNDA:0,(anonymous_12)
FNDA:0,(anonymous_13)
FNDA:0,(anonymous_14)
FNDA:0,(anonymous_15)
FNDA:0,(anonymous_16)
FNDA:0,(anonymous_17)
FNDA:0,(anonymous_18)
FNDA:0,(anonymous_19)
FNDA:0,(anonymous_20)
FNDA:0,(anonymous_21)
FNDA:0,(anonymous_22)
FNDA:0,(anonymous_23)
FNDA:0,(anonymous_24)
FNDA:0,(anonymous_25)
FNDA:0,(anonymous_26)
FNDA:0,(anonymous_27)
DA:3,0
DA:4,0
DA:5,0
DA:6,0
DA:7,0
DA:8,0
DA:9,0
DA:10,0
DA:11,0
DA:12,0
DA:13,0
DA:14,0
DA:15,0
DA:16,0
DA:17,0
DA:19,0
DA:30,0
DA:31,0
DA:32,0
DA:33,0
DA:34,0
DA:35,0
DA:36,0
DA:38,0
DA:39,0
DA:40,0
DA:41,0
DA:42,0
DA:43,0
DA:45,0
DA:46,0
DA:48,0
DA:49,0
DA:50,0
DA:53,0
DA:54,0
DA:55,0
DA:56,0
DA:59,0
DA:60,0
DA:63,0
DA:64,0
DA:65,0
DA:95,0
DA:96,0
DA:97,0
DA:98,0
DA:128,0
DA:133,0
DA:149,0
DA:156,0
DA:167,0
DA:168,0
DA:175,0
DA:188,0
DA:189,0
DA:196,0
DA:207,0
DA:209,0
DA:210,0
DA:211,0
DA:212,0
DA:213,0
DA:214,0
DA:227,0
DA:249,0
DA:256,0
DA:266,0
DA:273,0
LF:69
LH:0
BRDA:54,0,0,0
BRDA:54,0,1,0
BRDA:64,1,0,0
BRDA:64,1,1,0
BRDA:85,2,0,0
BRDA:88,3,0,0
BRDA:88,3,1,0
BRDA:88,4,0,0
BRDA:88,4,1,0
BRDA:91,5,0,0
BRDA:92,6,0,0
BRDA:93,7,0,0
BRDA:94,8,0,0
BRDA:94,8,1,0
BRDA:96,9,0,0
BRDA:96,9,1,0
BRDA:97,10,0,0
BRDA:97,10,1,0
BRDA:98,11,0,0
BRDA:98,11,1,0
BRDA:100,12,0,0
BRDA:100,12,1,0
BRDA:101,13,0,0
BRDA:101,13,1,0
BRDA:101,14,0,0
BRDA:101,14,1,0
BRDA:130,15,0,0
BRDA:130,15,1,0
BRDA:148,16,0,0
BRDA:148,16,1,0
BRDA:166,17,0,0
BRDA:166,17,1,0
BRDA:167,18,0,0
BRDA:167,18,1,0
BRDA:167,19,0,0
BRDA:167,19,1,0
BRDA:168,20,0,0
BRDA:168,20,1,0
BRDA:187,21,0,0
BRDA:187,21,1,0
BRDA:187,21,2,0
BRDA:188,22,0,0
BRDA:188,22,1,0
BRDA:188,23,0,0
BRDA:188,23,1,0
BRDA:189,24,0,0
BRDA:189,24,1,0
BRDA:206,25,0,0
BRDA:206,25,1,0
BRDA:206,25,2,0
BRDA:207,26,0,0
BRDA:207,26,1,0
BRDA:207,27,0,0
BRDA:207,27,1,0
BRDA:210,28,0,0
BRDA:210,28,1,0
BRDA:211,29,0,0
BRDA:211,29,1,0
BRDA:212,30,0,0
BRDA:212,30,1,0
BRDA:213,31,0,0
BRDA:213,31,1,0
BRDA:229,32,0,0
BRDA:229,32,1,0
BRDA:242,33,0,0
BRDA:247,34,0,0
BRDA:247,34,1,0
BRDA:248,35,0,0
BRDA:248,35,1,0
BRDA:264,36,0,0
BRDA:264,36,1,0
BRDA:264,36,2,0
BRDA:265,37,0,0
BRDA:265,37,1,0
BRDA:282,38,0,0
BRDA:290,39,0,0
BRDA:290,39,1,0
BRF:77
BRH:0
end_of_record
