TN:
SF:app/(admin)/[locale]/error.tsx
FN:8,AdminErrorPage
FN:25,(anonymous_3)
FNF:2
FNH:0
FNDA:0,AdminErrorPage
FNDA:0,(anonymous_3)
DA:3,0
DA:4,0
DA:5,0
DA:6,0
DA:8,0
DA:25,0
LF:6
LH:0
BRF:0
BRH:0
end_of_record
TN:
SF:app/(admin)/[locale]/admin/AdminClient.tsx
FN:16,(anonymous_5)
FN:16,(anonymous_6)
FN:18,AdminPage
FNF:3
FNH:0
FNDA:0,(anonymous_5)
FNDA:0,(anonymous_6)
FNDA:0,AdminPage
DA:3,0
DA:4,0
DA:5,0
DA:6,0
DA:7,0
DA:8,0
DA:9,0
DA:10,0
DA:11,0
DA:12,0
DA:13,0
DA:14,0
DA:16,0
DA:18,0
DA:19,0
DA:20,0
DA:21,0
DA:22,0
DA:24,0
LF:19
LH:0
BRDA:22,0,0,0
BRDA:22,0,1,0
BRDA:24,1,0,0
BRDA:24,1,1,0
BRDA:25,2,0,0
BRDA:25,2,1,0
BRDA:26,3,0,0
BRDA:26,3,1,0
BRDA:40,4,0,0
BRDA:40,4,1,0
BRDA:41,5,0,0
BRDA:41,5,1,0
BRDA:42,6,0,0
BRDA:42,6,1,0
BRDA:43,7,0,0
BRDA:43,7,1,0
BRDA:44,8,0,0
BRDA:44,8,1,0
BRF:18
BRH:0
end_of_record
TN:
SF:app/(admin)/[locale]/admin/components/AdminLocaleContext.tsx
FN:12,(anonymous_6)
FN:15,AdminLocaleProvider
FN:24,(anonymous_8)
FNF:3
FNH:0
FNDA:0,(anonymous_6)
FNDA:0,AdminLocaleProvider
FNDA:0,(anonymous_8)
DA:3,0
DA:10,0
DA:15,0
DA:16,0
DA:24,0
LF:5
LH:0
BRF:0
BRH:0
end_of_record
TN:
SF:app/(admin)/[locale]/admin/components/BackupTab.tsx
FN:44,(anonymous_5)
FN:44,(anonymous_6)
FN:46,formatFileSize
FN:67,TimePicker
FN:81,(anonymous_10)
FN:83,(anonymous_11)
FN:113,(anonymous_12)
FN:115,(anonymous_13)
FN:125,(anonymous_14)
FN:139,(anonymous_15)
FN:141,(anonymous_16)
FN:151,(anonymous_17)
FN:176,BackupTab
FN:186,(anonymous_19)
FN:193,(anonymous_20)
FN:204,(anonymous_21)
FN:211,(anonymous_22)
FN:218,(anonymous_23)
FN:220,(anonymous_24)
FN:223,(anonymous_25)
FN:226,(anonymous_26)
FN:227,(anonymous_27)
FN:235,(anonymous_28)
FN:241,(anonymous_29)
FN:245,(anonymous_30)
FN:248,(anonymous_31)
FN:252,(anonymous_32)
FN:259,(anonymous_33)
FN:263,(anonymous_34)
FN:266,(anonymous_35)
FN:273,(anonymous_36)
FN:293,(anonymous_37)
FN:297,(anonymous_38)
FN:302,(anonymous_39)
FN:307,(anonymous_40)
FN:311,(anonymous_41)
FN:318,(anonymous_42)
FN:327,(anonymous_43)
FN:345,(anonymous_44)
FN:356,(anonymous_45)
FN:367,(anonymous_46)
FN:374,(anonymous_47)
FN:409,(anonymous_48)
FN:461,(anonymous_49)
FN:492,(anonymous_50)
FN:533,(anonymous_51)
FN:549,(anonymous_52)
FN:574,(anonymous_53)
FN:618,(anonymous_54)
FN:623,(anonymous_55)
FNF:50
FNH:0
FNDA:0,(anonymous_5)
FNDA:0,(anonymous_6)
FNDA:0,formatFileSize
FNDA:0,TimePicker
FNDA:0,(anonymous_10)
FNDA:0,(anonymous_11)
FNDA:0,(anonymous_12)
FNDA:0,(anonymous_13)
FNDA:0,(anonymous_14)
FNDA:0,(anonymous_15)
FNDA:0,(anonymous_16)
FNDA:0,(anonymous_17)
FNDA:0,BackupTab
FNDA:0,(anonymous_19)
FNDA:0,(anonymous_20)
FNDA:0,(anonymous_21)
FNDA:0,(anonymous_22)
FNDA:0,(anonymous_23)
FNDA:0,(anonymous_24)
FNDA:0,(anonymous_25)
FNDA:0,(anonymous_26)
FNDA:0,(anonymous_27)
FNDA:0,(anonymous_28)
FNDA:0,(anonymous_29)
FNDA:0,(anonymous_30)
FNDA:0,(anonymous_31)
FNDA:0,(anonymous_32)
FNDA:0,(anonymous_33)
FNDA:0,(anonymous_34)
FNDA:0,(anonymous_35)
FNDA:0,(anonymous_36)
FNDA:0,(anonymous_37)
FNDA:0,(anonymous_38)
FNDA:0,(anonymous_39)
FNDA:0,(anonymous_40)
FNDA:0,(anonymous_41)
FNDA:0,(anonymous_42)
FNDA:0,(anonymous_43)
FNDA:0,(anonymous_44)
FNDA:0,(anonymous_45)
FNDA:0,(anonymous_46)
FNDA:0,(anonymous_47)
FNDA:0,(anonymous_48)
FNDA:0,(anonymous_49)
FNDA:0,(anonymous_50)
FNDA:0,(anonymous_51)
FNDA:0,(anonymous_52)
FNDA:0,(anonymous_53)
FNDA:0,(anonymous_54)
FNDA:0,(anonymous_55)
DA:3,0
DA:4,0
DA:5,0
DA:6,0
DA:16,0
DA:17,0
DA:18,0
DA:19,0
DA:24,0
DA:32,0
DA:37,0
DA:38,0
DA:39,0
DA:40,0
DA:41,0
DA:42,0
DA:44,0
DA:47,0
DA:48,0
DA:49,0
DA:50,0
DA:51,0
DA:54,0
DA:60,0
DA:76,0
DA:77,0
DA:78,0
DA:79,0
DA:81,0
DA:82,0
DA:83,0
DA:84,0
DA:87,0
DA:114,0
DA:116,0
DA:126,0
DA:127,0
DA:140,0
DA:142,0
DA:152,0
DA:153,0
DA:176,0
DA:177,0
DA:178,0
DA:179,0
DA:180,0
DA:181,0
DA:182,0
DA:183,0
DA:184,0
DA:186,0
DA:187,0
DA:191,0
DA:194,0
DA:195,0
DA:202,0
DA:205,0
DA:206,0
DA:211,0
DA:212,0
DA:213,0
DA:218,0
DA:219,0
DA:220,0
DA:221,0
DA:223,0
DA:224,0
DA:226,0
DA:227,0
DA:228,0
DA:229,0
DA:230,0
DA:235,0
DA:236,0
DA:240,0
DA:242,0
DA:243,0
DA:246,0
DA:247,0
DA:248,0
DA:253,0
DA:258,0
DA:260,0
DA:261,0
DA:264,0
DA:267,0
DA:272,0
DA:274,0
DA:275,0
DA:278,0
DA:279,0
DA:280,0
DA:281,0
DA:282,0
DA:283,0
DA:285,0
DA:292,0
DA:294,0
DA:295,0
DA:298,0
DA:299,0
DA:300,0
DA:303,0
DA:307,0
DA:308,0
DA:311,0
DA:312,0
DA:313,0
DA:314,0
DA:315,0
DA:316,0
DA:317,0
DA:318,0
DA:319,0
DA:320,0
DA:321,0
DA:327,0
DA:328,0
DA:330,0
DA:333,0
DA:334,0
DA:336,0
DA:346,0
DA:347,0
DA:348,0
DA:349,0
DA:350,0
DA:356,0
DA:367,0
DA:374,0
DA:410,0
DA:411,0
DA:412,0
DA:419,0
DA:462,0
DA:493,0
DA:534,0
DA:549,0
DA:574,0
DA:618,0
DA:623,0
LF:141
LH:0
BRDA:47,0,0,0
BRDA:47,0,1,0
BRDA:77,1,0,0
BRDA:77,1,1,0
BRDA:82,2,0,0
BRDA:82,2,1,0
BRDA:103,3,0,0
BRDA:103,3,1,0
BRDA:119,4,0,0
BRDA:119,4,1,0
BRDA:121,5,0,0
BRDA:121,5,1,0
BRDA:145,6,0,0
BRDA:145,6,1,0
BRDA:147,7,0,0
BRDA:147,7,1,0
BRDA:191,8,0,0
BRDA:197,9,0,0
BRDA:197,9,1,0
BRDA:197,10,0,0
BRDA:197,10,1,0
BRDA:208,11,0,0
BRDA:208,11,1,0
BRDA:208,12,0,0
BRDA:208,12,1,0
BRDA:212,13,0,0
BRDA:212,13,1,0
BRDA:253,14,0,0
BRDA:253,14,1,0
BRDA:267,15,0,0
BRDA:267,15,1,0
BRDA:285,16,0,0
BRDA:285,16,1,0
BRDA:303,17,0,0
BRDA:303,17,1,0
BRDA:319,18,0,0
BRDA:319,18,1,0
BRDA:322,19,0,0
BRDA:322,19,1,0
BRDA:322,19,2,0
BRDA:333,20,0,0
BRDA:333,20,1,0
BRDA:334,21,0,0
BRDA:334,21,1,0
BRDA:339,22,0,0
BRDA:339,22,1,0
BRDA:342,23,0,0
BRDA:342,23,1,0
BRDA:344,24,0,0
BRDA:344,24,1,0
BRDA:348,25,0,0
BRDA:348,25,1,0
BRDA:348,26,0,0
BRDA:348,26,1,0
BRDA:411,27,0,0
BRDA:411,27,1,0
BRDA:411,28,0,0
BRDA:411,28,1,0
BRDA:419,29,0,0
BRDA:419,29,1,0
BRDA:419,30,0,0
BRDA:419,30,1,0
BRDA:419,31,0,0
BRDA:419,31,1,0
BRDA:433,32,0,0
BRDA:432,33,0,0
BRDA:432,33,1,0
BRDA:439,34,0,0
BRDA:438,35,0,0
BRDA:438,35,1,0
BRDA:460,36,0,0
BRDA:466,37,0,0
BRDA:498,38,0,0
BRDA:498,38,1,0
BRDA:513,39,0,0
BRDA:513,39,1,0
BRDA:515,40,0,0
BRDA:519,41,0,0
BRDA:519,41,1,0
BRDA:526,42,0,0
BRDA:574,43,0,0
BRDA:574,43,1,0
BRDA:590,44,0,0
BRDA:602,45,0,0
BRDA:602,45,1,0
BRDA:627,46,0,0
BRF:86
BRH:0
end_of_record
TN:
SF:app/(admin)/[locale]/admin/components/DashboardTab.tsx
FN:28,(anonymous_5)
FN:31,formatPhone
FN:61,DashboardTab
FN:71,getDateRange
FN:90,(anonymous_9)
FN:92,(anonymous_10)
FN:96,(anonymous_11)
FN:98,(anonymous_12)
FN:105,(anonymous_13)
FN:118,(anonymous_14)
FN:133,(anonymous_15)
FN:146,(anonymous_16)
FN:160,(anonymous_17)
FN:161,(anonymous_18)
FN:162,(anonymous_19)
FN:165,(anonymous_20)
FN:169,(anonymous_21)
FN:170,(anonymous_22)
FN:171,(anonymous_23)
FN:172,(anonymous_24)
FN:194,(anonymous_25)
FN:199,(anonymous_26)
FN:403,(anonymous_27)
FN:410,(anonymous_28)
FN:446,(anonymous_29)
FNF:25
FNH:0
FNDA:0,(anonymous_5)
FNDA:0,formatPhone
FNDA:0,DashboardTab
FNDA:0,getDateRange
FNDA:0,(anonymous_9)
FNDA:0,(anonymous_10)
FNDA:0,(anonymous_11)
FNDA:0,(anonymous_12)
FNDA:0,(anonymous_13)
FNDA:0,(anonymous_14)
FNDA:0,(anonymous_15)
FNDA:0,(anonymous_16)
FNDA:0,(anonymous_17)
FNDA:0,(anonymous_18)
FNDA:0,(anonymous_19)
FNDA:0,(anonymous_20)
FNDA:0,(anonymous_21)
FNDA:0,(anonymous_22)
FNDA:0,(anonymous_23)
FNDA:0,(anonymous_24)
FNDA:0,(anonymous_25)
FNDA:0,(anonymous_26)
FNDA:0,(anonymous_27)
FNDA:0,(anonymous_28)
FNDA:0,(anonymous_29)
DA:3,0
DA:11,0
DA:12,0
DA:13,0
DA:14,0
DA:15,0
DA:16,0
DA:17,0
DA:18,0
DA:19,0
DA:20,0
DA:21,0
DA:22,0
DA:23,0
DA:24,0
DA:25,0
DA:26,0
DA:28,0
DA:29,0
DA:32,0
DA:33,0
DA:34,0
DA:35,0
DA:36,0
DA:37,0
DA:38,0
DA:39,0
DA:41,0
DA:44,0
DA:52,0
DA:61,0
DA:62,0
DA:63,0
DA:66,0
DA:67,0
DA:72,0
DA:73,0
DA:75,0
DA:77,0
DA:79,0
DA:81,0
DA:83,0
DA:87,0
DA:90,0
DA:91,0
DA:92,0
DA:93,0
DA:94,0
DA:96,0
DA:97,0
DA:98,0
DA:99,0
DA:100,0
DA:105,0
DA:106,0
DA:107,0
DA:108,0
DA:111,0
DA:119,0
DA:124,0
DA:125,0
DA:131,0
DA:134,0
DA:137,0
DA:142,0
DA:143,0
DA:144,0
DA:146,0
DA:147,0
DA:152,0
DA:153,0
DA:160,0
DA:161,0
DA:162,0
DA:165,0
DA:169,0
DA:170,0
DA:171,0
DA:172,0
DA:174,0
DA:191,0
DA:194,0
DA:199,0
DA:404,0
DA:406,0
DA:407,0
DA:410,0
DA:447,0
LF:88
LH:0
BRDA:32,0,0,0
BRDA:32,0,1,0
BRDA:35,1,0,0
BRDA:35,1,1,0
BRDA:36,2,0,0
BRDA:36,2,1,0
BRDA:37,3,0,0
BRDA:37,3,1,0
BRDA:38,4,0,0
BRDA:38,4,1,0
BRDA:73,5,0,0
BRDA:73,5,1,0
BRDA:73,5,2,0
BRDA:73,5,3,0
BRDA:73,5,4,0
BRDA:87,6,0,0
BRDA:87,6,1,0
BRDA:127,7,0,0
BRDA:127,7,1,0
BRDA:127,8,0,0
BRDA:127,8,1,0
BRDA:139,9,0,0
BRDA:139,9,1,0
BRDA:139,10,0,0
BRDA:139,10,1,0
BRDA:142,11,0,0
BRDA:142,11,1,0
BRDA:147,12,0,0
BRDA:147,12,1,0
BRDA:148,13,0,0
BRDA:148,13,1,0
BRDA:148,13,2,0
BRDA:160,14,0,0
BRDA:160,14,1,0
BRDA:161,15,0,0
BRDA:161,15,1,0
BRDA:162,16,0,0
BRDA:162,16,1,0
BRDA:167,17,0,0
BRDA:167,17,1,0
BRDA:180,18,0,0
BRDA:180,18,1,0
BRDA:184,19,0,0
BRDA:184,19,1,0
BRDA:188,20,0,0
BRDA:188,20,1,0
BRDA:192,21,0,0
BRDA:192,21,1,0
BRDA:197,22,0,0
BRDA:197,22,1,0
BRDA:202,23,0,0
BRDA:202,23,1,0
BRDA:204,24,0,0
BRDA:204,24,1,0
BRDA:205,25,0,0
BRDA:205,25,1,0
BRDA:209,26,0,0
BRDA:209,26,1,0
BRDA:210,27,0,0
BRDA:210,27,1,0
BRDA:211,28,0,0
BRDA:211,28,1,0
BRDA:225,29,0,0
BRDA:225,29,1,0
BRDA:226,30,0,0
BRDA:226,30,1,0
BRDA:229,31,0,0
BRDA:229,31,1,0
BRDA:245,32,0,0
BRDA:245,32,1,0
BRDA:262,33,0,0
BRDA:262,33,1,0
BRDA:277,34,0,0
BRDA:277,34,1,0
BRDA:292,35,0,0
BRDA:292,35,1,0
BRDA:309,36,0,0
BRDA:309,36,1,0
BRDA:398,37,0,0
BRDA:406,38,0,0
BRDA:406,38,1,0
BRDA:415,39,0,0
BRDA:415,39,1,0
BRDA:420,40,0,0
BRDA:428,41,0,0
BRDA:428,41,1,0
BRDA:447,42,0,0
BRDA:447,42,1,0
BRF:88
BRH:0
end_of_record
TN:
SF:app/(admin)/[locale]/admin/components/OrderDetailModal.tsx
FN:79,(anonymous_5)
FN:156,formatPhone
FN:164,formatPhonesInText
FN:165,(anonymous_8)
FN:182,formatDate
FN:197,OrderDetailModal
FN:219,(anonymous_11)
FN:222,(anonymous_12)
FN:230,(anonymous_13)
FN:233,(anonymous_14)
FN:241,(anonymous_15)
FN:244,(anonymous_16)
FN:257,(anonymous_17)
FN:267,(anonymous_18)
FN:275,(anonymous_19)
FN:277,(anonymous_20)
FN:283,(anonymous_21)
FN:312,(anonymous_22)
FN:321,(anonymous_23)
FN:336,(anonymous_24)
FN:339,(anonymous_25)
FN:354,(anonymous_26)
FN:360,(anonymous_27)
FN:368,(anonymous_28)
FN:372,(anonymous_29)
FN:381,(anonymous_30)
FN:388,(anonymous_31)
FN:392,(anonymous_32)
FN:396,(anonymous_33)
FN:404,(anonymous_34)
FN:419,(anonymous_35)
FN:422,(anonymous_36)
FN:426,(anonymous_37)
FN:433,(anonymous_38)
FN:436,(anonymous_39)
FN:439,(anonymous_40)
FN:489,(anonymous_41)
FN:534,(anonymous_42)
FN:545,(anonymous_43)
FN:584,(anonymous_44)
FN:654,(anonymous_45)
FN:687,(anonymous_46)
FN:703,(anonymous_47)
FN:766,(anonymous_48)
FN:790,(anonymous_49)
FN:791,(anonymous_50)
FN:814,(anonymous_51)
FN:815,(anonymous_52)
FN:849,(anonymous_53)
FN:873,(anonymous_54)
FN:874,(anonymous_55)
FN:893,(anonymous_56)
FN:903,(anonymous_57)
FN:904,(anonymous_58)
FN:932,(anonymous_59)
FN:933,(anonymous_60)
FN:1007,(anonymous_61)
FN:1008,(anonymous_62)
FN:1027,(anonymous_63)
FN:1028,(anonymous_64)
FN:1080,(anonymous_66)
FN:1081,(anonymous_67)
FN:1090,(anonymous_68)
FN:1091,(anonymous_69)
FN:1092,(anonymous_70)
FN:1152,(anonymous_71)
FN:1153,(anonymous_72)
FN:1161,(anonymous_73)
FN:1162,(anonymous_74)
FN:1204,(anonymous_76)
FN:1205,(anonymous_77)
FN:1228,(anonymous_78)
FN:1229,(anonymous_79)
FN:1287,(anonymous_80)
FN:1299,(anonymous_81)
FN:1329,(anonymous_82)
FN:1379,(anonymous_83)
FN:1387,(anonymous_84)
FN:1447,(anonymous_85)
FN:1473,(anonymous_86)
FNF:80
FNH:0
FNDA:0,(anonymous_5)
FNDA:0,formatPhone
FNDA:0,formatPhonesInText
FNDA:0,(anonymous_8)
FNDA:0,formatDate
FNDA:0,OrderDetailModal
FNDA:0,(anonymous_11)
FNDA:0,(anonymous_12)
FNDA:0,(anonymous_13)
FNDA:0,(anonymous_14)
FNDA:0,(anonymous_15)
FNDA:0,(anonymous_16)
FNDA:0,(anonymous_17)
FNDA:0,(anonymous_18)
FNDA:0,(anonymous_19)
FNDA:0,(anonymous_20)
FNDA:0,(anonymous_21)
FNDA:0,(anonymous_22)
FNDA:0,(anonymous_23)
FNDA:0,(anonymous_24)
FNDA:0,(anonymous_25)
FNDA:0,(anonymous_26)
FNDA:0,(anonymous_27)
FNDA:0,(anonymous_28)
FNDA:0,(anonymous_29)
FNDA:0,(anonymous_30)
FNDA:0,(anonymous_31)
FNDA:0,(anonymous_32)
FNDA:0,(anonymous_33)
FNDA:0,(anonymous_34)
FNDA:0,(anonymous_35)
FNDA:0,(anonymous_36)
FNDA:0,(anonymous_37)
FNDA:0,(anonymous_38)
FNDA:0,(anonymous_39)
FNDA:0,(anonymous_40)
FNDA:0,(anonymous_41)
FNDA:0,(anonymous_42)
FNDA:0,(anonymous_43)
FNDA:0,(anonymous_44)
FNDA:0,(anonymous_45)
FNDA:0,(anonymous_46)
FNDA:0,(anonymous_47)
FNDA:0,(anonymous_48)
FNDA:0,(anonymous_49)
FNDA:0,(anonymous_50)
FNDA:0,(anonymous_51)
FNDA:0,(anonymous_52)
FNDA:0,(anonymous_53)
FNDA:0,(anonymous_54)
FNDA:0,(anonymous_55)
FNDA:0,(anonymous_56)
FNDA:0,(anonymous_57)
FNDA:0,(anonymous_58)
FNDA:0,(anonymous_59)
FNDA:0,(anonymous_60)
FNDA:0,(anonymous_61)
FNDA:0,(anonymous_62)
FNDA:0,(anonymous_63)
FNDA:0,(anonymous_64)
FNDA:0,(anonymous_66)
FNDA:0,(anonymous_67)
FNDA:0,(anonymous_68)
FNDA:0,(anonymous_69)
FNDA:0,(anonymous_70)
FNDA:0,(anonymous_71)
FNDA:0,(anonymous_72)
FNDA:0,(anonymous_73)
FNDA:0,(anonymous_74)
FNDA:0,(anonymous_76)
FNDA:0,(anonymous_77)
FNDA:0,(anonymous_78)
FNDA:0,(anonymous_79)
FNDA:0,(anonymous_80)
FNDA:0,(anonymous_81)
FNDA:0,(anonymous_82)
FNDA:0,(anonymous_83)
FNDA:0,(anonymous_84)
FNDA:0,(anonymous_85)
FNDA:0,(anonymous_86)
DA:3,0
DA:4,0
DA:5,0
DA:36,0
DA:37,0
DA:38,0
DA:39,0
DA:46,0
DA:52,0
DA:58,0
DA:59,0
DA:60,0
DA:61,0
DA:62,0
DA:63,0
DA:64,0
DA:68,0
DA:70,0
DA:71,0
DA:72,0
DA:73,0
DA:74,0
DA:75,0
DA:76,0
DA:77,0
DA:79,0
DA:80,0
DA:82,0
DA:149,0
DA:150,0
DA:157,0
DA:158,0
DA:159,0
DA:160,0
DA:161,0
DA:165,0
DA:168,0
DA:183,0
DA:184,0
DA:185,0
DA:193,0
DA:197,0
DA:202,0
DA:203,0
DA:205,0
DA:206,0
DA:207,0
DA:210,0
DA:212,0
DA:213,0
DA:214,0
DA:216,0
DA:217,0
DA:220,0
DA:222,0
DA:227,0
DA:228,0
DA:231,0
DA:233,0
DA:238,0
DA:239,0
DA:242,0
DA:244,0
DA:249,0
DA:255,0
DA:258,0
DA:259,0
DA:265,0
DA:268,0
DA:269,0
DA:275,0
DA:276,0
DA:277,0
DA:278,0
DA:279,0
DA:283,0
DA:284,0
DA:285,0
DA:303,0
DA:304,0
DA:305,0
DA:306,0
DA:307,0
DA:311,0
DA:319,0
DA:322,0
DA:323,0
DA:326,0
DA:329,0
DA:330,0
DA:331,0
DA:335,0
DA:337,0
DA:340,0
DA:341,0
DA:344,0
DA:347,0
DA:348,0
DA:349,0
DA:353,0
DA:355,0
DA:358,0
DA:361,0
DA:362,0
DA:363,0
DA:366,0
DA:368,0
DA:371,0
DA:373,0
DA:374,0
DA:382,0
DA:383,0
DA:386,0
DA:388,0
DA:391,0
DA:393,0
DA:396,0
DA:402,0
DA:405,0
DA:406,0
DA:407,0
DA:409,0
DA:412,0
DA:419,0
DA:422,0
DA:423,0
DA:424,0
DA:425,0
DA:426,0
DA:427,0
DA:429,0
DA:430,0
DA:433,0
DA:434,0
DA:435,0
DA:436,0
DA:438,0
DA:439,0
DA:445,0
DA:471,0
DA:472,0
DA:474,0
DA:475,0
DA:476,0
DA:478,0
DA:481,0
DA:483,0
DA:490,0
DA:491,0
DA:492,0
DA:493,0
DA:535,0
DA:546,0
DA:585,0
DA:586,0
DA:587,0
DA:588,0
DA:589,0
DA:590,0
DA:591,0
DA:592,0
DA:593,0
DA:594,0
DA:595,0
DA:596,0
DA:597,0
DA:598,0
DA:600,0
DA:602,0
DA:603,0
DA:604,0
DA:605,0
DA:606,0
DA:607,0
DA:608,0
DA:609,0
DA:610,0
DA:611,0
DA:612,0
DA:613,0
DA:614,0
DA:615,0
DA:617,0
DA:655,0
DA:666,0
DA:687,0
DA:704,0
DA:705,0
DA:706,0
DA:767,0
DA:791,0
DA:815,0
DA:850,0
DA:851,0
DA:852,0
DA:874,0
DA:894,0
DA:904,0
DA:933,0
DA:1008,0
DA:1027,0
DA:1028,0
DA:1081,0
DA:1090,0
DA:1091,0
DA:1093,0
DA:1153,0
DA:1161,0
DA:1162,0
DA:1205,0
DA:1229,0
DA:1288,0
DA:1300,0
DA:1330,0
DA:1379,0
DA:1388,0
DA:1389,0
DA:1390,0
DA:1417,0
DA:1418,0
DA:1419,0
DA:1420,0
DA:1421,0
DA:1422,0
DA:1447,0
DA:1474,0
DA:1475,0
DA:1478,0
DA:1479,0
DA:1484,0
DA:1485,0
DA:1488,0
DA:1489,0
DA:1495,0
DA:1497,0
DA:1498,0
DA:1502,0
DA:1506,0
DA:1507,0
LF:239
LH:0
BRDA:157,0,0,0
BRDA:157,0,1,0
BRDA:159,1,0,0
BRDA:159,1,1,0
BRDA:212,2,0,0
BRDA:212,2,1,0
BRDA:213,3,0,0
BRDA:213,3,1,0
BRDA:214,4,0,0
BRDA:214,4,1,0
BRDA:217,5,0,0
BRDA:228,6,0,0
BRDA:234,7,0,0
BRDA:234,7,1,0
BRDA:239,8,0,0
BRDA:245,9,0,0
BRDA:245,9,1,0
BRDA:261,10,0,0
BRDA:261,10,1,0
BRDA:271,11,0,0
BRDA:271,11,1,0
BRDA:271,11,2,0
BRDA:276,12,0,0
BRDA:276,12,1,0
BRDA:278,13,0,0
BRDA:278,13,1,0
BRDA:284,14,0,0
BRDA:284,14,1,0
BRDA:286,15,0,0
BRDA:286,15,1,0
BRDA:287,16,0,0
BRDA:287,16,1,0
BRDA:288,17,0,0
BRDA:288,17,1,0
BRDA:289,18,0,0
BRDA:289,18,1,0
BRDA:290,19,0,0
BRDA:290,19,1,0
BRDA:291,20,0,0
BRDA:291,20,1,0
BRDA:292,21,0,0
BRDA:292,21,1,0
BRDA:293,22,0,0
BRDA:293,22,1,0
BRDA:294,23,0,0
BRDA:294,23,1,0
BRDA:295,24,0,0
BRDA:295,24,1,0
BRDA:296,25,0,0
BRDA:296,25,1,0
BRDA:297,26,0,0
BRDA:297,26,1,0
BRDA:298,27,0,0
BRDA:298,27,1,0
BRDA:299,28,0,0
BRDA:299,28,1,0
BRDA:300,29,0,0
BRDA:300,29,1,0
BRDA:301,30,0,0
BRDA:301,30,1,0
BRDA:303,31,0,0
BRDA:303,31,1,0
BRDA:304,32,0,0
BRDA:304,32,1,0
BRDA:306,33,0,0
BRDA:306,33,1,0
BRDA:373,34,0,0
BRDA:373,34,1,0
BRDA:373,34,2,0
BRDA:395,35,0,0
BRDA:395,35,1,0
BRDA:395,36,0,0
BRDA:395,36,1,0
BRDA:398,37,0,0
BRDA:398,37,1,0
BRDA:405,38,0,0
BRDA:405,38,1,0
BRDA:406,39,0,0
BRDA:406,39,1,0
BRDA:423,40,0,0
BRDA:423,40,1,0
BRDA:438,41,0,0
BRDA:438,41,1,0
BRDA:445,42,0,0
BRDA:445,42,1,0
BRDA:445,42,2,0
BRDA:445,42,3,0
BRDA:445,42,4,0
BRDA:445,42,5,0
BRDA:445,42,6,0
BRDA:445,42,7,0
BRDA:445,42,8,0
BRDA:445,42,9,0
BRDA:445,42,10,0
BRDA:445,42,11,0
BRDA:445,42,12,0
BRDA:445,42,13,0
BRDA:445,42,14,0
BRDA:445,42,15,0
BRDA:445,42,16,0
BRDA:446,43,0,0
BRDA:446,43,1,0
BRDA:447,44,0,0
BRDA:447,44,1,0
BRDA:448,45,0,0
BRDA:448,45,1,0
BRDA:449,46,0,0
BRDA:449,46,1,0
BRDA:450,47,0,0
BRDA:450,47,1,0
BRDA:451,48,0,0
BRDA:451,48,1,0
BRDA:453,49,0,0
BRDA:453,49,1,0
BRDA:455,50,0,0
BRDA:455,50,1,0
BRDA:457,51,0,0
BRDA:457,51,1,0
BRDA:459,52,0,0
BRDA:459,52,1,0
BRDA:461,53,0,0
BRDA:461,53,1,0
BRDA:463,54,0,0
BRDA:463,54,1,0
BRDA:465,55,0,0
BRDA:465,55,1,0
BRDA:467,56,0,0
BRDA:467,56,1,0
BRDA:468,57,0,0
BRDA:468,57,1,0
BRDA:470,58,0,0
BRDA:470,58,1,0
BRDA:471,59,0,0
BRDA:471,59,1,0
BRDA:474,60,0,0
BRDA:474,60,1,0
BRDA:483,61,0,0
BRDA:483,61,1,0
BRDA:490,62,0,0
BRDA:490,62,1,0
BRDA:502,63,0,0
BRDA:505,64,0,0
BRDA:509,65,0,0
BRDA:522,66,0,0
BRDA:522,66,1,0
BRDA:552,67,0,0
BRDA:554,68,0,0
BRDA:556,69,0,0
BRDA:556,69,1,0
BRDA:574,70,0,0
BRDA:574,70,1,0
BRDA:577,71,0,0
BRDA:579,72,0,0
BRDA:579,72,1,0
BRDA:579,73,0,0
BRDA:579,73,1,0
BRDA:587,74,0,0
BRDA:587,74,1,0
BRDA:588,75,0,0
BRDA:588,75,1,0
BRDA:590,76,0,0
BRDA:590,76,1,0
BRDA:592,77,0,0
BRDA:592,77,1,0
BRDA:594,78,0,0
BRDA:594,78,1,0
BRDA:596,79,0,0
BRDA:596,79,1,0
BRDA:600,80,0,0
BRDA:600,80,1,0
BRDA:603,81,0,0
BRDA:603,81,1,0
BRDA:604,82,0,0
BRDA:604,82,1,0
BRDA:606,83,0,0
BRDA:606,83,1,0
BRDA:608,84,0,0
BRDA:608,84,1,0
BRDA:610,85,0,0
BRDA:610,85,1,0
BRDA:612,86,0,0
BRDA:612,86,1,0
BRDA:614,87,0,0
BRDA:614,87,1,0
BRDA:626,88,0,0
BRDA:628,89,0,0
BRDA:628,89,1,0
BRDA:634,90,0,0
BRDA:634,90,1,0
BRDA:650,91,0,0
BRDA:650,91,1,0
BRDA:650,92,0,0
BRDA:650,92,1,0
BRDA:669,93,0,0
BRDA:669,93,1,0
BRDA:673,94,0,0
BRDA:675,95,0,0
BRDA:675,95,1,0
BRDA:675,96,0,0
BRDA:675,96,1,0
BRDA:684,97,0,0
BRDA:684,97,1,0
BRDA:704,98,0,0
BRDA:704,98,1,0
BRDA:712,99,0,0
BRDA:712,99,1,0
BRDA:715,100,0,0
BRDA:730,101,0,0
BRDA:741,102,0,0
BRDA:743,103,0,0
BRDA:743,103,1,0
BRDA:754,104,0,0
BRDA:759,105,0,0
BRDA:785,106,0,0
BRDA:795,107,0,0
BRDA:795,107,1,0
BRDA:801,108,0,0
BRDA:801,108,1,0
BRDA:818,109,0,0
BRDA:818,109,1,0
BRDA:849,110,0,0
BRDA:849,110,1,0
BRDA:852,111,0,0
BRDA:852,111,1,0
BRDA:854,112,0,0
BRDA:854,112,1,0
BRDA:855,113,0,0
BRDA:855,113,1,0
BRDA:856,114,0,0
BRDA:856,114,1,0
BRDA:871,115,0,0
BRDA:882,116,0,0
BRDA:882,116,1,0
BRDA:887,117,0,0
BRDA:887,117,1,0
BRDA:899,118,0,0
BRDA:901,119,0,0
BRDA:901,119,1,0
BRDA:914,120,0,0
BRDA:914,120,1,0
BRDA:919,121,0,0
BRDA:919,121,1,0
BRDA:931,122,0,0
BRDA:931,122,1,0
BRDA:1003,123,0,0
BRDA:1006,124,0,0
BRDA:1006,124,1,0
BRDA:1012,125,0,0
BRDA:1012,125,1,0
BRDA:1014,126,0,0
BRDA:1014,126,1,0
BRDA:1038,127,0,0
BRDA:1038,127,1,0
BRDA:1038,128,0,0
BRDA:1038,128,1,0
BRDA:1060,129,0,0
BRDA:1060,129,1,0
BRDA:1065,130,0,0
BRDA:1065,130,1,0
BRDA:1070,131,0,0
BRDA:1076,132,0,0
BRDA:1079,133,0,0
BRDA:1079,133,1,0
BRDA:1097,134,0,0
BRDA:1106,135,0,0
BRDA:1106,135,1,0
BRDA:1128,136,0,0
BRDA:1128,136,1,0
BRDA:1133,137,0,0
BRDA:1133,137,1,0
BRDA:1139,138,0,0
BRDA:1146,139,0,0
BRDA:1150,140,0,0
BRDA:1150,140,1,0
BRDA:1165,141,0,0
BRDA:1165,141,1,0
BRDA:1165,142,0,0
BRDA:1165,142,1,0
BRDA:1165,142,2,0
BRDA:1184,143,0,0
BRDA:1184,143,1,0
BRDA:1189,144,0,0
BRDA:1189,144,1,0
BRDA:1200,145,0,0
BRDA:1202,146,0,0
BRDA:1202,146,1,0
BRDA:1213,147,0,0
BRDA:1213,147,1,0
BRDA:1222,148,0,0
BRDA:1225,149,0,0
BRDA:1225,149,1,0
BRDA:1237,150,0,0
BRDA:1237,150,1,0
BRDA:1259,151,0,0
BRDA:1272,152,0,0
BRDA:1272,152,1,0
BRDA:1282,153,0,0
BRDA:1281,154,0,0
BRDA:1281,154,1,0
BRDA:1314,155,0,0
BRDA:1314,155,1,0
BRDA:1316,156,0,0
BRDA:1323,157,0,0
BRDA:1322,158,0,0
BRDA:1322,158,1,0
BRDA:1360,159,0,0
BRDA:1360,159,1,0
BRDA:1377,160,0,0
BRDA:1384,161,0,0
BRDA:1389,162,0,0
BRDA:1389,162,1,0
BRDA:1391,163,0,0
BRDA:1391,163,1,0
BRDA:1392,164,0,0
BRDA:1392,164,1,0
BRDA:1393,165,0,0
BRDA:1393,165,1,0
BRDA:1394,166,0,0
BRDA:1394,166,1,0
BRDA:1395,167,0,0
BRDA:1395,167,1,0
BRDA:1396,168,0,0
BRDA:1396,168,1,0
BRDA:1398,169,0,0
BRDA:1398,169,1,0
BRDA:1400,170,0,0
BRDA:1400,170,1,0
BRDA:1402,171,0,0
BRDA:1402,171,1,0
BRDA:1404,172,0,0
BRDA:1404,172,1,0
BRDA:1406,173,0,0
BRDA:1406,173,1,0
BRDA:1408,174,0,0
BRDA:1408,174,1,0
BRDA:1410,175,0,0
BRDA:1410,175,1,0
BRDA:1412,176,0,0
BRDA:1412,176,1,0
BRDA:1413,177,0,0
BRDA:1413,177,1,0
BRDA:1415,178,0,0
BRDA:1415,178,1,0
BRDA:1417,179,0,0
BRDA:1417,179,1,0
BRDA:1419,180,0,0
BRDA:1419,180,1,0
BRDA:1421,181,0,0
BRDA:1421,181,1,0
BRDA:1434,182,0,0
BRDA:1460,183,0,0
BRDA:1460,183,1,0
BRDA:1478,184,0,0
BRDA:1478,184,1,0
BRDA:1484,185,0,0
BRDA:1484,185,1,0
BRDA:1488,186,0,0
BRDA:1488,186,1,0
BRDA:1497,187,0,0
BRDA:1497,187,1,0
BRDA:1499,188,0,0
BRDA:1499,188,1,0
BRDA:1506,189,0,0
BRDA:1506,189,1,0
BRDA:1506,189,2,0
BRDA:1507,190,0,0
BRDA:1507,190,1,0
BRF:367
BRH:0
end_of_record
TN:
SF:app/(admin)/[locale]/admin/components/OrderWaybillFooter.tsx
FN:40,OrderWaybillFooter
FNF:1
FNH:0
FNDA:0,OrderWaybillFooter
DA:3,0
DA:4,0
DA:5,0
DA:6,0
DA:11,0
DA:40,0
DA:57,0
DA:58,0
LF:8
LH:0
BRDA:53,0,0,0
BRDA:54,1,0,0
BRDA:55,2,0,0
BRDA:58,3,0,0
BRDA:58,3,1,0
BRDA:58,3,2,0
BRDA:58,3,3,0
BRDA:65,4,0,0
BRDA:71,5,0,0
BRDA:71,5,1,0
BRDA:88,6,0,0
BRDA:88,6,1,0
BRDA:98,7,0,0
BRDA:111,8,0,0
BRDA:122,9,0,0
BRDA:142,10,0,0
BRDA:158,11,0,0
BRDA:161,12,0,0
BRDA:161,13,0,0
BRDA:161,13,1,0
BRDA:170,14,0,0
BRDA:171,15,0,0
BRDA:171,15,1,0
BRF:23
BRH:0
end_of_record
TN:
SF:app/(admin)/[locale]/admin/components/OrderWaybillModal.tsx
FN:70,OrderWaybillModal
FN:89,(anonymous_6)
FN:107,(anonymous_7)
FN:111,(anonymous_8)
FN:125,(anonymous_9)
FN:145,(anonymous_10)
FN:163,(anonymous_11)
FN:163,(anonymous_12)
FN:239,(anonymous_13)
FN:253,(anonymous_14)
FN:255,(anonymous_15)
FN:268,(anonymous_16)
FN:271,(anonymous_17)
FN:277,(anonymous_18)
FN:295,(anonymous_19)
FN:298,(anonymous_20)
FN:325,(anonymous_21)
FN:342,(anonymous_22)
FN:349,(anonymous_23)
FN:361,(anonymous_24)
FN:372,(anonymous_25)
FN:380,(anonymous_26)
FN:397,(anonymous_27)
FN:404,(anonymous_28)
FN:407,(anonymous_29)
FN:408,(anonymous_30)
FN:414,(anonymous_31)
FN:418,(anonymous_32)
FN:489,(anonymous_33)
FN:506,(anonymous_34)
FN:532,(anonymous_35)
FN:539,(anonymous_36)
FN:596,(anonymous_37)
FN:597,(anonymous_38)
FN:602,(anonymous_39)
FN:614,(anonymous_40)
FN:620,(anonymous_41)
FN:637,(anonymous_42)
FN:644,(anonymous_43)
FN:656,(anonymous_44)
FN:674,(anonymous_45)
FN:681,(anonymous_46)
FN:703,(anonymous_47)
FN:710,(anonymous_48)
FN:719,(anonymous_49)
FN:724,(anonymous_50)
FN:725,(anonymous_51)
FN:726,(anonymous_52)
FN:732,(anonymous_53)
FN:736,(anonymous_54)
FN:742,(anonymous_55)
FN:743,(anonymous_56)
FN:749,(anonymous_57)
FN:753,(anonymous_58)
FN:754,(anonymous_59)
FN:760,(anonymous_60)
FN:764,(anonymous_61)
FN:765,(anonymous_62)
FN:766,(anonymous_63)
FN:779,(anonymous_64)
FN:783,(anonymous_65)
FN:784,(anonymous_66)
FN:785,(anonymous_67)
FN:790,(anonymous_68)
FN:794,(anonymous_69)
FN:795,(anonymous_70)
FN:796,(anonymous_71)
FN:801,(anonymous_72)
FN:805,(anonymous_73)
FN:806,(anonymous_74)
FN:811,(anonymous_75)
FN:812,(anonymous_76)
FN:832,(anonymous_77)
FN:834,(anonymous_78)
FN:846,(anonymous_79)
FN:869,(anonymous_80)
FN:870,(anonymous_81)
FN:886,(anonymous_82)
FN:888,(anonymous_83)
FN:904,(anonymous_84)
FN:905,(anonymous_85)
FN:908,(anonymous_86)
FN:909,(anonymous_87)
FN:913,(anonymous_88)
FN:918,(anonymous_89)
FN:919,(anonymous_90)
FN:945,(anonymous_91)
FN:946,(anonymous_92)
FN:964,(anonymous_93)
FN:965,(anonymous_94)
FN:996,(anonymous_95)
FN:1003,(anonymous_96)
FN:1007,(anonymous_97)
FN:1013,(anonymous_98)
FN:1015,(anonymous_99)
FN:1017,(anonymous_100)
FN:1019,(anonymous_101)
FN:1050,(anonymous_102)
FN:1062,(anonymous_103)
FN:1096,(anonymous_104)
FN:1103,(anonymous_105)
FN:1161,(anonymous_106)
FN:1187,(anonymous_107)
FN:1210,(anonymous_108)
FN:1223,(anonymous_109)
FN:1471,(anonymous_110)
FN:1472,(anonymous_111)
FN:1475,(anonymous_112)
FN:1478,(anonymous_113)
FN:1479,(anonymous_114)
FN:1480,(anonymous_115)
FN:1485,(anonymous_116)
FN:1524,(anonymous_117)
FN:1530,(anonymous_118)
FNF:114
FNH:0
FNDA:0,OrderWaybillModal
FNDA:0,(anonymous_6)
FNDA:0,(anonymous_7)
FNDA:0,(anonymous_8)
FNDA:0,(anonymous_9)
FNDA:0,(anonymous_10)
FNDA:0,(anonymous_11)
FNDA:0,(anonymous_12)
FNDA:0,(anonymous_13)
FNDA:0,(anonymous_14)
FNDA:0,(anonymous_15)
FNDA:0,(anonymous_16)
FNDA:0,(anonymous_17)
FNDA:0,(anonymous_18)
FNDA:0,(anonymous_19)
FNDA:0,(anonymous_20)
FNDA:0,(anonymous_21)
FNDA:0,(anonymous_22)
FNDA:0,(anonymous_23)
FNDA:0,(anonymous_24)
FNDA:0,(anonymous_25)
FNDA:0,(anonymous_26)
FNDA:0,(anonymous_27)
FNDA:0,(anonymous_28)
FNDA:0,(anonymous_29)
FNDA:0,(anonymous_30)
FNDA:0,(anonymous_31)
FNDA:0,(anonymous_32)
FNDA:0,(anonymous_33)
FNDA:0,(anonymous_34)
FNDA:0,(anonymous_35)
FNDA:0,(anonymous_36)
FNDA:0,(anonymous_37)
FNDA:0,(anonymous_38)
FNDA:0,(anonymous_39)
FNDA:0,(anonymous_40)
FNDA:0,(anonymous_41)
FNDA:0,(anonymous_42)
FNDA:0,(anonymous_43)
FNDA:0,(anonymous_44)
FNDA:0,(anonymous_45)
FNDA:0,(anonymous_46)
FNDA:0,(anonymous_47)
FNDA:0,(anonymous_48)
FNDA:0,(anonymous_49)
FNDA:0,(anonymous_50)
FNDA:0,(anonymous_51)
FNDA:0,(anonymous_52)
FNDA:0,(anonymous_53)
FNDA:0,(anonymous_54)
FNDA:0,(anonymous_55)
FNDA:0,(anonymous_56)
FNDA:0,(anonymous_57)
FNDA:0,(anonymous_58)
FNDA:0,(anonymous_59)
FNDA:0,(anonymous_60)
FNDA:0,(anonymous_61)
FNDA:0,(anonymous_62)
FNDA:0,(anonymous_63)
FNDA:0,(anonymous_64)
FNDA:0,(anonymous_65)
FNDA:0,(anonymous_66)
FNDA:0,(anonymous_67)
FNDA:0,(anonymous_68)
FNDA:0,(anonymous_69)
FNDA:0,(anonymous_70)
FNDA:0,(anonymous_71)
FNDA:0,(anonymous_72)
FNDA:0,(anonymous_73)
FNDA:0,(anonymous_74)
FNDA:0,(anonymous_75)
FNDA:0,(anonymous_76)
FNDA:0,(anonymous_77)
FNDA:0,(anonymous_78)
FNDA:0,(anonymous_79)
FNDA:0,(anonymous_80)
FNDA:0,(anonymous_81)
FNDA:0,(anonymous_82)
FNDA:0,(anonymous_83)
FNDA:0,(anonymous_84)
FNDA:0,(anonymous_85)
FNDA:0,(anonymous_86)
FNDA:0,(anonymous_87)
FNDA:0,(anonymous_88)
FNDA:0,(anonymous_89)
FNDA:0,(anonymous_90)
FNDA:0,(anonymous_91)
FNDA:0,(anonymous_92)
FNDA:0,(anonymous_93)
FNDA:0,(anonymous_94)
FNDA:0,(anonymous_95)
FNDA:0,(anonymous_96)
FNDA:0,(anonymous_97)
FNDA:0,(anonymous_98)
FNDA:0,(anonymous_99)
FNDA:0,(anonymous_100)
FNDA:0,(anonymous_101)
FNDA:0,(anonymous_102)
FNDA:0,(anonymous_103)
FNDA:0,(anonymous_104)
FNDA:0,(anonymous_105)
FNDA:0,(anonymous_106)
FNDA:0,(anonymous_107)
FNDA:0,(anonymous_108)
FNDA:0,(anonymous_109)
FNDA:0,(anonymous_110)
FNDA:0,(anonymous_111)
FNDA:0,(anonymous_112)
FNDA:0,(anonymous_113)
FNDA:0,(anonymous_114)
FNDA:0,(anonymous_115)
FNDA:0,(anonymous_116)
FNDA:0,(anonymous_117)
FNDA:0,(anonymous_118)
DA:3,0
DA:4,0
DA:10,0
DA:11,0
DA:19,0
DA:20,0
DA:22,0
DA:23,0
DA:24,0
DA:25,0
DA:26,0
DA:41,0
DA:42,0
DA:45,0
DA:46,0
DA:47,0
DA:48,0
DA:49,0
DA:50,0
DA:70,0
DA:78,0
DA:79,0
DA:80,0
DA:83,0
DA:84,0
DA:87,0
DA:90,0
DA:91,0
DA:98,0
DA:103,0
DA:108,0
DA:109,0
DA:111,0
DA:112,0
DA:125,0
DA:130,0
DA:131,0
DA:132,0
DA:133,0
DA:136,0
DA:145,0
DA:146,0
DA:147,0
DA:148,0
DA:161,0
DA:163,0
DA:168,0
DA:216,0
DA:217,0
DA:218,0
DA:219,0
DA:220,0
DA:221,0
DA:222,0
DA:225,0
DA:226,0
DA:230,0
DA:232,0
DA:235,0
DA:236,0
DA:239,0
DA:240,0
DA:246,0
DA:248,0
DA:249,0
DA:250,0
DA:253,0
DA:254,0
DA:255,0
DA:256,0
DA:257,0
DA:260,0
DA:266,0
DA:269,0
DA:271,0
DA:277,0
DA:278,0
DA:283,0
DA:288,0
DA:295,0
DA:296,0
DA:297,0
DA:298,0
DA:307,0
DA:326,0
DA:342,0
DA:349,0
DA:350,0
DA:355,0
DA:357,0
DA:361,0
DA:362,0
DA:363,0
DA:364,0
DA:366,0
DA:367,0
DA:372,0
DA:373,0
DA:374,0
DA:375,0
DA:376,0
DA:379,0
DA:380,0
DA:381,0
DA:382,0
DA:385,0
DA:386,0
DA:387,0
DA:388,0
DA:389,0
DA:390,0
DA:397,0
DA:398,0
DA:404,0
DA:405,0
DA:407,0
DA:408,0
DA:414,0
DA:418,0
DA:419,0
DA:422,0
DA:423,0
DA:426,0
DA:428,0
DA:432,0
DA:489,0
DA:506,0
DA:519,0
DA:520,0
DA:521,0
DA:523,0
DA:524,0
DA:525,0
DA:532,0
DA:533,0
DA:535,0
DA:538,0
DA:539,0
DA:582,0
DA:583,0
DA:585,0
DA:586,0
DA:588,0
DA:589,0
DA:596,0
DA:597,0
DA:602,0
DA:606,0
DA:607,0
DA:609,0
DA:610,0
DA:612,0
DA:615,0
DA:620,0
DA:628,0
DA:629,0
DA:638,0
DA:644,0
DA:656,0
DA:660,0
DA:663,0
DA:666,0
DA:675,0
DA:681,0
DA:693,0
DA:696,0
DA:704,0
DA:710,0
DA:718,0
DA:719,0
DA:723,0
DA:725,0
DA:727,0
DA:728,0
DA:729,0
DA:730,0
DA:732,0
DA:735,0
DA:742,0
DA:744,0
DA:745,0
DA:746,0
DA:747,0
DA:749,0
DA:752,0
DA:753,0
DA:755,0
DA:756,0
DA:757,0
DA:758,0
DA:760,0
DA:763,0
DA:765,0
DA:767,0
DA:768,0
DA:769,0
DA:770,0
DA:776,0
DA:779,0
DA:782,0
DA:784,0
DA:786,0
DA:787,0
DA:788,0
DA:790,0
DA:793,0
DA:795,0
DA:797,0
DA:798,0
DA:799,0
DA:801,0
DA:805,0
DA:806,0
DA:810,0
DA:812,0
DA:813,0
DA:814,0
DA:815,0
DA:816,0
DA:818,0
DA:822,0
DA:824,0
DA:831,0
DA:833,0
DA:834,0
DA:835,0
DA:836,0
DA:838,0
DA:839,0
DA:840,0
DA:842,0
DA:843,0
DA:846,0
DA:850,0
DA:852,0
DA:855,0
DA:859,0
DA:860,0
DA:862,0
DA:869,0
DA:870,0
DA:881,0
DA:882,0
DA:885,0
DA:887,0
DA:888,0
DA:899,0
DA:904,0
DA:905,0
DA:908,0
DA:909,0
DA:913,0
DA:914,0
DA:917,0
DA:919,0
DA:931,0
DA:932,0
DA:934,0
DA:935,0
DA:937,0
DA:944,0
DA:946,0
DA:958,0
DA:964,0
DA:965,0
DA:966,0
DA:967,0
DA:968,0
DA:971,0
DA:972,0
DA:985,0
DA:986,0
DA:991,0
DA:992,0
DA:993,0
DA:996,0
DA:997,0
DA:1001,0
DA:1003,0
DA:1004,0
DA:1007,0
DA:1008,0
DA:1009,0
DA:1012,0
DA:1015,0
DA:1016,0
DA:1017,0
DA:1018,0
DA:1019,0
DA:1021,0
DA:1023,0
DA:1025,0
DA:1026,0
DA:1027,0
DA:1028,0
DA:1045,0
DA:1046,0
DA:1047,0
DA:1050,0
DA:1051,0
DA:1054,0
DA:1056,0
DA:1062,0
DA:1063,0
DA:1064,0
DA:1065,0
DA:1067,0
DA:1068,0
DA:1069,0
DA:1073,0
DA:1074,0
DA:1087,0
DA:1088,0
DA:1090,0
DA:1094,0
DA:1096,0
DA:1097,0
DA:1102,0
DA:1104,0
DA:1105,0
DA:1106,0
DA:1107,0
DA:1112,0
DA:1160,0
DA:1162,0
DA:1163,0
DA:1164,0
DA:1165,0
DA:1166,0
DA:1167,0
DA:1168,0
DA:1175,0
DA:1179,0
DA:1182,0
DA:1183,0
DA:1184,0
DA:1187,0
DA:1188,0
DA:1198,0
DA:1203,0
DA:1204,0
DA:1205,0
DA:1207,0
DA:1208,0
DA:1210,0
DA:1213,0
DA:1216,0
DA:1217,0
DA:1218,0
DA:1223,0
DA:1226,0
DA:1227,0
DA:1229,0
DA:1230,0
DA:1231,0
DA:1471,0
DA:1473,0
DA:1476,0
DA:1478,0
DA:1479,0
DA:1481,0
DA:1482,0
DA:1483,0
DA:1484,0
DA:1485,0
DA:1524,0
DA:1531,0
DA:1532,0
LF:368
LH:0
BRDA:75,0,0,0
BRDA:95,1,0,0
BRDA:95,1,1,0
BRDA:98,2,0,0
BRDA:98,2,1,0
BRDA:98,2,2,0
BRDA:104,3,0,0
BRDA:104,3,1,0
BRDA:108,4,0,0
BRDA:108,4,1,0
BRDA:131,5,0,0
BRDA:131,5,1,0
BRDA:133,6,0,0
BRDA:133,6,1,0
BRDA:147,7,0,0
BRDA:147,7,1,0
BRDA:149,8,0,0
BRDA:149,8,1,0
BRDA:150,9,0,0
BRDA:150,9,1,0
BRDA:151,10,0,0
BRDA:151,10,1,0
BRDA:152,11,0,0
BRDA:152,11,1,0
BRDA:153,12,0,0
BRDA:153,12,1,0
BRDA:154,13,0,0
BRDA:154,13,1,0
BRDA:155,14,0,0
BRDA:155,14,1,0
BRDA:161,15,0,0
BRDA:240,16,0,0
BRDA:240,16,1,0
BRDA:241,17,0,0
BRDA:241,17,1,0
BRDA:241,17,2,0
BRDA:246,18,0,0
BRDA:246,18,1,0
BRDA:246,18,2,0
BRDA:248,19,0,0
BRDA:248,19,1,0
BRDA:248,19,2,0
BRDA:249,20,0,0
BRDA:249,20,1,0
BRDA:250,21,0,0
BRDA:250,21,1,0
BRDA:254,22,0,0
BRDA:254,22,1,0
BRDA:256,23,0,0
BRDA:256,23,1,0
BRDA:257,24,0,0
BRDA:257,24,1,0
BRDA:257,25,0,0
BRDA:257,25,1,0
BRDA:266,26,0,0
BRDA:272,27,0,0
BRDA:272,27,1,0
BRDA:283,28,0,0
BRDA:283,28,1,0
BRDA:288,29,0,0
BRDA:288,29,1,0
BRDA:288,29,2,0
BRDA:288,29,3,0
BRDA:288,29,4,0
BRDA:289,30,0,0
BRDA:289,30,1,0
BRDA:296,31,0,0
BRDA:296,31,1,0
BRDA:298,32,0,0
BRDA:298,32,1,0
BRDA:319,33,0,0
BRDA:319,33,1,0
BRDA:329,34,0,0
BRDA:329,34,1,0
BRDA:331,35,0,0
BRDA:331,35,1,0
BRDA:333,36,0,0
BRDA:333,36,1,0
BRDA:334,37,0,0
BRDA:334,37,1,0
BRDA:335,38,0,0
BRDA:335,38,1,0
BRDA:336,39,0,0
BRDA:336,39,1,0
BRDA:337,40,0,0
BRDA:337,40,1,0
BRDA:337,40,2,0
BRDA:338,41,0,0
BRDA:338,41,1,0
BRDA:339,42,0,0
BRDA:339,42,1,0
BRDA:340,43,0,0
BRDA:340,43,1,0
BRDA:350,44,0,0
BRDA:350,44,1,0
BRDA:351,45,0,0
BRDA:351,45,1,0
BRDA:351,45,2,0
BRDA:362,46,0,0
BRDA:362,46,1,0
BRDA:373,47,0,0
BRDA:373,47,1,0
BRDA:373,48,0,0
BRDA:373,48,1,0
BRDA:385,49,0,0
BRDA:385,49,1,0
BRDA:386,50,0,0
BRDA:386,50,1,0
BRDA:388,51,0,0
BRDA:388,51,1,0
BRDA:405,52,0,0
BRDA:405,52,1,0
BRDA:405,53,0,0
BRDA:405,53,1,0
BRDA:419,54,0,0
BRDA:419,54,1,0
BRDA:419,55,0,0
BRDA:419,55,1,0
BRDA:422,56,0,0
BRDA:422,56,1,0
BRDA:423,57,0,0
BRDA:423,57,1,0
BRDA:425,58,0,0
BRDA:425,58,1,0
BRDA:426,59,0,0
BRDA:426,59,1,0
BRDA:428,60,0,0
BRDA:428,60,1,0
BRDA:428,61,0,0
BRDA:428,61,1,0
BRDA:435,62,0,0
BRDA:435,62,1,0
BRDA:436,63,0,0
BRDA:436,63,1,0
BRDA:437,64,0,0
BRDA:437,64,1,0
BRDA:438,65,0,0
BRDA:438,65,1,0
BRDA:448,66,0,0
BRDA:448,66,1,0
BRDA:449,67,0,0
BRDA:449,67,1,0
BRDA:451,68,0,0
BRDA:451,68,1,0
BRDA:452,69,0,0
BRDA:452,69,1,0
BRDA:453,70,0,0
BRDA:453,70,1,0
BRDA:454,71,0,0
BRDA:454,71,1,0
BRDA:455,72,0,0
BRDA:455,72,1,0
BRDA:456,73,0,0
BRDA:456,73,1,0
BRDA:457,74,0,0
BRDA:457,74,1,0
BRDA:458,75,0,0
BRDA:458,75,1,0
BRDA:461,76,0,0
BRDA:461,76,1,0
BRDA:462,77,0,0
BRDA:462,77,1,0
BRDA:463,78,0,0
BRDA:463,78,1,0
BRDA:464,79,0,0
BRDA:464,79,1,0
BRDA:465,80,0,0
BRDA:465,80,1,0
BRDA:466,81,0,0
BRDA:466,81,1,0
BRDA:467,82,0,0
BRDA:467,82,1,0
BRDA:468,83,0,0
BRDA:468,83,1,0
BRDA:469,84,0,0
BRDA:469,84,1,0
BRDA:470,85,0,0
BRDA:470,85,1,0
BRDA:471,86,0,0
BRDA:471,86,1,0
BRDA:472,87,0,0
BRDA:472,87,1,0
BRDA:473,88,0,0
BRDA:473,88,1,0
BRDA:474,89,0,0
BRDA:474,89,1,0
BRDA:475,90,0,0
BRDA:475,90,1,0
BRDA:476,91,0,0
BRDA:476,91,1,0
BRDA:477,92,0,0
BRDA:477,92,1,0
BRDA:478,93,0,0
BRDA:478,93,1,0
BRDA:481,94,0,0
BRDA:481,94,1,0
BRDA:482,95,0,0
BRDA:482,95,1,0
BRDA:483,96,0,0
BRDA:483,96,1,0
BRDA:484,97,0,0
BRDA:484,97,1,0
BRDA:485,98,0,0
BRDA:485,98,1,0
BRDA:488,99,0,0
BRDA:488,99,1,0
BRDA:488,100,0,0
BRDA:488,100,1,0
BRDA:490,101,0,0
BRDA:490,101,1,0
BRDA:506,102,0,0
BRDA:506,102,1,0
BRDA:516,103,0,0
BRDA:516,103,1,0
BRDA:517,104,0,0
BRDA:517,104,1,0
BRDA:519,105,0,0
BRDA:519,105,1,0
BRDA:523,106,0,0
BRDA:523,106,1,0
BRDA:524,107,0,0
BRDA:524,107,1,0
BRDA:525,108,0,0
BRDA:525,108,1,0
BRDA:526,109,0,0
BRDA:526,109,1,0
BRDA:526,109,2,0
BRDA:526,109,3,0
BRDA:532,110,0,0
BRDA:532,110,1,0
BRDA:538,111,0,0
BRDA:538,111,1,0
BRDA:541,112,0,0
BRDA:541,112,1,0
BRDA:542,113,0,0
BRDA:542,113,1,0
BRDA:543,114,0,0
BRDA:543,114,1,0
BRDA:545,115,0,0
BRDA:545,115,1,0
BRDA:546,116,0,0
BRDA:546,116,1,0
BRDA:548,117,0,0
BRDA:548,117,1,0
BRDA:551,118,0,0
BRDA:551,118,1,0
BRDA:553,119,0,0
BRDA:553,119,1,0
BRDA:555,120,0,0
BRDA:555,120,1,0
BRDA:555,120,2,0
BRDA:559,121,0,0
BRDA:559,121,1,0
BRDA:559,121,2,0
BRDA:563,122,0,0
BRDA:563,122,1,0
BRDA:565,123,0,0
BRDA:565,123,1,0
BRDA:566,124,0,0
BRDA:566,124,1,0
BRDA:568,125,0,0
BRDA:568,125,1,0
BRDA:570,126,0,0
BRDA:570,126,1,0
BRDA:574,127,0,0
BRDA:574,127,1,0
BRDA:577,128,0,0
BRDA:577,128,1,0
BRDA:582,129,0,0
BRDA:582,129,1,0
BRDA:585,130,0,0
BRDA:585,130,1,0
BRDA:589,131,0,0
BRDA:589,131,1,0
BRDA:590,132,0,0
BRDA:590,132,1,0
BRDA:590,132,2,0
BRDA:590,132,3,0
BRDA:596,133,0,0
BRDA:596,133,1,0
BRDA:599,134,0,0
BRDA:599,134,1,0
BRDA:612,135,0,0
BRDA:621,136,0,0
BRDA:621,136,1,0
BRDA:628,137,0,0
BRDA:628,137,1,0
BRDA:629,138,0,0
BRDA:646,139,0,0
BRDA:646,139,1,0
BRDA:646,139,2,0
BRDA:656,140,0,0
BRDA:656,140,1,0
BRDA:660,141,0,0
BRDA:660,141,1,0
BRDA:663,142,0,0
BRDA:663,142,1,0
BRDA:663,142,2,0
BRDA:666,143,0,0
BRDA:683,144,0,0
BRDA:683,144,1,0
BRDA:683,144,2,0
BRDA:683,144,3,0
BRDA:695,145,0,0
BRDA:711,146,0,0
BRDA:711,146,1,0
BRDA:718,147,0,0
BRDA:718,147,1,0
BRDA:769,148,0,0
BRDA:769,148,1,0
BRDA:786,149,0,0
BRDA:786,149,1,0
BRDA:797,150,0,0
BRDA:797,150,1,0
BRDA:813,151,0,0
BRDA:813,151,1,0
BRDA:813,152,0,0
BRDA:813,152,1,0
BRDA:814,153,0,0
BRDA:814,153,1,0
BRDA:815,154,0,0
BRDA:815,154,1,0
BRDA:833,155,0,0
BRDA:833,155,1,0
BRDA:836,156,0,0
BRDA:836,156,1,0
BRDA:836,157,0,0
BRDA:836,157,1,0
BRDA:838,158,0,0
BRDA:838,158,1,0
BRDA:842,159,0,0
BRDA:842,159,1,0
BRDA:842,160,0,0
BRDA:842,160,1,0
BRDA:846,161,0,0
BRDA:846,161,1,0
BRDA:855,162,0,0
BRDA:855,162,1,0
BRDA:856,163,0,0
BRDA:856,163,1,0
BRDA:887,164,0,0
BRDA:887,164,1,0
BRDA:926,165,0,0
BRDA:926,165,1,0
BRDA:934,166,0,0
BRDA:934,166,1,0
BRDA:951,167,0,0
BRDA:951,167,1,0
BRDA:951,167,2,0
BRDA:952,168,0,0
BRDA:952,168,1,0
BRDA:952,168,2,0
BRDA:966,169,0,0
BRDA:966,169,1,0
BRDA:968,170,0,0
BRDA:968,170,1,0
BRDA:971,171,0,0
BRDA:971,171,1,0
BRDA:971,172,0,0
BRDA:971,172,1,0
BRDA:973,173,0,0
BRDA:973,173,1,0
BRDA:974,174,0,0
BRDA:974,174,1,0
BRDA:975,175,0,0
BRDA:975,175,1,0
BRDA:976,176,0,0
BRDA:976,176,1,0
BRDA:977,177,0,0
BRDA:977,177,1,0
BRDA:978,178,0,0
BRDA:978,178,1,0
BRDA:979,179,0,0
BRDA:979,179,1,0
BRDA:980,180,0,0
BRDA:980,180,1,0
BRDA:981,181,0,0
BRDA:981,181,1,0
BRDA:991,182,0,0
BRDA:991,182,1,0
BRDA:992,183,0,0
BRDA:992,183,1,0
BRDA:1016,184,0,0
BRDA:1016,184,1,0
BRDA:1018,185,0,0
BRDA:1018,185,1,0
BRDA:1023,186,0,0
BRDA:1023,186,1,0
BRDA:1025,187,0,0
BRDA:1025,187,1,0
BRDA:1025,188,0,0
BRDA:1025,188,1,0
BRDA:1032,189,0,0
BRDA:1032,189,1,0
BRDA:1033,190,0,0
BRDA:1033,190,1,0
BRDA:1034,191,0,0
BRDA:1034,191,1,0
BRDA:1035,192,0,0
BRDA:1035,192,1,0
BRDA:1036,193,0,0
BRDA:1036,193,1,0
BRDA:1037,194,0,0
BRDA:1037,194,1,0
BRDA:1038,195,0,0
BRDA:1038,195,1,0
BRDA:1039,196,0,0
BRDA:1039,196,1,0
BRDA:1040,197,0,0
BRDA:1040,197,1,0
BRDA:1040,197,2,0
BRDA:1045,198,0,0
BRDA:1045,198,1,0
BRDA:1046,199,0,0
BRDA:1046,199,1,0
BRDA:1046,200,0,0
BRDA:1046,200,1,0
BRDA:1063,201,0,0
BRDA:1063,201,1,0
BRDA:1067,202,0,0
BRDA:1067,202,1,0
BRDA:1067,203,0,0
BRDA:1067,203,1,0
BRDA:1076,204,0,0
BRDA:1076,204,1,0
BRDA:1076,205,0,0
BRDA:1076,205,1,0
BRDA:1087,206,0,0
BRDA:1087,206,1,0
BRDA:1087,207,0,0
BRDA:1087,207,1,0
BRDA:1094,208,0,0
BRDA:1094,208,1,0
BRDA:1104,209,0,0
BRDA:1104,209,1,0
BRDA:1162,210,0,0
BRDA:1162,210,1,0
BRDA:1165,211,0,0
BRDA:1165,211,1,0
BRDA:1167,212,0,0
BRDA:1167,212,1,0
BRDA:1175,213,0,0
BRDA:1175,213,1,0
BRDA:1176,214,0,0
BRDA:1176,214,1,0
BRDA:1180,215,0,0
BRDA:1180,215,1,0
BRDA:1198,216,0,0
BRDA:1198,216,1,0
BRDA:1199,217,0,0
BRDA:1199,217,1,0
BRDA:1199,217,2,0
BRDA:1201,218,0,0
BRDA:1201,218,1,0
BRDA:1203,219,0,0
BRDA:1203,219,1,0
BRDA:1205,220,0,0
BRDA:1205,220,1,0
BRDA:1226,221,0,0
BRDA:1226,221,1,0
BRDA:1244,222,0,0
BRDA:1244,222,1,0
BRDA:1246,223,0,0
BRDA:1246,223,1,0
BRDA:1248,224,0,0
BRDA:1248,224,1,0
BRDA:1266,225,0,0
BRDA:1271,226,0,0
BRDA:1276,227,0,0
BRDA:1276,227,1,0
BRDA:1280,228,0,0
BRDA:1302,229,0,0
BRDA:1302,229,1,0
BRDA:1302,229,2,0
BRDA:1305,230,0,0
BRDA:1305,230,1,0
BRDA:1305,230,2,0
BRDA:1305,230,3,0
BRDA:1305,230,4,0
BRDA:1305,230,5,0
BRDA:1319,231,0,0
BRDA:1319,231,1,0
BRDA:1323,232,0,0
BRDA:1335,233,0,0
BRDA:1335,233,1,0
BRDA:1337,234,0,0
BRDA:1337,234,1,0
BRDA:1339,235,0,0
BRDA:1339,235,1,0
BRDA:1340,236,0,0
BRDA:1340,236,1,0
BRDA:1342,237,0,0
BRDA:1342,237,1,0
BRDA:1345,238,0,0
BRDA:1345,238,1,0
BRDA:1348,239,0,0
BRDA:1348,239,1,0
BRDA:1364,240,0,0
BRDA:1364,240,1,0
BRDA:1364,240,2,0
BRDA:1364,240,3,0
BRDA:1375,241,0,0
BRDA:1375,241,1,0
BRDA:1405,242,0,0
BRDA:1405,242,1,0
BRDA:1405,242,2,0
BRDA:1418,243,0,0
BRDA:1418,243,1,0
BRDA:1425,244,0,0
BRDA:1425,244,1,0
BRDA:1427,245,0,0
BRDA:1427,245,1,0
BRDA:1427,245,2,0
BRDA:1427,245,3,0
BRDA:1427,245,4,0
BRDA:1436,246,0,0
BRDA:1436,246,1,0
BRDA:1445,247,0,0
BRDA:1445,247,1,0
BRDA:1459,248,0,0
BRDA:1462,249,0,0
BRDA:1462,249,1,0
BRDA:1466,250,0,0
BRDA:1466,250,1,0
BRDA:1473,251,0,0
BRDA:1473,251,1,0
BRDA:1476,252,0,0
BRDA:1476,252,1,0
BRDA:1481,253,0,0
BRDA:1481,253,1,0
BRDA:1483,254,0,0
BRDA:1483,254,1,0
BRDA:1489,255,0,0
BRDA:1489,255,1,0
BRDA:1510,256,0,0
BRDA:1514,257,0,0
BRDA:1514,257,1,0
BRDA:1531,258,0,0
BRDA:1531,258,1,0
BRDA:1538,259,0,0
BRF:540
BRH:0
end_of_record
TN:
SF:app/(admin)/[locale]/admin/components/OrderWaybillPaymentSection.tsx
FN:96,OrderWaybillPaymentSection
FN:140,(anonymous_5)
FN:143,(anonymous_6)
FN:149,(anonymous_7)
FN:155,(anonymous_8)
FN:161,(anonymous_9)
FN:171,(anonymous_10)
FN:177,(anonymous_11)
FN:179,(anonymous_12)
FN:189,(anonymous_13)
FN:194,(anonymous_14)
FN:195,(anonymous_15)
FN:206,(anonymous_16)
FN:207,(anonymous_17)
FN:208,(anonymous_18)
FN:223,(anonymous_19)
FN:224,(anonymous_20)
FN:232,(anonymous_21)
FN:233,(anonymous_22)
FN:236,(anonymous_23)
FN:240,(anonymous_24)
FN:242,(anonymous_25)
FN:249,(anonymous_26)
FN:253,(anonymous_27)
FN:265,(anonymous_28)
FN:275,(anonymous_29)
FN:279,(anonymous_30)
FN:304,(anonymous_31)
FN:313,(anonymous_32)
FN:316,(anonymous_33)
FN:320,(anonymous_34)
FN:353,(anonymous_35)
FN:373,(anonymous_36)
FN:390,(anonymous_37)
FN:402,(anonymous_38)
FN:454,(anonymous_39)
FN:459,(anonymous_40)
FN:485,(anonymous_41)
FN:492,(anonymous_42)
FN:493,(anonymous_43)
FN:528,(anonymous_44)
FN:551,(anonymous_45)
FN:612,(anonymous_46)
FN:620,(anonymous_47)
FN:704,(anonymous_48)
FN:729,(anonymous_49)
FN:747,(anonymous_50)
FN:774,(anonymous_51)
FN:810,(anonymous_52)
FN:839,(anonymous_53)
FN:848,(anonymous_54)
FN:884,(anonymous_55)
FN:893,(anonymous_56)
FN:930,(anonymous_57)
FNF:54
FNH:0
FNDA:0,OrderWaybillPaymentSection
FNDA:0,(anonymous_5)
FNDA:0,(anonymous_6)
FNDA:0,(anonymous_7)
FNDA:0,(anonymous_8)
FNDA:0,(anonymous_9)
FNDA:0,(anonymous_10)
FNDA:0,(anonymous_11)
FNDA:0,(anonymous_12)
FNDA:0,(anonymous_13)
FNDA:0,(anonymous_14)
FNDA:0,(anonymous_15)
FNDA:0,(anonymous_16)
FNDA:0,(anonymous_17)
FNDA:0,(anonymous_18)
FNDA:0,(anonymous_19)
FNDA:0,(anonymous_20)
FNDA:0,(anonymous_21)
FNDA:0,(anonymous_22)
FNDA:0,(anonymous_23)
FNDA:0,(anonymous_24)
FNDA:0,(anonymous_25)
FNDA:0,(anonymous_26)
FNDA:0,(anonymous_27)
FNDA:0,(anonymous_28)
FNDA:0,(anonymous_29)
FNDA:0,(anonymous_30)
FNDA:0,(anonymous_31)
FNDA:0,(anonymous_32)
FNDA:0,(anonymous_33)
FNDA:0,(anonymous_34)
FNDA:0,(anonymous_35)
FNDA:0,(anonymous_36)
FNDA:0,(anonymous_37)
FNDA:0,(anonymous_38)
FNDA:0,(anonymous_39)
FNDA:0,(anonymous_40)
FNDA:0,(anonymous_41)
FNDA:0,(anonymous_42)
FNDA:0,(anonymous_43)
FNDA:0,(anonymous_44)
FNDA:0,(anonymous_45)
FNDA:0,(anonymous_46)
FNDA:0,(anonymous_47)
FNDA:0,(anonymous_48)
FNDA:0,(anonymous_49)
FNDA:0,(anonymous_50)
FNDA:0,(anonymous_51)
FNDA:0,(anonymous_52)
FNDA:0,(anonymous_53)
FNDA:0,(anonymous_54)
FNDA:0,(anonymous_55)
FNDA:0,(anonymous_56)
FNDA:0,(anonymous_57)
DA:3,0
DA:4,0
DA:5,0
DA:6,0
DA:14,0
DA:15,0
DA:16,0
DA:18,0
DA:23,0
DA:24,0
DA:25,0
DA:26,0
DA:27,0
DA:76,0
DA:91,0
DA:96,0
DA:121,0
DA:124,0
DA:125,0
DA:126,0
DA:127,0
DA:130,0
DA:133,0
DA:134,0
DA:135,0
DA:138,0
DA:141,0
DA:143,0
DA:148,0
DA:150,0
DA:155,0
DA:161,0
DA:162,0
DA:163,0
DA:166,0
DA:170,0
DA:171,0
DA:172,0
DA:177,0
DA:178,0
DA:179,0
DA:180,0
DA:182,0
DA:183,0
DA:189,0
DA:190,0
DA:193,0
DA:194,0
DA:195,0
DA:197,0
DA:205,0
DA:207,0
DA:208,0
DA:209,0
DA:211,0
DA:212,0
DA:213,0
DA:216,0
DA:217,0
DA:223,0
DA:224,0
DA:225,0
DA:226,0
DA:227,0
DA:228,0
DA:232,0
DA:233,0
DA:234,0
DA:236,0
DA:240,0
DA:241,0
DA:242,0
DA:244,0
DA:245,0
DA:247,0
DA:249,0
DA:251,0
DA:253,0
DA:256,0
DA:257,0
DA:258,0
DA:264,0
DA:266,0
DA:267,0
DA:268,0
DA:270,0
DA:272,0
DA:274,0
DA:275,0
DA:276,0
DA:278,0
DA:279,0
DA:280,0
DA:282,0
DA:283,0
DA:284,0
DA:286,0
DA:288,0
DA:289,0
DA:290,0
DA:304,0
DA:305,0
DA:306,0
DA:307,0
DA:308,0
DA:309,0
DA:310,0
DA:313,0
DA:314,0
DA:316,0
DA:318,0
DA:320,0
DA:322,0
DA:323,0
DA:324,0
DA:325,0
DA:330,0
DA:336,0
DA:341,0
DA:352,0
DA:354,0
DA:355,0
DA:356,0
DA:359,0
DA:361,0
DA:363,0
DA:365,0
DA:367,0
DA:372,0
DA:374,0
DA:375,0
DA:376,0
DA:379,0
DA:380,0
DA:382,0
DA:383,0
DA:385,0
DA:390,0
DA:391,0
DA:392,0
DA:394,0
DA:397,0
DA:398,0
DA:402,0
DA:403,0
DA:404,0
DA:406,0
DA:409,0
DA:414,0
DA:418,0
DA:419,0
DA:428,0
DA:430,0
DA:455,0
DA:456,0
DA:457,0
DA:459,0
DA:486,0
DA:492,0
DA:493,0
DA:529,0
DA:530,0
DA:531,0
DA:552,0
DA:553,0
DA:554,0
DA:555,0
DA:556,0
DA:557,0
DA:561,0
DA:562,0
DA:564,0
DA:565,0
DA:566,0
DA:567,0
DA:568,0
DA:572,0
DA:573,0
DA:576,0
DA:577,0
DA:578,0
DA:580,0
DA:583,0
DA:584,0
DA:588,0
DA:590,0
DA:592,0
DA:595,0
DA:596,0
DA:599,0
DA:600,0
DA:603,0
DA:604,0
DA:608,0
DA:613,0
DA:614,0
DA:620,0
DA:704,0
DA:730,0
DA:732,0
DA:733,0
DA:749,0
DA:753,0
DA:754,0
DA:775,0
DA:776,0
DA:779,0
DA:780,0
DA:811,0
DA:815,0
DA:817,0
DA:819,0
DA:821,0
DA:822,0
DA:823,0
DA:825,0
DA:841,0
DA:843,0
DA:848,0
DA:853,0
DA:855,0
DA:856,0
DA:857,0
DA:858,0
DA:859,0
DA:860,0
DA:862,0
DA:865,0
DA:872,0
DA:886,0
DA:888,0
DA:893,0
DA:899,0
DA:900,0
DA:907,0
DA:914,0
DA:930,0
LF:237
LH:0
BRDA:103,0,0,0
BRDA:106,1,0,0
BRDA:107,2,0,0
BRDA:108,3,0,0
BRDA:110,4,0,0
BRDA:111,5,0,0
BRDA:113,6,0,0
BRDA:114,7,0,0
BRDA:115,8,0,0
BRDA:116,9,0,0
BRDA:117,10,0,0
BRDA:118,11,0,0
BRDA:119,12,0,0
BRDA:138,13,0,0
BRDA:142,14,0,0
BRDA:142,14,1,0
BRDA:150,15,0,0
BRDA:150,15,1,0
BRDA:162,16,0,0
BRDA:162,16,1,0
BRDA:162,17,0,0
BRDA:162,17,1,0
BRDA:172,18,0,0
BRDA:172,18,1,0
BRDA:178,19,0,0
BRDA:178,19,1,0
BRDA:178,20,0,0
BRDA:178,20,1,0
BRDA:190,21,0,0
BRDA:190,21,1,0
BRDA:193,22,0,0
BRDA:193,22,1,0
BRDA:208,23,0,0
BRDA:208,23,1,0
BRDA:216,24,0,0
BRDA:216,24,1,0
BRDA:226,25,0,0
BRDA:226,25,1,0
BRDA:234,26,0,0
BRDA:234,26,1,0
BRDA:256,27,0,0
BRDA:256,27,1,0
BRDA:266,28,0,0
BRDA:266,28,1,0
BRDA:266,29,0,0
BRDA:266,29,1,0
BRDA:267,30,0,0
BRDA:267,30,1,0
BRDA:267,31,0,0
BRDA:267,31,1,0
BRDA:272,32,0,0
BRDA:272,32,1,0
BRDA:272,32,2,0
BRDA:272,32,3,0
BRDA:283,33,0,0
BRDA:283,33,1,0
BRDA:283,34,0,0
BRDA:283,34,1,0
BRDA:354,35,0,0
BRDA:354,35,1,0
BRDA:355,36,0,0
BRDA:355,36,1,0
BRDA:356,37,0,0
BRDA:356,37,1,0
BRDA:359,38,0,0
BRDA:359,38,1,0
BRDA:361,39,0,0
BRDA:361,39,1,0
BRDA:363,40,0,0
BRDA:363,40,1,0
BRDA:374,41,0,0
BRDA:374,41,1,0
BRDA:375,42,0,0
BRDA:375,42,1,0
BRDA:376,43,0,0
BRDA:376,43,1,0
BRDA:379,44,0,0
BRDA:379,44,1,0
BRDA:380,45,0,0
BRDA:380,45,1,0
BRDA:382,46,0,0
BRDA:382,46,1,0
BRDA:391,47,0,0
BRDA:391,47,1,0
BRDA:391,48,0,0
BRDA:391,48,1,0
BRDA:394,49,0,0
BRDA:394,49,1,0
BRDA:397,50,0,0
BRDA:397,50,1,0
BRDA:403,51,0,0
BRDA:403,51,1,0
BRDA:403,52,0,0
BRDA:403,52,1,0
BRDA:406,53,0,0
BRDA:406,53,1,0
BRDA:409,54,0,0
BRDA:409,54,1,0
BRDA:410,55,0,0
BRDA:410,55,1,0
BRDA:410,55,2,0
BRDA:418,56,0,0
BRDA:418,56,1,0
BRDA:428,57,0,0
BRDA:428,57,1,0
BRDA:430,58,0,0
BRDA:430,58,1,0
BRDA:465,59,0,0
BRDA:473,60,0,0
BRDA:478,61,0,0
BRDA:478,61,1,0
BRDA:480,62,0,0
BRDA:480,62,1,0
BRDA:490,63,0,0
BRDA:490,63,1,0
BRDA:498,64,0,0
BRDA:513,65,0,0
BRDA:529,66,0,0
BRDA:529,66,1,0
BRDA:529,67,0,0
BRDA:529,67,1,0
BRDA:552,68,0,0
BRDA:552,68,1,0
BRDA:555,69,0,0
BRDA:555,69,1,0
BRDA:556,70,0,0
BRDA:556,70,1,0
BRDA:558,71,0,0
BRDA:558,71,1,0
BRDA:564,72,0,0
BRDA:564,72,1,0
BRDA:565,73,0,0
BRDA:565,73,1,0
BRDA:569,74,0,0
BRDA:569,74,1,0
BRDA:572,75,0,0
BRDA:572,75,1,0
BRDA:573,76,0,0
BRDA:573,76,1,0
BRDA:577,77,0,0
BRDA:577,77,1,0
BRDA:583,78,0,0
BRDA:583,78,1,0
BRDA:585,79,0,0
BRDA:585,79,1,0
BRDA:588,80,0,0
BRDA:588,80,1,0
BRDA:590,81,0,0
BRDA:590,81,1,0
BRDA:592,82,0,0
BRDA:592,82,1,0
BRDA:595,83,0,0
BRDA:595,83,1,0
BRDA:595,84,0,0
BRDA:595,84,1,0
BRDA:600,85,0,0
BRDA:600,85,1,0
BRDA:603,86,0,0
BRDA:603,86,1,0
BRDA:613,87,0,0
BRDA:613,87,1,0
BRDA:653,88,0,0
BRDA:653,88,1,0
BRDA:700,89,0,0
BRDA:703,90,0,0
BRDA:703,90,1,0
BRDA:714,91,0,0
BRDA:714,91,1,0
BRDA:714,91,2,0
BRDA:714,91,3,0
BRDA:732,92,0,0
BRDA:732,92,1,0
BRDA:733,93,0,0
BRDA:733,93,1,0
BRDA:749,94,0,0
BRDA:749,94,1,0
BRDA:749,95,0,0
BRDA:749,95,1,0
BRDA:753,96,0,0
BRDA:753,96,1,0
BRDA:754,97,0,0
BRDA:754,97,1,0
BRDA:768,98,0,0
BRDA:768,98,1,0
BRDA:779,99,0,0
BRDA:779,99,1,0
BRDA:788,100,0,0
BRDA:798,101,0,0
BRDA:811,102,0,0
BRDA:811,102,1,0
BRDA:811,103,0,0
BRDA:811,103,1,0
BRDA:819,104,0,0
BRDA:819,104,1,0
BRDA:819,105,0,0
BRDA:819,105,1,0
BRDA:841,106,0,0
BRDA:841,106,1,0
BRDA:846,107,0,0
BRDA:846,107,1,0
BRDA:853,108,0,0
BRDA:853,108,1,0
BRDA:853,109,0,0
BRDA:853,109,1,0
BRDA:855,110,0,0
BRDA:855,110,1,0
BRDA:857,111,0,0
BRDA:857,111,1,0
BRDA:859,112,0,0
BRDA:859,112,1,0
BRDA:886,113,0,0
BRDA:886,113,1,0
BRDA:891,114,0,0
BRDA:891,114,1,0
BRDA:899,115,0,0
BRDA:899,115,1,0
BRDA:899,116,0,0
BRDA:899,116,1,0
BRDA:900,117,0,0
BRDA:900,117,1,0
BRDA:902,118,0,0
BRDA:902,118,1,0
BRDA:903,119,0,0
BRDA:903,119,1,0
BRDA:938,120,0,0
BRF:225
BRH:0
end_of_record
TN:
SF:app/(admin)/[locale]/admin/components/OrderWaybillRecipientSection.tsx
FN:24,parseFio
FN:39,splitAddressParts
FN:140,OrderWaybillRecipientSection
FN:184,formatPhoneDisplay
FN:195,(anonymous_8)
FN:209,(anonymous_9)
FN:218,(anonymous_10)
FN:229,(anonymous_11)
FN:250,(anonymous_12)
FN:260,(anonymous_13)
FN:284,(anonymous_14)
FN:293,(anonymous_15)
FN:308,(anonymous_16)
FN:310,(anonymous_17)
FN:315,(anonymous_18)
FN:346,(anonymous_19)
FN:355,(anonymous_20)
FN:363,(anonymous_21)
FN:444,(anonymous_22)
FN:457,(anonymous_23)
FN:500,(anonymous_24)
FN:501,(anonymous_25)
FN:573,(anonymous_27)
FN:574,(anonymous_28)
FN:625,(anonymous_30)
FN:646,(anonymous_31)
FN:658,(anonymous_32)
FN:659,(anonymous_33)
FN:680,(anonymous_34)
FN:715,(anonymous_35)
FN:726,(anonymous_36)
FN:727,(anonymous_37)
FNF:32
FNH:0
FNDA:0,parseFio
FNDA:0,splitAddressParts
FNDA:0,OrderWaybillRecipientSection
FNDA:0,formatPhoneDisplay
FNDA:0,(anonymous_8)
FNDA:0,(anonymous_9)
FNDA:0,(anonymous_10)
FNDA:0,(anonymous_11)
FNDA:0,(anonymous_12)
FNDA:0,(anonymous_13)
FNDA:0,(anonymous_14)
FNDA:0,(anonymous_15)
FNDA:0,(anonymous_16)
FNDA:0,(anonymous_17)
FNDA:0,(anonymous_18)
FNDA:0,(anonymous_19)
FNDA:0,(anonymous_20)
FNDA:0,(anonymous_21)
FNDA:0,(anonymous_22)
FNDA:0,(anonymous_23)
FNDA:0,(anonymous_24)
FNDA:0,(anonymous_25)
FNDA:0,(anonymous_27)
FNDA:0,(anonymous_28)
FNDA:0,(anonymous_30)
FNDA:0,(anonymous_31)
FNDA:0,(anonymous_32)
FNDA:0,(anonymous_33)
FNDA:0,(anonymous_34)
FNDA:0,(anonymous_35)
FNDA:0,(anonymous_36)
FNDA:0,(anonymous_37)
DA:3,0
DA:4,0
DA:5,0
DA:6,0
DA:7,0
DA:8,0
DA:9,0
DA:10,0
DA:11,0
DA:29,0
DA:30,0
DA:45,0
DA:46,0
DA:47,0
DA:49,0
DA:50,0
DA:52,0
DA:53,0
DA:54,0
DA:57,0
DA:140,0
DA:182,0
DA:185,0
DA:186,0
DA:187,0
DA:188,0
DA:190,0
DA:194,0
DA:196,0
DA:197,0
DA:198,0
DA:199,0
DA:200,0
DA:201,0
DA:202,0
DA:208,0
DA:210,0
DA:218,0
DA:219,0
DA:220,0
DA:222,0
DA:223,0
DA:225,0
DA:229,0
DA:230,0
DA:231,0
DA:232,0
DA:233,0
DA:234,0
DA:235,0
DA:236,0
DA:237,0
DA:238,0
DA:239,0
DA:249,0
DA:251,0
DA:252,0
DA:256,0
DA:257,0
DA:260,0
DA:261,0
DA:262,0
DA:263,0
DA:264,0
DA:265,0
DA:266,0
DA:270,0
DA:271,0
DA:272,0
DA:273,0
DA:274,0
DA:275,0
DA:276,0
DA:283,0
DA:285,0
DA:286,0
DA:292,0
DA:294,0
DA:295,0
DA:296,0
DA:297,0
DA:303,0
DA:304,0
DA:305,0
DA:306,0
DA:308,0
DA:310,0
DA:311,0
DA:315,0
DA:316,0
DA:317,0
DA:320,0
DA:323,0
DA:324,0
DA:325,0
DA:326,0
DA:328,0
DA:334,0
DA:341,0
DA:342,0
DA:343,0
DA:345,0
DA:347,0
DA:348,0
DA:350,0
DA:351,0
DA:352,0
DA:353,0
DA:355,0
DA:356,0
DA:359,0
DA:361,0
DA:362,0
DA:363,0
DA:364,0
DA:367,0
DA:369,0
DA:370,0
DA:375,0
DA:376,0
DA:377,0
DA:379,0
DA:382,0
DA:384,0
DA:385,0
DA:386,0
DA:387,0
DA:444,0
DA:459,0
DA:470,0
DA:473,0
DA:481,0
DA:500,0
DA:501,0
DA:573,0
DA:574,0
DA:626,0
DA:647,0
DA:648,0
DA:649,0
DA:658,0
DA:659,0
DA:681,0
DA:687,0
DA:688,0
DA:716,0
DA:717,0
DA:726,0
DA:727,0
LF:149
LH:0
BRDA:31,0,0,0
BRDA:31,0,1,0
BRDA:32,1,0,0
BRDA:32,1,1,0
BRDA:33,2,0,0
BRDA:33,2,1,0
BRDA:46,3,0,0
BRDA:46,3,1,0
BRDA:53,4,0,0
BRDA:53,4,1,0
BRDA:186,5,0,0
BRDA:186,5,1,0
BRDA:187,6,0,0
BRDA:187,6,1,0
BRDA:197,7,0,0
BRDA:197,7,1,0
BRDA:219,8,0,0
BRDA:219,8,1,0
BRDA:219,9,0,0
BRDA:219,9,1,0
BRDA:220,10,0,0
BRDA:220,10,1,0
BRDA:222,11,0,0
BRDA:222,11,1,0
BRDA:222,12,0,0
BRDA:222,12,1,0
BRDA:225,13,0,0
BRDA:225,13,1,0
BRDA:230,14,0,0
BRDA:230,14,1,0
BRDA:230,15,0,0
BRDA:230,15,1,0
BRDA:231,16,0,0
BRDA:231,16,1,0
BRDA:232,17,0,0
BRDA:232,17,1,0
BRDA:232,18,0,0
BRDA:232,18,1,0
BRDA:234,19,0,0
BRDA:234,19,1,0
BRDA:236,20,0,0
BRDA:236,20,1,0
BRDA:238,21,0,0
BRDA:238,21,1,0
BRDA:256,22,0,0
BRDA:256,22,1,0
BRDA:256,23,0,0
BRDA:256,23,1,0
BRDA:261,24,0,0
BRDA:261,24,1,0
BRDA:273,25,0,0
BRDA:273,25,1,0
BRDA:274,26,0,0
BRDA:274,26,1,0
BRDA:275,27,0,0
BRDA:275,27,1,0
BRDA:275,28,0,0
BRDA:275,28,1,0
BRDA:297,29,0,0
BRDA:297,29,1,0
BRDA:316,30,0,0
BRDA:316,30,1,0
BRDA:316,31,0,0
BRDA:316,31,1,0
BRDA:325,32,0,0
BRDA:325,32,1,0
BRDA:326,33,0,0
BRDA:326,33,1,0
BRDA:328,34,0,0
BRDA:328,34,1,0
BRDA:328,34,2,0
BRDA:328,34,3,0
BRDA:328,34,4,0
BRDA:334,35,0,0
BRDA:334,35,1,0
BRDA:334,35,2,0
BRDA:334,35,3,0
BRDA:334,35,4,0
BRDA:341,36,0,0
BRDA:341,36,1,0
BRDA:342,37,0,0
BRDA:342,37,1,0
BRDA:343,38,0,0
BRDA:343,38,1,0
BRDA:347,39,0,0
BRDA:347,39,1,0
BRDA:347,40,0,0
BRDA:347,40,1,0
BRDA:348,41,0,0
BRDA:348,41,1,0
BRDA:348,41,2,0
BRDA:348,41,3,0
BRDA:351,42,0,0
BRDA:351,42,1,0
BRDA:356,43,0,0
BRDA:356,43,1,0
BRDA:362,44,0,0
BRDA:362,44,1,0
BRDA:364,45,0,0
BRDA:364,45,1,0
BRDA:370,46,0,0
BRDA:370,46,1,0
BRDA:371,47,0,0
BRDA:371,47,1,0
BRDA:371,47,2,0
BRDA:376,48,0,0
BRDA:376,48,1,0
BRDA:430,49,0,0
BRDA:433,50,0,0
BRDA:433,50,1,0
BRDA:438,51,0,0
BRDA:438,51,1,0
BRDA:456,52,0,0
BRDA:459,53,0,0
BRDA:459,53,1,0
BRDA:470,54,0,0
BRDA:470,54,1,0
BRDA:470,54,2,0
BRDA:473,55,0,0
BRDA:473,55,1,0
BRDA:481,56,0,0
BRDA:481,56,1,0
BRDA:481,56,2,0
BRDA:525,57,0,0
BRDA:528,58,0,0
BRDA:528,58,1,0
BRDA:533,59,0,0
BRDA:533,59,1,0
BRDA:553,60,0,0
BRDA:556,61,0,0
BRDA:556,61,1,0
BRDA:561,62,0,0
BRDA:561,62,1,0
BRDA:582,63,0,0
BRDA:582,63,1,0
BRDA:582,64,0,0
BRDA:582,64,1,0
BRDA:607,65,0,0
BRDA:610,66,0,0
BRDA:610,66,1,0
BRDA:615,67,0,0
BRDA:615,67,1,0
BRDA:626,68,0,0
BRDA:626,68,1,0
BRDA:629,69,0,0
BRDA:629,69,1,0
BRDA:632,70,0,0
BRDA:638,71,0,0
BRDA:646,72,0,0
BRDA:656,73,0,0
BRDA:656,73,1,0
BRDA:663,74,0,0
BRDA:672,75,0,0
BRDA:672,75,1,0
BRDA:681,76,0,0
BRDA:681,76,1,0
BRDA:687,77,0,0
BRDA:687,77,1,0
BRDA:687,77,2,0
BRDA:688,78,0,0
BRDA:688,78,1,0
BRDA:707,79,0,0
BRDA:715,80,0,0
BRDA:724,81,0,0
BRDA:724,81,1,0
BRDA:730,82,0,0
BRDA:730,82,1,0
BRDA:748,83,0,0
BRDA:748,83,1,0
BRDA:748,83,2,0
BRDA:748,83,3,0
BRDA:751,84,0,0
BRDA:751,84,1,0
BRDA:754,85,0,0
BRDA:754,85,1,0
BRF:175
BRH:0
end_of_record
TN:
SF:app/(admin)/[locale]/admin/components/OrderWaybillSenderSection.tsx
FN:46,OrderWaybillSenderSection
FN:62,formatPhone
FN:79,(anonymous_4)
FN:111,(anonymous_5)
FN:114,(anonymous_6)
FN:129,(anonymous_7)
FN:161,(anonymous_8)
FNF:7
FNH:0
FNDA:0,OrderWaybillSenderSection
FNDA:0,formatPhone
FNDA:0,(anonymous_4)
FNDA:0,(anonymous_5)
FNDA:0,(anonymous_6)
FNDA:0,(anonymous_7)
FNDA:0,(anonymous_8)
DA:3,0
DA:4,0
DA:5,0
DA:6,0
DA:7,0
DA:15,0
DA:22,0
DA:46,0
DA:60,0
DA:63,0
DA:64,0
DA:65,0
DA:66,0
DA:68,0
DA:71,0
DA:79,0
DA:112,0
DA:114,0
DA:130,0
DA:162,0
LF:20
LH:0
BRDA:64,0,0,0
BRDA:64,0,1,0
BRDA:65,1,0,0
BRDA:65,1,1,0
BRDA:79,2,0,0
BRDA:79,2,1,0
BRDA:95,3,0,0
BRDA:95,3,1,0
BRDA:106,4,0,0
BRDA:106,4,1,0
BRDA:117,5,0,0
BRDA:137,6,0,0
BRDA:137,6,1,0
BRDA:140,7,0,0
BRDA:140,7,1,0
BRDA:152,8,0,0
BRDA:153,9,0,0
BRDA:153,9,1,0
BRDA:153,9,2,0
BRDA:158,10,0,0
BRDA:158,10,1,0
BRDA:172,11,0,0
BRDA:172,11,1,0
BRDA:177,12,0,0
BRDA:177,12,1,0
BRF:25
BRH:0
end_of_record
TN:
SF:app/(admin)/[locale]/admin/components/OrderWaybillServiceEditorSection.tsx
FN:59,OrderWaybillServiceEditorSection
FN:84,(anonymous_5)
FN:88,(anonymous_6)
FN:94,(anonymous_7)
FN:199,(anonymous_8)
FN:220,(anonymous_9)
FN:319,(anonymous_10)
FN:334,(anonymous_11)
FN:364,(anonymous_12)
FN:387,LocalExpressEditor
FN:399,(anonymous_14)
FN:406,(anonymous_15)
FN:411,(anonymous_16)
FN:414,(anonymous_17)
FN:427,(anonymous_18)
FN:430,(anonymous_19)
FN:474,(anonymous_20)
FN:495,(anonymous_21)
FN:497,(anonymous_22)
FN:516,PreferredDeliveryDateEditor
FN:541,(anonymous_24)
FN:548,(anonymous_25)
FN:554,(anonymous_26)
FN:558,(anonymous_27)
FN:567,(anonymous_28)
FN:570,(anonymous_29)
FN:629,(anonymous_30)
FN:667,(anonymous_31)
FN:690,(anonymous_32)
FN:692,(anonymous_33)
FN:718,DeliveryByHandEditor
FN:745,(anonymous_35)
FN:760,(anonymous_36)
FN:778,(anonymous_37)
FNF:34
FNH:0
FNDA:0,OrderWaybillServiceEditorSection
FNDA:0,(anonymous_5)
FNDA:0,(anonymous_6)
FNDA:0,(anonymous_7)
FNDA:0,(anonymous_8)
FNDA:0,(anonymous_9)
FNDA:0,(anonymous_10)
FNDA:0,(anonymous_11)
FNDA:0,(anonymous_12)
FNDA:0,LocalExpressEditor
FNDA:0,(anonymous_14)
FNDA:0,(anonymous_15)
FNDA:0,(anonymous_16)
FNDA:0,(anonymous_17)
FNDA:0,(anonymous_18)
FNDA:0,(anonymous_19)
FNDA:0,(anonymous_20)
FNDA:0,(anonymous_21)
FNDA:0,(anonymous_22)
FNDA:0,PreferredDeliveryDateEditor
FNDA:0,(anonymous_24)
FNDA:0,(anonymous_25)
FNDA:0,(anonymous_26)
FNDA:0,(anonymous_27)
FNDA:0,(anonymous_28)
FNDA:0,(anonymous_29)
FNDA:0,(anonymous_30)
FNDA:0,(anonymous_31)
FNDA:0,(anonymous_32)
FNDA:0,(anonymous_33)
FNDA:0,DeliveryByHandEditor
FNDA:0,(anonymous_35)
FNDA:0,(anonymous_36)
FNDA:0,(anonymous_37)
DA:3,0
DA:4,0
DA:5,0
DA:21,0
DA:22,0
DA:23,0
DA:24,0
DA:25,0
DA:26,0
DA:33,0
DA:38,0
DA:39,0
DA:40,0
DA:41,0
DA:42,0
DA:59,0
DA:69,0
DA:72,0
DA:73,0
DA:78,0
DA:82,0
DA:84,0
DA:85,0
DA:88,0
DA:89,0
DA:90,0
DA:94,0
DA:95,0
DA:96,0
DA:112,0
DA:164,0
DA:167,0
DA:176,0
DA:200,0
DA:220,0
DA:260,0
DA:273,0
DA:286,0
DA:298,0
DA:319,0
DA:335,0
DA:364,0
DA:395,0
DA:397,0
DA:400,0
DA:406,0
DA:411,0
DA:412,0
DA:413,0
DA:414,0
DA:415,0
DA:416,0
DA:417,0
DA:418,0
DA:422,0
DA:427,0
DA:428,0
DA:430,0
DA:432,0
DA:475,0
DA:497,0
DA:499,0
DA:524,0
DA:526,0
DA:529,0
DA:532,0
DA:534,0
DA:542,0
DA:548,0
DA:553,0
DA:554,0
DA:555,0
DA:556,0
DA:557,0
DA:558,0
DA:559,0
DA:560,0
DA:561,0
DA:562,0
DA:567,0
DA:568,0
DA:570,0
DA:572,0
DA:577,0
DA:579,0
DA:630,0
DA:631,0
DA:632,0
DA:633,0
DA:668,0
DA:692,0
DA:694,0
DA:724,0
DA:726,0
DA:727,0
DA:745,0
DA:760,0
DA:779,0
LF:98
LH:0
BRDA:72,0,0,0
BRDA:72,0,1,0
BRDA:74,1,0,0
BRDA:74,1,1,0
BRDA:78,2,0,0
BRDA:78,2,1,0
BRDA:79,3,0,0
BRDA:79,3,1,0
BRDA:89,4,0,0
BRDA:89,4,1,0
BRDA:95,5,0,0
BRDA:95,5,1,0
BRDA:97,6,0,0
BRDA:97,6,1,0
BRDA:98,7,0,0
BRDA:98,7,1,0
BRDA:168,8,0,0
BRDA:168,8,1,0
BRDA:168,9,0,0
BRDA:168,9,1,0
BRDA:176,10,0,0
BRDA:176,10,1,0
BRDA:260,11,0,0
BRDA:260,11,1,0
BRDA:273,12,0,0
BRDA:273,12,1,0
BRDA:286,13,0,0
BRDA:286,13,1,0
BRDA:298,14,0,0
BRDA:298,14,1,0
BRDA:317,15,0,0
BRDA:317,15,1,0
BRDA:397,16,0,0
BRDA:402,17,0,0
BRDA:402,17,1,0
BRDA:403,18,0,0
BRDA:403,18,1,0
BRDA:407,19,0,0
BRDA:407,19,1,0
BRDA:415,20,0,0
BRDA:415,20,1,0
BRDA:423,21,0,0
BRDA:423,21,1,0
BRDA:428,22,0,0
BRDA:428,22,1,0
BRDA:429,23,0,0
BRDA:429,23,1,0
BRDA:447,24,0,0
BRDA:446,25,0,0
BRDA:446,25,1,0
BRDA:465,26,0,0
BRDA:465,26,1,0
BRDA:469,27,0,0
BRDA:469,27,1,0
BRDA:497,28,0,0
BRDA:497,28,1,0
BRDA:527,29,0,0
BRDA:527,29,1,0
BRDA:530,30,0,0
BRDA:530,30,1,0
BRDA:534,31,0,0
BRDA:544,32,0,0
BRDA:544,32,1,0
BRDA:545,33,0,0
BRDA:545,33,1,0
BRDA:546,34,0,0
BRDA:546,34,1,0
BRDA:549,35,0,0
BRDA:549,35,1,0
BRDA:549,35,2,0
BRDA:555,36,0,0
BRDA:555,36,1,0
BRDA:559,37,0,0
BRDA:559,37,1,0
BRDA:568,38,0,0
BRDA:568,38,1,0
BRDA:569,39,0,0
BRDA:569,39,1,0
BRDA:577,40,0,0
BRDA:577,40,1,0
BRDA:577,40,2,0
BRDA:579,41,0,0
BRDA:579,41,1,0
BRDA:594,42,0,0
BRDA:593,43,0,0
BRDA:593,43,1,0
BRDA:613,44,0,0
BRDA:613,44,1,0
BRDA:617,45,0,0
BRDA:617,45,1,0
BRDA:630,46,0,0
BRDA:630,46,1,0
BRDA:643,47,0,0
BRDA:649,48,0,0
BRDA:653,49,0,0
BRDA:692,50,0,0
BRDA:692,50,1,0
BRDA:726,51,0,0
BRDA:726,51,1,0
BRDA:728,52,0,0
BRDA:728,52,1,0
BRDA:753,53,0,0
BRDA:781,54,0,0
BRDA:781,54,1,0
BRF:104
BRH:0
end_of_record
TN:
SF:app/(admin)/[locale]/admin/components/OrderWaybillShipmentSection.tsx
FN:75,OrderWaybillShipmentSection
FN:105,(anonymous_5)
FN:126,(anonymous_6)
FN:154,(anonymous_7)
FN:175,(anonymous_8)
FN:183,(anonymous_9)
FN:190,(anonymous_10)
FN:194,(anonymous_11)
FN:202,(anonymous_12)
FN:202,(anonymous_13)
FN:208,(anonymous_14)
FN:208,(anonymous_15)
FN:213,(anonymous_16)
FN:218,(anonymous_17)
FN:227,(anonymous_18)
FN:230,(anonymous_19)
FN:244,(anonymous_20)
FN:245,(anonymous_21)
FN:274,(anonymous_22)
FN:280,(anonymous_23)
FN:281,(anonymous_24)
FN:292,(anonymous_25)
FN:296,(anonymous_26)
FN:301,(anonymous_27)
FN:302,(anonymous_28)
FN:302,(anonymous_29)
FN:308,(anonymous_30)
FN:315,(anonymous_31)
FN:321,(anonymous_32)
FN:342,(anonymous_33)
FN:350,(anonymous_34)
FN:352,(anonymous_35)
FN:403,(anonymous_36)
FN:409,(anonymous_37)
FN:410,(anonymous_38)
FN:422,(anonymous_39)
FN:423,(anonymous_40)
FN:436,(anonymous_41)
FN:449,(anonymous_42)
FN:450,(anonymous_43)
FN:458,(anonymous_44)
FN:466,(anonymous_45)
FN:467,(anonymous_46)
FN:473,(anonymous_47)
FN:475,(anonymous_48)
FN:520,(anonymous_49)
FN:543,(anonymous_50)
FN:571,(anonymous_51)
FN:575,(anonymous_52)
FN:580,(anonymous_53)
FN:616,(anonymous_54)
FN:638,(anonymous_55)
FN:642,(anonymous_56)
FN:672,(anonymous_57)
FN:681,(anonymous_58)
FN:682,(anonymous_59)
FN:781,(anonymous_60)
FN:806,(anonymous_61)
FN:813,(anonymous_62)
FN:818,(anonymous_63)
FN:867,(anonymous_64)
FN:885,(anonymous_65)
FN:888,(anonymous_66)
FN:891,(anonymous_67)
FN:914,(anonymous_68)
FN:917,(anonymous_69)
FN:938,(anonymous_70)
FN:946,(anonymous_71)
FN:949,(anonymous_72)
FN:974,(anonymous_73)
FN:980,(anonymous_74)
FN:997,(anonymous_75)
FN:1003,(anonymous_76)
FN:1019,(anonymous_77)
FN:1025,(anonymous_78)
FN:1057,(anonymous_79)
FN:1067,(anonymous_80)
FNF:77
FNH:0
FNDA:0,OrderWaybillShipmentSection
FNDA:0,(anonymous_5)
FNDA:0,(anonymous_6)
FNDA:0,(anonymous_7)
FNDA:0,(anonymous_8)
FNDA:0,(anonymous_9)
FNDA:0,(anonymous_10)
FNDA:0,(anonymous_11)
FNDA:0,(anonymous_12)
FNDA:0,(anonymous_13)
FNDA:0,(anonymous_14)
FNDA:0,(anonymous_15)
FNDA:0,(anonymous_16)
FNDA:0,(anonymous_17)
FNDA:0,(anonymous_18)
FNDA:0,(anonymous_19)
FNDA:0,(anonymous_20)
FNDA:0,(anonymous_21)
FNDA:0,(anonymous_22)
FNDA:0,(anonymous_23)
FNDA:0,(anonymous_24)
FNDA:0,(anonymous_25)
FNDA:0,(anonymous_26)
FNDA:0,(anonymous_27)
FNDA:0,(anonymous_28)
FNDA:0,(anonymous_29)
FNDA:0,(anonymous_30)
FNDA:0,(anonymous_31)
FNDA:0,(anonymous_32)
FNDA:0,(anonymous_33)
FNDA:0,(anonymous_34)
FNDA:0,(anonymous_35)
FNDA:0,(anonymous_36)
FNDA:0,(anonymous_37)
FNDA:0,(anonymous_38)
FNDA:0,(anonymous_39)
FNDA:0,(anonymous_40)
FNDA:0,(anonymous_41)
FNDA:0,(anonymous_42)
FNDA:0,(anonymous_43)
FNDA:0,(anonymous_44)
FNDA:0,(anonymous_45)
FNDA:0,(anonymous_46)
FNDA:0,(anonymous_47)
FNDA:0,(anonymous_48)
FNDA:0,(anonymous_49)
FNDA:0,(anonymous_50)
FNDA:0,(anonymous_51)
FNDA:0,(anonymous_52)
FNDA:0,(anonymous_53)
FNDA:0,(anonymous_54)
FNDA:0,(anonymous_55)
FNDA:0,(anonymous_56)
FNDA:0,(anonymous_57)
FNDA:0,(anonymous_58)
FNDA:0,(anonymous_59)
FNDA:0,(anonymous_60)
FNDA:0,(anonymous_61)
FNDA:0,(anonymous_62)
FNDA:0,(anonymous_63)
FNDA:0,(anonymous_64)
FNDA:0,(anonymous_65)
FNDA:0,(anonymous_66)
FNDA:0,(anonymous_67)
FNDA:0,(anonymous_68)
FNDA:0,(anonymous_69)
FNDA:0,(anonymous_70)
FNDA:0,(anonymous_71)
FNDA:0,(anonymous_72)
FNDA:0,(anonymous_73)
FNDA:0,(anonymous_74)
FNDA:0,(anonymous_75)
FNDA:0,(anonymous_76)
FNDA:0,(anonymous_77)
FNDA:0,(anonymous_78)
FNDA:0,(anonymous_79)
FNDA:0,(anonymous_80)
DA:3,0
DA:4,0
DA:5,0
DA:6,0
DA:7,0
DA:20,0
DA:21,0
DA:22,0
DA:23,0
DA:24,0
DA:29,0
DA:30,0
DA:31,0
DA:75,0
DA:102,0
DA:105,0
DA:106,0
DA:107,0
DA:126,0
DA:127,0
DA:128,0
DA:129,0
DA:130,0
DA:131,0
DA:132,0
DA:138,0
DA:143,0
DA:144,0
DA:145,0
DA:146,0
DA:147,0
DA:148,0
DA:149,0
DA:150,0
DA:153,0
DA:154,0
DA:161,0
DA:164,0
DA:167,0
DA:172,0
DA:176,0
DA:183,0
DA:190,0
DA:191,0
DA:192,0
DA:193,0
DA:195,0
DA:201,0
DA:202,0
DA:207,0
DA:208,0
DA:213,0
DA:214,0
DA:218,0
DA:219,0
DA:220,0
DA:223,0
DA:227,0
DA:230,0
DA:231,0
DA:233,0
DA:236,0
DA:237,0
DA:243,0
DA:245,0
DA:258,0
DA:259,0
DA:260,0
DA:261,0
DA:262,0
DA:263,0
DA:265,0
DA:266,0
DA:268,0
DA:269,0
DA:270,0
DA:271,0
DA:272,0
DA:274,0
DA:280,0
DA:281,0
DA:282,0
DA:283,0
DA:284,0
DA:285,0
DA:290,0
DA:292,0
DA:293,0
DA:294,0
DA:296,0
DA:301,0
DA:302,0
DA:303,0
DA:307,0
DA:309,0
DA:310,0
DA:311,0
DA:312,0
DA:313,0
DA:315,0
DA:316,0
DA:319,0
DA:320,0
DA:321,0
DA:322,0
DA:324,0
DA:325,0
DA:326,0
DA:331,0
DA:333,0
DA:334,0
DA:335,0
DA:342,0
DA:343,0
DA:344,0
DA:345,0
DA:346,0
DA:347,0
DA:350,0
DA:352,0
DA:353,0
DA:354,0
DA:356,0
DA:357,0
DA:360,0
DA:363,0
DA:366,0
DA:367,0
DA:368,0
DA:371,0
DA:372,0
DA:373,0
DA:374,0
DA:382,0
DA:403,0
DA:404,0
DA:405,0
DA:409,0
DA:410,0
DA:411,0
DA:412,0
DA:413,0
DA:414,0
DA:415,0
DA:416,0
DA:422,0
DA:423,0
DA:424,0
DA:425,0
DA:426,0
DA:427,0
DA:428,0
DA:429,0
DA:430,0
DA:432,0
DA:436,0
DA:437,0
DA:438,0
DA:443,0
DA:444,0
DA:445,0
DA:447,0
DA:449,0
DA:450,0
DA:451,0
DA:452,0
DA:453,0
DA:454,0
DA:458,0
DA:459,0
DA:460,0
DA:463,0
DA:466,0
DA:467,0
DA:473,0
DA:474,0
DA:475,0
DA:476,0
DA:477,0
DA:520,0
DA:544,0
DA:545,0
DA:546,0
DA:572,0
DA:575,0
DA:580,0
DA:616,0
DA:639,0
DA:640,0
DA:642,0
DA:673,0
DA:681,0
DA:682,0
DA:782,0
DA:783,0
DA:784,0
DA:807,0
DA:813,0
DA:818,0
DA:867,0
DA:886,0
DA:889,0
DA:892,0
DA:893,0
DA:894,0
DA:895,0
DA:915,0
DA:917,0
DA:938,0
DA:947,0
DA:949,0
DA:975,0
DA:981,0
DA:998,0
DA:1004,0
DA:1020,0
DA:1026,0
DA:1058,0
DA:1067,0
LF:219
LH:0
BRDA:88,0,0,0
BRDA:89,1,0,0
BRDA:106,2,0,0
BRDA:106,2,1,0
BRDA:127,3,0,0
BRDA:127,3,1,0
BRDA:128,4,0,0
BRDA:128,4,1,0
BRDA:128,5,0,0
BRDA:128,5,1,0
BRDA:129,6,0,0
BRDA:129,6,1,0
BRDA:130,7,0,0
BRDA:130,7,1,0
BRDA:131,8,0,0
BRDA:131,8,1,0
BRDA:138,9,0,0
BRDA:138,9,1,0
BRDA:139,10,0,0
BRDA:139,10,1,0
BRDA:140,11,0,0
BRDA:140,11,1,0
BRDA:154,12,0,0
BRDA:154,12,1,0
BRDA:161,13,0,0
BRDA:161,13,1,0
BRDA:164,14,0,0
BRDA:164,14,1,0
BRDA:167,15,0,0
BRDA:167,15,1,0
BRDA:172,16,0,0
BRDA:178,17,0,0
BRDA:178,17,1,0
BRDA:191,18,0,0
BRDA:191,18,1,0
BRDA:195,19,0,0
BRDA:195,19,1,0
BRDA:219,20,0,0
BRDA:219,20,1,0
BRDA:219,21,0,0
BRDA:219,21,1,0
BRDA:231,22,0,0
BRDA:231,22,1,0
BRDA:233,23,0,0
BRDA:233,23,1,0
BRDA:234,24,0,0
BRDA:234,24,1,0
BRDA:235,25,0,0
BRDA:235,25,1,0
BRDA:236,26,0,0
BRDA:236,26,1,0
BRDA:258,27,0,0
BRDA:258,27,1,0
BRDA:260,28,0,0
BRDA:260,28,1,0
BRDA:262,29,0,0
BRDA:262,29,1,0
BRDA:283,30,0,0
BRDA:283,30,1,0
BRDA:290,31,0,0
BRDA:290,31,1,0
BRDA:293,32,0,0
BRDA:293,32,1,0
BRDA:309,33,0,0
BRDA:309,33,1,0
BRDA:311,34,0,0
BRDA:311,34,1,0
BRDA:316,35,0,0
BRDA:316,35,1,0
BRDA:319,36,0,0
BRDA:319,36,1,0
BRDA:322,37,0,0
BRDA:322,37,1,0
BRDA:324,38,0,0
BRDA:324,38,1,0
BRDA:326,39,0,0
BRDA:326,39,1,0
BRDA:327,40,0,0
BRDA:327,40,1,0
BRDA:327,40,2,0
BRDA:333,41,0,0
BRDA:333,41,1,0
BRDA:356,42,0,0
BRDA:356,42,1,0
BRDA:357,43,0,0
BRDA:357,43,1,0
BRDA:360,44,0,0
BRDA:360,44,1,0
BRDA:363,45,0,0
BRDA:363,45,1,0
BRDA:405,46,0,0
BRDA:405,46,1,0
BRDA:410,47,0,0
BRDA:410,47,1,0
BRDA:415,48,0,0
BRDA:415,48,1,0
BRDA:415,49,0,0
BRDA:415,49,1,0
BRDA:415,49,2,0
BRDA:424,50,0,0
BRDA:424,50,1,0
BRDA:428,51,0,0
BRDA:428,51,1,0
BRDA:428,52,0,0
BRDA:428,52,1,0
BRDA:428,52,2,0
BRDA:437,53,0,0
BRDA:437,53,1,0
BRDA:444,54,0,0
BRDA:444,54,1,0
BRDA:445,55,0,0
BRDA:445,55,1,0
BRDA:447,56,0,0
BRDA:447,56,1,0
BRDA:452,57,0,0
BRDA:452,57,1,0
BRDA:459,58,0,0
BRDA:459,58,1,0
BRDA:465,59,0,0
BRDA:465,59,1,0
BRDA:474,60,0,0
BRDA:474,60,1,0
BRDA:488,61,0,0
BRDA:488,61,1,0
BRDA:490,62,0,0
BRDA:490,62,1,0
BRDA:492,63,0,0
BRDA:492,63,1,0
BRDA:492,64,0,0
BRDA:492,64,1,0
BRDA:499,65,0,0
BRDA:506,66,0,0
BRDA:506,66,1,0
BRDA:521,67,0,0
BRDA:521,67,1,0
BRDA:531,68,0,0
BRDA:533,69,0,0
BRDA:533,69,1,0
BRDA:544,70,0,0
BRDA:544,70,1,0
BRDA:544,71,0,0
BRDA:544,71,1,0
BRDA:570,72,0,0
BRDA:569,73,0,0
BRDA:569,73,1,0
BRDA:578,74,0,0
BRDA:589,75,0,0
BRDA:589,75,1,0
BRDA:592,76,0,0
BRDA:592,76,1,0
BRDA:617,77,0,0
BRDA:617,77,1,0
BRDA:625,78,0,0
BRDA:648,79,0,0
BRDA:656,80,0,0
BRDA:662,81,0,0
BRDA:670,82,0,0
BRDA:670,82,1,0
BRDA:670,82,2,0
BRDA:677,83,0,0
BRDA:677,83,1,0
BRDA:687,84,0,0
BRDA:697,85,0,0
BRDA:703,86,0,0
BRDA:703,86,1,0
BRDA:704,87,0,0
BRDA:704,87,1,0
BRDA:704,88,0,0
BRDA:704,88,1,0
BRDA:708,89,0,0
BRDA:708,89,1,0
BRDA:708,90,0,0
BRDA:708,90,1,0
BRDA:708,90,2,0
BRDA:717,91,0,0
BRDA:717,91,1,0
BRDA:717,91,2,0
BRDA:739,92,0,0
BRDA:739,92,1,0
BRDA:749,93,0,0
BRDA:749,93,1,0
BRDA:759,94,0,0
BRDA:759,94,1,0
BRDA:771,95,0,0
BRDA:782,96,0,0
BRDA:782,96,1,0
BRDA:782,97,0,0
BRDA:782,97,1,0
BRDA:805,98,0,0
BRDA:822,99,0,0
BRDA:850,100,0,0
BRDA:850,100,1,0
BRDA:886,101,0,0
BRDA:886,101,1,0
BRDA:886,102,0,0
BRDA:886,102,1,0
BRDA:893,103,0,0
BRDA:893,103,1,0
BRDA:894,104,0,0
BRDA:894,104,1,0
BRDA:917,105,0,0
BRDA:917,105,1,0
BRDA:943,106,0,0
BRDA:973,107,0,0
BRDA:973,107,1,0
BRDA:981,108,0,0
BRDA:981,108,1,0
BRDA:996,109,0,0
BRDA:996,109,1,0
BRDA:1004,110,0,0
BRDA:1004,110,1,0
BRDA:1018,111,0,0
BRDA:1018,111,1,0
BRDA:1026,112,0,0
BRDA:1026,112,1,0
BRDA:1063,113,0,0
BRDA:1063,113,1,0
BRF:217
BRH:0
end_of_record
TN:
SF:app/(admin)/[locale]/admin/components/OrderWaybillTrackingModal.tsx
FN:40,getStatusGroup
FN:94,OrderWaybillTrackingModal
FN:100,(anonymous_4)
FN:100,(anonymous_5)
FN:105,(anonymous_6)
FN:105,(anonymous_7)
FN:106,(anonymous_8)
FN:111,(anonymous_9)
FN:150,(anonymous_10)
FN:170,(anonymous_11)
FNF:10
FNH:0
FNDA:0,getStatusGroup
FNDA:0,OrderWaybillTrackingModal
FNDA:0,(anonymous_4)
FNDA:0,(anonymous_5)
FNDA:0,(anonymous_6)
FNDA:0,(anonymous_7)
FNDA:0,(anonymous_8)
FNDA:0,(anonymous_9)
FNDA:0,(anonymous_10)
FNDA:0,(anonymous_11)
DA:3,0
DA:4,0
DA:5,0
DA:18,0
DA:19,0
DA:20,0
DA:21,0
DA:22,0
DA:23,0
DA:45,0
DA:79,0
DA:80,0
DA:81,0
DA:82,0
DA:83,0
DA:84,0
DA:85,0
DA:87,0
DA:94,0
DA:95,0
DA:96,0
DA:98,0
DA:100,0
DA:104,0
DA:105,0
DA:107,0
DA:108,0
DA:109,0
DA:111,0
DA:114,0
DA:115,0
DA:150,0
DA:171,0
DA:172,0
DA:173,0
DA:175,0
LF:36
LH:0
BRDA:79,0,0,0
BRDA:79,0,1,0
BRDA:80,1,0,0
BRDA:80,1,1,0
BRDA:82,2,0,0
BRDA:82,2,1,0
BRDA:83,3,0,0
BRDA:83,3,1,0
BRDA:84,4,0,0
BRDA:84,4,1,0
BRDA:85,5,0,0
BRDA:85,5,1,0
BRDA:111,6,0,0
BRDA:111,6,1,0
BRDA:115,7,0,0
BRDA:115,7,1,0
BRDA:126,8,0,0
BRDA:129,9,0,0
BRDA:129,9,1,0
BRDA:136,10,0,0
BRDA:140,11,0,0
BRDA:154,12,0,0
BRDA:164,13,0,0
BRDA:178,14,0,0
BRDA:193,15,0,0
BRDA:193,15,1,0
BRDA:195,16,0,0
BRDA:202,17,0,0
BRDA:205,18,0,0
BRDA:205,18,1,0
BRDA:209,19,0,0
BRDA:215,20,0,0
BRDA:228,21,0,0
BRF:33
BRH:0
end_of_record
TN:
SF:app/(admin)/[locale]/admin/components/PaymentBadge.tsx
FN:30,PaymentBadge
FN:41,(anonymous_2)
FN:41,(anonymous_3)
FNF:3
FNH:0
FNDA:0,PaymentBadge
FNDA:0,(anonymous_2)
FNDA:0,(anonymous_3)
DA:3,0
DA:4,0
DA:5,0
DA:7,0
DA:30,0
DA:39,0
DA:41,0
DA:46,0
DA:54,0
DA:55,0
DA:56,0
LF:11
LH:0
BRDA:46,0,0,0
BRDA:46,0,1,0
BRDA:54,1,0,0
BRDA:54,1,1,0
BRDA:56,2,0,0
BRDA:56,2,1,0
BRF:6
BRH:0
end_of_record
TN:
SF:app/(admin)/[locale]/admin/components/PaymentBlock.tsx
FN:47,PaymentBlock
FN:62,(anonymous_3)
FN:62,(anonymous_4)
FN:68,(anonymous_5)
FN:79,(anonymous_6)
FN:118,(anonymous_7)
FN:135,(anonymous_8)
FN:167,(anonymous_9)
FN:186,(anonymous_10)
FN:201,(anonymous_11)
FN:209,(anonymous_12)
FN:228,(anonymous_13)
FN:243,(anonymous_14)
FN:250,(anonymous_15)
FN:267,(anonymous_16)
FN:287,(anonymous_17)
FN:298,(anonymous_18)
FN:308,(anonymous_19)
FN:320,(anonymous_20)
FNF:19
FNH:0
FNDA:0,PaymentBlock
FNDA:0,(anonymous_3)
FNDA:0,(anonymous_4)
FNDA:0,(anonymous_5)
FNDA:0,(anonymous_6)
FNDA:0,(anonymous_7)
FNDA:0,(anonymous_8)
FNDA:0,(anonymous_9)
FNDA:0,(anonymous_10)
FNDA:0,(anonymous_11)
FNDA:0,(anonymous_12)
FNDA:0,(anonymous_13)
FNDA:0,(anonymous_14)
FNDA:0,(anonymous_15)
FNDA:0,(anonymous_16)
FNDA:0,(anonymous_17)
FNDA:0,(anonymous_18)
FNDA:0,(anonymous_19)
FNDA:0,(anonymous_20)
DA:3,0
DA:4,0
DA:5,0
DA:6,0
DA:7,0
DA:12,0
DA:13,0
DA:14,0
DA:15,0
DA:16,0
DA:17,0
DA:18,0
DA:19,0
DA:24,0
DA:47,0
DA:54,0
DA:60,0
DA:62,0
DA:66,0
DA:68,0
DA:69,0
DA:70,0
DA:71,0
DA:72,0
DA:74,0
DA:75,0
DA:79,0
DA:80,0
DA:81,0
DA:82,0
DA:83,0
DA:84,0
DA:85,0
DA:86,0
DA:88,0
DA:91,0
DA:92,0
DA:94,0
DA:98,0
DA:103,0
DA:106,0
DA:118,0
DA:136,0
DA:167,0
DA:175,0
DA:188,0
DA:201,0
DA:209,0
DA:217,0
DA:230,0
DA:243,0
DA:250,0
DA:269,0
DA:287,0
DA:298,0
DA:308,0
DA:320,0
LF:57
LH:0
BRDA:74,0,0,0
BRDA:74,0,1,0
BRDA:74,0,2,0
BRDA:75,1,0,0
BRDA:75,1,1,0
BRDA:83,2,0,0
BRDA:83,2,1,0
BRDA:88,3,0,0
BRDA:88,3,1,0
BRDA:91,4,0,0
BRDA:91,4,1,0
BRDA:91,4,2,0
BRDA:92,5,0,0
BRDA:92,5,1,0
BRDA:103,6,0,0
BRDA:103,6,1,0
BRDA:106,7,0,0
BRDA:106,7,1,0
BRDA:110,8,0,0
BRDA:112,9,0,0
BRDA:114,10,0,0
BRDA:114,10,1,0
BRDA:114,10,2,0
BRDA:123,11,0,0
BRDA:136,12,0,0
BRDA:136,12,1,0
BRDA:146,13,0,0
BRDA:175,14,0,0
BRDA:175,14,1,0
BRDA:179,15,0,0
BRDA:181,16,0,0
BRDA:188,17,0,0
BRDA:188,17,1,0
BRDA:196,18,0,0
BRDA:217,19,0,0
BRDA:217,19,1,0
BRDA:221,20,0,0
BRDA:223,21,0,0
BRDA:230,22,0,0
BRDA:230,22,1,0
BRDA:238,23,0,0
BRDA:260,24,0,0
BRDA:262,25,0,0
BRDA:269,26,0,0
BRDA:269,26,1,0
BRDA:277,27,0,0
BRDA:283,28,0,0
BRDA:283,28,1,0
BRDA:283,28,2,0
BRDA:293,29,0,0
BRDA:303,30,0,0
BRDA:324,31,0,0
BRF:52
BRH:0
end_of_record
TN:
SF:app/(admin)/[locale]/admin/components/PaymentHelpers.ts
FN:3,paymentBadgeClass
FN:16,paymentMethodLabel
FNF:2
FNH:0
FNDA:0,paymentBadgeClass
FNDA:0,paymentMethodLabel
DA:3,0
DA:4,0
DA:6,0
DA:8,0
DA:10,0
DA:12,0
DA:16,0
DA:17,0
DA:19,0
DA:21,0
DA:23,0
DA:25,0
LF:12
LH:0
BRDA:4,0,0,0
BRDA:4,0,1,0
BRDA:4,0,2,0
BRDA:4,0,3,0
BRDA:17,1,0,0
BRDA:17,1,1,0
BRDA:17,1,2,0
BRDA:17,1,3,0
BRF:8
BRH:0
end_of_record
TN:
SF:app/(admin)/[locale]/admin/components/ProtectionDashboard.tsx
FN:15,(anonymous_5)
FN:27,ProtectionDashboard
FN:37,(anonymous_7)
FN:50,(anonymous_8)
FN:59,(anonymous_9)
FN:100,(anonymous_10)
FN:105,(anonymous_11)
FN:107,(anonymous_12)
FN:113,(anonymous_13)
FN:116,(anonymous_14)
FN:120,(anonymous_15)
FN:125,(anonymous_16)
FN:128,(anonymous_17)
FN:129,(anonymous_18)
FN:137,(anonymous_19)
FN:216,(anonymous_20)
FNF:16
FNH:0
FNDA:0,(anonymous_5)
FNDA:0,ProtectionDashboard
FNDA:0,(anonymous_7)
FNDA:0,(anonymous_8)
FNDA:0,(anonymous_9)
FNDA:0,(anonymous_10)
FNDA:0,(anonymous_11)
FNDA:0,(anonymous_12)
FNDA:0,(anonymous_13)
FNDA:0,(anonymous_14)
FNDA:0,(anonymous_15)
FNDA:0,(anonymous_16)
FNDA:0,(anonymous_17)
FNDA:0,(anonymous_18)
FNDA:0,(anonymous_19)
FNDA:0,(anonymous_20)
DA:3,0
DA:4,0
DA:5,0
DA:6,0
DA:7,0
DA:8,0
DA:9,0
DA:10,0
DA:11,0
DA:12,0
DA:13,0
DA:15,0
DA:16,0
DA:18,0
DA:27,0
DA:28,0
DA:29,0
DA:30,0
DA:32,0
DA:33,0
DA:35,0
DA:38,0
DA:41,0
DA:48,0
DA:51,0
DA:52,0
DA:58,0
DA:59,0
DA:100,0
DA:101,0
DA:102,0
DA:103,0
DA:105,0
DA:107,0
DA:113,0
DA:114,0
DA:115,0
DA:117,0
DA:118,0
DA:120,0
DA:125,0
DA:126,0
DA:127,0
DA:128,0
DA:129,0
DA:138,0
DA:216,0
LF:47
LH:0
BRDA:32,0,0,0
BRDA:32,0,1,0
BRDA:44,1,0,0
BRDA:44,1,1,0
BRDA:55,2,0,0
BRDA:55,2,1,0
BRDA:62,3,0,0
BRDA:62,3,1,0
BRDA:69,4,0,0
BRDA:69,4,1,0
BRDA:76,5,0,0
BRDA:76,5,1,0
BRDA:83,6,0,0
BRDA:83,6,1,0
BRDA:90,7,0,0
BRDA:90,7,1,0
BRDA:101,8,0,0
BRDA:101,8,1,0
BRDA:105,9,0,0
BRDA:105,9,1,0
BRDA:114,10,0,0
BRDA:114,10,1,0
BRDA:126,11,0,0
BRDA:126,11,1,0
BRDA:165,12,0,0
BRDA:188,13,0,0
BRDA:211,14,0,0
BRF:27
BRH:0
end_of_record
TN:
SF:app/(admin)/[locale]/admin/components/WaybillTrackingTimeline.tsx
FN:6,WaybillTrackingTimeline
FN:25,(anonymous_2)
FNF:2
FNH:0
FNDA:0,WaybillTrackingTimeline
FNDA:0,(anonymous_2)
DA:3,0
DA:6,0
DA:13,0
DA:26,0
DA:27,0
LF:5
LH:0
BRDA:13,0,0,0
BRDA:13,0,1,0
BRDA:31,1,0,0
BRDA:31,1,1,0
BRDA:36,2,0,0
BRDA:36,2,1,0
BRDA:36,2,2,0
BRDA:40,3,0,0
BRDA:46,4,0,0
BRDA:49,5,0,0
BRDA:49,5,1,0
BRF:11
BRH:0
end_of_record
TN:
SF:app/(admin)/[locale]/admin/components/waybillHelpers.ts
FN:6,showNpError
FN:15,formatNpNumber
FN:25,buildPackItemsFromSeat
FNF:3
FNH:0
FNDA:0,showNpError
FNDA:0,formatNpNumber
FNDA:0,buildPackItemsFromSeat
DA:3,0
DA:6,0
DA:7,0
DA:8,0
DA:9,0
DA:10,0
DA:11,0
DA:15,0
DA:16,0
DA:17,0
DA:18,0
DA:25,0
DA:26,0
DA:27,0
LF:14
LH:0
BRDA:7,0,0,0
BRDA:7,0,1,0
BRDA:8,1,0,0
BRDA:8,1,1,0
BRDA:9,2,0,0
BRDA:9,2,1,0
BRDA:10,3,0,0
BRDA:10,3,1,0
BRDA:17,4,0,0
BRDA:17,4,1,0
BRDA:26,5,0,0
BRDA:26,5,1,0
BRDA:30,6,0,0
BRDA:30,6,1,0
BRDA:32,7,0,0
BRDA:32,7,1,0
BRDA:35,8,0,0
BRDA:35,8,1,0
BRDA:38,9,0,0
BRDA:38,9,1,0
BRDA:41,10,0,0
BRDA:41,10,1,0
BRF:22
BRH:0
end_of_record
TN:
SF:app/(admin)/[locale]/admin/pricing/PricingPageClient.tsx
FN:70,EChart
FN:79,(anonymous_6)
FN:83,(anonymous_7)
FN:88,(anonymous_8)
FN:98,PricingPageClient
FN:120,(anonymous_10)
FN:127,(anonymous_11)
FN:138,(anonymous_12)
FN:145,(anonymous_13)
FN:158,(anonymous_14)
FN:167,(anonymous_15)
FN:178,(anonymous_16)
FN:184,(anonymous_17)
FN:192,(anonymous_18)
FN:196,(anonymous_19)
FN:201,(anonymous_20)
FN:202,(anonymous_21)
FN:205,(anonymous_22)
FN:207,(anonymous_23)
FN:223,(anonymous_24)
FN:227,(anonymous_25)
FN:230,(anonymous_26)
FN:231,(anonymous_27)
FN:237,(anonymous_28)
FN:243,(anonymous_29)
FN:247,(anonymous_30)
FN:251,(anonymous_31)
FN:257,(anonymous_32)
FN:260,(anonymous_33)
FN:261,(anonymous_34)
FN:262,(anonymous_35)
FN:266,(anonymous_36)
FN:275,(anonymous_37)
FN:285,(anonymous_38)
FN:287,(anonymous_39)
FN:292,(anonymous_40)
FN:309,(anonymous_41)
FN:313,(anonymous_42)
FN:314,(anonymous_43)
FN:319,(anonymous_44)
FN:333,(anonymous_45)
FN:342,(anonymous_46)
FN:343,(anonymous_47)
FN:358,(anonymous_48)
FN:361,(anonymous_49)
FN:386,(anonymous_50)
FN:435,(anonymous_51)
FN:444,(anonymous_52)
FN:465,(anonymous_53)
FN:473,(anonymous_54)
FN:506,(anonymous_55)
FN:508,(anonymous_56)
FN:514,(anonymous_57)
FN:518,(anonymous_58)
FN:536,(anonymous_59)
FN:549,(anonymous_60)
FN:551,(anonymous_61)
FN:555,(anonymous_62)
FN:557,(anonymous_63)
FN:559,(anonymous_64)
FN:569,(anonymous_65)
FN:572,(anonymous_66)
FN:590,(anonymous_67)
FN:627,(anonymous_68)
FN:632,(anonymous_69)
FN:648,(anonymous_70)
FN:659,(anonymous_71)
FNF:67
FNH:0
FNDA:0,EChart
FNDA:0,(anonymous_6)
FNDA:0,(anonymous_7)
FNDA:0,(anonymous_8)
FNDA:0,PricingPageClient
FNDA:0,(anonymous_10)
FNDA:0,(anonymous_11)
FNDA:0,(anonymous_12)
FNDA:0,(anonymous_13)
FNDA:0,(anonymous_14)
FNDA:0,(anonymous_15)
FNDA:0,(anonymous_16)
FNDA:0,(anonymous_17)
FNDA:0,(anonymous_18)
FNDA:0,(anonymous_19)
FNDA:0,(anonymous_20)
FNDA:0,(anonymous_21)
FNDA:0,(anonymous_22)
FNDA:0,(anonymous_23)
FNDA:0,(anonymous_24)
FNDA:0,(anonymous_25)
FNDA:0,(anonymous_26)
FNDA:0,(anonymous_27)
FNDA:0,(anonymous_28)
FNDA:0,(anonymous_29)
FNDA:0,(anonymous_30)
FNDA:0,(anonymous_31)
FNDA:0,(anonymous_32)
FNDA:0,(anonymous_33)
FNDA:0,(anonymous_34)
FNDA:0,(anonymous_35)
FNDA:0,(anonymous_36)
FNDA:0,(anonymous_37)
FNDA:0,(anonymous_38)
FNDA:0,(anonymous_39)
FNDA:0,(anonymous_40)
FNDA:0,(anonymous_41)
FNDA:0,(anonymous_42)
FNDA:0,(anonymous_43)
FNDA:0,(anonymous_44)
FNDA:0,(anonymous_45)
FNDA:0,(anonymous_46)
FNDA:0,(anonymous_47)
FNDA:0,(anonymous_48)
FNDA:0,(anonymous_49)
FNDA:0,(anonymous_50)
FNDA:0,(anonymous_51)
FNDA:0,(anonymous_52)
FNDA:0,(anonymous_53)
FNDA:0,(anonymous_54)
FNDA:0,(anonymous_55)
FNDA:0,(anonymous_56)
FNDA:0,(anonymous_57)
FNDA:0,(anonymous_58)
FNDA:0,(anonymous_59)
FNDA:0,(anonymous_60)
FNDA:0,(anonymous_61)
FNDA:0,(anonymous_62)
FNDA:0,(anonymous_63)
FNDA:0,(anonymous_64)
FNDA:0,(anonymous_65)
FNDA:0,(anonymous_66)
FNDA:0,(anonymous_67)
FNDA:0,(anonymous_68)
FNDA:0,(anonymous_69)
FNDA:0,(anonymous_70)
FNDA:0,(anonymous_71)
DA:3,0
DA:4,0
DA:5,0
DA:21,0
DA:22,0
DA:23,0
DA:24,0
DA:25,0
DA:32,0
DA:42,0
DA:43,0
DA:44,0
DA:45,0
DA:46,0
DA:77,0
DA:79,0
DA:80,0
DA:81,0
DA:82,0
DA:83,0
DA:84,0
DA:88,0
DA:89,0
DA:90,0
DA:91,0
DA:92,0
DA:98,0
DA:99,0
DA:100,0
DA:101,0
DA:102,0
DA:103,0
DA:105,0
DA:106,0
DA:107,0
DA:108,0
DA:111,0
DA:112,0
DA:113,0
DA:114,0
DA:115,0
DA:116,0
DA:117,0
DA:118,0
DA:120,0
DA:121,0
DA:125,0
DA:128,0
DA:129,0
DA:133,0
DA:139,0
DA:140,0
DA:141,0
DA:142,0
DA:145,0
DA:146,0
DA:147,0
DA:156,0
DA:159,0
DA:160,0
DA:165,0
DA:169,0
DA:172,0
DA:173,0
DA:178,0
DA:179,0
DA:180,0
DA:184,0
DA:185,0
DA:189,0
DA:192,0
DA:193,0
DA:194,0
DA:195,0
DA:196,0
DA:197,0
DA:198,0
DA:199,0
DA:201,0
DA:202,0
DA:205,0
DA:206,0
DA:207,0
DA:208,0
DA:209,0
DA:210,0
DA:211,0
DA:212,0
DA:213,0
DA:214,0
DA:216,0
DA:220,0
DA:223,0
DA:226,0
DA:228,0
DA:229,0
DA:230,0
DA:231,0
DA:235,0
DA:238,0
DA:239,0
DA:240,0
DA:241,0
DA:243,0
DA:246,0
DA:248,0
DA:249,0
DA:252,0
DA:253,0
DA:254,0
DA:255,0
DA:257,0
DA:260,0
DA:261,0
DA:262,0
DA:263,0
DA:264,0
DA:265,0
DA:266,0
DA:267,0
DA:268,0
DA:269,0
DA:270,0
DA:271,0
DA:275,0
DA:276,0
DA:277,0
DA:279,0
DA:280,0
DA:281,0
DA:283,0
DA:284,0
DA:285,0
DA:286,0
DA:287,0
DA:288,0
DA:292,0
DA:293,0
DA:304,0
DA:309,0
DA:313,0
DA:314,0
DA:315,0
DA:319,0
DA:327,0
DA:334,0
DA:335,0
DA:336,0
DA:337,0
DA:338,0
DA:340,0
DA:341,0
DA:342,0
DA:343,0
DA:344,0
DA:346,0
DA:349,0
DA:352,0
DA:358,0
DA:362,0
DA:363,0
DA:386,0
DA:387,0
DA:388,0
DA:410,0
DA:415,0
DA:436,0
DA:445,0
DA:466,0
DA:467,0
DA:474,0
DA:475,0
DA:507,0
DA:508,0
DA:509,0
DA:513,0
DA:514,0
DA:518,0
DA:523,0
DA:538,0
DA:539,0
DA:540,0
DA:550,0
DA:551,0
DA:552,0
DA:553,0
DA:556,0
DA:557,0
DA:560,0
DA:561,0
DA:562,0
DA:563,0
DA:565,0
DA:566,0
DA:567,0
DA:568,0
DA:569,0
DA:573,0
DA:574,0
DA:575,0
DA:592,0
DA:593,0
DA:594,0
DA:627,0
DA:634,0
DA:635,0
DA:636,0
DA:637,0
DA:638,0
DA:639,0
DA:641,0
DA:643,0
DA:648,0
DA:659,0
LF:214
LH:0
BRDA:80,0,0,0
BRDA:80,0,1,0
BRDA:90,1,0,0
BRDA:90,1,1,0
BRDA:92,2,0,0
BRDA:92,2,1,0
BRDA:140,3,0,0
BRDA:140,3,1,0
BRDA:145,4,0,0
BRDA:145,4,1,0
BRDA:146,5,0,0
BRDA:146,5,1,0
BRDA:169,6,0,0
BRDA:169,6,1,0
BRDA:179,7,0,0
BRDA:179,7,1,0
BRDA:180,8,0,0
BRDA:180,8,1,0
BRDA:193,9,0,0
BRDA:193,9,1,0
BRDA:197,10,0,0
BRDA:197,10,1,0
BRDA:198,11,0,0
BRDA:198,11,1,0
BRDA:206,12,0,0
BRDA:206,12,1,0
BRDA:211,13,0,0
BRDA:211,13,1,0
BRDA:211,14,0,0
BRDA:211,14,1,0
BRDA:213,15,0,0
BRDA:213,15,1,0
BRDA:230,16,0,0
BRDA:230,16,1,0
[...]
BRDA:206,29,0,0
BRDA:206,29,1,0
BRDA:208,30,0,0
BRF:56
BRH:0
end_of_record
TN:
SF:components/layout/SettingsHydrate.tsx
FN:5,SettingsHydrate
FNF:1
FNH:0
FNDA:0,SettingsHydrate
DA:3,0
DA:5,0
DA:6,0
DA:7,0
DA:8,0
LF:5
LH:0
BRF:0
BRH:0
end_of_record
TN:
SF:components/ui/CustomToast.tsx
FN:49,CustomToast
FN:85,(anonymous_2)
FNF:2
FNH:0
FNDA:0,CustomToast
FNDA:0,(anonymous_2)
DA:3,0
DA:4,0
DA:6,0
DA:13,0
DA:49,0
DA:56,0
DA:57,0
DA:85,0
LF:8
LH:0
BRDA:72,0,0,0
BRDA:75,1,0,0
BRF:2
BRH:0
end_of_record
TN:
SF:components/ui/DefaultPaymentButton.tsx
FN:34,DefaultPaymentButton
FN:42,(anonymous_5)
FN:43,(anonymous_6)
FN:44,(anonymous_7)
FN:47,(anonymous_8)
FN:51,(anonymous_9)
FNF:6
FNH:0
FNDA:0,DefaultPaymentButton
FNDA:0,(anonymous_5)
FNDA:0,(anonymous_6)
FNDA:0,(anonymous_7)
FNDA:0,(anonymous_8)
FNDA:0,(anonymous_9)
DA:3,0
DA:4,0
DA:6,0
DA:34,0
DA:40,0
DA:42,0
DA:43,0
DA:44,0
DA:47,0
DA:48,0
DA:49,0
DA:50,0
DA:51,0
LF:13
LH:0
BRDA:36,0,0,0
BRDA:37,1,0,0
BRDA:58,2,0,0
BRDA:58,2,1,0
BRDA:62,3,0,0
BRDA:67,4,0,0
BRDA:67,4,1,0
BRF:7
BRH:0
end_of_record
TN:
SF:components/ui/FalconLogo.tsx
FN:7,FalconLogo
FNF:1
FNH:1
FNDA:3,FalconLogo
DA:1,1
DA:7,3
LF:2
LH:2
BRF:0
BRH:0
end_of_record
TN:
SF:components/ui/KipTimer.tsx
FN:9,formatCountdown
FN:16,getBadgeColor
FN:28,KipTimer
FN:35,(anonymous_4)
FN:55,(anonymous_5)
FN:59,(anonymous_6)
FNF:6
FNH:0
FNDA:0,formatCountdown
FNDA:0,getBadgeColor
FNDA:0,KipTimer
FNDA:0,(anonymous_4)
FNDA:0,(anonymous_5)
FNDA:0,(anonymous_6)
DA:3,0
DA:4,0
DA:5,0
DA:7,0
DA:10,0
DA:11,0
DA:12,0
DA:13,0
DA:17,0
DA:28,0
DA:32,0
DA:33,0
DA:35,0
DA:36,0
DA:38,0
DA:39,0
DA:40,0
DA:41,0
DA:45,0
DA:46,0
DA:47,0
DA:50,0
DA:51,0
DA:55,0
DA:56,0
DA:59,0
DA:62,0
DA:63,0
LF:28
LH:0
BRDA:17,0,0,0
BRDA:17,0,1,0
BRDA:36,1,0,0
BRDA:36,1,1,0
BRDA:46,2,0,0
BRDA:46,2,1,0
BRDA:62,3,0,0
BRDA:62,3,1,0
BRF:8
BRH:0
end_of_record
TN:
SF:components/ui/LanguageSwitcher.tsx
FN:22,LanguageSwitcher
FN:29,(anonymous_3)
FN:31,(anonymous_4)
FN:52,(anonymous_5)
FN:55,(anonymous_6)
FNF:5
FNH:0
FNDA:0,LanguageSwitcher
FNDA:0,(anonymous_3)
FNDA:0,(anonymous_4)
FNDA:0,(anonymous_5)
FNDA:0,(anonymous_6)
DA:3,0
DA:4,0
DA:5,0
DA:6,0
DA:12,0
DA:13,0
DA:14,0
DA:16,0
DA:22,0
DA:23,0
DA:24,0
DA:25,0
DA:26,0
DA:27,0
DA:29,0
DA:31,0
DA:32,0
DA:33,0
DA:34,0
DA:36,0
DA:37,0
DA:53,0
DA:55,0
LF:23
LH:0
BRDA:29,0,0,0
BRDA:29,0,1,0
BRDA:33,1,0,0
BRDA:33,1,1,0
BRDA:37,2,0,0
BRDA:37,2,1,0
BRDA:56,3,0,0
BRDA:56,3,1,0
BRDA:58,4,0,0
BRDA:58,4,1,0
BRDA:58,5,0,0
BRDA:58,5,1,0
BRF:12
BRH:0
end_of_record
TN:
SF:components/ui/LiqPayStandaloneButton.tsx
FN:232,LiqPayStandaloneButton
FN:239,(anonymous_6)
FN:240,(anonymous_7)
FN:241,(anonymous_8)
FN:244,(anonymous_9)
FN:248,(anonymous_10)
FNF:6
FNH:0
FNDA:0,LiqPayStandaloneButton
FNDA:0,(anonymous_6)
FNDA:0,(anonymous_7)
FNDA:0,(anonymous_8)
FNDA:0,(anonymous_9)
FNDA:0,(anonymous_10)
DA:3,0
DA:4,0
DA:6,0
DA:232,0
DA:237,0
DA:239,0
DA:240,0
DA:241,0
DA:244,0
DA:245,0
DA:246,0
DA:247,0
DA:248,0
LF:13
LH:0
BRDA:234,0,0,0
BRDA:235,1,0,0
BRDA:255,2,0,0
BRDA:255,2,1,0
BRDA:259,3,0,0
BRDA:265,4,0,0
BRDA:265,4,1,0
BRF:7
BRH:0
end_of_record
TN:
SF:components/ui/MonopayStandaloneButton.tsx
FN:53,MonopayStandaloneButton
FN:62,(anonymous_5)
FN:63,(anonymous_6)
FN:64,(anonymous_7)
FN:65,(anonymous_8)
FN:71,(anonymous_9)
FN:75,(anonymous_10)
FNF:7
FNH:0
FNDA:0,MonopayStandaloneButton
FNDA:0,(anonymous_5)
FNDA:0,(anonymous_6)
FNDA:0,(anonymous_7)
FNDA:0,(anonymous_8)
FNDA:0,(anonymous_9)
FNDA:0,(anonymous_10)
DA:3,0
DA:4,0
DA:6,0
DA:53,0
DA:58,0
DA:62,0
DA:63,0
DA:64,0
DA:65,0
DA:66,0
DA:67,0
DA:71,0
DA:72,0
DA:73,0
DA:74,0
DA:75,0
DA:78,0
LF:17
LH:0
BRDA:55,0,0,0
BRDA:56,1,0,0
BRDA:84,2,0,0
BRDA:84,2,1,0
BRDA:88,3,0,0
BRDA:95,4,0,0
BRDA:95,4,1,0
BRDA:103,5,0,0
BRDA:103,5,1,0
BRDA:128,6,0,0
BRDA:128,6,1,0
BRDA:130,7,0,0
BRDA:130,7,1,0
BRDA:134,8,0,0
BRDA:134,8,1,0
BRF:15
BRH:0
end_of_record
TN:
SF:components/ui/MotionComponents.tsx
FN:11,(anonymous_5)
FNF:1
FNH:0
FNDA:0,(anonymous_5)
DA:3,0
DA:5,0
DA:7,0
DA:9,0
DA:11,0
DA:18,0
DA:25,0
LF:7
LH:0
BRF:0
BRH:0
end_of_record
TN:
SF:components/ui/NovaPayStandaloneButton.tsx
FN:96,NovaPayStandaloneButton
FN:103,(anonymous_6)
FN:104,(anonymous_7)
FN:105,(anonymous_8)
FN:108,(anonymous_9)
FN:112,(anonymous_10)
FNF:6
FNH:0
FNDA:0,NovaPayStandaloneButton
FNDA:0,(anonymous_6)
FNDA:0,(anonymous_7)
FNDA:0,(anonymous_8)
FNDA:0,(anonymous_9)
FNDA:0,(anonymous_10)
DA:3,0
DA:4,0
DA:6,0
DA:96,0
DA:101,0
DA:103,0
DA:104,0
DA:105,0
DA:108,0
DA:109,0
DA:110,0
DA:111,0
DA:112,0
LF:13
LH:0
BRDA:98,0,0,0
BRDA:99,1,0,0
BRDA:119,2,0,0
BRDA:119,2,1,0
BRDA:123,3,0,0
BRDA:129,4,0,0
BRDA:129,4,1,0
BRF:7
BRH:0
end_of_record
TN:
SF:components/ui/NpWaybillBadge.tsx
FN:7,formatNpNumber
FN:19,NpWaybillBadge
FNF:2
FNH:0
FNDA:0,formatNpNumber
FNDA:0,NpWaybillBadge
DA:3,0
DA:4,0
DA:8,0
DA:9,0
DA:10,0
DA:19,0
DA:20,0
DA:23,0
DA:24,0
DA:25,0
DA:26,0
DA:28,0
LF:12
LH:0
BRDA:9,0,0,0
BRDA:9,0,1,0
BRDA:20,1,0,0
BRDA:20,1,1,0
BRDA:23,2,0,0
BRDA:23,2,1,0
BRDA:25,3,0,0
BRDA:25,3,1,0
BRDA:33,4,0,0
BRDA:33,4,1,0
BRDA:36,5,0,0
BRDA:35,6,0,0
BRDA:35,6,1,0
BRDA:40,7,0,0
BRDA:40,7,1,0
BRF:15
BRH:0
end_of_record
TN:
SF:components/ui/PageTransition.tsx
FN:6,PageTransition
FNF:1
FNH:0
FNDA:0,PageTransition
DA:3,0
DA:4,0
DA:6,0
LF:3
LH:0
BRF:0
BRH:0
end_of_record
TN:
SF:components/ui/PhoneInput.tsx
FN:8,formatPhone
FN:33,PhoneInput
FN:41,(anonymous_7)
FN:44,(anonymous_8)
FN:56,(anonymous_9)
FN:87,phoneToApi
FN:93,apiToPhone
FNF:7
FNH:3
FNDA:3,formatPhone
FNDA:0,PhoneInput
FNDA:0,(anonymous_7)
FNDA:0,(anonymous_8)
FNDA:0,(anonymous_9)
FNDA:2,phoneToApi
FNDA:2,apiToPhone
DA:3,1
DA:4,1
DA:6,1
DA:8,3
DA:9,3
DA:10,3
DA:11,2
DA:12,2
DA:13,2
DA:14,2
DA:15,2
DA:16,2
DA:17,2
DA:18,2
DA:19,2
DA:20,2
DA:21,2
DA:22,2
DA:33,0
DA:40,0
DA:41,0
DA:42,0
DA:44,0
DA:45,0
DA:46,0
DA:47,0
DA:48,0
DA:50,0
DA:52,0
DA:56,0
DA:57,0
DA:58,0
DA:59,0
DA:60,0
DA:63,0
DA:65,0
DA:66,0
DA:67,0
DA:87,2
DA:88,2
DA:89,2
DA:90,1
DA:93,2
DA:94,2
DA:95,1
DA:96,1
LF:46
LH:26
BRDA:10,0,0,1
BRDA:10,0,1,2
BRDA:12,1,0,0
BRDA:12,1,1,2
BRDA:14,2,0,0
BRDA:14,2,1,2
BRDA:16,3,0,2
BRDA:16,3,1,0
BRDA:17,4,0,2
BRDA:17,4,1,0
BRDA:18,5,0,2
BRDA:18,5,1,0
BRDA:19,6,0,1
BRDA:19,6,1,1
BRDA:20,7,0,1
BRDA:20,7,1,1
BRDA:21,8,0,1
BRDA:21,8,1,1
BRDA:42,9,0,0
BRDA:42,9,1,0
BRDA:45,10,0,0
BRDA:45,10,1,0
BRDA:45,11,0,0
BRDA:45,11,1,0
BRDA:47,12,0,0
BRDA:47,12,1,0
BRDA:58,13,0,0
BRDA:58,13,1,0
BRDA:63,14,0,0
BRDA:63,14,1,0
BRDA:89,15,0,1
BRDA:89,15,1,1
BRDA:94,16,0,1
BRDA:94,16,1,1
BRF:34
BRH:17
end_of_record
TN:
SF:components/ui/SearchAutocomplete.tsx
FN:12,SearchAutocomplete
FN:21,(anonymous_6)
FN:31,(anonymous_7)
FN:32,(anonymous_8)
FN:38,(anonymous_9)
FN:41,(anonymous_10)
FN:49,(anonymous_11)
FN:60,(anonymous_12)
FN:64,(anonymous_13)
FN:73,(anonymous_14)
FN:76,(anonymous_15)
FNF:11
FNH:0
FNDA:0,SearchAutocomplete
FNDA:0,(anonymous_6)
FNDA:0,(anonymous_7)
FNDA:0,(anonymous_8)
FNDA:0,(anonymous_9)
FNDA:0,(anonymous_10)
FNDA:0,(anonymous_11)
FNDA:0,(anonymous_12)
FNDA:0,(anonymous_13)
FNDA:0,(anonymous_14)
FNDA:0,(anonymous_15)
DA:3,0
DA:4,0
DA:5,0
DA:6,0
DA:7,0
DA:8,0
DA:9,0
DA:12,0
DA:13,0
DA:14,0
DA:15,0
DA:16,0
DA:17,0
DA:19,0
DA:22,0
DA:23,0
DA:26,0
DA:31,0
DA:32,0
DA:33,0
DA:34,0
DA:37,0
DA:38,0
DA:41,0
DA:42,0
DA:43,0
DA:44,0
DA:45,0
DA:49,0
DA:50,0
DA:51,0
DA:52,0
DA:61,0
DA:62,0
DA:64,0
DA:74,0
DA:76,0
LF:37
LH:0
BRDA:22,0,0,0
BRDA:22,0,1,0
BRDA:33,1,0,0
BRDA:33,1,1,0
BRDA:33,2,0,0
BRDA:33,2,1,0
BRDA:43,3,0,0
BRDA:43,3,1,0
BRDA:71,4,0,0
BRDA:71,4,1,0
BRF:10
BRH:0
end_of_record
TN:
SF:components/ui/SearchableSelect.tsx
FN:46,SearchableSelect
FN:70,(anonymous_5)
FN:71,(anonymous_6)
FN:80,(anonymous_7)
FN:84,(anonymous_8)
FN:89,(anonymous_9)
FN:102,(anonymous_10)
FN:109,(anonymous_11)
FN:119,(anonymous_12)
FN:127,(anonymous_13)
FN:159,(anonymous_14)
FN:163,(anonymous_15)
FN:189,(anonymous_16)
FN:206,(anonymous_17)
FN:207,(anonymous_18)
FNF:15
FNH:0
FNDA:0,SearchableSelect
FNDA:0,(anonymous_5)
FNDA:0,(anonymous_6)
FNDA:0,(anonymous_7)
FNDA:0,(anonymous_8)
FNDA:0,(anonymous_9)
FNDA:0,(anonymous_10)
FNDA:0,(anonymous_11)
FNDA:0,(anonymous_12)
FNDA:0,(anonymous_13)
FNDA:0,(anonymous_14)
FNDA:0,(anonymous_15)
FNDA:0,(anonymous_16)
FNDA:0,(anonymous_17)
FNDA:0,(anonymous_18)
DA:3,0
DA:4,0
DA:5,0
DA:64,0
DA:65,0
DA:66,0
DA:67,0
DA:70,0
DA:71,0
DA:72,0
DA:76,0
DA:79,0
DA:80,0
DA:84,0
DA:85,0
DA:89,0
DA:90,0
DA:91,0
DA:94,0
DA:95,0
DA:100,0
DA:102,0
DA:103,0
DA:104,0
DA:105,0
DA:106,0
DA:109,0
DA:110,0
DA:112,0
DA:114,0
DA:115,0
DA:116,0
DA:117,0
DA:119,0
DA:120,0
DA:123,0
DA:125,0
DA:126,0
DA:127,0
DA:128,0
DA:131,0
DA:133,0
DA:134,0
DA:139,0
DA:141,0
DA:143,0
DA:144,0
DA:145,0
DA:146,0
DA:160,0
DA:161,0
DA:164,0
DA:191,0
DA:192,0
DA:193,0
DA:206,0
DA:207,0
DA:238,0
LF:58
LH:0
BRDA:51,0,0,0
BRDA:57,1,0,0
BRDA:58,2,0,0
BRDA:59,3,0,0
BRDA:60,4,0,0
BRDA:61,5,0,0
BRDA:62,6,0,0
BRDA:72,7,0,0
BRDA:72,7,1,0
BRDA:73,8,0,0
BRDA:73,8,1,0
BRDA:90,9,0,0
BRDA:90,9,1,0
BRDA:90,10,0,0
BRDA:90,10,1,0
BRDA:94,11,0,0
BRDA:94,11,1,0
BRDA:100,12,0,0
BRDA:100,12,1,0
BRDA:100,12,2,0
BRDA:110,13,0,0
BRDA:110,13,1,0
BRDA:110,14,0,0
BRDA:110,14,1,0
BRDA:112,15,0,0
BRDA:112,15,1,0
BRDA:112,15,2,0
BRDA:112,15,3,0
BRDA:115,16,0,0
BRDA:115,16,1,0
BRDA:120,17,0,0
BRDA:120,17,1,0
BRDA:126,18,0,0
BRDA:126,18,1,0
BRDA:128,19,0,0
BRDA:128,19,1,0
BRDA:134,20,0,0
BRDA:134,20,1,0
BRDA:135,21,0,0
BRDA:135,21,1,0
BRDA:135,21,2,0
BRDA:153,22,0,0
BRDA:164,23,0,0
BRDA:164,23,1,0
BRDA:167,24,0,0
BRDA:167,24,1,0
BRDA:170,25,0,0
BRDA:175,26,0,0
BRDA:178,27,0,0
BRDA:189,28,0,0
BRDA:191,29,0,0
BRDA:191,29,1,0
BRDA:198,30,0,0
BRDA:198,30,1,0
BRDA:200,31,0,0
BRDA:200,31,1,0
BRDA:202,32,0,0
BRDA:202,32,1,0
BRDA:224,33,0,0
BRDA:224,33,1,0
BRDA:224,33,2,0
BRDA:224,33,3,0
BRF:62
BRH:0
end_of_record
TN:
SF:components/ui/Skeletons.tsx
FN:3,CatalogSkeleton
FN:14,(anonymous_7)
FN:22,SearchSkeleton
FN:26,(anonymous_9)
FN:33,GarageSkeleton
FN:36,(anonymous_11)
FN:50,OrdersSkeleton
FN:53,(anonymous_13)
FN:60,TableSkeleton
FN:64,(anonymous_15)
FNF:10
FNH:0
FNDA:0,CatalogSkeleton
FNDA:0,(anonymous_7)
FNDA:0,SearchSkeleton
FNDA:0,(anonymous_9)
FNDA:0,GarageSkeleton
FNDA:0,(anonymous_11)
FNDA:0,OrdersSkeleton
FNDA:0,(anonymous_13)
FNDA:0,TableSkeleton
FNDA:0,(anonymous_15)
DA:1,0
DA:3,0
DA:15,0
DA:22,0
DA:27,0
DA:33,0
DA:37,0
DA:50,0
DA:54,0
DA:60,0
DA:65,0
LF:11
LH:0
BRDA:60,0,0,0
BRF:1
BRH:0
end_of_record
TN:
SF:components/ui/ThemeToggle.tsx
FN:20,ThemeToggle
FN:23,(anonymous_3)
FNF:2
FNH:0
FNDA:0,ThemeToggle
FNDA:0,(anonymous_3)
DA:3,0
DA:4,0
DA:5,0
DA:6,0
DA:11,0
DA:13,0
DA:14,0
DA:20,0
DA:21,0
DA:23,0
DA:24,0
DA:25,0
LF:12
LH:0
BRDA:32,0,0,0
BRDA:32,0,1,0
BRDA:36,1,0,0
BRDA:36,1,1,0
BRDA:36,2,0,0
BRDA:36,2,1,0
BRF:6
BRH:0
end_of_record
TN:
SF:components/ui/avatar.tsx
FNF:0
FNH:0
DA:3,0
DA:4,0
DA:5,0
DA:17,0
DA:29,0
DA:41,0
DA:43,0
LF:7
LH:0
BRF:0
BRH:0
end_of_record
TN:
SF:components/ui/badge.tsx
FN:22,Badge
FNF:1
FNH:1
FNDA:8,Badge
DA:1,2
DA:2,2
DA:3,2
DA:5,2
DA:26,8
LF:5
LH:5
BRF:0
BRH:0
end_of_record
TN:
SF:components/ui/button.tsx
FN:41,(anonymous_6)
FNF:1
FNH:1
FNDA:24,(anonymous_6)
DA:1,3
DA:2,3
DA:3,3
DA:4,3
DA:6,3
DA:40,3
DA:42,24
DA:52,3
DA:54,24
LF:9
LH:9
BRDA:41,0,0,24
BRDA:42,1,0,0
BRDA:42,1,1,24
BRF:3
BRH:2
end_of_record
TN:
SF:components/ui/calendar.tsx
FN:12,Calendar
FN:63,(anonymous_5)
FNF:2
FNH:0
FNDA:0,Calendar
FNDA:0,(anonymous_5)
DA:3,0
DA:4,0
DA:5,0
DA:7,0
DA:8,0
DA:64,0
DA:72,0
DA:74,0
LF:8
LH:0
BRDA:15,0,0,0
BRDA:45,1,0,0
BRDA:45,1,1,0
BRDA:64,2,0,0
BRDA:64,2,1,0
BRF:5
BRH:0
end_of_record
TN:
SF:components/ui/card.tsx
FNF:0
FNH:0
DA:1,1
DA:2,1
DA:9,1
DA:16,1
DA:23,1
DA:30,1
DA:37,1
DA:44,1
DA:46,3
LF:9
LH:9
BRF:0
BRH:0
end_of_record
TN:
SF:components/ui/checkbox.tsx
FNF:0
FNH:0
DA:3,0
DA:4,0
DA:5,0
DA:6,0
DA:25,0
DA:27,0
LF:6
LH:0
BRF:0
BRH:0
end_of_record
TN:
SF:components/ui/dialog.tsx
FN:25,(anonymous_15)
FN:30,Dialog
FN:51,DialogTrigger
FN:57,(anonymous_18)
FN:63,(anonymous_19)
FN:63,(anonymous_20)
FN:69,(anonymous_21)
FN:77,DialogClose
FN:80,(anonymous_23)
FN:88,DialogPortal
FN:100,DialogOverlay
FN:110,(anonymous_26)
FN:127,(anonymous_27)
FN:140,(anonymous_28)
FN:143,(anonymous_29)
FN:158,(anonymous_30)
FN:169,(anonymous_31)
FN:191,(anonymous_32)
FN:207,DialogHeader
FN:253,DialogFooter
FN:282,useDialogContext
FNF:21
FNH:0
FNDA:0,(anonymous_15)
FNDA:0,Dialog
FNDA:0,DialogTrigger
FNDA:0,(anonymous_18)
FNDA:0,(anonymous_19)
FNDA:0,(anonymous_20)
FNDA:0,(anonymous_21)
FNDA:0,DialogClose
FNDA:0,(anonymous_23)
FNDA:0,DialogPortal
FNDA:0,DialogOverlay
FNDA:0,(anonymous_26)
FNDA:0,(anonymous_27)
FNDA:0,(anonymous_28)
FNDA:0,(anonymous_29)
FNDA:0,(anonymous_30)
FNDA:0,(anonymous_31)
FNDA:0,(anonymous_32)
FNDA:0,DialogHeader
FNDA:0,DialogFooter
FNDA:0,useDialogContext
DA:3,0
DA:4,0
DA:5,0
DA:6,0
DA:23,0
DA:39,0
DA:40,0
DA:41,0
DA:52,0
DA:53,0
DA:55,0
DA:56,0
DA:57,0
DA:63,0
DA:69,0
DA:78,0
DA:80,0
DA:89,0
DA:90,0
DA:92,0
DA:93,0
DA:95,0
DA:101,0
DA:102,0
DA:110,0
DA:118,0
DA:138,0
DA:140,0
DA:141,0
DA:143,0
DA:144,0
DA:145,0
DA:146,0
DA:148,0
DA:153,0
DA:155,0
DA:156,0
DA:158,0
DA:159,0
DA:160,0
DA:164,0
DA:170,0
DA:171,0
DA:173,0
DA:191,0
DA:203,0
DA:218,0
DA:235,0
DA:249,0
DA:264,0
DA:269,0
DA:270,0
DA:271,0
DA:272,0
DA:273,0
DA:274,0
DA:275,0
DA:276,0
DA:277,0
DA:278,0
DA:282,0
DA:283,0
LF:62
LH:0
BRDA:40,0,0,0
BRDA:40,0,1,0
BRDA:41,1,0,0
BRDA:41,1,1,0
BRDA:53,2,0,0
BRDA:53,2,1,0
BRDA:55,3,0,0
BRDA:55,3,1,0
BRDA:63,4,0,0
BRDA:63,4,1,0
BRDA:90,5,0,0
BRDA:90,5,1,0
BRDA:92,6,0,0
BRDA:92,6,1,0
BRDA:93,7,0,0
BRDA:93,7,1,0
BRDA:102,8,0,0
BRDA:102,8,1,0
BRDA:141,9,0,0
BRDA:141,9,1,0
BRDA:144,10,0,0
BRDA:144,10,1,0
BRDA:145,11,0,0
BRDA:145,11,1,0
BRDA:164,12,0,0
BRDA:164,12,1,0
BRDA:170,13,0,0
BRDA:170,13,1,0
BRDA:188,14,0,0
BRF:29
BRH:0
end_of_record
TN:
SF:components/ui/drawer.tsx
FN:22,(anonymous_7)
FN:31,(anonymous_8)
FNF:2
FNH:0
FNDA:0,(anonymous_7)
FNDA:0,(anonymous_8)
DA:3,0
DA:4,0
DA:5,0
DA:12,0
DA:15,0
DA:16,0
DA:17,0
DA:19,0
DA:23,0
DA:24,0
DA:26,0
DA:27,0
DA:29,0
DA:31,0
DA:52,0
DA:54,0
DA:56,0
LF:17
LH:0
BRDA:24,0,0,0
BRDA:24,0,1,0
BRDA:26,1,0,0
BRDA:26,1,1,0
BRDA:27,2,0,0
BRDA:27,2,1,0
BRF:6
BRH:0
end_of_record
TN:
SF:components/ui/dropdown-menu.tsx
FNF:0
FNH:0
DA:3,0
DA:4,0
DA:5,0
DA:7,0
DA:8,0
DA:9,0
DA:28,0
DA:44,0
DA:52,0
DA:54,0
LF:10
LH:0
BRDA:14,0,0,0
BRDA:38,1,0,0
BRDA:38,1,1,0
BRDA:50,2,0,0
BRDA:50,2,1,0
BRF:5
BRH:0
end_of_record
TN:
SF:components/ui/input-otp.tsx
FN:32,(anonymous_10)
FN:51,(anonymous_11)
FNF:2
FNH:0
FNDA:0,(anonymous_10)
FNDA:0,(anonymous_11)
DA:3,0
DA:4,0
DA:5,0
DA:7,0
DA:23,0
DA:33,0
DA:35,0
DA:36,0
DA:37,0
DA:38,0
DA:39,0
DA:40,0
DA:46,0
DA:48,0
DA:52,0
DA:53,0
DA:78,0
DA:88,0
DA:90,0
LF:19
LH:0
BRDA:37,0,0,0
BRDA:37,0,1,0
BRDA:37,1,0,0
BRDA:37,1,1,0
BRDA:63,2,0,0
BRDA:63,2,1,0
BRDA:70,3,0,0
BRF:7
BRH:0
end_of_record
TN:
SF:components/ui/input.tsx
FN:7,(anonymous_4)
FNF:1
FNH:1
FNDA:5,(anonymous_4)
DA:1,1
DA:2,1
DA:6,1
DA:21,1
DA:23,5
LF:5
LH:5
BRF:0
BRH:0
end_of_record
TN:
SF:components/ui/label.tsx
FNF:0
FNH:0
DA:3,1
DA:4,1
DA:5,1
DA:6,1
DA:8,1
DA:16,1
DA:18,3
LF:7
LH:7
BRF:0
BRH:0
end_of_record
TN:
SF:components/ui/nova-poshta-items.tsx
FN:9,SettlementItem
FN:25,WarehouseListItem
FNF:2
FNH:0
FNDA:0,SettlementItem
FNDA:0,WarehouseListItem
DA:3,0
DA:9,0
DA:25,0
DA:30,0
LF:4
LH:0
BRDA:15,0,0,0
BRDA:15,0,1,0
BRDA:15,1,0,0
BRDA:15,1,1,0
BRDA:34,2,0,0
BRDA:34,2,1,0
BRDA:42,3,0,0
BRDA:42,3,1,0
BRF:8
BRH:0
end_of_record
TN:
SF:components/ui/popover.tsx
FNF:0
FNH:0
DA:3,0
DA:4,0
DA:6,0
DA:8,0
DA:10,0
DA:12,0
DA:36,0
DA:38,0
LF:8
LH:0
BRDA:17,0,0,0
BRDA:17,1,0,0
BRF:2
BRH:0
end_of_record
TN:
SF:components/ui/progress.tsx
FNF:0
FNH:0
DA:2,1
DA:3,1
DA:4,1
DA:24,1
DA:26,4
LF:5
LH:5
BRDA:18,0,0,4
BRDA:18,0,1,4
BRDA:19,1,0,4
BRDA:19,1,1,1
BRF:4
BRH:4
end_of_record
TN:
SF:components/ui/radio-group.tsx
FNF:0
FNH:0
DA:3,1
DA:4,1
DA:5,1
DA:6,1
DA:14,1
DA:33,1
DA:35,4
LF:7
LH:7
BRF:0
BRH:0
end_of_record
TN:
SF:components/ui/scroll-area.tsx
FN:12,(anonymous_4)
FNF:1
FNH:0
FNDA:0,(anonymous_4)
DA:3,0
DA:4,0
DA:11,0
DA:29,0
DA:31,0
LF:5
LH:0
BRF:0
BRH:0
end_of_record
TN:
SF:components/ui/select.tsx
FNF:0
FNH:0
DA:3,0
DA:4,0
DA:5,0
DA:6,0
DA:8,0
DA:9,0
DA:10,0
DA:30,0
DA:59,0
DA:76,0
DA:79,0
DA:80,0
DA:81,0
DA:82,0
DA:83,0
DA:84,0
LF:16
LH:0
BRDA:35,0,0,0
BRDA:41,1,0,0
BRDA:41,1,1,0
BRDA:50,2,0,0
BRDA:50,2,1,0
BRF:5
BRH:0
end_of_record
TN:
SF:components/ui/separator.tsx
FNF:0
FNH:0
DA:3,1
DA:4,1
DA:5,1
DA:19,1
DA:21,1
LF:5
LH:5
BRDA:10,0,0,1
BRDA:10,1,0,1
BRDA:15,2,0,1
BRDA:15,2,1,0
BRF:4
BRH:3
end_of_record
TN:
SF:components/ui/sheet.tsx
FNF:0
FNH:0
DA:3,0
DA:4,0
DA:5,0
DA:6,0
DA:8,0
DA:9,0
DA:10,0
DA:22,0
DA:53,0
DA:58,0
DA:66,0
DA:74,0
DA:76,0
LF:13
LH:0
BRDA:31,0,0,0
BRDA:38,1,0,0
BRDA:38,1,1,0
BRDA:39,2,0,0
BRDA:39,2,1,0
BRDA:40,3,0,0
BRDA:40,3,1,0
BRDA:41,4,0,0
BRDA:41,4,1,0
BRF:9
BRH:0
end_of_record
TN:
SF:components/ui/skeleton.tsx
FN:3,Skeleton
FNF:1
FNH:1
FNDA:2,Skeleton
DA:1,1
DA:7,2
LF:2
LH:2
BRF:0
BRH:0
end_of_record
TN:
SF:components/ui/table.tsx
FNF:0
FNH:0
DA:1,0
DA:2,0
DA:9,0
DA:16,0
DA:23,0
DA:34,0
DA:48,0
DA:55,0
DA:57,0
LF:9
LH:0
BRF:0
BRH:0
end_of_record
TN:
SF:components/ui/tabs.tsx
FNF:0
FNH:0
DA:3,0
DA:4,0
DA:5,0
DA:7,0
DA:22,0
DA:37,0
DA:52,0
DA:54,0
LF:8
LH:0
BRF:0
BRH:0
end_of_record
TN:
SF:components/ui/tooltip.tsx
FNF:0
FNH:0
DA:3,0
DA:4,0
DA:5,0
DA:7,0
DA:8,0
DA:9,0
DA:27,0
DA:29,0
LF:8
LH:0
BRDA:14,0,0,0
BRF:1
BRH:0
end_of_record
TN:
SF:components/vehicles/VehicleSelectorDialog.tsx
FN:56,VehicleSelectorDialog
FN:66,(anonymous_3)
FN:91,(anonymous_4)
FN:97,(anonymous_5)
FN:106,(anonymous_6)
FN:110,(anonymous_7)
FN:113,(anonymous_8)
FN:206,(anonymous_9)
FN:212,(anonymous_10)
FN:228,(anonymous_11)
FN:234,(anonymous_12)
FN:249,(anonymous_13)
FN:253,(anonymous_14)
FN:256,(anonymous_15)
FN:264,(anonymous_16)
FN:281,(anonymous_17)
FN:285,(anonymous_18)
FN:288,(anonymous_19)
FN:296,(anonymous_20)
FN:312,(anonymous_21)
FN:318,(anonymous_22)
FN:335,(anonymous_23)
FN:339,(anonymous_24)
FN:340,(anonymous_25)
FN:357,(anonymous_26)
FNF:25
FNH:0
FNDA:0,VehicleSelectorDialog
FNDA:0,(anonymous_3)
FNDA:0,(anonymous_4)
FNDA:0,(anonymous_5)
FNDA:0,(anonymous_6)
FNDA:0,(anonymous_7)
FNDA:0,(anonymous_8)
FNDA:0,(anonymous_9)
FNDA:0,(anonymous_10)
FNDA:0,(anonymous_11)
FNDA:0,(anonymous_12)
FNDA:0,(anonymous_13)
FNDA:0,(anonymous_14)
FNDA:0,(anonymous_15)
FNDA:0,(anonymous_16)
FNDA:0,(anonymous_17)
FNDA:0,(anonymous_18)
FNDA:0,(anonymous_19)
FNDA:0,(anonymous_20)
FNDA:0,(anonymous_21)
FNDA:0,(anonymous_22)
FNDA:0,(anonymous_23)
FNDA:0,(anonymous_24)
FNDA:0,(anonymous_25)
FNDA:0,(anonymous_26)
DA:3,0
DA:4,0
DA:5,0
DA:6,0
DA:13,0
DA:20,0
DA:21,0
DA:22,0
DA:23,0
DA:28,0
DA:29,0
DA:30,0
DA:31,0
DA:32,0
DA:39,0
DA:45,0
DA:56,0
DA:57,0
DA:58,0
DA:59,0
DA:60,0
DA:61,0
DA:62,0
DA:63,0
DA:66,0
DA:67,0
DA:70,0
DA:71,0
DA:75,0
DA:80,0
DA:86,0
DA:88,0
DA:89,0
DA:91,0
DA:92,0
DA:93,0
DA:94,0
DA:97,0
DA:98,0
DA:99,0
DA:103,0
DA:106,0
DA:107,0
DA:110,0
DA:111,0
DA:112,0
DA:113,0
DA:207,0
DA:212,0
DA:228,0
DA:235,0
DA:249,0
DA:254,0
DA:256,0
DA:265,0
DA:281,0
DA:286,0
DA:288,0
DA:297,0
DA:312,0
DA:319,0
DA:335,0
DA:340,0
DA:341,0
DA:342,0
DA:343,0
DA:344,0
DA:345,0
DA:358,0
LF:69
LH:0
BRDA:98,0,0,0
BRDA:98,0,1,0
BRDA:111,1,0,0
BRDA:111,1,1,0
BRDA:112,2,0,0
BRDA:112,2,1,0
BRDA:137,3,0,0
BRDA:140,4,0,0
BRDA:140,4,1,0
BRDA:142,5,0,0
BRDA:142,5,1,0
BRDA:148,6,0,0
BRDA:155,7,0,0
BRDA:161,8,0,0
BRDA:167,9,0,0
BRDA:167,9,1,0
BRDA:170,10,0,0
BRDA:170,10,1,0
BRDA:171,11,0,0
BRDA:171,11,1,0
BRDA:209,12,0,0
BRDA:209,12,1,0
BRDA:227,13,0,0
BRDA:227,13,1,0
BRDA:247,14,0,0
BRDA:247,14,1,0
BRDA:249,15,0,0
BRDA:249,15,1,0
BRDA:250,16,0,0
BRDA:250,16,1,0
BRDA:256,17,0,0
BRDA:256,17,1,0
BRDA:279,18,0,0
BRDA:279,18,1,0
BRDA:279,18,2,0
BRDA:281,19,0,0
BRDA:281,19,1,0
BRDA:282,20,0,0
BRDA:282,20,1,0
BRDA:288,21,0,0
BRDA:288,21,1,0
BRDA:306,22,0,0
BRDA:310,23,0,0
BRDA:310,23,1,0
BRDA:311,24,0,0
BRDA:311,24,1,0
BRDA:333,25,0,0
BRDA:333,25,1,0
BRDA:333,25,2,0
BRDA:335,26,0,0
BRDA:335,26,1,0
BRDA:336,27,0,0
BRDA:336,27,1,0
BRDA:341,28,0,0
BRDA:341,28,1,0
BRDA:342,29,0,0
BRDA:342,29,1,0
BRDA:343,30,0,0
BRDA:343,30,1,0
BRDA:344,31,0,0
BRDA:344,31,1,0
BRDA:360,32,0,0
BRDA:360,32,1,0
BRDA:374,33,0,0
BRDA:386,34,0,0
BRDA:386,34,1,0
BRF:66
BRH:0
end_of_record
